[0.032s] Invoking command in '/root/ros_canopen/build/socketcan_interface': CMAKE_PREFIX_PATH=/opt/ros/foxy /usr/bin/cmake --build /root/ros_canopen/build/socketcan_interface -- -j4 -l4
[0.107s] [ 25%] Built target socketcan_interface_string
[0.113s] [ 50%] Built target socketcan_interface_plugin
[0.151s] [ 75%] Built target socketcan_bcm
[0.155s] [100%] Built target socketcan_dump
[0.180s] Invoked command in '/root/ros_canopen/build/socketcan_interface' returned '0': CMAKE_PREFIX_PATH=/opt/ros/foxy /usr/bin/cmake --build /root/ros_canopen/build/socketcan_interface -- -j4 -l4
[0.257s] Invoking command in '/root/ros_canopen/build/socketcan_interface': CMAKE_PREFIX_PATH=/opt/ros/foxy /usr/bin/cmake --install /root/ros_canopen/build/socketcan_interface
[0.269s] -- Install configuration: ""
[0.270s] -- Execute custom install script
[0.270s] -- Up-to-date symlink: /root/ros_canopen/install/socketcan_interface/lib/socketcan_interface/socketcan_bcm
[0.271s] -- Up-to-date symlink: /root/ros_canopen/install/socketcan_interface/lib/socketcan_interface/socketcan_dump
[0.271s] -- Up-to-date symlink: /root/ros_canopen/install/socketcan_interface/lib/libsocketcan_interface_plugin.a
[0.271s] -- Up-to-date symlink: /root/ros_canopen/install/socketcan_interface/lib/libsocketcan_interface_string.a
[0.272s] -- Up-to-date symlink: /root/ros_canopen/install/socketcan_interface/share/socketcan_interface/socketcan_interface_plugin.xml
[0.272s] -- Up-to-date symlink: /root/ros_canopen/install/socketcan_interface/share/ament_index/resource_index/package_run_dependencies/socketcan_interface
[0.273s] -- Up-to-date symlink: /root/ros_canopen/install/socketcan_interface/share/ament_index/resource_index/parent_prefix_path/socketcan_interface
[0.273s] -- Up-to-date symlink: /root/ros_canopen/install/socketcan_interface/share/socketcan_interface/environment/ament_prefix_path.sh
[0.274s] -- Up-to-date symlink: /root/ros_canopen/install/socketcan_interface/share/socketcan_interface/environment/ament_prefix_path.dsv
[0.274s] -- Up-to-date symlink: /root/ros_canopen/install/socketcan_interface/share/socketcan_interface/environment/path.sh
[0.275s] -- Up-to-date symlink: /root/ros_canopen/install/socketcan_interface/share/socketcan_interface/environment/path.dsv
[0.275s] -- Up-to-date symlink: /root/ros_canopen/install/socketcan_interface/share/socketcan_interface/local_setup.bash
[0.276s] -- Up-to-date symlink: /root/ros_canopen/install/socketcan_interface/share/socketcan_interface/local_setup.sh
[0.276s] -- Up-to-date symlink: /root/ros_canopen/install/socketcan_interface/share/socketcan_interface/local_setup.zsh
[0.277s] -- Up-to-date symlink: /root/ros_canopen/install/socketcan_interface/share/socketcan_interface/local_setup.dsv
[0.277s] -- Symlinking: /root/ros_canopen/install/socketcan_interface/share/socketcan_interface/package.dsv
[0.288s] -- Up-to-date symlink: /root/ros_canopen/install/socketcan_interface/share/ament_index/resource_index/packages/socketcan_interface
[0.288s] -- Up-to-date symlink: /root/ros_canopen/install/socketcan_interface/share/socketcan_interface/cmake/ament_cmake_export_dependencies-extras.cmake
[0.288s] -- Up-to-date symlink: /root/ros_canopen/install/socketcan_interface/share/socketcan_interface/cmake/ament_cmake_export_include_directories-extras.cmake
[0.289s] -- Up-to-date symlink: /root/ros_canopen/install/socketcan_interface/share/socketcan_interface/cmake/socketcan_interfaceConfig.cmake
[0.289s] -- Up-to-date symlink: /root/ros_canopen/install/socketcan_interface/share/socketcan_interface/cmake/socketcan_interfaceConfig-version.cmake
[0.290s] -- Up-to-date symlink: /root/ros_canopen/install/socketcan_interface/share/socketcan_interface/package.xml
[0.290s] -- Up-to-date: /root/ros_canopen/install/socketcan_interface/include
[0.293s] Invoked command in '/root/ros_canopen/build/socketcan_interface' returned '0': CMAKE_PREFIX_PATH=/opt/ros/foxy /usr/bin/cmake --install /root/ros_canopen/build/socketcan_interface
