[0.028s] Invoking command in '/root/ros_canopen/build/socketcan_interface': CMAKE_PREFIX_PATH=/opt/ros/foxy /usr/bin/cmake --build /root/ros_canopen/build/socketcan_interface -- -j4 -l4
[0.115s] [ 25%] Built target socketcan_interface_string
[0.118s] [ 50%] Built target socketcan_interface_plugin
[0.162s] [ 75%] Built target socketcan_bcm
[0.190s] [100%] Built target socketcan_dump
[0.218s] Invoked command in '/root/ros_canopen/build/socketcan_interface' returned '0': CMAKE_PREFIX_PATH=/opt/ros/foxy /usr/bin/cmake --build /root/ros_canopen/build/socketcan_interface -- -j4 -l4
[0.276s] Invoking command in '/root/ros_canopen/build/socketcan_interface': CMAKE_PREFIX_PATH=/opt/ros/foxy /usr/bin/cmake --install /root/ros_canopen/build/socketcan_interface
[0.287s] -- Install configuration: ""
[0.288s] -- Execute custom install script
[0.289s] -- Up-to-date symlink: /root/ros_canopen/install/socketcan_interface/lib/socketcan_interface/socketcan_bcm
[0.289s] -- Up-to-date symlink: /root/ros_canopen/install/socketcan_interface/lib/socketcan_interface/socketcan_dump
[0.289s] -- Up-to-date symlink: /root/ros_canopen/install/socketcan_interface/lib/libsocketcan_interface_plugin.a
[0.290s] -- Up-to-date symlink: /root/ros_canopen/install/socketcan_interface/lib/libsocketcan_interface_string.a
[0.291s] -- Up-to-date symlink: /root/ros_canopen/install/socketcan_interface/include/socketcan_interface/asio_base.hpp
[0.291s] -- Up-to-date symlink: /root/ros_canopen/install/socketcan_interface/include/socketcan_interface/bcm.hpp
[0.291s] -- Up-to-date symlink: /root/ros_canopen/install/socketcan_interface/include/socketcan_interface/delegates.hpp
[0.291s] -- Up-to-date symlink: /root/ros_canopen/install/socketcan_interface/include/socketcan_interface/dispatcher.hpp
[0.292s] -- Up-to-date symlink: /root/ros_canopen/install/socketcan_interface/include/socketcan_interface/dummy.hpp
[0.292s] -- Up-to-date symlink: /root/ros_canopen/install/socketcan_interface/include/socketcan_interface/filter.hpp
[0.292s] -- Up-to-date symlink: /root/ros_canopen/install/socketcan_interface/include/socketcan_interface/interface.hpp
[0.293s] -- Up-to-date symlink: /root/ros_canopen/install/socketcan_interface/include/socketcan_interface/logging.hpp
[0.293s] -- Up-to-date symlink: /root/ros_canopen/install/socketcan_interface/include/socketcan_interface/make_shared.hpp
[0.293s] -- Up-to-date symlink: /root/ros_canopen/install/socketcan_interface/include/socketcan_interface/reader.hpp
[0.294s] -- Up-to-date symlink: /root/ros_canopen/install/socketcan_interface/include/socketcan_interface/settings.hpp
[0.294s] -- Up-to-date symlink: /root/ros_canopen/install/socketcan_interface/include/socketcan_interface/socketcan.hpp
[0.294s] -- Up-to-date symlink: /root/ros_canopen/install/socketcan_interface/include/socketcan_interface/string.hpp
[0.294s] -- Up-to-date symlink: /root/ros_canopen/install/socketcan_interface/include/socketcan_interface/threading.hpp
[0.295s] -- Up-to-date symlink: /root/ros_canopen/install/socketcan_interface/include/socketcan_interface/xmlrpc_settings.hpp
[0.295s] -- Up-to-date symlink: /root/ros_canopen/install/socketcan_interface/share/socketcan_interface/socketcan_interface_plugin.xml
[0.296s] -- Up-to-date symlink: /root/ros_canopen/install/socketcan_interface/share/ament_index/resource_index/package_run_dependencies/socketcan_interface
[0.296s] -- Up-to-date symlink: /root/ros_canopen/install/socketcan_interface/share/ament_index/resource_index/parent_prefix_path/socketcan_interface
[0.297s] -- Up-to-date symlink: /root/ros_canopen/install/socketcan_interface/share/socketcan_interface/environment/ament_prefix_path.sh
[0.297s] -- Up-to-date symlink: /root/ros_canopen/install/socketcan_interface/share/socketcan_interface/environment/ament_prefix_path.dsv
[0.298s] -- Up-to-date symlink: /root/ros_canopen/install/socketcan_interface/share/socketcan_interface/environment/path.sh
[0.299s] -- Up-to-date symlink: /root/ros_canopen/install/socketcan_interface/share/socketcan_interface/environment/path.dsv
[0.300s] -- Up-to-date symlink: /root/ros_canopen/install/socketcan_interface/share/socketcan_interface/local_setup.bash
[0.300s] -- Up-to-date symlink: /root/ros_canopen/install/socketcan_interface/share/socketcan_interface/local_setup.sh
[0.301s] -- Up-to-date symlink: /root/ros_canopen/install/socketcan_interface/share/socketcan_interface/local_setup.zsh
[0.301s] -- Up-to-date symlink: /root/ros_canopen/install/socketcan_interface/share/socketcan_interface/local_setup.dsv
[0.302s] -- Symlinking: /root/ros_canopen/install/socketcan_interface/share/socketcan_interface/package.dsv
[0.320s] -- Up-to-date symlink: /root/ros_canopen/install/socketcan_interface/share/ament_index/resource_index/packages/socketcan_interface
[0.321s] -- Up-to-date symlink: /root/ros_canopen/install/socketcan_interface/share/socketcan_interface/cmake/ament_cmake_export_dependencies-extras.cmake
[0.322s] -- Up-to-date symlink: /root/ros_canopen/install/socketcan_interface/share/socketcan_interface/cmake/ament_cmake_export_include_directories-extras.cmake
[0.323s] -- Up-to-date symlink: /root/ros_canopen/install/socketcan_interface/share/socketcan_interface/cmake/socketcan_interfaceConfig.cmake
[0.323s] -- Up-to-date symlink: /root/ros_canopen/install/socketcan_interface/share/socketcan_interface/cmake/socketcan_interfaceConfig-version.cmake
[0.326s] -- Up-to-date symlink: /root/ros_canopen/install/socketcan_interface/share/socketcan_interface/package.xml
[0.337s] Invoked command in '/root/ros_canopen/build/socketcan_interface' returned '0': CMAKE_PREFIX_PATH=/opt/ros/foxy /usr/bin/cmake --install /root/ros_canopen/build/socketcan_interface
