/usr/bin/ld: cannot find -lsocketcan_interface
collect2: error: ld returned 1 exit status
make[2]: *** [CMakeFiles/canopen_bcm_sync.dir/build.make:88: canopen_bcm_sync] Error 1
make[1]: *** [CMakeFiles/Makefile2:82: CMakeFiles/canopen_bcm_sync.dir/all] Error 2
make[1]: *** Waiting for unfinished jobs....
In file included from [01m[K/root/ros_canopen/install/socketcan_interface/include/socketcan_interface/interface.hpp:12[m[K,
                 from [01m[K/root/ros_canopen/install/socketcan_interface/include/socketcan_interface/reader.hpp:4[m[K,
                 from [01m[K/root/ros_canopen/canopen_master/src/master_plugin.cpp:2[m[K:
[01m[K/root/ros_canopen/install/socketcan_interface/include/socketcan_interface/settings.hpp:[m[K In member function ‘[01m[Kvirtual bool can::NoSettings::getRepr(const string&, std::string&) const[m[K’:
[01m[K/root/ros_canopen/install/socketcan_interface/include/socketcan_interface/settings.hpp:38:47:[m[K [01;35m[Kwarning: [m[Kunused parameter ‘[01m[Kn[m[K’ [[01;35m[K-Wunused-parameter[m[K]
   38 |       virtual bool getRepr([01;35m[Kconst std::string &n[m[K, std::string & repr) const { return false; }
      |                            [01;35m[K~~~~~~~~~~~~~~~~~~~^[m[K
[01m[K/root/ros_canopen/install/socketcan_interface/include/socketcan_interface/settings.hpp:38:64:[m[K [01;35m[Kwarning: [m[Kunused parameter ‘[01m[Krepr[m[K’ [[01;35m[K-Wunused-parameter[m[K]
   38 |       virtual bool getRepr(const std::string &n, [01;35m[Kstd::string & repr[m[K) const { return false; }
      |                                                  [01;35m[K~~~~~~~~~~~~~~^~~~[m[K
In file included from [01m[K/root/ros_canopen/install/socketcan_interface/include/socketcan_interface/reader.hpp:4[m[K,
                 from [01m[K/root/ros_canopen/canopen_master/src/master_plugin.cpp:2[m[K:
[01m[K/root/ros_canopen/install/socketcan_interface/include/socketcan_interface/interface.hpp:[m[K In member function ‘[01m[Kvirtual bool can::DriverInterface::init(const string&, bool, can::SettingsConstSharedPtr)[m[K’:
[01m[K/root/ros_canopen/install/socketcan_interface/include/socketcan_interface/interface.hpp:190:88:[m[K [01;35m[Kwarning: [m[Kunused parameter ‘[01m[Ksettings[m[K’ [[01;35m[K-Wunused-parameter[m[K]
  190 |     virtual bool init(const std::string &device, bool loopback, [01;35m[KSettingsConstSharedPtr settings[m[K) {
      |                                                                 [01;35m[K~~~~~~~~~~~~~~~~~~~~~~~^~~~~~~~[m[K
In file included from [01m[K/root/ros_canopen/canopen_master/include/canopen_master/canopen.hpp:7[m[K,
                 from [01m[K/root/ros_canopen/canopen_master/src/master_plugin.cpp:3[m[K:
[01m[K/root/ros_canopen/canopen_master/include/canopen_master/exceptions.hpp:[m[K In constructor ‘[01m[Kcanopen::PointerInvalid::PointerInvalid(const string&)[m[K’:
[01m[K/root/ros_canopen/canopen_master/include/canopen_master/exceptions.hpp:17:39:[m[K [01;35m[Kwarning: [m[Kunused parameter ‘[01m[Kw[m[K’ [[01;35m[K-Wunused-parameter[m[K]
   17 |     PointerInvalid([01;35m[Kconst std::string &w[m[K) : Exception("Pointer invalid") {}
      |                    [01;35m[K~~~~~~~~~~~~~~~~~~~^[m[K
In file included from [01m[K/root/ros_canopen/canopen_master/include/canopen_master/canopen.hpp:8[m[K,
                 from [01m[K/root/ros_canopen/canopen_master/src/master_plugin.cpp:3[m[K:
[01m[K/root/ros_canopen/canopen_master/include/canopen_master/layer.hpp:[m[K At global scope:
[01m[K/root/ros_canopen/canopen_master/include/canopen_master/layer.hpp:44:5:[m[K [01;35m[Kwarning: [m[Ktype qualifiers ignored on function return type [[01;35m[K-Wignored-qualifiers[m[K]
   44 |     [01;35m[Kconst[m[K void warn(const std::string & r) { set(WARN, r); }
      |     [01;35m[K^~~~~[m[K
[01m[K/root/ros_canopen/canopen_master/include/canopen_master/layer.hpp:45:5:[m[K [01;35m[Kwarning: [m[Ktype qualifiers ignored on function return type [[01;35m[K-Wignored-qualifiers[m[K]
   45 |     [01;35m[Kconst[m[K void error(const std::string & r) { set(ERROR, r); }
      |     [01;35m[K^~~~~[m[K
[01m[K/root/ros_canopen/canopen_master/include/canopen_master/layer.hpp:46:5:[m[K [01;35m[Kwarning: [m[Ktype qualifiers ignored on function return type [[01;35m[K-Wignored-qualifiers[m[K]
   46 |     [01;35m[Kconst[m[K void stale(const std::string & r) { set(STALE, r); }
      |     [01;35m[K^~~~~[m[K
In file included from [01m[K/root/ros_canopen/canopen_master/include/canopen_master/canopen.hpp:8[m[K,
                 from [01m[K/root/ros_canopen/canopen_master/src/master_plugin.cpp:3[m[K:
[01m[K/root/ros_canopen/canopen_master/include/canopen_master/layer.hpp:[m[K In member function ‘[01m[Kvirtual void canopen::LayerStack::handleWrite(canopen::LayerStatus&, const canopen::Layer::LayerState&)[m[K’:
[01m[K/root/ros_canopen/canopen_master/include/canopen_master/layer.hpp:236:69:[m[K [01;35m[Kwarning: [m[Kunused parameter ‘[01m[Kcurrent_state[m[K’ [[01;35m[K-Wunused-parameter[m[K]
  236 |     virtual void handleWrite(LayerStatus &status, [01;35m[Kconst LayerState &current_state[m[K) { call_or_fail_rev(&Layer::write, &Layer::halt, status);}
      |                                                   [01;35m[K~~~~~~~~~~~~~~~~~~^~~~~~~~~~~~~[m[K
In file included from [01m[K/root/ros_canopen/canopen_master/src/master_plugin.cpp:3[m[K:
[01m[K/root/ros_canopen/canopen_master/include/canopen_master/canopen.hpp:[m[K In constructor ‘[01m[Kcanopen::SDOClient::SDOClient(can::CommInterfaceSharedPtr, canopen::ObjectDictSharedPtr, uint8_t)[m[K’:
[01m[K/root/ros_canopen/canopen_master/include/canopen_master/canopen.hpp:56:34:[m[K [01;35m[Kwarning: [m[K‘[01m[Kcanopen::SDOClient::storage_[m[K’ will be initialized after [[01;35m[K-Wreorder[m[K]
   56 |     const ObjectStorageSharedPtr [01;35m[Kstorage_[m[K;
      |                                  [01;35m[K^~~~~~~~[m[K
[01m[K/root/ros_canopen/canopen_master/include/canopen_master/canopen.hpp:38:25:[m[K [01;35m[Kwarning: [m[K  ‘[01m[Kcan::BufferedReader canopen::SDOClient::reader_[m[K’ [[01;35m[K-Wreorder[m[K]
   38 |     can::BufferedReader [01;35m[Kreader_[m[K;
      |                         [01;35m[K^~~~~~~[m[K
[01m[K/root/ros_canopen/canopen_master/include/canopen_master/canopen.hpp:60:5:[m[K [01;35m[Kwarning: [m[K  when initialized here [[01;35m[K-Wreorder[m[K]
   60 |     [01;35m[KSDOClient[m[K(const can::CommInterfaceSharedPtr interface, const ObjectDictSharedPtr dict, uint8_t node_id)
      |     [01;35m[K^~~~~~~~~[m[K
In file included from [01m[K/root/ros_canopen/canopen_master/src/master_plugin.cpp:3[m[K:
[01m[K/root/ros_canopen/canopen_master/include/canopen_master/canopen.hpp:[m[K At global scope:
[01m[K/root/ros_canopen/canopen_master/include/canopen_master/canopen.hpp:197:5:[m[K [01;35m[Kwarning: [m[Ktype qualifiers ignored on function return type [[01;35m[K-Wignored-qualifiers[m[K]
  197 |     [01;35m[Kconst[m[K State getState();
      |     [01;35m[K^~~~~[m[K
[01m[K/root/ros_canopen/canopen_master/src/master_plugin.cpp:[m[K In member function ‘[01m[Kvirtual void canopen::ManagingSyncLayer::handleShutdown(canopen::LayerStatus&)[m[K’:
[01m[K/root/ros_canopen/canopen_master/src/master_plugin.cpp:18:46:[m[K [01;35m[Kwarning: [m[Kunused parameter ‘[01m[Kstatus[m[K’ [[01;35m[K-Wunused-parameter[m[K]
   18 |     virtual void handleShutdown([01;35m[KLayerStatus &status[m[K) {
      |                                 [01;35m[K~~~~~~~~~~~~~^~~~~~[m[K
[01m[K/root/ros_canopen/canopen_master/src/master_plugin.cpp:[m[K In member function ‘[01m[Kvirtual void canopen::ManagingSyncLayer::handleHalt(canopen::LayerStatus&)[m[K’:
[01m[K/root/ros_canopen/canopen_master/src/master_plugin.cpp:21:42:[m[K [01;35m[Kwarning: [m[Kunused parameter ‘[01m[Kstatus[m[K’ [[01;35m[K-Wunused-parameter[m[K]
   21 |     virtual void handleHalt([01;35m[KLayerStatus &status[m[K)  { /* nothing to do */ }
      |                             [01;35m[K~~~~~~~~~~~~~^~~~~~[m[K
[01m[K/root/ros_canopen/canopen_master/src/master_plugin.cpp:[m[K In member function ‘[01m[Kvirtual void canopen::ManagingSyncLayer::handleDiag(canopen::LayerReport&)[m[K’:
[01m[K/root/ros_canopen/canopen_master/src/master_plugin.cpp:22:42:[m[K [01;35m[Kwarning: [m[Kunused parameter ‘[01m[Kreport[m[K’ [[01;35m[K-Wunused-parameter[m[K]
   22 |     virtual void handleDiag([01;35m[KLayerReport &report[m[K)  { /* TODO */ }
      |                             [01;35m[K~~~~~~~~~~~~~^~~~~~[m[K
[01m[K/root/ros_canopen/canopen_master/src/master_plugin.cpp:[m[K In member function ‘[01m[Kvirtual void canopen::ManagingSyncLayer::handleRecover(canopen::LayerStatus&)[m[K’:
[01m[K/root/ros_canopen/canopen_master/src/master_plugin.cpp:23:45:[m[K [01;35m[Kwarning: [m[Kunused parameter ‘[01m[Kstatus[m[K’ [[01;35m[K-Wunused-parameter[m[K]
   23 |     virtual void handleRecover([01;35m[KLayerStatus &status[m[K)  { /* TODO */ }
      |                                [01;35m[K~~~~~~~~~~~~~^~~~~~[m[K
[01m[K/root/ros_canopen/canopen_master/src/master_plugin.cpp:[m[K In member function ‘[01m[Kvirtual void canopen::SimpleSyncLayer::handleRead(canopen::LayerStatus&, const canopen::Layer::LayerState&)[m[K’:
[01m[K/root/ros_canopen/canopen_master/src/master_plugin.cpp:62:42:[m[K [01;35m[Kwarning: [m[Kunused parameter ‘[01m[Kstatus[m[K’ [[01;35m[K-Wunused-parameter[m[K]
   62 |     virtual void handleRead([01;35m[KLayerStatus &status[m[K, const LayerState &current_state) {
      |                             [01;35m[K~~~~~~~~~~~~~^~~~~~[m[K
[01m[K/root/ros_canopen/canopen_master/src/master_plugin.cpp:[m[K In member function ‘[01m[Kvirtual void canopen::SimpleSyncLayer::handleWrite(canopen::LayerStatus&, const canopen::Layer::LayerState&)[m[K’:
[01m[K/root/ros_canopen/canopen_master/src/master_plugin.cpp:68:43:[m[K [01;35m[Kwarning: [m[Kunused parameter ‘[01m[Kstatus[m[K’ [[01;35m[K-Wunused-parameter[m[K]
   68 |     virtual void handleWrite([01;35m[KLayerStatus &status[m[K, const LayerState &current_state) {
      |                              [01;35m[K~~~~~~~~~~~~~^~~~~~[m[K
[01m[K/root/ros_canopen/canopen_master/src/master_plugin.cpp:[m[K In member function ‘[01m[Kvirtual void canopen::SimpleSyncLayer::handleInit(canopen::LayerStatus&)[m[K’:
[01m[K/root/ros_canopen/canopen_master/src/master_plugin.cpp:79:42:[m[K [01;35m[Kwarning: [m[Kunused parameter ‘[01m[Kstatus[m[K’ [[01;35m[K-Wunused-parameter[m[K]
   79 |     virtual void handleInit([01;35m[KLayerStatus &status[m[K){
      |                             [01;35m[K~~~~~~~~~~~~~^~~~~~[m[K
[01m[K/root/ros_canopen/canopen_master/src/master_plugin.cpp:[m[K In member function ‘[01m[Kvirtual void canopen::ExternalSyncLayer::handleRead(canopen::LayerStatus&, const canopen::Layer::LayerState&)[m[K’:
[01m[K/root/ros_canopen/canopen_master/src/master_plugin.cpp:98:42:[m[K [01;35m[Kwarning: [m[Kunused parameter ‘[01m[Kstatus[m[K’ [[01;35m[K-Wunused-parameter[m[K]
   98 |     virtual void handleRead([01;35m[KLayerStatus &status[m[K, const LayerState &current_state) {
      |                             [01;35m[K~~~~~~~~~~~~~^~~~~~[m[K
[01m[K/root/ros_canopen/canopen_master/src/master_plugin.cpp:[m[K In member function ‘[01m[Kvirtual void canopen::ExternalSyncLayer::handleWrite(canopen::LayerStatus&, const canopen::Layer::LayerState&)[m[K’:
[01m[K/root/ros_canopen/canopen_master/src/master_plugin.cpp:106:43:[m[K [01;35m[Kwarning: [m[Kunused parameter ‘[01m[Kstatus[m[K’ [[01;35m[K-Wunused-parameter[m[K]
  106 |     virtual void handleWrite([01;35m[KLayerStatus &status[m[K, const LayerState &current_state) {
      |                              [01;35m[K~~~~~~~~~~~~~^~~~~~[m[K
[01m[K/root/ros_canopen/canopen_master/src/master_plugin.cpp:106:69:[m[K [01;35m[Kwarning: [m[Kunused parameter ‘[01m[Kcurrent_state[m[K’ [[01;35m[K-Wunused-parameter[m[K]
  106 |     virtual void handleWrite(LayerStatus &status, [01;35m[Kconst LayerState &current_state[m[K) {
      |                                                   [01;35m[K~~~~~~~~~~~~~~~~~~^~~~~~~~~~~~~[m[K
[01m[K/root/ros_canopen/canopen_master/src/master_plugin.cpp:[m[K In member function ‘[01m[Kvirtual void canopen::ExternalSyncLayer::handleInit(canopen::LayerStatus&)[m[K’:
[01m[K/root/ros_canopen/canopen_master/src/master_plugin.cpp:109:42:[m[K [01;35m[Kwarning: [m[Kunused parameter ‘[01m[Kstatus[m[K’ [[01;35m[K-Wunused-parameter[m[K]
  109 |     virtual void handleInit([01;35m[KLayerStatus &status[m[K){
      |                             [01;35m[K~~~~~~~~~~~~~^~~~~~[m[K
[01m[K/root/ros_canopen/canopen_master/src/master_plugin.cpp:[m[K At global scope:
[01m[K/root/ros_canopen/canopen_master/src/master_plugin.cpp:137:90:[m[K [01;35m[Kwarning: [m[Kextra ‘[01m[K;[m[K’ [[01;35m[K-Wpedantic[m[K]
  137 | CLASS_LOADER_REGISTER_CLASS(canopen::SimpleMaster::Allocator, canopen::Master::Allocator)[01;35m[K;[m[K
      |                                                                                          [01;35m[K^[m[K
[01m[K/root/ros_canopen/canopen_master/src/master_plugin.cpp:138:92:[m[K [01;35m[Kwarning: [m[Kextra ‘[01m[K;[m[K’ [[01;35m[K-Wpedantic[m[K]
  138 | CLASS_LOADER_REGISTER_CLASS(canopen::ExternalMaster::Allocator, canopen::Master::Allocator)[01;35m[K;[m[K
      |                                                                                            [01;35m[K^[m[K
In file included from [01m[K/root/ros_canopen/canopen_master/include/canopen_master/canopen.hpp:8[m[K,
                 from [01m[K/root/ros_canopen/canopen_master/src/master_plugin.cpp:3[m[K:
/root/ros_canopen/canopen_master/include/canopen_master/layer.hpp: In instantiation of ‘[01m[Kvoid canopen::LayerGroup<T>::handleRead(canopen::LayerStatus&, const canopen::Layer::LayerState&) [with T = canopen::Layer][m[K’:
[01m[K/root/ros_canopen/canopen_master/include/canopen_master/layer.hpp:215:18:[m[K   required from here
[01m[K/root/ros_canopen/canopen_master/include/canopen_master/layer.hpp:215:68:[m[K [01;35m[Kwarning: [m[Kunused parameter ‘[01m[Kcurrent_state[m[K’ [[01;35m[K-Wunused-parameter[m[K]
  215 |     virtual void handleRead(LayerStatus &status, [01;35m[Kconst LayerState &current_state[m[K) {
      |                                                  [01;35m[K~~~~~~~~~~~~~~~~~~^~~~~~~~~~~~~[m[K
/root/ros_canopen/canopen_master/include/canopen_master/layer.hpp: In instantiation of ‘[01m[Kvoid canopen::LayerGroup<T>::handleWrite(canopen::LayerStatus&, const canopen::Layer::LayerState&) [with T = canopen::Layer][m[K’:
[01m[K/root/ros_canopen/canopen_master/include/canopen_master/layer.hpp:218:18:[m[K   required from here
[01m[K/root/ros_canopen/canopen_master/include/canopen_master/layer.hpp:218:69:[m[K [01;35m[Kwarning: [m[Kunused parameter ‘[01m[Kcurrent_state[m[K’ [[01;35m[K-Wunused-parameter[m[K]
  218 |     virtual void handleWrite(LayerStatus &status, [01;35m[Kconst LayerState &current_state[m[K) {
      |                                                   [01;35m[K~~~~~~~~~~~~~~~~~~^~~~~~~~~~~~~[m[K
/root/ros_canopen/canopen_master/src/master_plugin.cpp: In instantiation of ‘[01m[Kcanopen::Master::MasterSharedPtr canopen::WrapMaster<SyncType>::Allocator::allocate(const string&, can::CommInterfaceSharedPtr) [with SyncType = canopen::SimpleSyncLayer; canopen::Master::MasterSharedPtr = std::shared_ptr<canopen::Master>; std::string = std::__cxx11::basic_string<char>; can::CommInterfaceSharedPtr = std::shared_ptr<can::CommInterface>][m[K’:
[01m[K/root/ros_canopen/canopen_master/src/master_plugin.cpp:128:33:[m[K   required from here
[01m[K/root/ros_canopen/canopen_master/src/master_plugin.cpp:128:61:[m[K [01;35m[Kwarning: [m[Kunused parameter ‘[01m[Kname[m[K’ [[01;35m[K-Wunused-parameter[m[K]
  128 |         virtual MasterSharedPtr allocate([01;35m[Kconst std::string &name[m[K,  can::CommInterfaceSharedPtr interface){
      |                                          [01;35m[K~~~~~~~~~~~~~~~~~~~^~~~[m[K
/root/ros_canopen/canopen_master/src/master_plugin.cpp: In instantiation of ‘[01m[Kcanopen::Master::MasterSharedPtr canopen::WrapMaster<SyncType>::Allocator::allocate(const string&, can::CommInterfaceSharedPtr) [with SyncType = canopen::ExternalSyncLayer; canopen::Master::MasterSharedPtr = std::shared_ptr<canopen::Master>; std::string = std::__cxx11::basic_string<char>; can::CommInterfaceSharedPtr = std::shared_ptr<can::CommInterface>][m[K’:
[01m[K/root/ros_canopen/canopen_master/src/master_plugin.cpp:128:33:[m[K   required from here
[01m[K/root/ros_canopen/canopen_master/src/master_plugin.cpp:128:61:[m[K [01;35m[Kwarning: [m[Kunused parameter ‘[01m[Kname[m[K’ [[01;35m[K-Wunused-parameter[m[K]
make: *** [Makefile:141: all] Error 2
