-- The C compiler identification is GNU 9.3.0
-- The CXX compiler identification is GNU 9.3.0
-- Check for working C compiler: /usr/bin/cc
-- Check for working C compiler: /usr/bin/cc -- works
-- Detecting C compiler ABI info
-- Detecting C compiler ABI info - done
-- Detecting C compile features
-- Detecting C compile features - done
-- Check for working CXX compiler: /usr/bin/c++
-- Check for working CXX compiler: /usr/bin/c++ -- works
-- Detecting CXX compiler ABI info
-- Detecting CXX compiler ABI info - done
-- Detecting CXX compile features
-- Detecting CXX compile features - done
-- Found rosidl_default_generators: 1.0.1 (/opt/ros/foxy/share/rosidl_default_generators/cmake)
-- Found ament_cmake_core: 0.9.8 (/opt/ros/foxy/share/ament_cmake_core/cmake)
-- Found PythonInterp: /usr/bin/python3 (found suitable version "3.8.5", minimum required is "3") 
-- Using PYTHON_EXECUTABLE: /usr/bin/python3
-- Override CMake install command with custom implementation using symlinks instead of copying resources
-- Using all available rosidl_typesupport_c: rosidl_typesupport_fastrtps_c;rosidl_typesupport_introspection_c
-- Found rosidl_adapter: 1.2.1 (/opt/ros/foxy/share/rosidl_adapter/cmake)
-- Found OpenSSL: /usr/lib/x86_64-linux-gnu/libcrypto.so (found version "1.1.1f")  
-- Found FastRTPS: /opt/ros/foxy/include  
-- Using all available rosidl_typesupport_cpp: rosidl_typesupport_fastrtps_cpp;rosidl_typesupport_introspection_cpp
-- Found can_msgs: 0.0.0 (/root/ros_canopen/install/can_msgs/share/can_msgs/cmake)
CMake Error at /root/ros_canopen/install/can_msgs/share/can_msgs/cmake/ament_cmake_export_dependencies-extras.cmake:21 (find_package):
  By not providing "Findmessage_runtime.cmake" in CMAKE_MODULE_PATH this
  project has asked CMake to find a package configuration file provided by
  "message_runtime", but CMake did not find one.

  Could not find a package configuration file provided by "message_runtime"
  with any of the following names:

    message_runtimeConfig.cmake
    message_runtime-config.cmake

  Add the installation prefix of "message_runtime" to CMAKE_PREFIX_PATH or
  set "message_runtime_DIR" to a directory containing one of the above files.
  If "message_runtime" provides a separate development package or SDK, be
  sure it has been installed.
Call Stack (most recent call first):
  /root/ros_canopen/install/can_msgs/share/can_msgs/cmake/can_msgsConfig.cmake:41 (include)
  CMakeLists.txt:13 (find_package)


-- Configuring incomplete, errors occurred!
See also "/root/ros_canopen/build/socketcan_bridge/CMakeFiles/CMakeOutput.log".
