[0.018s] Invoking command in '/root/ros_canopen/build/socketcan_bridge': AMENT_PREFIX_PATH=/root/ros_canopen/install/socketcan_interface:/root/ros_canopen/install/can_msgs:${AMENT_PREFIX_PATH} CMAKE_PREFIX_PATH=/root/ros_canopen/install/socketcan_interface:/root/ros_canopen/install/can_msgs:/opt/ros/foxy LD_LIBRARY_PATH=/root/ros_canopen/install/can_msgs/lib:${LD_LIBRARY_PATH} PYTHONPATH=/root/ros_canopen/install/can_msgs/lib/python3.8/site-packages:${PYTHONPATH} /usr/bin/cmake /root/ros_canopen/socketcan_bridge -DAMENT_CMAKE_SYMLINK_INSTALL=1 -DCMAKE_INSTALL_PREFIX=/root/ros_canopen/install/socketcan_bridge
[0.039s] -- Found ament_cmake: 0.9.8 (/opt/ros/foxy/share/ament_cmake/cmake)
[0.066s] -- Using PYTHON_EXECUTABLE: /usr/bin/python3
[0.277s] -- Override CMake install command with custom implementation using symlinks instead of copying resources
[0.291s] -- Found rosidl_default_generators: 1.0.1 (/opt/ros/foxy/share/rosidl_default_generators/cmake)
[0.296s] -- Using all available rosidl_typesupport_c: rosidl_typesupport_fastrtps_c;rosidl_typesupport_introspection_c
[0.304s] -- Found rosidl_adapter: 1.2.1 (/opt/ros/foxy/share/rosidl_adapter/cmake)
[0.517s] -- Using all available rosidl_typesupport_cpp: rosidl_typesupport_fastrtps_cpp;rosidl_typesupport_introspection_cpp
[0.563s] -- Found can_msgs: 0.8.5 (/root/ros_canopen/install/can_msgs/share/can_msgs/cmake)
[0.726s] -- Found rclcpp: 2.3.1 (/opt/ros/foxy/share/rclcpp/cmake)
[0.791s] -- Found rmw_implementation_cmake: 1.0.3 (/opt/ros/foxy/share/rmw_implementation_cmake/cmake)
[0.793s] -- Using RMW implementation 'rmw_fastrtps_cpp' as default
[1.016s] -- Found socketcan_interface: 0.8.5 (/root/ros_canopen/install/socketcan_interface/share/socketcan_interface/cmake)
[1.035s] CMake Error at CMakeLists.txt:39 (add_dependencies):
[1.035s]   add_dependencies called with incorrect number of arguments
[1.035s] 
[1.035s] 
[1.035s] CMake Error at CMakeLists.txt:49 (add_dependencies):
[1.035s]   add_dependencies called with incorrect number of arguments
[1.035s] 
[1.035s] 
[1.038s] -- Configuring incomplete, errors occurred!
[1.039s] See also "/root/ros_canopen/build/socketcan_bridge/CMakeFiles/CMakeOutput.log".
[1.039s] See also "/root/ros_canopen/build/socketcan_bridge/CMakeFiles/CMakeError.log".
