[35m[1mScanning dependencies of target socketcan_to_topic[0m
[  8%] [32mBuilding CXX object CMakeFiles/topic_to_socketcan.dir/src/topic_to_socketcan.cpp.o[0m
[ 16%] [32mBuilding CXX object CMakeFiles/socketcan_to_topic.dir/src/socketcan_to_topic.cpp.o[0m
[01m[K/root/ros_canopen/socketcan_bridge/src/socketcan_to_topic.cpp:30:10:[m[K [01;31m[Kfatal error: [m[Kcan_msgs/Frame.h: No such file or directory
   30 | #include [01;31m[K<can_msgs/Frame.h>[m[K
      |          [01;31m[K^~~~~~~~~~~~~~~~~~[m[K
compilation terminated.
make[2]: *** [CMakeFiles/socketcan_to_topic.dir/build.make:76: CMakeFiles/socketcan_to_topic.dir/src/socketcan_to_topic.cpp.o] Error 1
make[1]: *** [CMakeFiles/Makefile2:113: CMakeFiles/socketcan_to_topic.dir/all] Error 2
make[1]: *** Waiting for unfinished jobs....
In file included from [01m[K/root/ros_canopen/install/socketcan_interface/include/socketcan_interface/interface.hpp:12[m[K,
                 from [01m[K/root/ros_canopen/install/socketcan_interface/include/socketcan_interface/asio_base.hpp:4[m[K,
                 from [01m[K/root/ros_canopen/install/socketcan_interface/include/socketcan_interface/socketcan.hpp:4[m[K,
                 from [01m[K/root/ros_canopen/socketcan_bridge/include/socketcan_bridge/topic_to_socketcan.hpp:31[m[K,
                 from [01m[K/root/ros_canopen/socketcan_bridge/src/topic_to_socketcan.cpp:28[m[K:
[01m[K/root/ros_canopen/install/socketcan_interface/include/socketcan_interface/settings.hpp:[m[K In member function ‘[01m[Kvirtual bool can::NoSettings::getRepr(const string&, std::string&) const[m[K’:
[01m[K/root/ros_canopen/install/socketcan_interface/include/socketcan_interface/settings.hpp:38:47:[m[K [01;35m[Kwarning: [m[Kunused parameter ‘[01m[Kn[m[K’ [[01;35m[K-Wunused-parameter[m[K]
   38 |       virtual bool getRepr([01;35m[Kconst std::string &n[m[K, std::string & repr) const { return false; }
      |                            [01;35m[K~~~~~~~~~~~~~~~~~~~^[m[K
[01m[K/root/ros_canopen/install/socketcan_interface/include/socketcan_interface/settings.hpp:38:64:[m[K [01;35m[Kwarning: [m[Kunused parameter ‘[01m[Krepr[m[K’ [[01;35m[K-Wunused-parameter[m[K]
   38 |       virtual bool getRepr(const std::string &n, [01;35m[Kstd::string & repr[m[K) const { return false; }
      |                                                  [01;35m[K~~~~~~~~~~~~~~^~~~[m[K
In file included from [01m[K/root/ros_canopen/install/socketcan_interface/include/socketcan_interface/asio_base.hpp:4[m[K,
                 from [01m[K/root/ros_canopen/install/socketcan_interface/include/socketcan_interface/socketcan.hpp:4[m[K,
                 from [01m[K/root/ros_canopen/socketcan_bridge/include/socketcan_bridge/topic_to_socketcan.hpp:31[m[K,
                 from [01m[K/root/ros_canopen/socketcan_bridge/src/topic_to_socketcan.cpp:28[m[K:
[01m[K/root/ros_canopen/install/socketcan_interface/include/socketcan_interface/interface.hpp:[m[K In member function ‘[01m[Kvirtual bool can::DriverInterface::init(const string&, bool, can::SettingsConstSharedPtr)[m[K’:
[01m[K/root/ros_canopen/install/socketcan_interface/include/socketcan_interface/interface.hpp:190:88:[m[K [01;35m[Kwarning: [m[Kunused parameter ‘[01m[Ksettings[m[K’ [[01;35m[K-Wunused-parameter[m[K]
  190 |     virtual bool init(const std::string &device, bool loopback, [01;35m[KSettingsConstSharedPtr settings[m[K) {
      |                                                                 [01;35m[K~~~~~~~~~~~~~~~~~~~~~~~^~~~~~~~[m[K
In file included from [01m[K/root/ros_canopen/socketcan_bridge/include/socketcan_bridge/topic_to_socketcan.hpp:31[m[K,
                 from [01m[K/root/ros_canopen/socketcan_bridge/src/topic_to_socketcan.cpp:28[m[K:
[01m[K/root/ros_canopen/install/socketcan_interface/include/socketcan_interface/socketcan.hpp:[m[K In member function ‘[01m[Kbool can::SocketCANInterface::init(const string&, bool, can_err_mask_t, can_err_mask_t)[m[K’:
[01m[K/root/ros_canopen/install/socketcan_interface/include/socketcan_interface/socketcan.hpp:180:42:[m[K [01;35m[Kwarning: [m[Kmissing initializer for member ‘[01m[Ksockaddr_can::can_ifindex[m[K’ [[01;35m[K-Wmissing-field-initializers[m[K]
  180 |             struct sockaddr_can addr = {0[01;35m[K}[m[K;
      |                                          [01;35m[K^[m[K
[01m[K/root/ros_canopen/install/socketcan_interface/include/socketcan_interface/socketcan.hpp:180:42:[m[K [01;35m[Kwarning: [m[Kmissing initializer for member ‘[01m[Ksockaddr_can::can_addr[m[K’ [[01;35m[K-Wmissing-field-initializers[m[K]
[01m[K/root/ros_canopen/install/socketcan_interface/include/socketcan_interface/socketcan.hpp:[m[K In member function ‘[01m[Kvirtual bool can::SocketCANInterface::enqueue(const can::Frame&)[m[K’:
[01m[K/root/ros_canopen/install/socketcan_interface/include/socketcan_interface/socketcan.hpp:216:29:[m[K [01;35m[Kwarning: [m[Kmissing initializer for member ‘[01m[Kcan_frame::can_dlc[m[K’ [[01;35m[K-Wmissing-field-initializers[m[K]
  216 |         can_frame frame = {0[01;35m[K}[m[K;
      |                             [01;35m[K^[m[K
[01m[K/root/ros_canopen/install/socketcan_interface/include/socketcan_interface/socketcan.hpp:216:29:[m[K [01;35m[Kwarning: [m[Kmissing initializer for member ‘[01m[Kcan_frame::__pad[m[K’ [[01;35m[K-Wmissing-field-initializers[m[K]
[01m[K/root/ros_canopen/install/socketcan_interface/include/socketcan_interface/socketcan.hpp:216:29:[m[K [01;35m[Kwarning: [m[Kmissing initializer for member ‘[01m[Kcan_frame::__res0[m[K’ [[01;35m[K-Wmissing-field-initializers[m[K]
[01m[K/root/ros_canopen/install/socketcan_interface/include/socketcan_interface/socketcan.hpp:216:29:[m[K [01;35m[Kwarning: [m[Kmissing initializer for member ‘[01m[Kcan_frame::__res1[m[K’ [[01;35m[K-Wmissing-field-initializers[m[K]
[01m[K/root/ros_canopen/install/socketcan_interface/include/socketcan_interface/socketcan.hpp:216:29:[m[K [01;35m[Kwarning: [m[Kmissing initializer for member ‘[01m[Kcan_frame::data[m[K’ [[01;35m[K-Wmissing-field-initializers[m[K]
In file included from [01m[K/root/ros_canopen/socketcan_bridge/src/topic_to_socketcan.cpp:28[m[K:
[01m[K/root/ros_canopen/socketcan_bridge/include/socketcan_bridge/topic_to_socketcan.hpp:[m[K At global scope:
[01m[K/root/ros_canopen/socketcan_bridge/include/socketcan_bridge/topic_to_socketcan.hpp:40:22:[m[K [01;31m[Kerror: [m[K‘[01m[Kros[m[K’ has not been declared
   40 |     TopicToSocketCAN([01;31m[Kros[m[K::NodeHandle* nh, ros::NodeHandle* nh_param, can::DriverInterfaceSharedPtr driver);
      |                      [01;31m[K^~~[m[K
[01m[K/root/ros_canopen/socketcan_bridge/include/socketcan_bridge/topic_to_socketcan.hpp:40:37:[m[K [01;31m[Kerror: [m[Kexpected ‘[01m[K)[m[K’ before ‘[01m[K*[m[K’ token
   40 |     TopicToSocketCAN[34m[K([m[Kros::NodeHandle[01;31m[K*[m[K nh, ros::NodeHandle* nh_param, can::DriverInterfaceSharedPtr driver);
      |                     [34m[K~[m[K               [01;31m[K^[m[K
      |                                     [32m[K)[m[K
[01m[K/root/ros_canopen/socketcan_bridge/include/socketcan_bridge/topic_to_socketcan.hpp:44:5:[m[K [01;31m[Kerror: [m[K‘[01m[Kros[m[K’ does not name a type; did you mean ‘[01m[Kcos[m[K’?
   44 |     [01;31m[Kros[m[K::Subscriber can_topic_;
      |     [01;31m[K^~~[m[K
      |     [32m[Kcos[m[K
[01m[K/root/ros_canopen/socketcan_bridge/include/socketcan_bridge/topic_to_socketcan.hpp:49:38:[m[K [01;31m[Kerror: [m[K‘[01m[KFrame[m[K’ in namespace ‘[01m[Kcan_msgs[m[K’ does not name a type
   49 |     void msgCallback(const can_msgs::[01;31m[KFrame[m[K::ConstPtr& msg);
      |                                      [01;31m[K^~~~~[m[K
[01m[K/root/ros_canopen/socketcan_bridge/include/socketcan_bridge/topic_to_socketcan.hpp:49:53:[m[K [01;31m[Kerror: [m[Kexpected unqualified-id before ‘[01m[K&[m[K’ token
   49 |     void msgCallback(const can_msgs::Frame::ConstPtr[01;31m[K&[m[K msg);
      |                                                     [01;31m[K^[m[K
[01m[K/root/ros_canopen/socketcan_bridge/include/socketcan_bridge/topic_to_socketcan.hpp:49:53:[m[K [01;31m[Kerror: [m[Kexpected ‘[01m[K)[m[K’ before ‘[01m[K&[m[K’ token
   49 |     void msgCallback[34m[K([m[Kconst can_msgs::Frame::ConstPtr[01;31m[K&[m[K msg);
      |                     [34m[K~[m[K                               [01;31m[K^[m[K
      |                                                     [32m[K)[m[K
[01m[K/root/ros_canopen/socketcan_bridge/include/socketcan_bridge/topic_to_socketcan.hpp:49:53:[m[K [01;31m[Kerror: [m[Kexpected ‘[01m[K;[m[K’ at end of member declaration
   49 |     void msgCallback(const can_msgs::Frame::ConstPtr[01;31m[K&[m[K msg);
      |                                                     [01;31m[K^[m[K
      |                                                      [32m[K;[m[K
[01m[K/root/ros_canopen/socketcan_bridge/include/socketcan_bridge/topic_to_socketcan.hpp:49:55:[m[K [01;31m[Kerror: [m[K‘[01m[Kmsg[m[K’ does not name a type
   49 |     void msgCallback(const can_msgs::Frame::ConstPtr& [01;31m[Kmsg[m[K);
      |                                                       [01;31m[K^~~[m[K
[01m[K/root/ros_canopen/socketcan_bridge/include/socketcan_bridge/topic_to_socketcan.hpp:53:48:[m[K [01;31m[Kerror: [m[K‘[01m[KFrame[m[K’ in namespace ‘[01m[Kcan_msgs[m[K’ does not name a type
   53 | void convertMessageToSocketCAN(const can_msgs::[01;31m[KFrame[m[K& m, can::Frame& f)
      |                                                [01;31m[K^~~~~[m[K
[01m[K/root/ros_canopen/socketcan_bridge/include/socketcan_bridge/topic_to_socketcan.hpp:[m[K In function ‘[01m[Kvoid socketcan_bridge::convertMessageToSocketCAN(const int&, can::Frame&)[m[K’:
[01m[K/root/ros_canopen/socketcan_bridge/include/socketcan_bridge/topic_to_socketcan.hpp:55:12:[m[K [01;31m[Kerror: [m[Krequest for member ‘[01m[Kid[m[K’ in ‘[01m[Km[m[K’, which is of non-class type ‘[01m[Kconst int[m[K’
   55 |   f.id = m.[01;31m[Kid[m[K;
      |            [01;31m[K^~[m[K
[01m[K/root/ros_canopen/socketcan_bridge/include/socketcan_bridge/topic_to_socketcan.hpp:56:13:[m[K [01;31m[Kerror: [m[Krequest for member ‘[01m[Kdlc[m[K’ in ‘[01m[Km[m[K’, which is of non-class type ‘[01m[Kconst int[m[K’
   56 |   f.dlc = m.[01;31m[Kdlc[m[K;
      |             [01;31m[K^~~[m[K
[01m[K/root/ros_canopen/socketcan_bridge/include/socketcan_bridge/topic_to_socketcan.hpp:57:18:[m[K [01;31m[Kerror: [m[Krequest for member ‘[01m[Kis_error[m[K’ in ‘[01m[Km[m[K’, which is of non-class type ‘[01m[Kconst int[m[K’
   57 |   f.is_error = m.[01;31m[Kis_error[m[K;
      |                  [01;31m[K^~~~~~~~[m[K
[01m[K/root/ros_canopen/socketcan_bridge/include/socketcan_bridge/topic_to_socketcan.hpp:58:16:[m[K [01;31m[Kerror: [m[Krequest for member ‘[01m[Kis_rtr[m[K’ in ‘[01m[Km[m[K’, which is of non-class type ‘[01m[Kconst int[m[K’
   58 |   f.is_rtr = m.[01;31m[Kis_rtr[m[K;
      |                [01;31m[K^~~~~~[m[K
[01m[K/root/ros_canopen/socketcan_bridge/include/socketcan_bridge/topic_to_socketcan.hpp:59:21:[m[K [01;31m[Kerror: [m[Krequest for member ‘[01m[Kis_extended[m[K’ in ‘[01m[Km[m[K’, which is of non-class type ‘[01m[Kconst int[m[K’
   59 |   f.is_extended = m.[01;31m[Kis_extended[m[K;
      |                     [01;31m[K^~~~~~~~~~~[m[K
[01m[K/root/ros_canopen/socketcan_bridge/include/socketcan_bridge/topic_to_socketcan.hpp:63:19:[m[K [01;31m[Kerror: [m[Krequest for member ‘[01m[Kdata[m[K’ in ‘[01m[Km[m[K’, which is of non-class type ‘[01m[Kconst int[m[K’
   63 |     f.data[i] = m.[01;31m[Kdata[m[K[i];
      |                   [01;31m[K^~~~[m[K
[01m[K/root/ros_canopen/socketcan_bridge/include/socketcan_bridge/topic_to_socketcan.hpp:[m[K At global scope:
[01m[K/root/ros_canopen/socketcan_bridge/include/socketcan_bridge/topic_to_socketcan.hpp:65:2:[m[K [01;35m[Kwarning: [m[Kextra ‘[01m[K;[m[K’ [[01;35m[K-Wpedantic[m[K]
   65 | }[01;35m[K;[m[K
      |  [01;35m[K^[m[K
[01m[K/root/ros_canopen/socketcan_bridge/include/socketcan_bridge/topic_to_socketcan.hpp:67:2:[m[K [01;35m[Kwarning: [m[Kextra ‘[01m[K;[m[K’ [[01;35m[K-Wpedantic[m[K]
   67 | }[01;35m[K;[m[K  // namespace socketcan_bridge
      |  [01;35m[K^[m[K
[01m[K/root/ros_canopen/socketcan_bridge/src/topic_to_socketcan.cpp:34:37:[m[K [01;31m[Kerror: [m[Kexpected constructor, destructor, or type conversion before ‘[01m[K([m[K’ token
   34 |   TopicToSocketCAN::TopicToSocketCAN[01;31m[K([m[Kros::NodeHandle* nh, ros::NodeHandle* nh_param,
      |                                     [01;31m[K^[m[K
[01m[K/root/ros_canopen/socketcan_bridge/src/topic_to_socketcan.cpp:46:6:[m[K [01;35m[Kwarning: [m[Kextra ‘[01m[K;[m[K’ [[01;35m[K-Wpedantic[m[K]
   46 |     }[01;35m[K;[m[K
      |      [01;35m[K^[m[K
[01m[K/root/ros_canopen/socketcan_bridge/src/topic_to_socketcan.cpp:48:54:[m[K [01;31m[Kerror: [m[K‘[01m[KFrame[m[K’ in namespace ‘[01m[Kcan_msgs[m[K’ does not name a type
   48 |   void TopicToSocketCAN::msgCallback(const can_msgs::[01;31m[KFrame[m[K::ConstPtr& msg)
      |                                                      [01;31m[K^~~~~[m[K
[01m[K/root/ros_canopen/socketcan_bridge/src/topic_to_socketcan.cpp:48:69:[m[K [01;31m[Kerror: [m[Kexpected unqualified-id before ‘[01m[K&[m[K’ token
   48 |   void TopicToSocketCAN::msgCallback(const can_msgs::Frame::ConstPtr[01;31m[K&[m[K msg)
      |                                                                     [01;31m[K^[m[K
[01m[K/root/ros_canopen/socketcan_bridge/src/topic_to_socketcan.cpp:48:69:[m[K [01;31m[Kerror: [m[Kexpected ‘[01m[K)[m[K’ before ‘[01m[K&[m[K’ token
   48 |   void TopicToSocketCAN::msgCallback[34m[K([m[Kconst can_msgs::Frame::ConstPtr[01;31m[K&[m[K msg)
      |                                     [34m[K~[m[K                               [01;31m[K^[m[K
      |                                                                     [32m[K)[m[K
[01m[K/root/ros_canopen/socketcan_bridge/src/topic_to_socketcan.cpp:48:71:[m[K [01;31m[Kerror: [m[Kexpected initializer before ‘[01m[Kmsg[m[K’
   48 |   void TopicToSocketCAN::msgCallback(const can_msgs::Frame::ConstPtr& [01;31m[Kmsg[m[K)
      |                                                                       [01;31m[K^~~[m[K
[01m[K/root/ros_canopen/socketcan_bridge/src/topic_to_socketcan.cpp:[m[K In member function ‘[01m[Kvoid socketcan_bridge::TopicToSocketCAN::stateCallback(const can::State&)[m[K’:
[01m[K/root/ros_canopen/socketcan_bridge/src/topic_to_socketcan.cpp:84:9:[m[K [01;31m[Kerror: [m[K‘[01m[KROS_INFO[m[K’ was not declared in this scope
   84 |         [01;31m[KROS_INFO[m[K("State: %s, asio: %s", err.c_str(), s.error_code.message().c_str());
      |         [01;31m[K^~~~~~~~[m[K
[01m[K/root/ros_canopen/socketcan_bridge/src/topic_to_socketcan.cpp:88:9:[m[K [01;31m[Kerror: [m[K‘[01m[KROS_ERROR[m[K’ was not declared in this scope; did you mean ‘[01m[KSO_ERROR[m[K’?
   88 |         [01;31m[KROS_ERROR[m[K("Error: %s, asio: %s", err.c_str(), s.error_code.message().c_str());
      |         [01;31m[K^~~~~~~~~[m[K
      |         [32m[KSO_ERROR[m[K
[01m[K/root/ros_canopen/socketcan_bridge/src/topic_to_socketcan.cpp:[m[K At global scope:
[01m[K/root/ros_canopen/socketcan_bridge/src/topic_to_socketcan.cpp:90:6:[m[K [01;35m[Kwarning: [m[Kextra ‘[01m[K;[m[K’ [[01;35m[K-Wpedantic[m[K]
   90 |     }[01;35m[K;[m[K
      |      [01;35m[K^[m[K
[01m[K/root/ros_canopen/socketcan_bridge/src/topic_to_socketcan.cpp:91:2:[m[K [01;35m[Kwarning: [m[Kextra ‘[01m[K;[m[K’ [[01;35m[K-Wpedantic[m[K]
   91 | }[01;35m[K;[m[K  // namespace socketcan_bridge
      |  [01;35m[K^[m[K
make[2]: *** [CMakeFiles/topic_to_socketcan.dir/build.make:76: CMakeFiles/topic_to_socketcan.dir/src/topic_to_socketcan.cpp.o] Error 1
make[1]: *** [CMakeFiles/Makefile2:140: CMakeFiles/topic_to_socketcan.dir/all] Error 2
make: *** [Makefile:141: all] Error 2
