[0.017s] Invoking command in '/root/ros_canopen/build/socketcan_bridge': AMENT_PREFIX_PATH=/root/ros_canopen/install/socketcan_interface:/root/ros_canopen/install/can_msgs:${AMENT_PREFIX_PATH} CMAKE_PREFIX_PATH=/root/ros_canopen/install/socketcan_interface:/root/ros_canopen/install/can_msgs:/opt/ros/foxy LD_LIBRARY_PATH=/root/ros_canopen/install/can_msgs/lib:${LD_LIBRARY_PATH} PYTHONPATH=/root/ros_canopen/install/can_msgs/lib/python3.8/site-packages:${PYTHONPATH} /usr/bin/cmake --build /root/ros_canopen/build/socketcan_bridge -- -j4 -l4
[0.067s] [35m[1mScanning dependencies of target socketcan_to_topic[0m
[0.077s] [  8%] [32mBuilding CXX object CMakeFiles/topic_to_socketcan.dir/src/topic_to_socketcan.cpp.o[0m
[0.105s] [ 16%] [32mBuilding CXX object CMakeFiles/socketcan_to_topic.dir/src/socketcan_to_topic.cpp.o[0m
[1.236s] [01m[K/root/ros_canopen/socketcan_bridge/src/socketcan_to_topic.cpp:30:10:[m[K [01;31m[Kfatal error: [m[Kcan_msgs/Frame.h: No such file or directory
[1.236s]    30 | #include [01;31m[K<can_msgs/Frame.h>[m[K
[1.237s]       |          [01;31m[K^~~~~~~~~~~~~~~~~~[m[K
[1.237s] compilation terminated.
[1.244s] make[2]: *** [CMakeFiles/socketcan_to_topic.dir/build.make:76: CMakeFiles/socketcan_to_topic.dir/src/socketcan_to_topic.cpp.o] Error 1
[1.245s] make[1]: *** [CMakeFiles/Makefile2:113: CMakeFiles/socketcan_to_topic.dir/all] Error 2
[1.245s] make[1]: *** Waiting for unfinished jobs....
[1.848s] In file included from [01m[K/root/ros_canopen/install/socketcan_interface/include/socketcan_interface/interface.hpp:12[m[K,
[1.848s]                  from [01m[K/root/ros_canopen/install/socketcan_interface/include/socketcan_interface/asio_base.hpp:4[m[K,
[1.848s]                  from [01m[K/root/ros_canopen/install/socketcan_interface/include/socketcan_interface/socketcan.hpp:4[m[K,
[1.848s]                  from [01m[K/root/ros_canopen/socketcan_bridge/include/socketcan_bridge/topic_to_socketcan.hpp:31[m[K,
[1.848s]                  from [01m[K/root/ros_canopen/socketcan_bridge/src/topic_to_socketcan.cpp:28[m[K:
[1.849s] [01m[K/root/ros_canopen/install/socketcan_interface/include/socketcan_interface/settings.hpp:[m[K In member function ‘[01m[Kvirtual bool can::NoSettings::getRepr(const string&, std::string&) const[m[K’:
[1.849s] [01m[K/root/ros_canopen/install/socketcan_interface/include/socketcan_interface/settings.hpp:38:47:[m[K [01;35m[Kwarning: [m[Kunused parameter ‘[01m[Kn[m[K’ [[01;35m[K-Wunused-parameter[m[K]
[1.849s]    38 |       virtual bool getRepr([01;35m[Kconst std::string &n[m[K, std::string & repr) const { return false; }
[1.849s]       |                            [01;35m[K~~~~~~~~~~~~~~~~~~~^[m[K
[1.849s] [01m[K/root/ros_canopen/install/socketcan_interface/include/socketcan_interface/settings.hpp:38:64:[m[K [01;35m[Kwarning: [m[Kunused parameter ‘[01m[Krepr[m[K’ [[01;35m[K-Wunused-parameter[m[K]
[1.849s]    38 |       virtual bool getRepr(const std::string &n, [01;35m[Kstd::string & repr[m[K) const { return false; }
[1.849s]       |                                                  [01;35m[K~~~~~~~~~~~~~~^~~~[m[K
[1.873s] In file included from [01m[K/root/ros_canopen/install/socketcan_interface/include/socketcan_interface/asio_base.hpp:4[m[K,
[1.873s]                  from [01m[K/root/ros_canopen/install/socketcan_interface/include/socketcan_interface/socketcan.hpp:4[m[K,
[1.873s]                  from [01m[K/root/ros_canopen/socketcan_bridge/include/socketcan_bridge/topic_to_socketcan.hpp:31[m[K,
[1.874s]                  from [01m[K/root/ros_canopen/socketcan_bridge/src/topic_to_socketcan.cpp:28[m[K:
[1.874s] [01m[K/root/ros_canopen/install/socketcan_interface/include/socketcan_interface/interface.hpp:[m[K In member function ‘[01m[Kvirtual bool can::DriverInterface::init(const string&, bool, can::SettingsConstSharedPtr)[m[K’:
[1.874s] [01m[K/root/ros_canopen/install/socketcan_interface/include/socketcan_interface/interface.hpp:190:88:[m[K [01;35m[Kwarning: [m[Kunused parameter ‘[01m[Ksettings[m[K’ [[01;35m[K-Wunused-parameter[m[K]
[1.874s]   190 |     virtual bool init(const std::string &device, bool loopback, [01;35m[KSettingsConstSharedPtr settings[m[K) {
[1.874s]       |                                                                 [01;35m[K~~~~~~~~~~~~~~~~~~~~~~~^~~~~~~~[m[K
[2.785s] In file included from [01m[K/root/ros_canopen/socketcan_bridge/include/socketcan_bridge/topic_to_socketcan.hpp:31[m[K,
[2.785s]                  from [01m[K/root/ros_canopen/socketcan_bridge/src/topic_to_socketcan.cpp:28[m[K:
[2.785s] [01m[K/root/ros_canopen/install/socketcan_interface/include/socketcan_interface/socketcan.hpp:[m[K In member function ‘[01m[Kbool can::SocketCANInterface::init(const string&, bool, can_err_mask_t, can_err_mask_t)[m[K’:
[2.785s] [01m[K/root/ros_canopen/install/socketcan_interface/include/socketcan_interface/socketcan.hpp:180:42:[m[K [01;35m[Kwarning: [m[Kmissing initializer for member ‘[01m[Ksockaddr_can::can_ifindex[m[K’ [[01;35m[K-Wmissing-field-initializers[m[K]
[2.785s]   180 |             struct sockaddr_can addr = {0[01;35m[K}[m[K;
[2.786s]       |                                          [01;35m[K^[m[K
[2.786s] [01m[K/root/ros_canopen/install/socketcan_interface/include/socketcan_interface/socketcan.hpp:180:42:[m[K [01;35m[Kwarning: [m[Kmissing initializer for member ‘[01m[Ksockaddr_can::can_addr[m[K’ [[01;35m[K-Wmissing-field-initializers[m[K]
[2.788s] [01m[K/root/ros_canopen/install/socketcan_interface/include/socketcan_interface/socketcan.hpp:[m[K In member function ‘[01m[Kvirtual bool can::SocketCANInterface::enqueue(const can::Frame&)[m[K’:
[2.788s] [01m[K/root/ros_canopen/install/socketcan_interface/include/socketcan_interface/socketcan.hpp:216:29:[m[K [01;35m[Kwarning: [m[Kmissing initializer for member ‘[01m[Kcan_frame::can_dlc[m[K’ [[01;35m[K-Wmissing-field-initializers[m[K]
[2.788s]   216 |         can_frame frame = {0[01;35m[K}[m[K;
[2.788s]       |                             [01;35m[K^[m[K
[2.788s] [01m[K/root/ros_canopen/install/socketcan_interface/include/socketcan_interface/socketcan.hpp:216:29:[m[K [01;35m[Kwarning: [m[Kmissing initializer for member ‘[01m[Kcan_frame::__pad[m[K’ [[01;35m[K-Wmissing-field-initializers[m[K]
[2.789s] [01m[K/root/ros_canopen/install/socketcan_interface/include/socketcan_interface/socketcan.hpp:216:29:[m[K [01;35m[Kwarning: [m[Kmissing initializer for member ‘[01m[Kcan_frame::__res0[m[K’ [[01;35m[K-Wmissing-field-initializers[m[K]
[2.789s] [01m[K/root/ros_canopen/install/socketcan_interface/include/socketcan_interface/socketcan.hpp:216:29:[m[K [01;35m[Kwarning: [m[Kmissing initializer for member ‘[01m[Kcan_frame::__res1[m[K’ [[01;35m[K-Wmissing-field-initializers[m[K]
[2.789s] [01m[K/root/ros_canopen/install/socketcan_interface/include/socketcan_interface/socketcan.hpp:216:29:[m[K [01;35m[Kwarning: [m[Kmissing initializer for member ‘[01m[Kcan_frame::data[m[K’ [[01;35m[K-Wmissing-field-initializers[m[K]
[3.788s] In file included from [01m[K/root/ros_canopen/socketcan_bridge/src/topic_to_socketcan.cpp:28[m[K:
[3.788s] [01m[K/root/ros_canopen/socketcan_bridge/include/socketcan_bridge/topic_to_socketcan.hpp:[m[K At global scope:
[3.789s] [01m[K/root/ros_canopen/socketcan_bridge/include/socketcan_bridge/topic_to_socketcan.hpp:40:22:[m[K [01;31m[Kerror: [m[K‘[01m[Kros[m[K’ has not been declared
[3.789s]    40 |     TopicToSocketCAN([01;31m[Kros[m[K::NodeHandle* nh, ros::NodeHandle* nh_param, can::DriverInterfaceSharedPtr driver);
[3.789s]       |                      [01;31m[K^~~[m[K
[3.789s] [01m[K/root/ros_canopen/socketcan_bridge/include/socketcan_bridge/topic_to_socketcan.hpp:40:37:[m[K [01;31m[Kerror: [m[Kexpected ‘[01m[K)[m[K’ before ‘[01m[K*[m[K’ token
[3.789s]    40 |     TopicToSocketCAN[34m[K([m[Kros::NodeHandle[01;31m[K*[m[K nh, ros::NodeHandle* nh_param, can::DriverInterfaceSharedPtr driver);
[3.789s]       |                     [34m[K~[m[K               [01;31m[K^[m[K
[3.789s]       |                                     [32m[K)[m[K
[3.791s] [01m[K/root/ros_canopen/socketcan_bridge/include/socketcan_bridge/topic_to_socketcan.hpp:44:5:[m[K [01;31m[Kerror: [m[K‘[01m[Kros[m[K’ does not name a type; did you mean ‘[01m[Kcos[m[K’?
[3.791s]    44 |     [01;31m[Kros[m[K::Subscriber can_topic_;
[3.791s]       |     [01;31m[K^~~[m[K
[3.791s]       |     [32m[Kcos[m[K
[3.794s] [01m[K/root/ros_canopen/socketcan_bridge/include/socketcan_bridge/topic_to_socketcan.hpp:49:38:[m[K [01;31m[Kerror: [m[K‘[01m[KFrame[m[K’ in namespace ‘[01m[Kcan_msgs[m[K’ does not name a type
[3.794s]    49 |     void msgCallback(const can_msgs::[01;31m[KFrame[m[K::ConstPtr& msg);
[3.794s]       |                                      [01;31m[K^~~~~[m[K
[3.794s] [01m[K/root/ros_canopen/socketcan_bridge/include/socketcan_bridge/topic_to_socketcan.hpp:49:53:[m[K [01;31m[Kerror: [m[Kexpected unqualified-id before ‘[01m[K&[m[K’ token
[3.794s]    49 |     void msgCallback(const can_msgs::Frame::ConstPtr[01;31m[K&[m[K msg);
[3.794s]       |                                                     [01;31m[K^[m[K
[3.794s] [01m[K/root/ros_canopen/socketcan_bridge/include/socketcan_bridge/topic_to_socketcan.hpp:49:53:[m[K [01;31m[Kerror: [m[Kexpected ‘[01m[K)[m[K’ before ‘[01m[K&[m[K’ token
[3.795s]    49 |     void msgCallback[34m[K([m[Kconst can_msgs::Frame::ConstPtr[01;31m[K&[m[K msg);
[3.795s]       |                     [34m[K~[m[K                               [01;31m[K^[m[K
[3.795s]       |                                                     [32m[K)[m[K
[3.795s] [01m[K/root/ros_canopen/socketcan_bridge/include/socketcan_bridge/topic_to_socketcan.hpp:49:53:[m[K [01;31m[Kerror: [m[Kexpected ‘[01m[K;[m[K’ at end of member declaration
[3.795s]    49 |     void msgCallback(const can_msgs::Frame::ConstPtr[01;31m[K&[m[K msg);
[3.795s]       |                                                     [01;31m[K^[m[K
[3.795s]       |                                                      [32m[K;[m[K
[3.796s] [01m[K/root/ros_canopen/socketcan_bridge/include/socketcan_bridge/topic_to_socketcan.hpp:49:55:[m[K [01;31m[Kerror: [m[K‘[01m[Kmsg[m[K’ does not name a type
[3.796s]    49 |     void msgCallback(const can_msgs::Frame::ConstPtr& [01;31m[Kmsg[m[K);
[3.797s]       |                                                       [01;31m[K^~~[m[K
[3.797s] [01m[K/root/ros_canopen/socketcan_bridge/include/socketcan_bridge/topic_to_socketcan.hpp:53:48:[m[K [01;31m[Kerror: [m[K‘[01m[KFrame[m[K’ in namespace ‘[01m[Kcan_msgs[m[K’ does not name a type
[3.797s]    53 | void convertMessageToSocketCAN(const can_msgs::[01;31m[KFrame[m[K& m, can::Frame& f)
[3.797s]       |                                                [01;31m[K^~~~~[m[K
[3.797s] [01m[K/root/ros_canopen/socketcan_bridge/include/socketcan_bridge/topic_to_socketcan.hpp:[m[K In function ‘[01m[Kvoid socketcan_bridge::convertMessageToSocketCAN(const int&, can::Frame&)[m[K’:
[3.797s] [01m[K/root/ros_canopen/socketcan_bridge/include/socketcan_bridge/topic_to_socketcan.hpp:55:12:[m[K [01;31m[Kerror: [m[Krequest for member ‘[01m[Kid[m[K’ in ‘[01m[Km[m[K’, which is of non-class type ‘[01m[Kconst int[m[K’
[3.798s]    55 |   f.id = m.[01;31m[Kid[m[K;
[3.798s]       |            [01;31m[K^~[m[K
[3.798s] [01m[K/root/ros_canopen/socketcan_bridge/include/socketcan_bridge/topic_to_socketcan.hpp:56:13:[m[K [01;31m[Kerror: [m[Krequest for member ‘[01m[Kdlc[m[K’ in ‘[01m[Km[m[K’, which is of non-class type ‘[01m[Kconst int[m[K’
[3.798s]    56 |   f.dlc = m.[01;31m[Kdlc[m[K;
[3.798s]       |             [01;31m[K^~~[m[K
[3.798s] [01m[K/root/ros_canopen/socketcan_bridge/include/socketcan_bridge/topic_to_socketcan.hpp:57:18:[m[K [01;31m[Kerror: [m[Krequest for member ‘[01m[Kis_error[m[K’ in ‘[01m[Km[m[K’, which is of non-class type ‘[01m[Kconst int[m[K’
[3.799s]    57 |   f.is_error = m.[01;31m[Kis_error[m[K;
[3.799s]       |                  [01;31m[K^~~~~~~~[m[K
[3.799s] [01m[K/root/ros_canopen/socketcan_bridge/include/socketcan_bridge/topic_to_socketcan.hpp:58:16:[m[K [01;31m[Kerror: [m[Krequest for member ‘[01m[Kis_rtr[m[K’ in ‘[01m[Km[m[K’, which is of non-class type ‘[01m[Kconst int[m[K’
[3.799s]    58 |   f.is_rtr = m.[01;31m[Kis_rtr[m[K;
[3.799s]       |                [01;31m[K^~~~~~[m[K
[3.799s] [01m[K/root/ros_canopen/socketcan_bridge/include/socketcan_bridge/topic_to_socketcan.hpp:59:21:[m[K [01;31m[Kerror: [m[Krequest for member ‘[01m[Kis_extended[m[K’ in ‘[01m[Km[m[K’, which is of non-class type ‘[01m[Kconst int[m[K’
[3.800s]    59 |   f.is_extended = m.[01;31m[Kis_extended[m[K;
[3.800s]       |                     [01;31m[K^~~~~~~~~~~[m[K
[3.800s] [01m[K/root/ros_canopen/socketcan_bridge/include/socketcan_bridge/topic_to_socketcan.hpp:63:19:[m[K [01;31m[Kerror: [m[Krequest for member ‘[01m[Kdata[m[K’ in ‘[01m[Km[m[K’, which is of non-class type ‘[01m[Kconst int[m[K’
[3.800s]    63 |     f.data[i] = m.[01;31m[Kdata[m[K[i];
[3.800s]       |                   [01;31m[K^~~~[m[K
[3.800s] [01m[K/root/ros_canopen/socketcan_bridge/include/socketcan_bridge/topic_to_socketcan.hpp:[m[K At global scope:
[3.801s] [01m[K/root/ros_canopen/socketcan_bridge/include/socketcan_bridge/topic_to_socketcan.hpp:65:2:[m[K [01;35m[Kwarning: [m[Kextra ‘[01m[K;[m[K’ [[01;35m[K-Wpedantic[m[K]
[3.801s]    65 | }[01;35m[K;[m[K
[3.801s]       |  [01;35m[K^[m[K
[3.801s] [01m[K/root/ros_canopen/socketcan_bridge/include/socketcan_bridge/topic_to_socketcan.hpp:67:2:[m[K [01;35m[Kwarning: [m[Kextra ‘[01m[K;[m[K’ [[01;35m[K-Wpedantic[m[K]
[3.801s]    67 | }[01;35m[K;[m[K  // namespace socketcan_bridge
[3.801s]       |  [01;35m[K^[m[K
[3.801s] [01m[K/root/ros_canopen/socketcan_bridge/src/topic_to_socketcan.cpp:34:37:[m[K [01;31m[Kerror: [m[Kexpected constructor, destructor, or type conversion before ‘[01m[K([m[K’ token
[3.802s]    34 |   TopicToSocketCAN::TopicToSocketCAN[01;31m[K([m[Kros::NodeHandle* nh, ros::NodeHandle* nh_param,
[3.802s]       |                                     [01;31m[K^[m[K
[3.812s] [01m[K/root/ros_canopen/socketcan_bridge/src/topic_to_socketcan.cpp:46:6:[m[K [01;35m[Kwarning: [m[Kextra ‘[01m[K;[m[K’ [[01;35m[K-Wpedantic[m[K]
[3.812s]    46 |     }[01;35m[K;[m[K
[3.812s]       |      [01;35m[K^[m[K
[3.812s] [01m[K/root/ros_canopen/socketcan_bridge/src/topic_to_socketcan.cpp:48:54:[m[K [01;31m[Kerror: [m[K‘[01m[KFrame[m[K’ in namespace ‘[01m[Kcan_msgs[m[K’ does not name a type
[3.812s]    48 |   void TopicToSocketCAN::msgCallback(const can_msgs::[01;31m[KFrame[m[K::ConstPtr& msg)
[3.812s]       |                                                      [01;31m[K^~~~~[m[K
[3.812s] [01m[K/root/ros_canopen/socketcan_bridge/src/topic_to_socketcan.cpp:48:69:[m[K [01;31m[Kerror: [m[Kexpected unqualified-id before ‘[01m[K&[m[K’ token
[3.813s]    48 |   void TopicToSocketCAN::msgCallback(const can_msgs::Frame::ConstPtr[01;31m[K&[m[K msg)
[3.813s]       |                                                                     [01;31m[K^[m[K
[3.813s] [01m[K/root/ros_canopen/socketcan_bridge/src/topic_to_socketcan.cpp:48:69:[m[K [01;31m[Kerror: [m[Kexpected ‘[01m[K)[m[K’ before ‘[01m[K&[m[K’ token
[3.813s]    48 |   void TopicToSocketCAN::msgCallback[34m[K([m[Kconst can_msgs::Frame::ConstPtr[01;31m[K&[m[K msg)
[3.813s]       |                                     [34m[K~[m[K                               [01;31m[K^[m[K
[3.813s]       |                                                                     [32m[K)[m[K
[3.813s] [01m[K/root/ros_canopen/socketcan_bridge/src/topic_to_socketcan.cpp:48:71:[m[K [01;31m[Kerror: [m[Kexpected initializer before ‘[01m[Kmsg[m[K’
[3.814s]    48 |   void TopicToSocketCAN::msgCallback(const can_msgs::Frame::ConstPtr& [01;31m[Kmsg[m[K)
[3.814s]       |                                                                       [01;31m[K^~~[m[K
[3.817s] [01m[K/root/ros_canopen/socketcan_bridge/src/topic_to_socketcan.cpp:[m[K In member function ‘[01m[Kvoid socketcan_bridge::TopicToSocketCAN::stateCallback(const can::State&)[m[K’:
[3.817s] [01m[K/root/ros_canopen/socketcan_bridge/src/topic_to_socketcan.cpp:84:9:[m[K [01;31m[Kerror: [m[K‘[01m[KROS_INFO[m[K’ was not declared in this scope
[3.817s]    84 |         [01;31m[KROS_INFO[m[K("State: %s, asio: %s", err.c_str(), s.error_code.message().c_str());
[3.817s]       |         [01;31m[K^~~~~~~~[m[K
[3.822s] [01m[K/root/ros_canopen/socketcan_bridge/src/topic_to_socketcan.cpp:88:9:[m[K [01;31m[Kerror: [m[K‘[01m[KROS_ERROR[m[K’ was not declared in this scope; did you mean ‘[01m[KSO_ERROR[m[K’?
[3.822s]    88 |         [01;31m[KROS_ERROR[m[K("Error: %s, asio: %s", err.c_str(), s.error_code.message().c_str());
[3.822s]       |         [01;31m[K^~~~~~~~~[m[K
[3.822s]       |         [32m[KSO_ERROR[m[K
[3.822s] [01m[K/root/ros_canopen/socketcan_bridge/src/topic_to_socketcan.cpp:[m[K At global scope:
[3.823s] [01m[K/root/ros_canopen/socketcan_bridge/src/topic_to_socketcan.cpp:90:6:[m[K [01;35m[Kwarning: [m[Kextra ‘[01m[K;[m[K’ [[01;35m[K-Wpedantic[m[K]
[3.823s]    90 |     }[01;35m[K;[m[K
[3.823s]       |      [01;35m[K^[m[K
[3.823s] [01m[K/root/ros_canopen/socketcan_bridge/src/topic_to_socketcan.cpp:91:2:[m[K [01;35m[Kwarning: [m[Kextra ‘[01m[K;[m[K’ [[01;35m[K-Wpedantic[m[K]
[3.823s]    91 | }[01;35m[K;[m[K  // namespace socketcan_bridge
[3.823s]       |  [01;35m[K^[m[K
[4.712s] make[2]: *** [CMakeFiles/topic_to_socketcan.dir/build.make:76: CMakeFiles/topic_to_socketcan.dir/src/topic_to_socketcan.cpp.o] Error 1
[4.712s] make[1]: *** [CMakeFiles/Makefile2:140: CMakeFiles/topic_to_socketcan.dir/all] Error 2
[4.712s] make: *** [Makefile:141: all] Error 2
[4.714s] Invoked command in '/root/ros_canopen/build/socketcan_bridge' returned '2': AMENT_PREFIX_PATH=/root/ros_canopen/install/socketcan_interface:/root/ros_canopen/install/can_msgs:${AMENT_PREFIX_PATH} CMAKE_PREFIX_PATH=/root/ros_canopen/install/socketcan_interface:/root/ros_canopen/install/can_msgs:/opt/ros/foxy LD_LIBRARY_PATH=/root/ros_canopen/install/can_msgs/lib:${LD_LIBRARY_PATH} PYTHONPATH=/root/ros_canopen/install/can_msgs/lib/python3.8/site-packages:${PYTHONPATH} /usr/bin/cmake --build /root/ros_canopen/build/socketcan_bridge -- -j4 -l4
