-- Found ament_cmake: 0.9.8 (/opt/ros/foxy/share/ament_cmake/cmake)
-- Using PYTHON_EXECUTABLE: /usr/bin/python3
-- Override CMake install command with custom implementation using symlinks instead of copying resources
-- Found class_loader: 2.0.2 (/opt/ros/foxy/share/class_loader/cmake)
-- Found rosidl_default_generators: 1.0.1 (/opt/ros/foxy/share/rosidl_default_generators/cmake)
-- Using all available rosidl_typesupport_c: rosidl_typesupport_fastrtps_c;rosidl_typesupport_introspection_c
-- Found rosidl_adapter: 1.2.1 (/opt/ros/foxy/share/rosidl_adapter/cmake)
-- Using all available rosidl_typesupport_cpp: rosidl_typesupport_fastrtps_cpp;rosidl_typesupport_introspection_cpp
-- Configuring done
-- Generating done
-- Build files have been written to: /root/ros_canopen/build/socketcan_interface
[35m[1mScanning dependencies of target socketcan_interface_string[0m
[35m[1mScanning dependencies of target socketcan_interface_plugin[0m
[ 12%] [32mBuilding CXX object CMakeFiles/socketcan_interface_string.dir/src/string.cpp.o[0m
[ 25%] [32mBuilding CXX object CMakeFiles/socketcan_interface_plugin.dir/src/socketcan_interface_plugin.cpp.o[0m
[ 37%] [32m[1mLinking CXX static library libsocketcan_interface_string.a[0m
[ 37%] Built target socketcan_interface_string
[35m[1mScanning dependencies of target socketcan_bcm[0m
[35m[1mScanning dependencies of target socketcan_dump[0m
[ 50%] [32mBuilding CXX object CMakeFiles/socketcan_bcm.dir/src/canbcm.cpp.o[0m
[ 62%] [32mBuilding CXX object CMakeFiles/socketcan_dump.dir/src/candump.cpp.o[0m
[ 75%] [32m[1mLinking CXX executable socketcan_bcm[0m
[ 75%] Built target socketcan_bcm
[ 87%] [32m[1mLinking CXX static library libsocketcan_interface_plugin.a[0m
[ 87%] Built target socketcan_interface_plugin
[100%] [32m[1mLinking CXX executable socketcan_dump[0m
