-- Found ament_cmake: 0.9.8 (/opt/ros/foxy/share/ament_cmake/cmake)
-- Using PYTHON_EXECUTABLE: /usr/bin/python3
-- Override CMake install command with custom implementation using symlinks instead of copying resources
-- Found class_loader: 2.0.2 (/opt/ros/foxy/share/class_loader/cmake)
-- Found rosidl_default_generators: 1.0.1 (/opt/ros/foxy/share/rosidl_default_generators/cmake)
-- Using all available rosidl_typesupport_c: rosidl_typesupport_fastrtps_c;rosidl_typesupport_introspection_c
-- Found rosidl_adapter: 1.2.1 (/opt/ros/foxy/share/rosidl_adapter/cmake)
-- Using all available rosidl_typesupport_cpp: rosidl_typesupport_fastrtps_cpp;rosidl_typesupport_introspection_cpp
-- Found socketcan_interface: 0.8.5 (/root/ros_canopen/install/socketcan_interface/share/socketcan_interface/cmake)
-- Configuring done
-- Generating done
-- Build files have been written to: /root/ros_canopen/build/canopen_master
[ 10%] [32mBuilding CXX object CMakeFiles/canopen_master.dir/src/emcy.cpp.o[0m
[ 20%] [32mBuilding CXX object CMakeFiles/canopen_bcm_sync.dir/src/bcm_sync.cpp.o[0m
In file included from [01m[K/root/ros_canopen/canopen_master/src/emcy.cpp:1[m[K:
[01m[K/root/ros_canopen/canopen_master/include/canopen_master/canopen.hpp:4:10:[m[K [01;31m[Kfatal error: [m[Ksocketcan_interface/interface.hpp: No such file or directory
    4 | #include [01;31m[K<socketcan_interface/interface.hpp>[m[K
      |          [01;31m[K^~~~~~~~~~~~~~~~~~~~~~~~~~~~~~~~~~~[m[K
compilation terminated.
make[2]: *** [CMakeFiles/canopen_master.dir/build.make:63: CMakeFiles/canopen_master.dir/src/emcy.cpp.o] Error 1
make[2]: *** Waiting for unfinished jobs....
In file included from [01m[K/root/ros_canopen/canopen_master/src/bcm_sync.cpp:1[m[K:
[01m[K/root/ros_canopen/canopen_master/include/canopen_master/bcm_sync.hpp:4:10:[m[K [01;31m[Kfatal error: [m[Ksocketcan_interface/bcm.hpp: No such file or directory
    4 | #include [01;31m[K<socketcan_interface/bcm.hpp>[m[K
      |          [01;31m[K^~~~~~~~~~~~~~~~~~~~~~~~~~~~~[m[K
compilation terminated.
[ 30%] [32mBuilding CXX object CMakeFiles/canopen_master.dir/src/objdict.cpp.o[0m
make[2]: *** [CMakeFiles/canopen_bcm_sync.dir/build.make:63: CMakeFiles/canopen_bcm_sync.dir/src/bcm_sync.cpp.o] Error 1
make[1]: *** [CMakeFiles/Makefile2:82: CMakeFiles/canopen_bcm_sync.dir/all] Error 2
make[1]: *** Waiting for unfinished jobs....
[ 40%] [32mBuilding CXX object CMakeFiles/canopen_master.dir/src/node.cpp.o[0m
In file included from [01m[K/root/ros_canopen/canopen_master/src/node.cpp:1[m[K:
[01m[K/root/ros_canopen/canopen_master/include/canopen_master/canopen.hpp:4:10:[m[K [01;31m[Kfatal error: [m[Ksocketcan_interface/interface.hpp: No such file or directory
    4 | #include [01;31m[K<socketcan_interface/interface.hpp>[m[K
      |          [01;31m[K^~~~~~~~~~~~~~~~~~~~~~~~~~~~~~~~~~~[m[K
compilation terminated.
make[2]: *** [CMakeFiles/canopen_master.dir/build.make:76: CMakeFiles/canopen_master.dir/src/node.cpp.o] Error 1
In file included from [01m[K/root/ros_canopen/canopen_master/src/objdict.cpp:1[m[K:
[01m[K/root/ros_canopen/canopen_master/include/canopen_master/objdict.hpp:9:10:[m[K [01;31m[Kfatal error: [m[Ksocketcan_interface/delegates.hpp: No such file or directory
    9 | #include [01;31m[K<socketcan_interface/delegates.hpp>[m[K
      |          [01;31m[K^~~~~~~~~~~~~~~~~~~~~~~~~~~~~~~~~~~[m[K
compilation terminated.
make[2]: *** [CMakeFiles/canopen_master.dir/build.make:89: CMakeFiles/canopen_master.dir/src/objdict.cpp.o] Error 1
make[1]: *** [CMakeFiles/Makefile2:136: CMakeFiles/canopen_master.dir/all] Error 2
make: *** [Makefile:141: all] Error 2
