[0.012s] Invoking command in '/root/ros_canopen/build/canopen_master': AMENT_PREFIX_PATH=/root/ros_canopen/install/socketcan_interface:${AMENT_PREFIX_PATH} CMAKE_PREFIX_PATH=/root/ros_canopen/install/socketcan_interface:/opt/ros/foxy /usr/bin/cmake --build /root/ros_canopen/build/canopen_master -- -j4 -l4
[0.057s] -- Found ament_cmake: 0.9.8 (/opt/ros/foxy/share/ament_cmake/cmake)
[0.079s] -- Using PYTHON_EXECUTABLE: /usr/bin/python3
[0.312s] -- Override CMake install command with custom implementation using symlinks instead of copying resources
[0.326s] -- Found class_loader: 2.0.2 (/opt/ros/foxy/share/class_loader/cmake)
[0.351s] -- Found rosidl_default_generators: 1.0.1 (/opt/ros/foxy/share/rosidl_default_generators/cmake)
[0.355s] -- Using all available rosidl_typesupport_c: rosidl_typesupport_fastrtps_c;rosidl_typesupport_introspection_c
[0.361s] -- Found rosidl_adapter: 1.2.1 (/opt/ros/foxy/share/rosidl_adapter/cmake)
[0.513s] -- Using all available rosidl_typesupport_cpp: rosidl_typesupport_fastrtps_cpp;rosidl_typesupport_introspection_cpp
[0.559s] -- Found socketcan_interface: 0.8.5 (/root/ros_canopen/install/socketcan_interface/share/socketcan_interface/cmake)
[0.699s] -- Configuring done
[0.709s] -- Generating done
[0.711s] -- Build files have been written to: /root/ros_canopen/build/canopen_master
[0.768s] [ 10%] [32mBuilding CXX object CMakeFiles/canopen_master.dir/src/emcy.cpp.o[0m
[0.772s] [ 20%] [32mBuilding CXX object CMakeFiles/canopen_bcm_sync.dir/src/bcm_sync.cpp.o[0m
[0.774s] In file included from [01m[K/root/ros_canopen/canopen_master/src/emcy.cpp:1[m[K:
[0.774s] [01m[K/root/ros_canopen/canopen_master/include/canopen_master/canopen.hpp:4:10:[m[K [01;31m[Kfatal error: [m[Ksocketcan_interface/interface.hpp: No such file or directory
[0.774s]     4 | #include [01;31m[K<socketcan_interface/interface.hpp>[m[K
[0.774s]       |          [01;31m[K^~~~~~~~~~~~~~~~~~~~~~~~~~~~~~~~~~~[m[K
[0.774s] compilation terminated.
[0.775s] make[2]: *** [CMakeFiles/canopen_master.dir/build.make:63: CMakeFiles/canopen_master.dir/src/emcy.cpp.o] Error 1
[0.775s] make[2]: *** Waiting for unfinished jobs....
[0.783s] In file included from [01m[K/root/ros_canopen/canopen_master/src/bcm_sync.cpp:1[m[K:
[0.783s] [01m[K/root/ros_canopen/canopen_master/include/canopen_master/bcm_sync.hpp:4:10:[m[K [01;31m[Kfatal error: [m[Ksocketcan_interface/bcm.hpp: No such file or directory
[0.784s]     4 | #include [01;31m[K<socketcan_interface/bcm.hpp>[m[K
[0.784s]       |          [01;31m[K^~~~~~~~~~~~~~~~~~~~~~~~~~~~~[m[K
[0.784s] compilation terminated.
[0.784s] [ 30%] [32mBuilding CXX object CMakeFiles/canopen_master.dir/src/objdict.cpp.o[0m
[0.785s] make[2]: *** [CMakeFiles/canopen_bcm_sync.dir/build.make:63: CMakeFiles/canopen_bcm_sync.dir/src/bcm_sync.cpp.o] Error 1
[0.785s] make[1]: *** [CMakeFiles/Makefile2:82: CMakeFiles/canopen_bcm_sync.dir/all] Error 2
[0.785s] make[1]: *** Waiting for unfinished jobs....
[0.787s] [ 40%] [32mBuilding CXX object CMakeFiles/canopen_master.dir/src/node.cpp.o[0m
[0.799s] In file included from [01m[K/root/ros_canopen/canopen_master/src/node.cpp:1[m[K:
[0.800s] [01m[K/root/ros_canopen/canopen_master/include/canopen_master/canopen.hpp:4:10:[m[K [01;31m[Kfatal error: [m[Ksocketcan_interface/interface.hpp: No such file or directory
[0.800s]     4 | #include [01;31m[K<socketcan_interface/interface.hpp>[m[K
[0.800s]       |          [01;31m[K^~~~~~~~~~~~~~~~~~~~~~~~~~~~~~~~~~~[m[K
[0.800s] compilation terminated.
[0.801s] make[2]: *** [CMakeFiles/canopen_master.dir/build.make:76: CMakeFiles/canopen_master.dir/src/node.cpp.o] Error 1
[0.849s] In file included from [01m[K/root/ros_canopen/canopen_master/src/objdict.cpp:1[m[K:
[0.849s] [01m[K/root/ros_canopen/canopen_master/include/canopen_master/objdict.hpp:9:10:[m[K [01;31m[Kfatal error: [m[Ksocketcan_interface/delegates.hpp: No such file or directory
[0.849s]     9 | #include [01;31m[K<socketcan_interface/delegates.hpp>[m[K
[0.849s]       |          [01;31m[K^~~~~~~~~~~~~~~~~~~~~~~~~~~~~~~~~~~[m[K
[0.850s] compilation terminated.
[0.851s] make[2]: *** [CMakeFiles/canopen_master.dir/build.make:89: CMakeFiles/canopen_master.dir/src/objdict.cpp.o] Error 1
[0.851s] make[1]: *** [CMakeFiles/Makefile2:136: CMakeFiles/canopen_master.dir/all] Error 2
[0.852s] make: *** [Makefile:141: all] Error 2
[0.854s] Invoked command in '/root/ros_canopen/build/canopen_master' returned '2': AMENT_PREFIX_PATH=/root/ros_canopen/install/socketcan_interface:${AMENT_PREFIX_PATH} CMAKE_PREFIX_PATH=/root/ros_canopen/install/socketcan_interface:/opt/ros/foxy /usr/bin/cmake --build /root/ros_canopen/build/canopen_master -- -j4 -l4
