[0.020s] Invoking command in '/root/ros_canopen/build/socketcan_bridge': AMENT_PREFIX_PATH=/root/ros_canopen/install/socketcan_interface:/root/ros_canopen/install/can_msgs:${AMENT_PREFIX_PATH} CMAKE_PREFIX_PATH=/root/ros_canopen/install/socketcan_interface:/root/ros_canopen/install/can_msgs:/opt/ros/foxy LD_LIBRARY_PATH=/root/ros_canopen/install/can_msgs/lib:${LD_LIBRARY_PATH} PYTHONPATH=/root/ros_canopen/install/can_msgs/lib/python3.8/site-packages:${PYTHONPATH} /usr/bin/cmake /root/ros_canopen/socketcan_bridge -DAMENT_CMAKE_SYMLINK_INSTALL=1 -DCMAKE_INSTALL_PREFIX=/root/ros_canopen/install/socketcan_bridge
[0.115s] -- The C compiler identification is GNU 9.3.0
[0.216s] -- The CXX compiler identification is GNU 9.3.0
[0.227s] -- Check for working C compiler: /usr/bin/cc
[0.338s] -- Check for working C compiler: /usr/bin/cc -- works
[0.338s] -- Detecting C compiler ABI info
[0.460s] -- Detecting C compiler ABI info - done
[0.484s] -- Detecting C compile features
[0.485s] -- Detecting C compile features - done
[0.491s] -- Check for working CXX compiler: /usr/bin/c++
[0.610s] -- Check for working CXX compiler: /usr/bin/c++ -- works
[0.613s] -- Detecting CXX compiler ABI info
[0.733s] -- Detecting CXX compiler ABI info - done
[0.755s] -- Detecting CXX compile features
[0.755s] -- Detecting CXX compile features - done
[0.760s] -- Found ament_cmake: 0.9.8 (/opt/ros/foxy/share/ament_cmake/cmake)
[0.791s] -- Found PythonInterp: /usr/bin/python3 (found suitable version "3.8.5", minimum required is "3") 
[0.791s] -- Using PYTHON_EXECUTABLE: /usr/bin/python3
[1.010s] -- Override CMake install command with custom implementation using symlinks instead of copying resources
[1.069s] -- Found rosidl_default_generators: 1.0.1 (/opt/ros/foxy/share/rosidl_default_generators/cmake)
[1.078s] -- Using all available rosidl_typesupport_c: rosidl_typesupport_fastrtps_c;rosidl_typesupport_introspection_c
[1.095s] -- Found rosidl_adapter: 1.2.1 (/opt/ros/foxy/share/rosidl_adapter/cmake)
[1.228s] -- Found OpenSSL: /usr/lib/x86_64-linux-gnu/libcrypto.so (found version "1.1.1f")  
[1.254s] -- Found FastRTPS: /opt/ros/foxy/include  
[1.401s] -- Using all available rosidl_typesupport_cpp: rosidl_typesupport_fastrtps_cpp;rosidl_typesupport_introspection_cpp
[1.465s] -- Found can_msgs: 0.8.5 (/root/ros_canopen/install/can_msgs/share/can_msgs/cmake)
[1.675s] -- Found rclcpp: 2.3.1 (/opt/ros/foxy/share/rclcpp/cmake)
[1.770s] -- Found rmw_implementation_cmake: 1.0.3 (/opt/ros/foxy/share/rmw_implementation_cmake/cmake)
[1.773s] -- Using RMW implementation 'rmw_fastrtps_cpp' as default
[1.774s] -- Looking for pthread.h
[1.875s] -- Looking for pthread.h - found
[1.876s] -- Performing Test CMAKE_HAVE_LIBC_PTHREAD
[1.976s] -- Performing Test CMAKE_HAVE_LIBC_PTHREAD - Failed
[1.977s] -- Looking for pthread_create in pthreads
[2.056s] -- Looking for pthread_create in pthreads - not found
[2.056s] -- Looking for pthread_create in pthread
[2.189s] -- Looking for pthread_create in pthread - found
[2.191s] -- Found Threads: TRUE  
[2.454s] -- Found socketcan_interface: 0.8.5 (/root/ros_canopen/install/socketcan_interface/share/socketcan_interface/cmake)
[2.488s] CMake Error at CMakeLists.txt:39 (add_dependencies):
[2.488s]   add_dependencies called with incorrect number of arguments
[2.488s] 
[2.489s] 
[2.489s] CMake Error at CMakeLists.txt:49 (add_dependencies):
[2.489s]   add_dependencies called with incorrect number of arguments
[2.489s] 
[2.489s] 
[2.493s] -- Configuring incomplete, errors occurred!
[2.493s] See also "/root/ros_canopen/build/socketcan_bridge/CMakeFiles/CMakeOutput.log".
[2.493s] See also "/root/ros_canopen/build/socketcan_bridge/CMakeFiles/CMakeError.log".
