[0.388s] DEBUG:colcon:Command line arguments: ['/usr/bin/colcon', 'build', '--symlink-install', '--continue-on-error']
[0.388s] DEBUG:colcon:Parsed command line arguments: Namespace(ament_cmake_args=None, base_paths=['.'], build_base='build', catkin_cmake_args=None, catkin_skip_building_tests=False, cmake_args=None, cmake_clean_cache=False, cmake_clean_first=False, cmake_force_configure=False, cmake_target=None, cmake_target_skip_unavailable=False, continue_on_error=True, event_handlers=None, executor='parallel', ignore_user_meta=False, install_base='install', log_base=None, log_level=None, main=<bound method BuildVerb.main of <colcon_core.verb.build.BuildVerb object at 0x7f9458487c70>>, merge_install=False, metas=['./colcon.meta'], mixin=None, mixin_files=None, mixin_verb=('build',), packages_above=None, packages_above_and_dependencies=None, packages_above_depth=None, packages_end=None, packages_ignore=None, packages_ignore_regex=None, packages_select=None, packages_select_build_failed=False, packages_select_by_dep=None, packages_select_regex=None, packages_select_test_failures=False, packages_skip=None, packages_skip_build_finished=False, packages_skip_by_dep=None, packages_skip_regex=None, packages_skip_test_passed=False, packages_skip_up_to=None, packages_start=None, packages_up_to=None, packages_up_to_regex=None, parallel_workers=4, paths=None, symlink_install=True, test_result_base=None, verb_extension=<colcon_core.verb.build.BuildVerb object at 0x7f9458487c70>, verb_name='build', verb_parser=<colcon_mixin.mixin.mixin_argument.MixinArgumentDecorator object at 0x7f9458492280>)
[0.395s] Level 1:colcon.colcon_core.package_discovery:discover_packages(colcon_meta) check parameters
[0.396s] INFO:colcon.colcon_metadata.package_discovery.colcon_meta:Using configuration from '/root/.colcon/metadata/default/Gazebo.meta'
[0.397s] INFO:colcon.colcon_metadata.package_discovery.colcon_meta:Using configuration from '/root/.colcon/metadata/default/fastrtps.meta'
[0.397s] Level 1:colcon.colcon_core.package_discovery:discover_packages(recursive) check parameters
[0.397s] Level 1:colcon.colcon_core.package_discovery:discover_packages(ignore) check parameters
[0.397s] Level 1:colcon.colcon_core.package_discovery:discover_packages(path) check parameters
[0.397s] Level 1:colcon.colcon_core.package_discovery:discover_packages(colcon_meta) discover
[0.397s] Level 1:colcon.colcon_core.package_discovery:discover_packages(recursive) discover
[0.397s] INFO:colcon.colcon_core.package_discovery:Crawling recursively for packages in '/root/ros_canopen'
[0.397s] Level 1:colcon.colcon_core.package_identification:_identify(.) by extensions ['ignore', 'ignore_ament_install']
[0.397s] Level 1:colcon.colcon_core.package_identification:_identify(.) by extension 'ignore'
[0.397s] Level 1:colcon.colcon_core.package_identification:_identify(.) by extension 'ignore_ament_install'
[0.397s] Level 1:colcon.colcon_core.package_identification:_identify(.) by extensions ['colcon_pkg']
[0.397s] Level 1:colcon.colcon_core.package_identification:_identify(.) by extension 'colcon_pkg'
[0.397s] Level 1:colcon.colcon_core.package_identification:_identify(.) by extensions ['colcon_meta']
[0.398s] Level 1:colcon.colcon_core.package_identification:_identify(.) by extension 'colcon_meta'
[0.398s] Level 1:colcon.colcon_core.package_identification:_identify(.) by extensions ['ros']
[0.398s] Level 1:colcon.colcon_core.package_identification:_identify(.) by extension 'ros'
[0.413s] Level 1:colcon.colcon_core.package_identification:_identify(.) by extensions ['cmake', 'python']
[0.413s] Level 1:colcon.colcon_core.package_identification:_identify(.) by extension 'cmake'
[0.413s] Level 1:colcon.colcon_core.package_identification:_identify(.) by extension 'python'
[0.413s] Level 1:colcon.colcon_core.package_identification:_identify(.) by extensions ['python_setup_py']
[0.413s] Level 1:colcon.colcon_core.package_identification:_identify(.) by extension 'python_setup_py'
[0.413s] Level 1:colcon.colcon_core.package_identification:_identify(build) by extensions ['ignore', 'ignore_ament_install']
[0.414s] Level 1:colcon.colcon_core.package_identification:_identify(build) by extension 'ignore'
[0.414s] Level 1:colcon.colcon_core.package_identification:_identify(build) ignored
[0.414s] Level 1:colcon.colcon_core.package_identification:_identify(can_msgs) by extensions ['ignore', 'ignore_ament_install']
[0.414s] Level 1:colcon.colcon_core.package_identification:_identify(can_msgs) by extension 'ignore'
[0.414s] Level 1:colcon.colcon_core.package_identification:_identify(can_msgs) by extension 'ignore_ament_install'
[0.414s] Level 1:colcon.colcon_core.package_identification:_identify(can_msgs) by extensions ['colcon_pkg']
[0.414s] Level 1:colcon.colcon_core.package_identification:_identify(can_msgs) by extension 'colcon_pkg'
[0.414s] Level 1:colcon.colcon_core.package_identification:_identify(can_msgs) by extensions ['colcon_meta']
[0.414s] Level 1:colcon.colcon_core.package_identification:_identify(can_msgs) by extension 'colcon_meta'
[0.414s] Level 1:colcon.colcon_core.package_identification:_identify(can_msgs) by extensions ['ros']
[0.414s] Level 1:colcon.colcon_core.package_identification:_identify(can_msgs) by extension 'ros'
[0.418s] DEBUG:colcon.colcon_core.package_identification:Package 'can_msgs' with type 'ros.ament_cmake' and name 'can_msgs'
[0.418s] Level 1:colcon.colcon_core.package_identification:_identify(canopen_402) by extensions ['ignore', 'ignore_ament_install']
[0.418s] Level 1:colcon.colcon_core.package_identification:_identify(canopen_402) by extension 'ignore'
[0.418s] Level 1:colcon.colcon_core.package_identification:_identify(canopen_402) by extension 'ignore_ament_install'
[0.418s] Level 1:colcon.colcon_core.package_identification:_identify(canopen_402) by extensions ['colcon_pkg']
[0.418s] Level 1:colcon.colcon_core.package_identification:_identify(canopen_402) by extension 'colcon_pkg'
[0.418s] Level 1:colcon.colcon_core.package_identification:_identify(canopen_402) by extensions ['colcon_meta']
[0.418s] Level 1:colcon.colcon_core.package_identification:_identify(canopen_402) by extension 'colcon_meta'
[0.419s] Level 1:colcon.colcon_core.package_identification:_identify(canopen_402) by extensions ['ros']
[0.419s] Level 1:colcon.colcon_core.package_identification:_identify(canopen_402) by extension 'ros'
[0.420s] DEBUG:colcon.colcon_core.package_identification:Package 'canopen_402' with type 'ros.catkin' and name 'canopen_402'
[0.420s] Level 1:colcon.colcon_core.package_identification:_identify(canopen_chain_node) by extensions ['ignore', 'ignore_ament_install']
[0.420s] Level 1:colcon.colcon_core.package_identification:_identify(canopen_chain_node) by extension 'ignore'
[0.420s] Level 1:colcon.colcon_core.package_identification:_identify(canopen_chain_node) by extension 'ignore_ament_install'
[0.420s] Level 1:colcon.colcon_core.package_identification:_identify(canopen_chain_node) by extensions ['colcon_pkg']
[0.420s] Level 1:colcon.colcon_core.package_identification:_identify(canopen_chain_node) by extension 'colcon_pkg'
[0.420s] Level 1:colcon.colcon_core.package_identification:_identify(canopen_chain_node) by extensions ['colcon_meta']
[0.420s] Level 1:colcon.colcon_core.package_identification:_identify(canopen_chain_node) by extension 'colcon_meta'
[0.420s] Level 1:colcon.colcon_core.package_identification:_identify(canopen_chain_node) by extensions ['ros']
[0.421s] Level 1:colcon.colcon_core.package_identification:_identify(canopen_chain_node) by extension 'ros'
[0.423s] DEBUG:colcon.colcon_core.package_identification:Package 'canopen_chain_node' with type 'ros.catkin' and name 'canopen_chain_node'
[0.423s] Level 1:colcon.colcon_core.package_identification:_identify(canopen_master) by extensions ['ignore', 'ignore_ament_install']
[0.423s] Level 1:colcon.colcon_core.package_identification:_identify(canopen_master) by extension 'ignore'
[0.423s] Level 1:colcon.colcon_core.package_identification:_identify(canopen_master) by extension 'ignore_ament_install'
[0.424s] Level 1:colcon.colcon_core.package_identification:_identify(canopen_master) by extensions ['colcon_pkg']
[0.424s] Level 1:colcon.colcon_core.package_identification:_identify(canopen_master) by extension 'colcon_pkg'
[0.424s] Level 1:colcon.colcon_core.package_identification:_identify(canopen_master) by extensions ['colcon_meta']
[0.424s] Level 1:colcon.colcon_core.package_identification:_identify(canopen_master) by extension 'colcon_meta'
[0.424s] Level 1:colcon.colcon_core.package_identification:_identify(canopen_master) by extensions ['ros']
[0.424s] Level 1:colcon.colcon_core.package_identification:_identify(canopen_master) by extension 'ros'
[0.426s] DEBUG:colcon.colcon_core.package_identification:Package 'canopen_master' with type 'ros.ament_cmake' and name 'canopen_master'
[0.426s] Level 1:colcon.colcon_core.package_identification:_identify(canopen_motor_node) by extensions ['ignore', 'ignore_ament_install']
[0.426s] Level 1:colcon.colcon_core.package_identification:_identify(canopen_motor_node) by extension 'ignore'
[0.427s] Level 1:colcon.colcon_core.package_identification:_identify(canopen_motor_node) by extension 'ignore_ament_install'
[0.427s] Level 1:colcon.colcon_core.package_identification:_identify(canopen_motor_node) by extensions ['colcon_pkg']
[0.427s] Level 1:colcon.colcon_core.package_identification:_identify(canopen_motor_node) by extension 'colcon_pkg'
[0.427s] Level 1:colcon.colcon_core.package_identification:_identify(canopen_motor_node) by extensions ['colcon_meta']
[0.427s] Level 1:colcon.colcon_core.package_identification:_identify(canopen_motor_node) by extension 'colcon_meta'
[0.427s] Level 1:colcon.colcon_core.package_identification:_identify(canopen_motor_node) by extensions ['ros']
[0.427s] Level 1:colcon.colcon_core.package_identification:_identify(canopen_motor_node) by extension 'ros'
[0.430s] DEBUG:colcon.colcon_core.package_identification:Package 'canopen_motor_node' with type 'ros.catkin' and name 'canopen_motor_node'
[0.430s] Level 1:colcon.colcon_core.package_identification:_identify(install) by extensions ['ignore', 'ignore_ament_install']
[0.430s] Level 1:colcon.colcon_core.package_identification:_identify(install) by extension 'ignore'
[0.430s] Level 1:colcon.colcon_core.package_identification:_identify(install) ignored
[0.430s] Level 1:colcon.colcon_core.package_identification:_identify(log) by extensions ['ignore', 'ignore_ament_install']
[0.430s] Level 1:colcon.colcon_core.package_identification:_identify(log) by extension 'ignore'
[0.430s] Level 1:colcon.colcon_core.package_identification:_identify(log) ignored
[0.430s] Level 1:colcon.colcon_core.package_identification:_identify(ros_canopen) by extensions ['ignore', 'ignore_ament_install']
[0.431s] Level 1:colcon.colcon_core.package_identification:_identify(ros_canopen) by extension 'ignore'
[0.431s] Level 1:colcon.colcon_core.package_identification:_identify(ros_canopen) by extension 'ignore_ament_install'
[0.431s] Level 1:colcon.colcon_core.package_identification:_identify(ros_canopen) by extensions ['colcon_pkg']
[0.431s] Level 1:colcon.colcon_core.package_identification:_identify(ros_canopen) by extension 'colcon_pkg'
[0.431s] Level 1:colcon.colcon_core.package_identification:_identify(ros_canopen) by extensions ['colcon_meta']
[0.431s] Level 1:colcon.colcon_core.package_identification:_identify(ros_canopen) by extension 'colcon_meta'
[0.431s] Level 1:colcon.colcon_core.package_identification:_identify(ros_canopen) by extensions ['ros']
[0.431s] Level 1:colcon.colcon_core.package_identification:_identify(ros_canopen) by extension 'ros'
[0.432s] DEBUG:colcon.colcon_core.package_identification:Package 'ros_canopen' with type 'ros.catkin' and name 'ros_canopen'
[0.432s] Level 1:colcon.colcon_core.package_identification:_identify(socketcan_bridge) by extensions ['ignore', 'ignore_ament_install']
[0.432s] Level 1:colcon.colcon_core.package_identification:_identify(socketcan_bridge) by extension 'ignore'
[0.432s] Level 1:colcon.colcon_core.package_identification:_identify(socketcan_bridge) by extension 'ignore_ament_install'
[0.432s] Level 1:colcon.colcon_core.package_identification:_identify(socketcan_bridge) by extensions ['colcon_pkg']
[0.432s] Level 1:colcon.colcon_core.package_identification:_identify(socketcan_bridge) by extension 'colcon_pkg'
[0.432s] Level 1:colcon.colcon_core.package_identification:_identify(socketcan_bridge) by extensions ['colcon_meta']
[0.432s] Level 1:colcon.colcon_core.package_identification:_identify(socketcan_bridge) by extension 'colcon_meta'
[0.433s] Level 1:colcon.colcon_core.package_identification:_identify(socketcan_bridge) by extensions ['ros']
[0.433s] Level 1:colcon.colcon_core.package_identification:_identify(socketcan_bridge) by extension 'ros'
[0.434s] DEBUG:colcon.colcon_core.package_identification:Package 'socketcan_bridge' with type 'ros.ament_cmake' and name 'socketcan_bridge'
[0.434s] Level 1:colcon.colcon_core.package_identification:_identify(socketcan_interface) by extensions ['ignore', 'ignore_ament_install']
[0.434s] Level 1:colcon.colcon_core.package_identification:_identify(socketcan_interface) by extension 'ignore'
[0.434s] Level 1:colcon.colcon_core.package_identification:_identify(socketcan_interface) by extension 'ignore_ament_install'
[0.434s] Level 1:colcon.colcon_core.package_identification:_identify(socketcan_interface) by extensions ['colcon_pkg']
[0.435s] Level 1:colcon.colcon_core.package_identification:_identify(socketcan_interface) by extension 'colcon_pkg'
[0.435s] Level 1:colcon.colcon_core.package_identification:_identify(socketcan_interface) by extensions ['colcon_meta']
[0.435s] Level 1:colcon.colcon_core.package_identification:_identify(socketcan_interface) by extension 'colcon_meta'
[0.435s] Level 1:colcon.colcon_core.package_identification:_identify(socketcan_interface) by extensions ['ros']
[0.435s] Level 1:colcon.colcon_core.package_identification:_identify(socketcan_interface) by extension 'ros'
[0.436s] DEBUG:colcon.colcon_core.package_identification:Package 'socketcan_interface' with type 'ros.ament_cmake' and name 'socketcan_interface'
[0.436s] Level 1:colcon.colcon_core.package_discovery:discover_packages(recursive) using defaults
[0.436s] Level 1:colcon.colcon_core.package_discovery:discover_packages(ignore) discover
[0.436s] Level 1:colcon.colcon_core.package_discovery:discover_packages(ignore) using defaults
[0.436s] Level 1:colcon.colcon_core.package_discovery:discover_packages(path) discover
[0.436s] Level 1:colcon.colcon_core.package_discovery:discover_packages(path) using defaults
[0.464s] Level 5:colcon.colcon_core.verb:set package 'can_msgs' build argument 'cmake_args' from command line to 'None'
[0.464s] Level 5:colcon.colcon_core.verb:set package 'can_msgs' build argument 'cmake_target' from command line to 'None'
[0.464s] Level 5:colcon.colcon_core.verb:set package 'can_msgs' build argument 'cmake_target_skip_unavailable' from command line to 'False'
[0.464s] Level 5:colcon.colcon_core.verb:set package 'can_msgs' build argument 'cmake_clean_cache' from command line to 'False'
[0.464s] Level 5:colcon.colcon_core.verb:set package 'can_msgs' build argument 'cmake_clean_first' from command line to 'False'
[0.464s] Level 5:colcon.colcon_core.verb:set package 'can_msgs' build argument 'cmake_force_configure' from command line to 'False'
[0.464s] Level 5:colcon.colcon_core.verb:set package 'can_msgs' build argument 'ament_cmake_args' from command line to 'None'
[0.464s] Level 5:colcon.colcon_core.verb:set package 'can_msgs' build argument 'catkin_cmake_args' from command line to 'None'
[0.464s] Level 5:colcon.colcon_core.verb:set package 'can_msgs' build argument 'catkin_skip_building_tests' from command line to 'False'
[0.465s] DEBUG:colcon.colcon_core.verb:Building package 'can_msgs' with the following arguments: {'ament_cmake_args': None, 'build_base': '/root/ros_canopen/build/can_msgs', 'catkin_cmake_args': None, 'catkin_skip_building_tests': False, 'cmake_args': None, 'cmake_clean_cache': False, 'cmake_clean_first': False, 'cmake_force_configure': False, 'cmake_target': None, 'cmake_target_skip_unavailable': False, 'install_base': '/root/ros_canopen/install/can_msgs', 'merge_install': False, 'path': '/root/ros_canopen/can_msgs', 'symlink_install': True, 'test_result_base': None}
[0.469s] Level 5:colcon.colcon_core.verb:set package 'socketcan_interface' build argument 'cmake_args' from command line to 'None'
[0.469s] Level 5:colcon.colcon_core.verb:set package 'socketcan_interface' build argument 'cmake_target' from command line to 'None'
[0.469s] Level 5:colcon.colcon_core.verb:set package 'socketcan_interface' build argument 'cmake_target_skip_unavailable' from command line to 'False'
[0.469s] Level 5:colcon.colcon_core.verb:set package 'socketcan_interface' build argument 'cmake_clean_cache' from command line to 'False'
[0.469s] Level 5:colcon.colcon_core.verb:set package 'socketcan_interface' build argument 'cmake_clean_first' from command line to 'False'
[0.469s] Level 5:colcon.colcon_core.verb:set package 'socketcan_interface' build argument 'cmake_force_configure' from command line to 'False'
[0.469s] Level 5:colcon.colcon_core.verb:set package 'socketcan_interface' build argument 'ament_cmake_args' from command line to 'None'
[0.469s] Level 5:colcon.colcon_core.verb:set package 'socketcan_interface' build argument 'catkin_cmake_args' from command line to 'None'
[0.469s] Level 5:colcon.colcon_core.verb:set package 'socketcan_interface' build argument 'catkin_skip_building_tests' from command line to 'False'
[0.469s] DEBUG:colcon.colcon_core.verb:Building package 'socketcan_interface' with the following arguments: {'ament_cmake_args': None, 'build_base': '/root/ros_canopen/build/socketcan_interface', 'catkin_cmake_args': None, 'catkin_skip_building_tests': False, 'cmake_args': None, 'cmake_clean_cache': False, 'cmake_clean_first': False, 'cmake_force_configure': False, 'cmake_target': None, 'cmake_target_skip_unavailable': False, 'install_base': '/root/ros_canopen/install/socketcan_interface', 'merge_install': False, 'path': '/root/ros_canopen/socketcan_interface', 'symlink_install': True, 'test_result_base': None}
[0.473s] Level 5:colcon.colcon_core.verb:set package 'canopen_master' build argument 'cmake_args' from command line to 'None'
[0.473s] Level 5:colcon.colcon_core.verb:set package 'canopen_master' build argument 'cmake_target' from command line to 'None'
[0.473s] Level 5:colcon.colcon_core.verb:set package 'canopen_master' build argument 'cmake_target_skip_unavailable' from command line to 'False'
[0.473s] Level 5:colcon.colcon_core.verb:set package 'canopen_master' build argument 'cmake_clean_cache' from command line to 'False'
[0.473s] Level 5:colcon.colcon_core.verb:set package 'canopen_master' build argument 'cmake_clean_first' from command line to 'False'
[0.473s] Level 5:colcon.colcon_core.verb:set package 'canopen_master' build argument 'cmake_force_configure' from command line to 'False'
[0.473s] Level 5:colcon.colcon_core.verb:set package 'canopen_master' build argument 'ament_cmake_args' from command line to 'None'
[0.473s] Level 5:colcon.colcon_core.verb:set package 'canopen_master' build argument 'catkin_cmake_args' from command line to 'None'
[0.473s] Level 5:colcon.colcon_core.verb:set package 'canopen_master' build argument 'catkin_skip_building_tests' from command line to 'False'
[0.473s] DEBUG:colcon.colcon_core.verb:Building package 'canopen_master' with the following arguments: {'ament_cmake_args': None, 'build_base': '/root/ros_canopen/build/canopen_master', 'catkin_cmake_args': None, 'catkin_skip_building_tests': False, 'cmake_args': None, 'cmake_clean_cache': False, 'cmake_clean_first': False, 'cmake_force_configure': False, 'cmake_target': None, 'cmake_target_skip_unavailable': False, 'install_base': '/root/ros_canopen/install/canopen_master', 'merge_install': False, 'path': '/root/ros_canopen/canopen_master', 'symlink_install': True, 'test_result_base': None}
[0.477s] Level 5:colcon.colcon_core.verb:set package 'socketcan_bridge' build argument 'cmake_args' from command line to 'None'
[0.477s] Level 5:colcon.colcon_core.verb:set package 'socketcan_bridge' build argument 'cmake_target' from command line to 'None'
[0.477s] Level 5:colcon.colcon_core.verb:set package 'socketcan_bridge' build argument 'cmake_target_skip_unavailable' from command line to 'False'
[0.477s] Level 5:colcon.colcon_core.verb:set package 'socketcan_bridge' build argument 'cmake_clean_cache' from command line to 'False'
[0.477s] Level 5:colcon.colcon_core.verb:set package 'socketcan_bridge' build argument 'cmake_clean_first' from command line to 'False'
[0.477s] Level 5:colcon.colcon_core.verb:set package 'socketcan_bridge' build argument 'cmake_force_configure' from command line to 'False'
[0.477s] Level 5:colcon.colcon_core.verb:set package 'socketcan_bridge' build argument 'ament_cmake_args' from command line to 'None'
[0.477s] Level 5:colcon.colcon_core.verb:set package 'socketcan_bridge' build argument 'catkin_cmake_args' from command line to 'None'
[0.478s] Level 5:colcon.colcon_core.verb:set package 'socketcan_bridge' build argument 'catkin_skip_building_tests' from command line to 'False'
[0.478s] DEBUG:colcon.colcon_core.verb:Building package 'socketcan_bridge' with the following arguments: {'ament_cmake_args': None, 'build_base': '/root/ros_canopen/build/socketcan_bridge', 'catkin_cmake_args': None, 'catkin_skip_building_tests': False, 'cmake_args': None, 'cmake_clean_cache': False, 'cmake_clean_first': False, 'cmake_force_configure': False, 'cmake_target': None, 'cmake_target_skip_unavailable': False, 'install_base': '/root/ros_canopen/install/socketcan_bridge', 'merge_install': False, 'path': '/root/ros_canopen/socketcan_bridge', 'symlink_install': True, 'test_result_base': None}
[0.481s] Level 5:colcon.colcon_core.verb:set package 'canopen_402' build argument 'cmake_args' from command line to 'None'
[0.481s] Level 5:colcon.colcon_core.verb:set package 'canopen_402' build argument 'cmake_target' from command line to 'None'
[0.482s] Level 5:colcon.colcon_core.verb:set package 'canopen_402' build argument 'cmake_target_skip_unavailable' from command line to 'False'
[0.482s] Level 5:colcon.colcon_core.verb:set package 'canopen_402' build argument 'cmake_clean_cache' from command line to 'False'
[0.482s] Level 5:colcon.colcon_core.verb:set package 'canopen_402' build argument 'cmake_clean_first' from command line to 'False'
[0.482s] Level 5:colcon.colcon_core.verb:set package 'canopen_402' build argument 'cmake_force_configure' from command line to 'False'
[0.482s] Level 5:colcon.colcon_core.verb:set package 'canopen_402' build argument 'ament_cmake_args' from command line to 'None'
[0.482s] Level 5:colcon.colcon_core.verb:set package 'canopen_402' build argument 'catkin_cmake_args' from command line to 'None'
[0.482s] Level 5:colcon.colcon_core.verb:set package 'canopen_402' build argument 'catkin_skip_building_tests' from command line to 'False'
[0.482s] DEBUG:colcon.colcon_core.verb:Building package 'canopen_402' with the following arguments: {'ament_cmake_args': None, 'build_base': '/root/ros_canopen/build/canopen_402', 'catkin_cmake_args': None, 'catkin_skip_building_tests': False, 'cmake_args': None, 'cmake_clean_cache': False, 'cmake_clean_first': False, 'cmake_force_configure': False, 'cmake_target': None, 'cmake_target_skip_unavailable': False, 'install_base': '/root/ros_canopen/install/canopen_402', 'merge_install': False, 'path': '/root/ros_canopen/canopen_402', 'symlink_install': True, 'test_result_base': None}
[0.486s] Level 5:colcon.colcon_core.verb:set package 'canopen_chain_node' build argument 'cmake_args' from command line to 'None'
[0.486s] Level 5:colcon.colcon_core.verb:set package 'canopen_chain_node' build argument 'cmake_target' from command line to 'None'
[0.486s] Level 5:colcon.colcon_core.verb:set package 'canopen_chain_node' build argument 'cmake_target_skip_unavailable' from command line to 'False'
[0.486s] Level 5:colcon.colcon_core.verb:set package 'canopen_chain_node' build argument 'cmake_clean_cache' from command line to 'False'
[0.486s] Level 5:colcon.colcon_core.verb:set package 'canopen_chain_node' build argument 'cmake_clean_first' from command line to 'False'
[0.486s] Level 5:colcon.colcon_core.verb:set package 'canopen_chain_node' build argument 'cmake_force_configure' from command line to 'False'
[0.486s] Level 5:colcon.colcon_core.verb:set package 'canopen_chain_node' build argument 'ament_cmake_args' from command line to 'None'
[0.486s] Level 5:colcon.colcon_core.verb:set package 'canopen_chain_node' build argument 'catkin_cmake_args' from command line to 'None'
[0.486s] Level 5:colcon.colcon_core.verb:set package 'canopen_chain_node' build argument 'catkin_skip_building_tests' from command line to 'False'
[0.486s] DEBUG:colcon.colcon_core.verb:Building package 'canopen_chain_node' with the following arguments: {'ament_cmake_args': None, 'build_base': '/root/ros_canopen/build/canopen_chain_node', 'catkin_cmake_args': None, 'catkin_skip_building_tests': False, 'cmake_args': None, 'cmake_clean_cache': False, 'cmake_clean_first': False, 'cmake_force_configure': False, 'cmake_target': None, 'cmake_target_skip_unavailable': False, 'install_base': '/root/ros_canopen/install/canopen_chain_node', 'merge_install': False, 'path': '/root/ros_canopen/canopen_chain_node', 'symlink_install': True, 'test_result_base': None}
[0.490s] Level 5:colcon.colcon_core.verb:set package 'canopen_motor_node' build argument 'cmake_args' from command line to 'None'
[0.490s] Level 5:colcon.colcon_core.verb:set package 'canopen_motor_node' build argument 'cmake_target' from command line to 'None'
[0.490s] Level 5:colcon.colcon_core.verb:set package 'canopen_motor_node' build argument 'cmake_target_skip_unavailable' from command line to 'False'
[0.490s] Level 5:colcon.colcon_core.verb:set package 'canopen_motor_node' build argument 'cmake_clean_cache' from command line to 'False'
[0.490s] Level 5:colcon.colcon_core.verb:set package 'canopen_motor_node' build argument 'cmake_clean_first' from command line to 'False'
[0.490s] Level 5:colcon.colcon_core.verb:set package 'canopen_motor_node' build argument 'cmake_force_configure' from command line to 'False'
[0.490s] Level 5:colcon.colcon_core.verb:set package 'canopen_motor_node' build argument 'ament_cmake_args' from command line to 'None'
[0.490s] Level 5:colcon.colcon_core.verb:set package 'canopen_motor_node' build argument 'catkin_cmake_args' from command line to 'None'
[0.490s] Level 5:colcon.colcon_core.verb:set package 'canopen_motor_node' build argument 'catkin_skip_building_tests' from command line to 'False'
[0.490s] DEBUG:colcon.colcon_core.verb:Building package 'canopen_motor_node' with the following arguments: {'ament_cmake_args': None, 'build_base': '/root/ros_canopen/build/canopen_motor_node', 'catkin_cmake_args': None, 'catkin_skip_building_tests': False, 'cmake_args': None, 'cmake_clean_cache': False, 'cmake_clean_first': False, 'cmake_force_configure': False, 'cmake_target': None, 'cmake_target_skip_unavailable': False, 'install_base': '/root/ros_canopen/install/canopen_motor_node', 'merge_install': False, 'path': '/root/ros_canopen/canopen_motor_node', 'symlink_install': True, 'test_result_base': None}
[0.494s] Level 5:colcon.colcon_core.verb:set package 'ros_canopen' build argument 'cmake_args' from command line to 'None'
[0.494s] Level 5:colcon.colcon_core.verb:set package 'ros_canopen' build argument 'cmake_target' from command line to 'None'
[0.494s] Level 5:colcon.colcon_core.verb:set package 'ros_canopen' build argument 'cmake_target_skip_unavailable' from command line to 'False'
[0.494s] Level 5:colcon.colcon_core.verb:set package 'ros_canopen' build argument 'cmake_clean_cache' from command line to 'False'
[0.495s] Level 5:colcon.colcon_core.verb:set package 'ros_canopen' build argument 'cmake_clean_first' from command line to 'False'
[0.495s] Level 5:colcon.colcon_core.verb:set package 'ros_canopen' build argument 'cmake_force_configure' from command line to 'False'
[0.495s] Level 5:colcon.colcon_core.verb:set package 'ros_canopen' build argument 'ament_cmake_args' from command line to 'None'
[0.495s] Level 5:colcon.colcon_core.verb:set package 'ros_canopen' build argument 'catkin_cmake_args' from command line to 'None'
[0.495s] Level 5:colcon.colcon_core.verb:set package 'ros_canopen' build argument 'catkin_skip_building_tests' from command line to 'False'
[0.495s] DEBUG:colcon.colcon_core.verb:Building package 'ros_canopen' with the following arguments: {'ament_cmake_args': None, 'build_base': '/root/ros_canopen/build/ros_canopen', 'catkin_cmake_args': None, 'catkin_skip_building_tests': False, 'cmake_args': None, 'cmake_clean_cache': False, 'cmake_clean_first': False, 'cmake_force_configure': False, 'cmake_target': None, 'cmake_target_skip_unavailable': False, 'install_base': '/root/ros_canopen/install/ros_canopen', 'merge_install': False, 'path': '/root/ros_canopen/ros_canopen', 'symlink_install': True, 'test_result_base': None}
[0.495s] INFO:colcon.colcon_core.executor:Executing jobs using 'parallel' executor
[0.498s] DEBUG:colcon.colcon_parallel_executor.executor.parallel:run_until_complete
[0.498s] INFO:colcon.colcon_ros.task.ament_cmake.build:Building ROS package in '/root/ros_canopen/socketcan_interface' with build type 'ament_cmake'
[0.498s] INFO:colcon.colcon_cmake.task.cmake.build:Building CMake package in '/root/ros_canopen/socketcan_interface'
[0.505s] INFO:colcon.colcon_core.plugin_system:Skipping extension 'colcon_core.shell.bat': Not used on non-Windows systems
[0.505s] INFO:colcon.colcon_core.shell:Skip shell extension 'powershell' for command environment: Not usable outside of PowerShell
[0.505s] DEBUG:colcon.colcon_core.shell:Skip shell extension 'dsv' for command environment
[0.509s] DEBUG:colcon.colcon_core.shell:Ignoring prefix path '/opt/ros/foxy'
[0.513s] INFO:colcon.colcon_ros.task.ament_cmake.build:Building ROS package in '/root/ros_canopen/can_msgs' with build type 'ament_cmake'
[0.513s] INFO:colcon.colcon_cmake.task.cmake.build:Building CMake package in '/root/ros_canopen/can_msgs'
[0.515s] INFO:colcon.colcon_core.shell:Skip shell extension 'powershell' for command environment: Not usable outside of PowerShell
[0.515s] DEBUG:colcon.colcon_core.shell:Skip shell extension 'dsv' for command environment
[0.519s] DEBUG:colcon.colcon_core.shell:Ignoring prefix path '/opt/ros/foxy'
[0.536s] DEBUG:colcon.colcon_core.event_handler.log_command:Invoking command in '/root/ros_canopen/build/socketcan_interface': CMAKE_PREFIX_PATH=/opt/ros/foxy /usr/bin/cmake --build /root/ros_canopen/build/socketcan_interface -- -j4 -l4
[0.540s] DEBUG:colcon.colcon_core.event_handler.log_command:Invoking command in '/root/ros_canopen/build/can_msgs': CMAKE_PREFIX_PATH=/opt/ros/foxy /usr/bin/cmake --build /root/ros_canopen/build/can_msgs -- -j4 -l4
[0.688s] DEBUG:colcon.colcon_core.event_handler.log_command:Invoked command in '/root/ros_canopen/build/socketcan_interface' returned '0': CMAKE_PREFIX_PATH=/opt/ros/foxy /usr/bin/cmake --build /root/ros_canopen/build/socketcan_interface -- -j4 -l4
[0.748s] DEBUG:colcon.colcon_core.event_handler.log_command:Invoking command in '/root/ros_canopen/build/socketcan_interface': CMAKE_PREFIX_PATH=/opt/ros/foxy /usr/bin/cmake --install /root/ros_canopen/build/socketcan_interface
[0.784s] Level 1:colcon.colcon_core.environment:create_environment_scripts_only(socketcan_interface)
[0.785s] DEBUG:colcon.colcon_core.event_handler.log_command:Invoked command in '/root/ros_canopen/build/socketcan_interface' returned '0': CMAKE_PREFIX_PATH=/opt/ros/foxy /usr/bin/cmake --install /root/ros_canopen/build/socketcan_interface
[0.790s] Level 1:colcon.colcon_core.environment:checking '/root/ros_canopen/install/socketcan_interface' for CMake module files
[0.791s] Level 1:colcon.colcon_core.environment:checking '/root/ros_canopen/install/socketcan_interface' for CMake config files
[0.791s] Level 1:colcon.colcon_core.shell:create_environment_hook('socketcan_interface', 'cmake_prefix_path')
[0.792s] INFO:colcon.colcon_core.shell:Creating environment hook '/root/ros_canopen/install/socketcan_interface/share/socketcan_interface/hook/cmake_prefix_path.ps1'
[0.793s] INFO:colcon.colcon_core.shell:Creating environment descriptor '/root/ros_canopen/install/socketcan_interface/share/socketcan_interface/hook/cmake_prefix_path.dsv'
[0.794s] INFO:colcon.colcon_core.shell:Creating environment hook '/root/ros_canopen/install/socketcan_interface/share/socketcan_interface/hook/cmake_prefix_path.sh'
[0.796s] Level 1:colcon.colcon_core.environment:checking '/root/ros_canopen/install/socketcan_interface/lib'
[0.797s] Level 1:colcon.colcon_core.environment:checking '/root/ros_canopen/install/socketcan_interface/bin'
[0.797s] Level 1:colcon.colcon_core.environment:checking '/root/ros_canopen/install/socketcan_interface/lib/pkgconfig/socketcan_interface.pc'
[0.797s] Level 1:colcon.colcon_core.environment:checking '/root/ros_canopen/install/socketcan_interface/lib/python3.8/site-packages'
[0.798s] INFO:colcon.colcon_core.shell:Creating package script '/root/ros_canopen/install/socketcan_interface/share/socketcan_interface/package.ps1'
[0.800s] INFO:colcon.colcon_core.shell:Creating package descriptor '/root/ros_canopen/install/socketcan_interface/share/socketcan_interface/package.dsv'
[0.801s] INFO:colcon.colcon_core.shell:Creating package script '/root/ros_canopen/install/socketcan_interface/share/socketcan_interface/package.sh'
[0.802s] INFO:colcon.colcon_core.shell:Creating package script '/root/ros_canopen/install/socketcan_interface/share/socketcan_interface/package.bash'
[0.804s] INFO:colcon.colcon_core.shell:Creating package script '/root/ros_canopen/install/socketcan_interface/share/socketcan_interface/package.zsh'
[0.805s] Level 1:colcon.colcon_core.environment:create_file_with_runtime_dependencies(/root/ros_canopen/install/socketcan_interface/share/colcon-core/packages/socketcan_interface)
[0.866s] Level 1:colcon.colcon_core.environment:create_environment_scripts_only(socketcan_interface)
[0.867s] Level 1:colcon.colcon_core.environment:checking '/root/ros_canopen/install/socketcan_interface' for CMake module files
[0.868s] Level 1:colcon.colcon_core.environment:checking '/root/ros_canopen/install/socketcan_interface' for CMake config files
[0.868s] Level 1:colcon.colcon_core.shell:create_environment_hook('socketcan_interface', 'cmake_prefix_path')
[0.869s] INFO:colcon.colcon_core.shell:Creating environment hook '/root/ros_canopen/install/socketcan_interface/share/socketcan_interface/hook/cmake_prefix_path.ps1'
[0.870s] INFO:colcon.colcon_core.shell:Creating environment descriptor '/root/ros_canopen/install/socketcan_interface/share/socketcan_interface/hook/cmake_prefix_path.dsv'
[0.870s] INFO:colcon.colcon_core.shell:Creating environment hook '/root/ros_canopen/install/socketcan_interface/share/socketcan_interface/hook/cmake_prefix_path.sh'
[0.871s] Level 1:colcon.colcon_core.environment:checking '/root/ros_canopen/install/socketcan_interface/lib'
[0.871s] Level 1:colcon.colcon_core.environment:checking '/root/ros_canopen/install/socketcan_interface/bin'
[0.871s] Level 1:colcon.colcon_core.environment:checking '/root/ros_canopen/install/socketcan_interface/lib/pkgconfig/socketcan_interface.pc'
[0.872s] Level 1:colcon.colcon_core.environment:checking '/root/ros_canopen/install/socketcan_interface/lib/python3.8/site-packages'
[0.872s] INFO:colcon.colcon_core.shell:Creating package script '/root/ros_canopen/install/socketcan_interface/share/socketcan_interface/package.ps1'
[0.873s] INFO:colcon.colcon_core.shell:Creating package descriptor '/root/ros_canopen/install/socketcan_interface/share/socketcan_interface/package.dsv'
[0.874s] INFO:colcon.colcon_core.shell:Creating package script '/root/ros_canopen/install/socketcan_interface/share/socketcan_interface/package.sh'
[0.874s] INFO:colcon.colcon_core.shell:Creating package script '/root/ros_canopen/install/socketcan_interface/share/socketcan_interface/package.bash'
[0.875s] INFO:colcon.colcon_core.shell:Creating package script '/root/ros_canopen/install/socketcan_interface/share/socketcan_interface/package.zsh'
[0.876s] Level 1:colcon.colcon_core.environment:create_file_with_runtime_dependencies(/root/ros_canopen/install/socketcan_interface/share/colcon-core/packages/socketcan_interface)
[0.877s] INFO:colcon.colcon_ros.task.ament_cmake.build:Building ROS package in '/root/ros_canopen/canopen_master' with build type 'ament_cmake'
[0.877s] INFO:colcon.colcon_cmake.task.cmake.build:Building CMake package in '/root/ros_canopen/canopen_master'
[0.878s] INFO:colcon.colcon_core.shell:Skip shell extension 'powershell' for command environment: Not usable outside of PowerShell
[0.878s] DEBUG:colcon.colcon_core.shell:Skip shell extension 'dsv' for command environment
[0.881s] DEBUG:colcon.colcon_core.shell:Ignoring prefix path '/opt/ros/foxy'
[0.886s] DEBUG:colcon.colcon_core.event_handler.log_command:Invoked command in '/root/ros_canopen/build/can_msgs' returned '0': CMAKE_PREFIX_PATH=/opt/ros/foxy /usr/bin/cmake --build /root/ros_canopen/build/can_msgs -- -j4 -l4
[0.900s] DEBUG:colcon.colcon_core.event_handler.log_command:Invoking command in '/root/ros_canopen/build/canopen_master': AMENT_PREFIX_PATH=/root/ros_canopen/install/socketcan_interface:${AMENT_PREFIX_PATH} CMAKE_PREFIX_PATH=/root/ros_canopen/install/socketcan_interface:/opt/ros/foxy /usr/bin/cmake --build /root/ros_canopen/build/canopen_master -- -j4 -l4
[0.950s] DEBUG:colcon.colcon_core.event_handler.log_command:Invoking command in '/root/ros_canopen/build/can_msgs': CMAKE_PREFIX_PATH=/opt/ros/foxy /usr/bin/cmake --install /root/ros_canopen/build/can_msgs
[1.060s] DEBUG:colcon.colcon_core.event_handler.log_command:Invoked command in '/root/ros_canopen/build/canopen_master' returned '2': AMENT_PREFIX_PATH=/root/ros_canopen/install/socketcan_interface:${AMENT_PREFIX_PATH} CMAKE_PREFIX_PATH=/root/ros_canopen/install/socketcan_interface:/opt/ros/foxy /usr/bin/cmake --build /root/ros_canopen/build/canopen_master -- -j4 -l4
[1.068s] Level 1:colcon.colcon_core.environment:create_environment_scripts_only(can_msgs)
[1.070s] Level 1:colcon.colcon_core.environment:checking '/root/ros_canopen/install/can_msgs' for CMake module files
[1.071s] DEBUG:colcon.colcon_core.event_handler.log_command:Invoked command in '/root/ros_canopen/build/can_msgs' returned '0': CMAKE_PREFIX_PATH=/opt/ros/foxy /usr/bin/cmake --install /root/ros_canopen/build/can_msgs
[1.072s] Level 1:colcon.colcon_core.environment:checking '/root/ros_canopen/install/can_msgs' for CMake config files
[1.073s] Level 1:colcon.colcon_core.shell:create_environment_hook('can_msgs', 'cmake_prefix_path')
[1.074s] INFO:colcon.colcon_core.shell:Creating environment hook '/root/ros_canopen/install/can_msgs/share/can_msgs/hook/cmake_prefix_path.ps1'
[1.075s] INFO:colcon.colcon_core.shell:Creating environment descriptor '/root/ros_canopen/install/can_msgs/share/can_msgs/hook/cmake_prefix_path.dsv'
[1.075s] INFO:colcon.colcon_core.shell:Creating environment hook '/root/ros_canopen/install/can_msgs/share/can_msgs/hook/cmake_prefix_path.sh'
[1.076s] Level 1:colcon.colcon_core.environment:checking '/root/ros_canopen/install/can_msgs/lib'
[1.076s] Level 1:colcon.colcon_core.shell:create_environment_hook('can_msgs', 'ld_library_path_lib')
[1.077s] INFO:colcon.colcon_core.shell:Creating environment hook '/root/ros_canopen/install/can_msgs/share/can_msgs/hook/ld_library_path_lib.ps1'
[1.077s] INFO:colcon.colcon_core.shell:Creating environment descriptor '/root/ros_canopen/install/can_msgs/share/can_msgs/hook/ld_library_path_lib.dsv'
[1.078s] INFO:colcon.colcon_core.shell:Creating environment hook '/root/ros_canopen/install/can_msgs/share/can_msgs/hook/ld_library_path_lib.sh'
[1.078s] Level 1:colcon.colcon_core.environment:checking '/root/ros_canopen/install/can_msgs/bin'
[1.079s] Level 1:colcon.colcon_core.environment:checking '/root/ros_canopen/install/can_msgs/lib/pkgconfig/can_msgs.pc'
[1.079s] Level 1:colcon.colcon_core.environment:checking '/root/ros_canopen/install/can_msgs/lib/python3.8/site-packages'
[1.079s] Level 1:colcon.colcon_core.shell:create_environment_hook('can_msgs', 'pythonpath')
[1.079s] INFO:colcon.colcon_core.shell:Creating environment hook '/root/ros_canopen/install/can_msgs/share/can_msgs/hook/pythonpath.ps1'
[1.080s] INFO:colcon.colcon_core.shell:Creating environment descriptor '/root/ros_canopen/install/can_msgs/share/can_msgs/hook/pythonpath.dsv'
[1.080s] INFO:colcon.colcon_core.shell:Creating environment hook '/root/ros_canopen/install/can_msgs/share/can_msgs/hook/pythonpath.sh'
[1.082s] INFO:colcon.colcon_core.shell:Creating package script '/root/ros_canopen/install/can_msgs/share/can_msgs/package.ps1'
[1.083s] INFO:colcon.colcon_core.shell:Creating package descriptor '/root/ros_canopen/install/can_msgs/share/can_msgs/package.dsv'
[1.084s] INFO:colcon.colcon_core.shell:Creating package script '/root/ros_canopen/install/can_msgs/share/can_msgs/package.sh'
[1.084s] INFO:colcon.colcon_core.shell:Creating package script '/root/ros_canopen/install/can_msgs/share/can_msgs/package.bash'
[1.085s] INFO:colcon.colcon_core.shell:Creating package script '/root/ros_canopen/install/can_msgs/share/can_msgs/package.zsh'
[1.085s] Level 1:colcon.colcon_core.environment:create_file_with_runtime_dependencies(/root/ros_canopen/install/can_msgs/share/colcon-core/packages/can_msgs)
[1.098s] Level 1:colcon.colcon_core.environment:create_environment_scripts_only(canopen_master)
[1.100s] Level 1:colcon.colcon_core.environment:checking '/root/ros_canopen/install/canopen_master' for CMake module files
[1.101s] Level 1:colcon.colcon_core.environment:checking '/root/ros_canopen/install/canopen_master' for CMake config files
[1.102s] Level 1:colcon.colcon_core.environment:checking '/root/ros_canopen/install/canopen_master/bin'
[1.102s] Level 1:colcon.colcon_core.environment:checking '/root/ros_canopen/install/canopen_master/lib/pkgconfig/canopen_master.pc'
[1.102s] Level 1:colcon.colcon_core.environment:checking '/root/ros_canopen/install/canopen_master/lib/python3.8/site-packages'
[1.103s] INFO:colcon.colcon_core.shell:Creating package script '/root/ros_canopen/install/canopen_master/share/canopen_master/package.ps1'
[1.104s] INFO:colcon.colcon_core.shell:Creating package descriptor '/root/ros_canopen/install/canopen_master/share/canopen_master/package.dsv'
[1.105s] INFO:colcon.colcon_core.shell:Creating package script '/root/ros_canopen/install/canopen_master/share/canopen_master/package.sh'
[1.105s] INFO:colcon.colcon_core.shell:Creating package script '/root/ros_canopen/install/canopen_master/share/canopen_master/package.bash'
[1.106s] INFO:colcon.colcon_core.shell:Creating package script '/root/ros_canopen/install/canopen_master/share/canopen_master/package.zsh'
[1.107s] Level 1:colcon.colcon_core.environment:create_file_with_runtime_dependencies(/root/ros_canopen/install/canopen_master/share/colcon-core/packages/canopen_master)
[1.145s] Level 1:colcon.colcon_core.environment:create_environment_scripts_only(can_msgs)
[1.146s] Level 1:colcon.colcon_core.environment:checking '/root/ros_canopen/install/can_msgs' for CMake module files
[1.147s] Level 1:colcon.colcon_core.environment:checking '/root/ros_canopen/install/can_msgs' for CMake config files
[1.148s] Level 1:colcon.colcon_core.shell:create_environment_hook('can_msgs', 'cmake_prefix_path')
[1.149s] INFO:colcon.colcon_core.shell:Creating environment hook '/root/ros_canopen/install/can_msgs/share/can_msgs/hook/cmake_prefix_path.ps1'
[1.149s] INFO:colcon.colcon_core.shell:Creating environment descriptor '/root/ros_canopen/install/can_msgs/share/can_msgs/hook/cmake_prefix_path.dsv'
[1.150s] INFO:colcon.colcon_core.shell:Creating environment hook '/root/ros_canopen/install/can_msgs/share/can_msgs/hook/cmake_prefix_path.sh'
[1.150s] Level 1:colcon.colcon_core.environment:checking '/root/ros_canopen/install/can_msgs/lib'
[1.150s] Level 1:colcon.colcon_core.shell:create_environment_hook('can_msgs', 'ld_library_path_lib')
[1.151s] INFO:colcon.colcon_core.shell:Creating environment hook '/root/ros_canopen/install/can_msgs/share/can_msgs/hook/ld_library_path_lib.ps1'
[1.151s] INFO:colcon.colcon_core.shell:Creating environment descriptor '/root/ros_canopen/install/can_msgs/share/can_msgs/hook/ld_library_path_lib.dsv'
[1.152s] INFO:colcon.colcon_core.shell:Creating environment hook '/root/ros_canopen/install/can_msgs/share/can_msgs/hook/ld_library_path_lib.sh'
[1.152s] Level 1:colcon.colcon_core.environment:checking '/root/ros_canopen/install/can_msgs/bin'
[1.152s] Level 1:colcon.colcon_core.environment:checking '/root/ros_canopen/install/can_msgs/lib/pkgconfig/can_msgs.pc'
[1.152s] Level 1:colcon.colcon_core.environment:checking '/root/ros_canopen/install/can_msgs/lib/python3.8/site-packages'
[1.153s] Level 1:colcon.colcon_core.shell:create_environment_hook('can_msgs', 'pythonpath')
[1.153s] INFO:colcon.colcon_core.shell:Creating environment hook '/root/ros_canopen/install/can_msgs/share/can_msgs/hook/pythonpath.ps1'
[1.154s] INFO:colcon.colcon_core.shell:Creating environment descriptor '/root/ros_canopen/install/can_msgs/share/can_msgs/hook/pythonpath.dsv'
[1.154s] INFO:colcon.colcon_core.shell:Creating environment hook '/root/ros_canopen/install/can_msgs/share/can_msgs/hook/pythonpath.sh'
[1.155s] INFO:colcon.colcon_core.shell:Creating package script '/root/ros_canopen/install/can_msgs/share/can_msgs/package.ps1'
[1.156s] INFO:colcon.colcon_core.shell:Creating package descriptor '/root/ros_canopen/install/can_msgs/share/can_msgs/package.dsv'
[1.157s] INFO:colcon.colcon_core.shell:Creating package script '/root/ros_canopen/install/can_msgs/share/can_msgs/package.sh'
[1.157s] INFO:colcon.colcon_core.shell:Creating package script '/root/ros_canopen/install/can_msgs/share/can_msgs/package.bash'
[1.158s] INFO:colcon.colcon_core.shell:Creating package script '/root/ros_canopen/install/can_msgs/share/can_msgs/package.zsh'
[1.158s] Level 1:colcon.colcon_core.environment:create_file_with_runtime_dependencies(/root/ros_canopen/install/can_msgs/share/colcon-core/packages/can_msgs)
[1.159s] INFO:colcon.colcon_ros.task.ament_cmake.build:Building ROS package in '/root/ros_canopen/socketcan_bridge' with build type 'ament_cmake'
[1.159s] INFO:colcon.colcon_cmake.task.cmake.build:Building CMake package in '/root/ros_canopen/socketcan_bridge'
[1.160s] INFO:colcon.colcon_core.shell:Skip shell extension 'powershell' for command environment: Not usable outside of PowerShell
[1.160s] DEBUG:colcon.colcon_core.shell:Skip shell extension 'dsv' for command environment
[1.162s] DEBUG:colcon.colcon_core.shell:Ignoring prefix path '/opt/ros/foxy'
[1.180s] DEBUG:colcon.colcon_core.event_handler.log_command:Invoking command in '/root/ros_canopen/build/socketcan_bridge': AMENT_PREFIX_PATH=/root/ros_canopen/install/socketcan_interface:/root/ros_canopen/install/can_msgs:${AMENT_PREFIX_PATH} CMAKE_PREFIX_PATH=/root/ros_canopen/install/socketcan_interface:/root/ros_canopen/install/can_msgs:/opt/ros/foxy LD_LIBRARY_PATH=/root/ros_canopen/install/can_msgs/lib:${LD_LIBRARY_PATH} PYTHONPATH=/root/ros_canopen/install/can_msgs/lib/python3.8/site-packages:${PYTHONPATH} /usr/bin/cmake --build /root/ros_canopen/build/socketcan_bridge -- -j4 -l4
[5.877s] DEBUG:colcon.colcon_core.event_handler.log_command:Invoked command in '/root/ros_canopen/build/socketcan_bridge' returned '2': AMENT_PREFIX_PATH=/root/ros_canopen/install/socketcan_interface:/root/ros_canopen/install/can_msgs:${AMENT_PREFIX_PATH} CMAKE_PREFIX_PATH=/root/ros_canopen/install/socketcan_interface:/root/ros_canopen/install/can_msgs:/opt/ros/foxy LD_LIBRARY_PATH=/root/ros_canopen/install/can_msgs/lib:${LD_LIBRARY_PATH} PYTHONPATH=/root/ros_canopen/install/can_msgs/lib/python3.8/site-packages:${PYTHONPATH} /usr/bin/cmake --build /root/ros_canopen/build/socketcan_bridge -- -j4 -l4
[5.911s] Level 1:colcon.colcon_core.environment:create_environment_scripts_only(socketcan_bridge)
[5.912s] Level 1:colcon.colcon_core.environment:checking '/root/ros_canopen/install/socketcan_bridge' for CMake module files
[5.912s] Level 1:colcon.colcon_core.environment:checking '/root/ros_canopen/install/socketcan_bridge' for CMake config files
[5.913s] Level 1:colcon.colcon_core.environment:checking '/root/ros_canopen/install/socketcan_bridge/bin'
[5.913s] Level 1:colcon.colcon_core.environment:checking '/root/ros_canopen/install/socketcan_bridge/lib/pkgconfig/socketcan_bridge.pc'
[5.913s] Level 1:colcon.colcon_core.environment:checking '/root/ros_canopen/install/socketcan_bridge/lib/python3.8/site-packages'
[5.914s] INFO:colcon.colcon_core.shell:Creating package script '/root/ros_canopen/install/socketcan_bridge/share/socketcan_bridge/package.ps1'
[5.914s] INFO:colcon.colcon_core.shell:Creating package descriptor '/root/ros_canopen/install/socketcan_bridge/share/socketcan_bridge/package.dsv'
[5.915s] INFO:colcon.colcon_core.shell:Creating package script '/root/ros_canopen/install/socketcan_bridge/share/socketcan_bridge/package.sh'
[5.916s] INFO:colcon.colcon_core.shell:Creating package script '/root/ros_canopen/install/socketcan_bridge/share/socketcan_bridge/package.bash'
[5.917s] INFO:colcon.colcon_core.shell:Creating package script '/root/ros_canopen/install/socketcan_bridge/share/socketcan_bridge/package.zsh'
[5.917s] Level 1:colcon.colcon_core.environment:create_file_with_runtime_dependencies(/root/ros_canopen/install/socketcan_bridge/share/colcon-core/packages/socketcan_bridge)
[5.929s] DEBUG:colcon.colcon_parallel_executor.executor.parallel:closing loop
[5.929s] DEBUG:colcon.colcon_parallel_executor.executor.parallel:loop closed
[5.930s] DEBUG:colcon.colcon_parallel_executor.executor.parallel:run_until_complete finished with '2'
[5.930s] DEBUG:colcon.colcon_core.event_reactor:joining thread
[5.939s] INFO:colcon.colcon_core.plugin_system:Skipping extension 'colcon_notification.desktop_notification.notify_send': Could not find 'notify-send'
[5.939s] INFO:colcon.colcon_core.plugin_system:Skipping extension 'colcon_notification.desktop_notification.terminal_notifier': Not used on non-Darwin systems
[5.940s] INFO:colcon.colcon_core.plugin_system:Skipping extension 'colcon_notification.desktop_notification.win32': Not used on non-Windows systems
[5.940s] INFO:colcon.colcon_notification.desktop_notification:Sending desktop notification using 'notify2'
[5.941s] DEBUG:colcon.colcon_notification.desktop_notification.notify2:Failed to initialize notify2: org.freedesktop.DBus.Error.NotSupported: Unable to autolaunch a dbus-daemon without a $DISPLAY for X11
[5.941s] DEBUG:colcon.colcon_core.event_reactor:joined thread
[5.942s] INFO:colcon.colcon_core.shell:Creating prefix script '/root/ros_canopen/install/local_setup.ps1'
[5.944s] INFO:colcon.colcon_core.shell:Creating prefix util module '/root/ros_canopen/install/_local_setup_util_ps1.py'
[5.947s] INFO:colcon.colcon_core.shell:Creating prefix chain script '/root/ros_canopen/install/setup.ps1'
[5.951s] INFO:colcon.colcon_core.shell:Creating prefix script '/root/ros_canopen/install/local_setup.sh'
[5.952s] INFO:colcon.colcon_core.shell:Creating prefix util module '/root/ros_canopen/install/_local_setup_util_sh.py'
[5.953s] INFO:colcon.colcon_core.shell:Creating prefix chain script '/root/ros_canopen/install/setup.sh'
[5.958s] INFO:colcon.colcon_core.shell:Creating prefix script '/root/ros_canopen/install/local_setup.bash'
[5.959s] INFO:colcon.colcon_core.shell:Creating prefix chain script '/root/ros_canopen/install/setup.bash'
[5.963s] INFO:colcon.colcon_core.shell:Creating prefix script '/root/ros_canopen/install/local_setup.zsh'
[5.964s] INFO:colcon.colcon_core.shell:Creating prefix chain script '/root/ros_canopen/install/setup.zsh'
