[0.025s] Invoking command in '/root/ros_canopen/build/socketcan_interface': CMAKE_PREFIX_PATH=/opt/ros/foxy /usr/bin/cmake /root/ros_canopen/socketcan_interface -DAMENT_CMAKE_SYMLINK_INSTALL=1 -DCMAKE_INSTALL_PREFIX=/root/ros_canopen/install/socketcan_interface
[0.126s] -- The C compiler identification is GNU 9.3.0
[0.211s] -- The CXX compiler identification is GNU 9.3.0
[0.220s] -- Check for working C compiler: /usr/bin/cc
[0.315s] -- Check for working C compiler: /usr/bin/cc -- works
[0.316s] -- Detecting C compiler ABI info
[0.404s] -- Detecting C compiler ABI info - done
[0.435s] -- Detecting C compile features
[0.436s] -- Detecting C compile features - done
[0.441s] -- Check for working CXX compiler: /usr/bin/c++
[0.548s] -- Check for working CXX compiler: /usr/bin/c++ -- works
[0.549s] -- Detecting CXX compiler ABI info
[0.650s] -- Detecting CXX compiler ABI info - done
[0.680s] -- Detecting CXX compile features
[0.681s] -- Detecting CXX compile features - done
[0.686s] -- Found ament_cmake: 0.9.8 (/opt/ros/foxy/share/ament_cmake/cmake)
[0.718s] -- Found PythonInterp: /usr/bin/python3 (found suitable version "3.8.5", minimum required is "3") 
[0.718s] -- Using PYTHON_EXECUTABLE: /usr/bin/python3
[0.920s] -- Override CMake install command with custom implementation using symlinks instead of copying resources
[0.964s] -- Found class_loader: 2.0.2 (/opt/ros/foxy/share/class_loader/cmake)
[0.990s] -- Found rosidl_default_generators: 1.0.1 (/opt/ros/foxy/share/rosidl_default_generators/cmake)
[0.995s] -- Using all available rosidl_typesupport_c: rosidl_typesupport_fastrtps_c;rosidl_typesupport_introspection_c
[1.010s] -- Found rosidl_adapter: 1.2.1 (/opt/ros/foxy/share/rosidl_adapter/cmake)
[1.097s] -- Found OpenSSL: /usr/lib/x86_64-linux-gnu/libcrypto.so (found version "1.1.1f")  
[1.131s] -- Found FastRTPS: /opt/ros/foxy/include  
[1.237s] -- Using all available rosidl_typesupport_cpp: rosidl_typesupport_fastrtps_cpp;rosidl_typesupport_introspection_cpp
[1.300s] -- Looking for pthread.h
[1.398s] -- Looking for pthread.h - found
[1.399s] -- Performing Test CMAKE_HAVE_LIBC_PTHREAD
[1.494s] -- Performing Test CMAKE_HAVE_LIBC_PTHREAD - Failed
[1.495s] -- Looking for pthread_create in pthreads
[1.572s] -- Looking for pthread_create in pthreads - not found
[1.572s] -- Looking for pthread_create in pthread
[1.659s] -- Looking for pthread_create in pthread - found
[1.661s] -- Found Threads: TRUE  
[1.693s] -- Found Boost: /usr/lib/x86_64-linux-gnu/cmake/Boost-1.71.0/BoostConfig.cmake (found version "1.71.0") found components: chrono system thread 
[1.704s] CMake Error at CMakeLists.txt:95 (find_package):
[1.704s]   By not providing "Findxmlrpcpp.cmake" in CMAKE_MODULE_PATH this project has
[1.704s]   asked CMake to find a package configuration file provided by "xmlrpcpp",
[1.704s]   but CMake did not find one.
[1.707s] 
[1.708s]   Could not find a package configuration file provided by "xmlrpcpp" with any
[1.708s]   of the following names:
[1.709s] 
[1.709s]     xmlrpcppConfig.cmake
[1.710s]     xmlrpcpp-config.cmake
[1.710s] 
[1.710s]   Add the installation prefix of "xmlrpcpp" to CMAKE_PREFIX_PATH or set
[1.712s]   "xmlrpcpp_DIR" to a directory containing one of the above files.  If
[1.713s]   "xmlrpcpp" provides a separate development package or SDK, be sure it has
[1.718s]   been installed.
[1.718s] 
[1.719s] 
[1.719s] -- Configuring incomplete, errors occurred!
[1.719s] See also "/root/ros_canopen/build/socketcan_interface/CMakeFiles/CMakeOutput.log".
[1.719s] See also "/root/ros_canopen/build/socketcan_interface/CMakeFiles/CMakeError.log".
[1.720s] Invoked command in '/root/ros_canopen/build/socketcan_interface' returned '1': CMAKE_PREFIX_PATH=/opt/ros/foxy /usr/bin/cmake /root/ros_canopen/socketcan_interface -DAMENT_CMAKE_SYMLINK_INSTALL=1 -DCMAKE_INSTALL_PREFIX=/root/ros_canopen/install/socketcan_interface
