[0.026s] Invoking command in '/root/ros_canopen/build/can_msgs': CMAKE_PREFIX_PATH=/opt/ros/foxy /usr/bin/cmake --build /root/ros_canopen/build/can_msgs -- -j4 -l4
[0.115s] [  3%] Built target can_msgs__cpp
[0.121s] [ 12%] Built target can_msgs__rosidl_generator_c
[0.165s] [ 22%] Built target can_msgs__rosidl_typesupport_cpp
[0.173s] [ 32%] Built target can_msgs__rosidl_typesupport_introspection_cpp
[0.179s] [ 41%] Built target can_msgs__rosidl_typesupport_fastrtps_cpp
[0.187s] [ 51%] Built target can_msgs__rosidl_typesupport_c
[0.208s] [ 61%] Built target can_msgs__rosidl_typesupport_introspection_c
[0.226s] [ 70%] Built target can_msgs__rosidl_typesupport_fastrtps_c
[0.249s] [ 70%] Built target can_msgs
[0.277s] [ 74%] Built target can_msgs__py
[0.309s] [ 80%] Built target can_msgs__python
[0.350s] [ 87%] Built target can_msgs__rosidl_typesupport_fastrtps_c__pyext
[0.355s] [ 93%] Built target can_msgs__rosidl_typesupport_c__pyext
[0.360s] [100%] Built target can_msgs__rosidl_typesupport_introspection_c__pyext
[0.377s] Invoked command in '/root/ros_canopen/build/can_msgs' returned '0': CMAKE_PREFIX_PATH=/opt/ros/foxy /usr/bin/cmake --build /root/ros_canopen/build/can_msgs -- -j4 -l4
[0.461s] Invoking command in '/root/ros_canopen/build/can_msgs': CMAKE_PREFIX_PATH=/opt/ros/foxy /usr/bin/cmake --install /root/ros_canopen/build/can_msgs
[0.474s] -- Install configuration: ""
[0.475s] -- Execute custom install script
[0.476s] -- Up-to-date symlink: /root/ros_canopen/install/can_msgs/share/ament_index/resource_index/rosidl_interfaces/can_msgs
[0.477s] -- Up-to-date symlink: /root/ros_canopen/install/can_msgs/include/can_msgs/msg/detail/frame__functions.h
[0.478s] -- Up-to-date symlink: /root/ros_canopen/install/can_msgs/include/can_msgs/msg/detail/frame__struct.h
[0.479s] -- Up-to-date symlink: /root/ros_canopen/install/can_msgs/include/can_msgs/msg/detail/frame__type_support.h
[0.479s] -- Up-to-date symlink: /root/ros_canopen/install/can_msgs/include/can_msgs/msg/frame.h
[0.479s] -- Up-to-date symlink: /root/ros_canopen/install/can_msgs/include/can_msgs/msg/rosidl_generator_c__visibility_control.h
[0.479s] -- Up-to-date symlink: /root/ros_canopen/install/can_msgs/share/can_msgs/environment/library_path.sh
[0.480s] -- Up-to-date symlink: /root/ros_canopen/install/can_msgs/share/can_msgs/environment/library_path.dsv
[0.481s] -- Up-to-date symlink: /root/ros_canopen/install/can_msgs/include/can_msgs/msg/detail/frame__rosidl_typesupport_fastrtps_c.h
[0.482s] -- Up-to-date symlink: /root/ros_canopen/install/can_msgs/include/can_msgs/msg/rosidl_typesupport_fastrtps_c__visibility_control.h
[0.483s] -- Up-to-date symlink: /root/ros_canopen/install/can_msgs/lib/libcan_msgs__rosidl_typesupport_fastrtps_c.so
[0.484s] -- Up-to-date symlink: /root/ros_canopen/install/can_msgs/include/can_msgs/msg/detail/frame__rosidl_typesupport_fastrtps_cpp.hpp
[0.484s] -- Up-to-date symlink: /root/ros_canopen/install/can_msgs/include/can_msgs/msg/rosidl_typesupport_fastrtps_cpp__visibility_control.h
[0.485s] -- Up-to-date symlink: /root/ros_canopen/install/can_msgs/lib/libcan_msgs__rosidl_typesupport_fastrtps_cpp.so
[0.486s] -- Up-to-date symlink: /root/ros_canopen/install/can_msgs/include/can_msgs/msg/detail/frame__rosidl_typesupport_introspection_c.h
[0.487s] -- Up-to-date symlink: /root/ros_canopen/install/can_msgs/include/can_msgs/msg/rosidl_typesupport_introspection_c__visibility_control.h
[0.488s] -- Up-to-date symlink: /root/ros_canopen/install/can_msgs/include/can_msgs/msg/detail/frame__builder.hpp
[0.488s] -- Up-to-date symlink: /root/ros_canopen/install/can_msgs/include/can_msgs/msg/detail/frame__struct.hpp
[0.488s] -- Up-to-date symlink: /root/ros_canopen/install/can_msgs/include/can_msgs/msg/detail/frame__traits.hpp
[0.489s] -- Up-to-date symlink: /root/ros_canopen/install/can_msgs/include/can_msgs/msg/frame.hpp
[0.494s] -- Up-to-date symlink: /root/ros_canopen/install/can_msgs/include/can_msgs/msg/detail/frame__rosidl_typesupport_introspection_cpp.hpp
[0.497s] -- Up-to-date symlink: /root/ros_canopen/install/can_msgs/share/can_msgs/environment/pythonpath.sh
[0.500s] -- Up-to-date symlink: /root/ros_canopen/install/can_msgs/share/can_msgs/environment/pythonpath.dsv
[0.503s] -- Up-to-date symlink: /root/ros_canopen/install/can_msgs/lib/python3.8/site-packages/can_msgs/__init__.py
[0.504s] -- Up-to-date symlink: /root/ros_canopen/install/can_msgs/lib/python3.8/site-packages/can_msgs/msg/__init__.py
[0.504s] -- Up-to-date symlink: /root/ros_canopen/install/can_msgs/lib/python3.8/site-packages/can_msgs/msg/_frame.py
[0.504s] -- Up-to-date symlink: /root/ros_canopen/install/can_msgs/lib/python3.8/site-packages/can_msgs/can_msgs_s__rosidl_typesupport_fastrtps_c.cpython-38-x86_64-linux-gnu.so
[0.504s] -- Up-to-date symlink: /root/ros_canopen/install/can_msgs/lib/python3.8/site-packages/can_msgs/can_msgs_s__rosidl_typesupport_introspection_c.cpython-38-x86_64-linux-gnu.so
[0.504s] -- Up-to-date symlink: /root/ros_canopen/install/can_msgs/lib/python3.8/site-packages/can_msgs/can_msgs_s__rosidl_typesupport_c.cpython-38-x86_64-linux-gnu.so
[0.504s] -- Up-to-date symlink: /root/ros_canopen/install/can_msgs/lib/libcan_msgs__python.so
[0.505s] -- Up-to-date symlink: /root/ros_canopen/install/can_msgs/share/can_msgs/msg/Frame.idl
[0.505s] -- Up-to-date symlink: /root/ros_canopen/install/can_msgs/share/can_msgs/msg/Frame.msg
[0.505s] -- Up-to-date symlink: /root/ros_canopen/install/can_msgs/share/ament_index/resource_index/package_run_dependencies/can_msgs
[0.505s] -- Up-to-date symlink: /root/ros_canopen/install/can_msgs/share/ament_index/resource_index/parent_prefix_path/can_msgs
[0.505s] -- Up-to-date symlink: /root/ros_canopen/install/can_msgs/share/can_msgs/environment/ament_prefix_path.sh
[0.505s] -- Up-to-date symlink: /root/ros_canopen/install/can_msgs/share/can_msgs/environment/ament_prefix_path.dsv
[0.506s] -- Up-to-date symlink: /root/ros_canopen/install/can_msgs/share/can_msgs/environment/path.sh
[0.506s] -- Up-to-date symlink: /root/ros_canopen/install/can_msgs/share/can_msgs/environment/path.dsv
[0.506s] -- Up-to-date symlink: /root/ros_canopen/install/can_msgs/share/can_msgs/local_setup.bash
[0.506s] -- Up-to-date symlink: /root/ros_canopen/install/can_msgs/share/can_msgs/local_setup.sh
[0.506s] -- Up-to-date symlink: /root/ros_canopen/install/can_msgs/share/can_msgs/local_setup.zsh
[0.507s] -- Up-to-date symlink: /root/ros_canopen/install/can_msgs/share/can_msgs/local_setup.dsv
[0.507s] -- Symlinking: /root/ros_canopen/install/can_msgs/share/can_msgs/package.dsv
[0.517s] -- Up-to-date symlink: /root/ros_canopen/install/can_msgs/share/ament_index/resource_index/packages/can_msgs
[0.518s] -- Up-to-date symlink: /root/ros_canopen/install/can_msgs/share/can_msgs/cmake/rosidl_cmake-extras.cmake
[0.518s] -- Up-to-date symlink: /root/ros_canopen/install/can_msgs/share/can_msgs/cmake/ament_cmake_export_dependencies-extras.cmake
[0.518s] -- Up-to-date symlink: /root/ros_canopen/install/can_msgs/share/can_msgs/cmake/ament_cmake_export_libraries-extras.cmake
[0.519s] -- Up-to-date symlink: /root/ros_canopen/install/can_msgs/share/can_msgs/cmake/ament_cmake_export_targets-extras.cmake
[0.519s] -- Up-to-date symlink: /root/ros_canopen/install/can_msgs/share/can_msgs/cmake/ament_cmake_export_include_directories-extras.cmake
[0.520s] -- Up-to-date symlink: /root/ros_canopen/install/can_msgs/share/can_msgs/cmake/rosidl_cmake_export_typesupport_libraries-extras.cmake
[0.520s] -- Up-to-date symlink: /root/ros_canopen/install/can_msgs/share/can_msgs/cmake/rosidl_cmake_export_typesupport_targets-extras.cmake
[0.521s] -- Up-to-date symlink: /root/ros_canopen/install/can_msgs/share/can_msgs/cmake/can_msgsConfig.cmake
[0.521s] -- Up-to-date symlink: /root/ros_canopen/install/can_msgs/share/can_msgs/cmake/can_msgsConfig-version.cmake
[0.521s] -- Up-to-date symlink: /root/ros_canopen/install/can_msgs/share/can_msgs/package.xml
[0.522s] -- Up-to-date: /root/ros_canopen/install/can_msgs/lib/libcan_msgs__rosidl_generator_c.so
[0.523s] -- Up-to-date: /root/ros_canopen/install/can_msgs/lib/libcan_msgs__rosidl_typesupport_introspection_c.so
[0.523s] -- Up-to-date: /root/ros_canopen/install/can_msgs/lib/libcan_msgs__rosidl_typesupport_c.so
[0.524s] -- Up-to-date: /root/ros_canopen/install/can_msgs/lib/libcan_msgs__rosidl_typesupport_introspection_cpp.so
[0.524s] -- Up-to-date: /root/ros_canopen/install/can_msgs/lib/libcan_msgs__rosidl_typesupport_cpp.so
[0.573s] -- Up-to-date: /root/ros_canopen/install/can_msgs/share/can_msgs/cmake/can_msgs__rosidl_generator_cExport.cmake
[0.573s] -- Up-to-date: /root/ros_canopen/install/can_msgs/share/can_msgs/cmake/can_msgs__rosidl_generator_cExport-noconfig.cmake
[0.574s] -- Up-to-date: /root/ros_canopen/install/can_msgs/share/can_msgs/cmake/can_msgs__rosidl_typesupport_introspection_cExport.cmake
[0.574s] -- Up-to-date: /root/ros_canopen/install/can_msgs/share/can_msgs/cmake/can_msgs__rosidl_typesupport_introspection_cExport-noconfig.cmake
[0.574s] -- Up-to-date: /root/ros_canopen/install/can_msgs/share/can_msgs/cmake/can_msgs__rosidl_typesupport_cExport.cmake
[0.574s] -- Up-to-date: /root/ros_canopen/install/can_msgs/share/can_msgs/cmake/can_msgs__rosidl_typesupport_cExport-noconfig.cmake
[0.575s] -- Up-to-date: /root/ros_canopen/install/can_msgs/share/can_msgs/cmake/can_msgs__rosidl_generator_cppExport.cmake
[0.577s] -- Up-to-date: /root/ros_canopen/install/can_msgs/share/can_msgs/cmake/can_msgs__rosidl_typesupport_introspection_cppExport.cmake
[0.578s] -- Up-to-date: /root/ros_canopen/install/can_msgs/share/can_msgs/cmake/can_msgs__rosidl_typesupport_introspection_cppExport-noconfig.cmake
[0.578s] -- Up-to-date: /root/ros_canopen/install/can_msgs/share/can_msgs/cmake/can_msgs__rosidl_typesupport_cppExport.cmake
[0.578s] -- Up-to-date: /root/ros_canopen/install/can_msgs/share/can_msgs/cmake/can_msgs__rosidl_typesupport_cppExport-noconfig.cmake
[0.578s] Invoked command in '/root/ros_canopen/build/can_msgs' returned '0': CMAKE_PREFIX_PATH=/opt/ros/foxy /usr/bin/cmake --install /root/ros_canopen/build/can_msgs
