In file included from [01m[K/root/ros_canopen/socketcan_interface/include/socketcan_interface/interface.h:12[m[K,
                 from [01m[K/root/ros_canopen/socketcan_interface/include/socketcan_interface/asio_base.h:4[m[K,
                 from [01m[K/root/ros_canopen/socketcan_interface/include/socketcan_interface/socketcan.h:4[m[K,
                 from [01m[K/root/ros_canopen/socketcan_interface/src/candump.cpp:7[m[K:
[01m[K/root/ros_canopen/socketcan_interface/include/socketcan_interface/settings.h:[m[K In member function ‘[01m[Kvirtual bool can::NoSettings::getRepr(const string&, std::string&) const[m[K’:
[01m[K/root/ros_canopen/socketcan_interface/include/socketcan_interface/settings.h:38:47:[m[K [01;35m[Kwarning: [m[Kunused parameter ‘[01m[Kn[m[K’ [[01;35m[K-Wunused-parameter[m[K]
   38 |       virtual bool getRepr([01;35m[Kconst std::string &n[m[K, std::string & repr) const { return false; }
      |                            [01;35m[K~~~~~~~~~~~~~~~~~~~^[m[K
[01m[K/root/ros_canopen/socketcan_interface/include/socketcan_interface/settings.h:38:64:[m[K [01;35m[Kwarning: [m[Kunused parameter ‘[01m[Krepr[m[K’ [[01;35m[K-Wunused-parameter[m[K]
   38 |       virtual bool getRepr(const std::string &n, [01;35m[Kstd::string & repr[m[K) const { return false; }
      |                                                  [01;35m[K~~~~~~~~~~~~~~^~~~[m[K
In file included from [01m[K/root/ros_canopen/socketcan_interface/include/socketcan_interface/asio_base.h:4[m[K,
                 from [01m[K/root/ros_canopen/socketcan_interface/include/socketcan_interface/socketcan.h:4[m[K,
                 from [01m[K/root/ros_canopen/socketcan_interface/src/candump.cpp:7[m[K:
[01m[K/root/ros_canopen/socketcan_interface/include/socketcan_interface/interface.h:[m[K In member function ‘[01m[Kvirtual bool can::DriverInterface::init(const string&, bool, can::SettingsConstSharedPtr)[m[K’:
[01m[K/root/ros_canopen/socketcan_interface/include/socketcan_interface/interface.h:190:88:[m[K [01;35m[Kwarning: [m[Kunused parameter ‘[01m[Ksettings[m[K’ [[01;35m[K-Wunused-parameter[m[K]
  190 |     virtual bool init(const std::string &device, bool loopback, [01;35m[KSettingsConstSharedPtr settings[m[K) {
      |                                                                 [01;35m[K~~~~~~~~~~~~~~~~~~~~~~~^~~~~~~~[m[K
In file included from [01m[K/root/ros_canopen/socketcan_interface/src/candump.cpp:7[m[K:
[01m[K/root/ros_canopen/socketcan_interface/include/socketcan_interface/socketcan.h:[m[K In member function ‘[01m[Kbool can::SocketCANInterface::init(const string&, bool, can_err_mask_t, can_err_mask_t)[m[K’:
[01m[K/root/ros_canopen/socketcan_interface/include/socketcan_interface/socketcan.h:180:42:[m[K [01;35m[Kwarning: [m[Kmissing initializer for member ‘[01m[Ksockaddr_can::can_ifindex[m[K’ [[01;35m[K-Wmissing-field-initializers[m[K]
  180 |             struct sockaddr_can addr = {0[01;35m[K}[m[K;
      |                                          [01;35m[K^[m[K
[01m[K/root/ros_canopen/socketcan_interface/include/socketcan_interface/socketcan.h:180:42:[m[K [01;35m[Kwarning: [m[Kmissing initializer for member ‘[01m[Ksockaddr_can::can_addr[m[K’ [[01;35m[K-Wmissing-field-initializers[m[K]
[01m[K/root/ros_canopen/socketcan_interface/include/socketcan_interface/socketcan.h:[m[K In member function ‘[01m[Kvirtual bool can::SocketCANInterface::enqueue(const can::Frame&)[m[K’:
[01m[K/root/ros_canopen/socketcan_interface/include/socketcan_interface/socketcan.h:216:29:[m[K [01;35m[Kwarning: [m[Kmissing initializer for member ‘[01m[Kcan_frame::can_dlc[m[K’ [[01;35m[K-Wmissing-field-initializers[m[K]
  216 |         can_frame frame = {0[01;35m[K}[m[K;
      |                             [01;35m[K^[m[K
[01m[K/root/ros_canopen/socketcan_interface/include/socketcan_interface/socketcan.h:216:29:[m[K [01;35m[Kwarning: [m[Kmissing initializer for member ‘[01m[Kcan_frame::__pad[m[K’ [[01;35m[K-Wmissing-field-initializers[m[K]
[01m[K/root/ros_canopen/socketcan_interface/include/socketcan_interface/socketcan.h:216:29:[m[K [01;35m[Kwarning: [m[Kmissing initializer for member ‘[01m[Kcan_frame::__res0[m[K’ [[01;35m[K-Wmissing-field-initializers[m[K]
[01m[K/root/ros_canopen/socketcan_interface/include/socketcan_interface/socketcan.h:216:29:[m[K [01;35m[Kwarning: [m[Kmissing initializer for member ‘[01m[Kcan_frame::__res1[m[K’ [[01;35m[K-Wmissing-field-initializers[m[K]
[01m[K/root/ros_canopen/socketcan_interface/include/socketcan_interface/socketcan.h:216:29:[m[K [01;35m[Kwarning: [m[Kmissing initializer for member ‘[01m[Kcan_frame::data[m[K’ [[01;35m[K-Wmissing-field-initializers[m[K]
