[0.032s] Invoking command in '/root/ros_canopen/build/socketcan_interface': CMAKE_PREFIX_PATH=/opt/ros/foxy /usr/bin/cmake --build /root/ros_canopen/build/socketcan_interface -- -j4 -l4
[0.079s] -- Found ament_cmake: 0.9.8 (/opt/ros/foxy/share/ament_cmake/cmake)
[0.101s] -- Using PYTHON_EXECUTABLE: /usr/bin/python3
[0.319s] -- Override CMake install command with custom implementation using symlinks instead of copying resources
[0.331s] -- Found class_loader: 2.0.2 (/opt/ros/foxy/share/class_loader/cmake)
[0.352s] -- Found rosidl_default_generators: 1.0.1 (/opt/ros/foxy/share/rosidl_default_generators/cmake)
[0.355s] -- Using all available rosidl_typesupport_c: rosidl_typesupport_fastrtps_c;rosidl_typesupport_introspection_c
[0.360s] -- Found rosidl_adapter: 1.2.1 (/opt/ros/foxy/share/rosidl_adapter/cmake)
[0.499s] -- Using all available rosidl_typesupport_cpp: rosidl_typesupport_fastrtps_cpp;rosidl_typesupport_introspection_cpp
[0.660s] -- Configuring done
[0.675s] -- Generating done
[0.677s] -- Build files have been written to: /root/ros_canopen/build/socketcan_interface
[0.719s] [ 25%] Built target socketcan_interface_string
[0.720s] [ 50%] Built target socketcan_interface_plugin
[0.735s] [35m[1mScanning dependencies of target socketcan_dump[0m
[0.749s] [ 75%] Built target socketcan_bcm
[0.751s] [ 87%] [32mBuilding CXX object CMakeFiles/socketcan_dump.dir/src/candump.cpp.o[0m
[2.734s] In file included from [01m[K/root/ros_canopen/socketcan_interface/include/socketcan_interface/interface.h:12[m[K,
[2.734s]                  from [01m[K/root/ros_canopen/socketcan_interface/include/socketcan_interface/asio_base.h:4[m[K,
[2.734s]                  from [01m[K/root/ros_canopen/socketcan_interface/include/socketcan_interface/socketcan.h:4[m[K,
[2.735s]                  from [01m[K/root/ros_canopen/socketcan_interface/src/candump.cpp:7[m[K:
[2.735s] [01m[K/root/ros_canopen/socketcan_interface/include/socketcan_interface/settings.h:[m[K In member function ‘[01m[Kvirtual bool can::NoSettings::getRepr(const string&, std::string&) const[m[K’:
[2.735s] [01m[K/root/ros_canopen/socketcan_interface/include/socketcan_interface/settings.h:38:47:[m[K [01;35m[Kwarning: [m[Kunused parameter ‘[01m[Kn[m[K’ [[01;35m[K-Wunused-parameter[m[K]
[2.735s]    38 |       virtual bool getRepr([01;35m[Kconst std::string &n[m[K, std::string & repr) const { return false; }
[2.735s]       |                            [01;35m[K~~~~~~~~~~~~~~~~~~~^[m[K
[2.735s] [01m[K/root/ros_canopen/socketcan_interface/include/socketcan_interface/settings.h:38:64:[m[K [01;35m[Kwarning: [m[Kunused parameter ‘[01m[Krepr[m[K’ [[01;35m[K-Wunused-parameter[m[K]
[2.736s]    38 |       virtual bool getRepr(const std::string &n, [01;35m[Kstd::string & repr[m[K) const { return false; }
[2.736s]       |                                                  [01;35m[K~~~~~~~~~~~~~~^~~~[m[K
[2.756s] In file included from [01m[K/root/ros_canopen/socketcan_interface/include/socketcan_interface/asio_base.h:4[m[K,
[2.757s]                  from [01m[K/root/ros_canopen/socketcan_interface/include/socketcan_interface/socketcan.h:4[m[K,
[2.757s]                  from [01m[K/root/ros_canopen/socketcan_interface/src/candump.cpp:7[m[K:
[2.757s] [01m[K/root/ros_canopen/socketcan_interface/include/socketcan_interface/interface.h:[m[K In member function ‘[01m[Kvirtual bool can::DriverInterface::init(const string&, bool, can::SettingsConstSharedPtr)[m[K’:
[2.757s] [01m[K/root/ros_canopen/socketcan_interface/include/socketcan_interface/interface.h:190:88:[m[K [01;35m[Kwarning: [m[Kunused parameter ‘[01m[Ksettings[m[K’ [[01;35m[K-Wunused-parameter[m[K]
[2.757s]   190 |     virtual bool init(const std::string &device, bool loopback, [01;35m[KSettingsConstSharedPtr settings[m[K) {
[2.758s]       |                                                                 [01;35m[K~~~~~~~~~~~~~~~~~~~~~~~^~~~~~~~[m[K
[3.588s] In file included from [01m[K/root/ros_canopen/socketcan_interface/src/candump.cpp:7[m[K:
[3.588s] [01m[K/root/ros_canopen/socketcan_interface/include/socketcan_interface/socketcan.h:[m[K In member function ‘[01m[Kbool can::SocketCANInterface::init(const string&, bool, can_err_mask_t, can_err_mask_t)[m[K’:
[3.588s] [01m[K/root/ros_canopen/socketcan_interface/include/socketcan_interface/socketcan.h:180:42:[m[K [01;35m[Kwarning: [m[Kmissing initializer for member ‘[01m[Ksockaddr_can::can_ifindex[m[K’ [[01;35m[K-Wmissing-field-initializers[m[K]
[3.589s]   180 |             struct sockaddr_can addr = {0[01;35m[K}[m[K;
[3.589s]       |                                          [01;35m[K^[m[K
[3.589s] [01m[K/root/ros_canopen/socketcan_interface/include/socketcan_interface/socketcan.h:180:42:[m[K [01;35m[Kwarning: [m[Kmissing initializer for member ‘[01m[Ksockaddr_can::can_addr[m[K’ [[01;35m[K-Wmissing-field-initializers[m[K]
[3.591s] [01m[K/root/ros_canopen/socketcan_interface/include/socketcan_interface/socketcan.h:[m[K In member function ‘[01m[Kvirtual bool can::SocketCANInterface::enqueue(const can::Frame&)[m[K’:
[3.591s] [01m[K/root/ros_canopen/socketcan_interface/include/socketcan_interface/socketcan.h:216:29:[m[K [01;35m[Kwarning: [m[Kmissing initializer for member ‘[01m[Kcan_frame::can_dlc[m[K’ [[01;35m[K-Wmissing-field-initializers[m[K]
[3.591s]   216 |         can_frame frame = {0[01;35m[K}[m[K;
[3.591s]       |                             [01;35m[K^[m[K
[3.592s] [01m[K/root/ros_canopen/socketcan_interface/include/socketcan_interface/socketcan.h:216:29:[m[K [01;35m[Kwarning: [m[Kmissing initializer for member ‘[01m[Kcan_frame::__pad[m[K’ [[01;35m[K-Wmissing-field-initializers[m[K]
[3.592s] [01m[K/root/ros_canopen/socketcan_interface/include/socketcan_interface/socketcan.h:216:29:[m[K [01;35m[Kwarning: [m[Kmissing initializer for member ‘[01m[Kcan_frame::__res0[m[K’ [[01;35m[K-Wmissing-field-initializers[m[K]
[3.592s] [01m[K/root/ros_canopen/socketcan_interface/include/socketcan_interface/socketcan.h:216:29:[m[K [01;35m[Kwarning: [m[Kmissing initializer for member ‘[01m[Kcan_frame::__res1[m[K’ [[01;35m[K-Wmissing-field-initializers[m[K]
[3.592s] [01m[K/root/ros_canopen/socketcan_interface/include/socketcan_interface/socketcan.h:216:29:[m[K [01;35m[Kwarning: [m[Kmissing initializer for member ‘[01m[Kcan_frame::data[m[K’ [[01;35m[K-Wmissing-field-initializers[m[K]
[6.167s] [100%] [32m[1mLinking CXX executable socketcan_dump[0m
[6.362s] [100%] Built target socketcan_dump
[6.374s] Invoked command in '/root/ros_canopen/build/socketcan_interface' returned '0': CMAKE_PREFIX_PATH=/opt/ros/foxy /usr/bin/cmake --build /root/ros_canopen/build/socketcan_interface -- -j4 -l4
[6.406s] Invoking command in '/root/ros_canopen/build/socketcan_interface': CMAKE_PREFIX_PATH=/opt/ros/foxy /usr/bin/cmake --install /root/ros_canopen/build/socketcan_interface
[6.414s] -- Install configuration: ""
[6.415s] -- Execute custom install script
[6.416s] -- Symlinking: /root/ros_canopen/install/socketcan_interface/lib/socketcan_interface/socketcan_bcm
[6.429s] -- Symlinking: /root/ros_canopen/install/socketcan_interface/lib/socketcan_interface/socketcan_dump
[6.439s] -- Symlinking: /root/ros_canopen/install/socketcan_interface/lib/libsocketcan_interface_plugin.a
[6.449s] -- Symlinking: /root/ros_canopen/install/socketcan_interface/lib/libsocketcan_interface_string.a
[6.459s] -- Symlinking: /root/ros_canopen/install/socketcan_interface/share/socketcan_interface/socketcan_interface_plugin.xml
[6.468s] -- Symlinking: /root/ros_canopen/install/socketcan_interface/share/ament_index/resource_index/package_run_dependencies/socketcan_interface
[6.479s] -- Symlinking: /root/ros_canopen/install/socketcan_interface/share/ament_index/resource_index/parent_prefix_path/socketcan_interface
[6.489s] -- Symlinking: /root/ros_canopen/install/socketcan_interface/share/socketcan_interface/environment/ament_prefix_path.sh
[6.499s] -- Symlinking: /root/ros_canopen/install/socketcan_interface/share/socketcan_interface/environment/ament_prefix_path.dsv
[6.508s] -- Symlinking: /root/ros_canopen/install/socketcan_interface/share/socketcan_interface/environment/path.sh
[6.517s] -- Symlinking: /root/ros_canopen/install/socketcan_interface/share/socketcan_interface/environment/path.dsv
[6.536s] -- Symlinking: /root/ros_canopen/install/socketcan_interface/share/socketcan_interface/local_setup.bash
[6.542s] -- Symlinking: /root/ros_canopen/install/socketcan_interface/share/socketcan_interface/local_setup.sh
[6.551s] -- Symlinking: /root/ros_canopen/install/socketcan_interface/share/socketcan_interface/local_setup.zsh
[6.561s] -- Symlinking: /root/ros_canopen/install/socketcan_interface/share/socketcan_interface/local_setup.dsv
[6.571s] -- Symlinking: /root/ros_canopen/install/socketcan_interface/share/socketcan_interface/package.dsv
[6.580s] -- Symlinking: /root/ros_canopen/install/socketcan_interface/share/ament_index/resource_index/packages/socketcan_interface
[6.590s] -- Symlinking: /root/ros_canopen/install/socketcan_interface/share/socketcan_interface/cmake/ament_cmake_export_dependencies-extras.cmake
[6.599s] -- Symlinking: /root/ros_canopen/install/socketcan_interface/share/socketcan_interface/cmake/ament_cmake_export_include_directories-extras.cmake
[6.609s] -- Symlinking: /root/ros_canopen/install/socketcan_interface/share/socketcan_interface/cmake/socketcan_interfaceConfig.cmake
[6.618s] -- Symlinking: /root/ros_canopen/install/socketcan_interface/share/socketcan_interface/cmake/socketcan_interfaceConfig-version.cmake
[6.631s] -- Symlinking: /root/ros_canopen/install/socketcan_interface/share/socketcan_interface/package.xml
[6.642s] -- Installing: /root/ros_canopen/install/socketcan_interface/include
[6.642s] -- Installing: /root/ros_canopen/install/socketcan_interface/include/make_shared.h
[6.646s] -- Installing: /root/ros_canopen/install/socketcan_interface/include/interface.h
[6.647s] -- Installing: /root/ros_canopen/install/socketcan_interface/include/string.h
[6.648s] -- Installing: /root/ros_canopen/install/socketcan_interface/include/delegates.h
[6.648s] -- Installing: /root/ros_canopen/install/socketcan_interface/include/bcm.h
[6.649s] -- Installing: /root/ros_canopen/install/socketcan_interface/include/asio_base.h
[6.650s] -- Installing: /root/ros_canopen/install/socketcan_interface/include/socketcan.h
[6.650s] -- Installing: /root/ros_canopen/install/socketcan_interface/include/threading.h
[6.651s] -- Installing: /root/ros_canopen/install/socketcan_interface/include/dispatcher.h
[6.651s] -- Installing: /root/ros_canopen/install/socketcan_interface/include/settings.h
[6.652s] -- Installing: /root/ros_canopen/install/socketcan_interface/include/logging.h
[6.652s] -- Installing: /root/ros_canopen/install/socketcan_interface/include/filter.h
[6.653s] -- Installing: /root/ros_canopen/install/socketcan_interface/include/dummy.h
[6.653s] -- Installing: /root/ros_canopen/install/socketcan_interface/include/reader.h
[6.653s] -- Installing: /root/ros_canopen/install/socketcan_interface/include/xmlrpc_settings.h
[6.660s] Invoked command in '/root/ros_canopen/build/socketcan_interface' returned '0': CMAKE_PREFIX_PATH=/opt/ros/foxy /usr/bin/cmake --install /root/ros_canopen/build/socketcan_interface
