[0.024s] Invoking command in '/root/ros_canopen/build/can_msgs': CMAKE_PREFIX_PATH=/opt/ros/foxy /usr/bin/cmake --build /root/ros_canopen/build/can_msgs -- -j4 -l4
[0.120s] [  6%] Built target can_msgs__cpp
[0.120s] [ 12%] Built target can_msgs__rosidl_generator_c
[0.166s] [ 22%] Built target can_msgs__rosidl_typesupport_cpp
[0.169s] [ 32%] Built target can_msgs__rosidl_typesupport_fastrtps_cpp
[0.174s] [ 41%] Built target can_msgs__rosidl_typesupport_introspection_cpp
[0.193s] [ 51%] Built target can_msgs__rosidl_typesupport_c
[0.213s] [ 61%] Built target can_msgs__rosidl_typesupport_introspection_c
[0.218s] [ 70%] Built target can_msgs__rosidl_typesupport_fastrtps_c
[0.244s] [ 70%] Built target can_msgs
[0.269s] [ 74%] Built target can_msgs__py
[0.304s] [ 80%] Built target can_msgs__python
[0.350s] [ 87%] Built target can_msgs__rosidl_typesupport_fastrtps_c__pyext
[0.354s] [ 93%] Built target can_msgs__rosidl_typesupport_introspection_c__pyext
[0.359s] [100%] Built target can_msgs__rosidl_typesupport_c__pyext
[0.372s] Invoked command in '/root/ros_canopen/build/can_msgs' returned '0': CMAKE_PREFIX_PATH=/opt/ros/foxy /usr/bin/cmake --build /root/ros_canopen/build/can_msgs -- -j4 -l4
[0.500s] Invoking command in '/root/ros_canopen/build/can_msgs': CMAKE_PREFIX_PATH=/opt/ros/foxy /usr/bin/cmake --install /root/ros_canopen/build/can_msgs
[0.517s] -- Install configuration: ""
[0.518s] -- Execute custom install script
[0.519s] -- Up-to-date symlink: /root/ros_canopen/install/can_msgs/share/ament_index/resource_index/rosidl_interfaces/can_msgs
[0.520s] -- Up-to-date symlink: /root/ros_canopen/install/can_msgs/include/can_msgs/msg/detail/frame__functions.h
[0.520s] -- Up-to-date symlink: /root/ros_canopen/install/can_msgs/include/can_msgs/msg/detail/frame__struct.h
[0.521s] -- Up-to-date symlink: /root/ros_canopen/install/can_msgs/include/can_msgs/msg/detail/frame__type_support.h
[0.521s] -- Up-to-date symlink: /root/ros_canopen/install/can_msgs/include/can_msgs/msg/frame.h
[0.522s] -- Up-to-date symlink: /root/ros_canopen/install/can_msgs/include/can_msgs/msg/rosidl_generator_c__visibility_control.h
[0.522s] -- Up-to-date symlink: /root/ros_canopen/install/can_msgs/share/can_msgs/environment/library_path.sh
[0.522s] -- Up-to-date symlink: /root/ros_canopen/install/can_msgs/share/can_msgs/environment/library_path.dsv
[0.524s] -- Up-to-date symlink: /root/ros_canopen/install/can_msgs/include/can_msgs/msg/detail/frame__rosidl_typesupport_fastrtps_c.h
[0.524s] -- Up-to-date symlink: /root/ros_canopen/install/can_msgs/include/can_msgs/msg/rosidl_typesupport_fastrtps_c__visibility_control.h
[0.525s] -- Up-to-date symlink: /root/ros_canopen/install/can_msgs/lib/libcan_msgs__rosidl_typesupport_fastrtps_c.so
[0.526s] -- Up-to-date symlink: /root/ros_canopen/install/can_msgs/include/can_msgs/msg/detail/frame__rosidl_typesupport_fastrtps_cpp.hpp
[0.526s] -- Up-to-date symlink: /root/ros_canopen/install/can_msgs/include/can_msgs/msg/rosidl_typesupport_fastrtps_cpp__visibility_control.h
[0.527s] -- Up-to-date symlink: /root/ros_canopen/install/can_msgs/lib/libcan_msgs__rosidl_typesupport_fastrtps_cpp.so
[0.528s] -- Up-to-date symlink: /root/ros_canopen/install/can_msgs/include/can_msgs/msg/detail/frame__rosidl_typesupport_introspection_c.h
[0.528s] -- Up-to-date symlink: /root/ros_canopen/install/can_msgs/include/can_msgs/msg/rosidl_typesupport_introspection_c__visibility_control.h
[0.529s] -- Up-to-date symlink: /root/ros_canopen/install/can_msgs/include/can_msgs/msg/detail/frame__builder.hpp
[0.529s] -- Up-to-date symlink: /root/ros_canopen/install/can_msgs/include/can_msgs/msg/detail/frame__struct.hpp
[0.530s] -- Up-to-date symlink: /root/ros_canopen/install/can_msgs/include/can_msgs/msg/detail/frame__traits.hpp
[0.530s] -- Up-to-date symlink: /root/ros_canopen/install/can_msgs/include/can_msgs/msg/frame.hpp
[0.531s] -- Up-to-date symlink: /root/ros_canopen/install/can_msgs/include/can_msgs/msg/detail/frame__rosidl_typesupport_introspection_cpp.hpp
[0.531s] -- Up-to-date symlink: /root/ros_canopen/install/can_msgs/share/can_msgs/environment/pythonpath.sh
[0.532s] -- Up-to-date symlink: /root/ros_canopen/install/can_msgs/share/can_msgs/environment/pythonpath.dsv
[0.532s] -- Up-to-date symlink: /root/ros_canopen/install/can_msgs/lib/python3.8/site-packages/can_msgs/__init__.py
[0.533s] -- Up-to-date symlink: /root/ros_canopen/install/can_msgs/lib/python3.8/site-packages/can_msgs/msg/__init__.py
[0.533s] -- Up-to-date symlink: /root/ros_canopen/install/can_msgs/lib/python3.8/site-packages/can_msgs/msg/_frame.py
[0.534s] -- Up-to-date symlink: /root/ros_canopen/install/can_msgs/lib/python3.8/site-packages/can_msgs/can_msgs_s__rosidl_typesupport_fastrtps_c.cpython-38-x86_64-linux-gnu.so
[0.535s] -- Up-to-date symlink: /root/ros_canopen/install/can_msgs/lib/python3.8/site-packages/can_msgs/can_msgs_s__rosidl_typesupport_introspection_c.cpython-38-x86_64-linux-gnu.so
[0.536s] -- Up-to-date symlink: /root/ros_canopen/install/can_msgs/lib/python3.8/site-packages/can_msgs/can_msgs_s__rosidl_typesupport_c.cpython-38-x86_64-linux-gnu.so
[0.536s] -- Up-to-date symlink: /root/ros_canopen/install/can_msgs/lib/libcan_msgs__python.so
[0.537s] -- Up-to-date symlink: /root/ros_canopen/install/can_msgs/share/can_msgs/msg/Frame.idl
[0.537s] -- Up-to-date symlink: /root/ros_canopen/install/can_msgs/share/can_msgs/msg/Frame.msg
[0.538s] -- Up-to-date symlink: /root/ros_canopen/install/can_msgs/share/ament_index/resource_index/package_run_dependencies/can_msgs
[0.538s] -- Up-to-date symlink: /root/ros_canopen/install/can_msgs/share/ament_index/resource_index/parent_prefix_path/can_msgs
[0.539s] -- Up-to-date symlink: /root/ros_canopen/install/can_msgs/share/can_msgs/environment/ament_prefix_path.sh
[0.539s] -- Up-to-date symlink: /root/ros_canopen/install/can_msgs/share/can_msgs/environment/ament_prefix_path.dsv
[0.540s] -- Up-to-date symlink: /root/ros_canopen/install/can_msgs/share/can_msgs/environment/path.sh
[0.540s] -- Up-to-date symlink: /root/ros_canopen/install/can_msgs/share/can_msgs/environment/path.dsv
[0.541s] -- Up-to-date symlink: /root/ros_canopen/install/can_msgs/share/can_msgs/local_setup.bash
[0.541s] -- Up-to-date symlink: /root/ros_canopen/install/can_msgs/share/can_msgs/local_setup.sh
[0.542s] -- Up-to-date symlink: /root/ros_canopen/install/can_msgs/share/can_msgs/local_setup.zsh
[0.542s] -- Up-to-date symlink: /root/ros_canopen/install/can_msgs/share/can_msgs/local_setup.dsv
[0.542s] -- Symlinking: /root/ros_canopen/install/can_msgs/share/can_msgs/package.dsv
[0.557s] -- Up-to-date symlink: /root/ros_canopen/install/can_msgs/share/ament_index/resource_index/packages/can_msgs
[0.557s] -- Up-to-date symlink: /root/ros_canopen/install/can_msgs/share/can_msgs/cmake/rosidl_cmake-extras.cmake
[0.558s] -- Up-to-date symlink: /root/ros_canopen/install/can_msgs/share/can_msgs/cmake/ament_cmake_export_dependencies-extras.cmake
[0.559s] -- Up-to-date symlink: /root/ros_canopen/install/can_msgs/share/can_msgs/cmake/ament_cmake_export_libraries-extras.cmake
[0.559s] -- Up-to-date symlink: /root/ros_canopen/install/can_msgs/share/can_msgs/cmake/ament_cmake_export_targets-extras.cmake
[0.560s] -- Up-to-date symlink: /root/ros_canopen/install/can_msgs/share/can_msgs/cmake/ament_cmake_export_include_directories-extras.cmake
[0.560s] -- Up-to-date symlink: /root/ros_canopen/install/can_msgs/share/can_msgs/cmake/rosidl_cmake_export_typesupport_libraries-extras.cmake
[0.561s] -- Up-to-date symlink: /root/ros_canopen/install/can_msgs/share/can_msgs/cmake/rosidl_cmake_export_typesupport_targets-extras.cmake
[0.561s] -- Up-to-date symlink: /root/ros_canopen/install/can_msgs/share/can_msgs/cmake/can_msgsConfig.cmake
[0.562s] -- Up-to-date symlink: /root/ros_canopen/install/can_msgs/share/can_msgs/cmake/can_msgsConfig-version.cmake
[0.562s] -- Up-to-date symlink: /root/ros_canopen/install/can_msgs/share/can_msgs/package.xml
[0.563s] -- Up-to-date: /root/ros_canopen/install/can_msgs/lib/libcan_msgs__rosidl_generator_c.so
[0.563s] -- Up-to-date: /root/ros_canopen/install/can_msgs/lib/libcan_msgs__rosidl_typesupport_introspection_c.so
[0.564s] -- Up-to-date: /root/ros_canopen/install/can_msgs/lib/libcan_msgs__rosidl_typesupport_c.so
[0.565s] -- Up-to-date: /root/ros_canopen/install/can_msgs/lib/libcan_msgs__rosidl_typesupport_introspection_cpp.so
[0.566s] -- Up-to-date: /root/ros_canopen/install/can_msgs/lib/libcan_msgs__rosidl_typesupport_cpp.so
[0.630s] -- Up-to-date: /root/ros_canopen/install/can_msgs/share/can_msgs/cmake/can_msgs__rosidl_generator_cExport.cmake
[0.630s] -- Up-to-date: /root/ros_canopen/install/can_msgs/share/can_msgs/cmake/can_msgs__rosidl_generator_cExport-noconfig.cmake
[0.630s] -- Up-to-date: /root/ros_canopen/install/can_msgs/share/can_msgs/cmake/can_msgs__rosidl_typesupport_introspection_cExport.cmake
[0.630s] -- Up-to-date: /root/ros_canopen/install/can_msgs/share/can_msgs/cmake/can_msgs__rosidl_typesupport_introspection_cExport-noconfig.cmake
[0.631s] -- Up-to-date: /root/ros_canopen/install/can_msgs/share/can_msgs/cmake/can_msgs__rosidl_typesupport_cExport.cmake
[0.631s] -- Up-to-date: /root/ros_canopen/install/can_msgs/share/can_msgs/cmake/can_msgs__rosidl_typesupport_cExport-noconfig.cmake
[0.631s] -- Up-to-date: /root/ros_canopen/install/can_msgs/share/can_msgs/cmake/can_msgs__rosidl_generator_cppExport.cmake
[0.631s] -- Up-to-date: /root/ros_canopen/install/can_msgs/share/can_msgs/cmake/can_msgs__rosidl_typesupport_introspection_cppExport.cmake
[0.631s] -- Up-to-date: /root/ros_canopen/install/can_msgs/share/can_msgs/cmake/can_msgs__rosidl_typesupport_introspection_cppExport-noconfig.cmake
[0.632s] -- Up-to-date: /root/ros_canopen/install/can_msgs/share/can_msgs/cmake/can_msgs__rosidl_typesupport_cppExport.cmake
[0.632s] -- Up-to-date: /root/ros_canopen/install/can_msgs/share/can_msgs/cmake/can_msgs__rosidl_typesupport_cppExport-noconfig.cmake
[0.636s] Invoked command in '/root/ros_canopen/build/can_msgs' returned '0': CMAKE_PREFIX_PATH=/opt/ros/foxy /usr/bin/cmake --install /root/ros_canopen/build/can_msgs
