In file included from [01m[K/root/ros_canopen/socketcan_interface/include/socketcan_interface/interface.hpp:12[m[K,
                 from [01m[K/root/ros_canopen/socketcan_interface/include/socketcan_interface/string.hpp:4[m[K,
                 from [01m[K/root/ros_canopen/socketcan_interface/src/string.cpp:1[m[K:
[01m[K/root/ros_canopen/socketcan_interface/include/socketcan_interface/settings.hpp:[m[K In member function ‘[01m[Kvirtual bool can::NoSettings::getRepr(const string&, std::string&) const[m[K’:
[01m[K/root/ros_canopen/socketcan_interface/include/socketcan_interface/settings.hpp:38:47:[m[K [01;35m[Kwarning: [m[Kunused parameter ‘[01m[Kn[m[K’ [[01;35m[K-Wunused-parameter[m[K]
   38 |       virtual bool getRepr([01;35m[Kconst std::string &n[m[K, std::string & repr) const { return false; }
      |                            [01;35m[K~~~~~~~~~~~~~~~~~~~^[m[K
[01m[K/root/ros_canopen/socketcan_interface/include/socketcan_interface/settings.hpp:38:64:[m[K [01;35m[Kwarning: [m[Kunused parameter ‘[01m[Krepr[m[K’ [[01;35m[K-Wunused-parameter[m[K]
   38 |       virtual bool getRepr(const std::string &n, [01;35m[Kstd::string & repr[m[K) const { return false; }
      |                                                  [01;35m[K~~~~~~~~~~~~~~^~~~[m[K
In file included from [01m[K/root/ros_canopen/socketcan_interface/include/socketcan_interface/string.hpp:4[m[K,
                 from [01m[K/root/ros_canopen/socketcan_interface/src/string.cpp:1[m[K:
[01m[K/root/ros_canopen/socketcan_interface/include/socketcan_interface/interface.hpp:[m[K In member function ‘[01m[Kvirtual bool can::DriverInterface::init(const string&, bool, can::SettingsConstSharedPtr)[m[K’:
[01m[K/root/ros_canopen/socketcan_interface/include/socketcan_interface/interface.hpp:190:88:[m[K [01;35m[Kwarning: [m[Kunused parameter ‘[01m[Ksettings[m[K’ [[01;35m[K-Wunused-parameter[m[K]
  190 |     virtual bool init(const std::string &device, bool loopback, [01;35m[KSettingsConstSharedPtr settings[m[K) {
      |                                                                 [01;35m[K~~~~~~~~~~~~~~~~~~~~~~~^~~~~~~~[m[K
[01m[K/root/ros_canopen/socketcan_interface/src/string.cpp:[m[K In function ‘[01m[Kcan::FrameFilterSharedPtr can::tofilter(const T&) [with T = std::__cxx11::basic_string<char>][m[K’:
[01m[K/root/ros_canopen/socketcan_interface/src/string.cpp:154:12:[m[K [01;35m[Kwarning: [m[Kthis statement may fall through [[01;35m[K-Wimplicit-fallthrough=[m[K]
  154 |     [01;35m[Kinvert = true[m[K;
      |     [01;35m[K~~~~~~~^~~~~~[m[K
[01m[K/root/ros_canopen/socketcan_interface/src/string.cpp:155:4:[m[K [01;36m[Knote: [m[Khere
  155 |    [01;36m[Kcase[m[K ':':
      |    [01;36m[K^~~~[m[K
[01m[K/root/ros_canopen/socketcan_interface/src/string.cpp:159:12:[m[K [01;35m[Kwarning: [m[Kthis statement may fall through [[01;35m[K-Wimplicit-fallthrough=[m[K]
  159 |     [01;35m[Kinvert = true[m[K;
      |     [01;35m[K~~~~~~~^~~~~~[m[K
[01m[K/root/ros_canopen/socketcan_interface/src/string.cpp:160:4:[m[K [01;36m[Knote: [m[Khere
  160 |    [01;36m[Kcase[m[K '-':
      |    [01;36m[K^~~~[m[K
In file included from [01m[K/root/ros_canopen/socketcan_interface/include/socketcan_interface/interface.hpp:12[m[K,
                 from [01m[K/root/ros_canopen/socketcan_interface/include/socketcan_interface/asio_base.hpp:4[m[K,
                 from [01m[K/root/ros_canopen/socketcan_interface/include/socketcan_interface/socketcan.hpp:4[m[K,
                 from [01m[K/root/ros_canopen/socketcan_interface/src/socketcan_interface_plugin.cpp:2[m[K:
[01m[K/root/ros_canopen/socketcan_interface/include/socketcan_interface/settings.hpp:[m[K In member function ‘[01m[Kvirtual bool can::NoSettings::getRepr(const string&, std::string&) const[m[K’:
[01m[K/root/ros_canopen/socketcan_interface/include/socketcan_interface/settings.hpp:38:47:[m[K [01;35m[Kwarning: [m[Kunused parameter ‘[01m[Kn[m[K’ [[01;35m[K-Wunused-parameter[m[K]
   38 |       virtual bool getRepr([01;35m[Kconst std::string &n[m[K, std::string & repr) const { return false; }
      |                            [01;35m[K~~~~~~~~~~~~~~~~~~~^[m[K
[01m[K/root/ros_canopen/socketcan_interface/include/socketcan_interface/settings.hpp:38:64:[m[K [01;35m[Kwarning: [m[Kunused parameter ‘[01m[Krepr[m[K’ [[01;35m[K-Wunused-parameter[m[K]
   38 |       virtual bool getRepr(const std::string &n, [01;35m[Kstd::string & repr[m[K) const { return false; }
      |                                                  [01;35m[K~~~~~~~~~~~~~~^~~~[m[K
In file included from [01m[K/root/ros_canopen/socketcan_interface/include/socketcan_interface/asio_base.hpp:4[m[K,
                 from [01m[K/root/ros_canopen/socketcan_interface/include/socketcan_interface/socketcan.hpp:4[m[K,
                 from [01m[K/root/ros_canopen/socketcan_interface/src/socketcan_interface_plugin.cpp:2[m[K:
[01m[K/root/ros_canopen/socketcan_interface/include/socketcan_interface/interface.hpp:[m[K In member function ‘[01m[Kvirtual bool can::DriverInterface::init(const string&, bool, can::SettingsConstSharedPtr)[m[K’:
[01m[K/root/ros_canopen/socketcan_interface/include/socketcan_interface/interface.hpp:190:88:[m[K [01;35m[Kwarning: [m[Kunused parameter ‘[01m[Ksettings[m[K’ [[01;35m[K-Wunused-parameter[m[K]
  190 |     virtual bool init(const std::string &device, bool loopback, [01;35m[KSettingsConstSharedPtr settings[m[K) {
      |                                                                 [01;35m[K~~~~~~~~~~~~~~~~~~~~~~~^~~~~~~~[m[K
In file included from [01m[K/root/ros_canopen/socketcan_interface/src/socketcan_interface_plugin.cpp:2[m[K:
[01m[K/root/ros_canopen/socketcan_interface/include/socketcan_interface/socketcan.hpp:[m[K In member function ‘[01m[Kbool can::SocketCANInterface::init(const string&, bool, can_err_mask_t, can_err_mask_t)[m[K’:
[01m[K/root/ros_canopen/socketcan_interface/include/socketcan_interface/socketcan.hpp:180:42:[m[K [01;35m[Kwarning: [m[Kmissing initializer for member ‘[01m[Ksockaddr_can::can_ifindex[m[K’ [[01;35m[K-Wmissing-field-initializers[m[K]
  180 |             struct sockaddr_can addr = {0[01;35m[K}[m[K;
      |                                          [01;35m[K^[m[K
[01m[K/root/ros_canopen/socketcan_interface/include/socketcan_interface/socketcan.hpp:180:42:[m[K [01;35m[Kwarning: [m[Kmissing initializer for member ‘[01m[Ksockaddr_can::can_addr[m[K’ [[01;35m[K-Wmissing-field-initializers[m[K]
[01m[K/root/ros_canopen/socketcan_interface/include/socketcan_interface/socketcan.hpp:[m[K In member function ‘[01m[Kvirtual bool can::SocketCANInterface::enqueue(const can::Frame&)[m[K’:
[01m[K/root/ros_canopen/socketcan_interface/include/socketcan_interface/socketcan.hpp:216:29:[m[K [01;35m[Kwarning: [m[Kmissing initializer for member ‘[01m[Kcan_frame::can_dlc[m[K’ [[01;35m[K-Wmissing-field-initializers[m[K]
  216 |         can_frame frame = {0[01;35m[K}[m[K;
      |                             [01;35m[K^[m[K
[01m[K/root/ros_canopen/socketcan_interface/include/socketcan_interface/socketcan.hpp:216:29:[m[K [01;35m[Kwarning: [m[Kmissing initializer for member ‘[01m[Kcan_frame::__pad[m[K’ [[01;35m[K-Wmissing-field-initializers[m[K]
[01m[K/root/ros_canopen/socketcan_interface/include/socketcan_interface/socketcan.hpp:216:29:[m[K [01;35m[Kwarning: [m[Kmissing initializer for member ‘[01m[Kcan_frame::__res0[m[K’ [[01;35m[K-Wmissing-field-initializers[m[K]
[01m[K/root/ros_canopen/socketcan_interface/include/socketcan_interface/socketcan.hpp:216:29:[m[K [01;35m[Kwarning: [m[Kmissing initializer for member ‘[01m[Kcan_frame::__res1[m[K’ [[01;35m[K-Wmissing-field-initializers[m[K]
[01m[K/root/ros_canopen/socketcan_interface/include/socketcan_interface/socketcan.hpp:216:29:[m[K [01;35m[Kwarning: [m[Kmissing initializer for member ‘[01m[Kcan_frame::data[m[K’ [[01;35m[K-Wmissing-field-initializers[m[K]
[01m[K/root/ros_canopen/socketcan_interface/src/socketcan_interface_plugin.cpp:[m[K At global scope:
[01m[K/root/ros_canopen/socketcan_interface/src/socketcan_interface_plugin.cpp:4:75:[m[K [01;35m[Kwarning: [m[Kextra ‘[01m[K;[m[K’ [[01;35m[K-Wpedantic[m[K]
    4 | CLASS_LOADER_REGISTER_CLASS(can::SocketCANInterface, can::DriverInterface)[01;35m[K;[m[K
      |                                                                           [01;35m[K^[m[K
In file included from [01m[K/root/ros_canopen/socketcan_interface/include/socketcan_interface/interface.hpp:12[m[K,
                 from [01m[K/root/ros_canopen/socketcan_interface/include/socketcan_interface/bcm.hpp:4[m[K,
                 from [01m[K/root/ros_canopen/socketcan_interface/src/canbcm.cpp:1[m[K:
[01m[K/root/ros_canopen/socketcan_interface/include/socketcan_interface/settings.hpp:[m[K In member function ‘[01m[Kvirtual bool can::NoSettings::getRepr(const string&, std::string&) const[m[K’:
[01m[K/root/ros_canopen/socketcan_interface/include/socketcan_interface/settings.hpp:38:47:[m[K [01;35m[Kwarning: [m[Kunused parameter ‘[01m[Kn[m[K’ [[01;35m[K-Wunused-parameter[m[K]
   38 |       virtual bool getRepr([01;35m[Kconst std::string &n[m[K, std::string & repr) const { return false; }
      |                            [01;35m[K~~~~~~~~~~~~~~~~~~~^[m[K
[01m[K/root/ros_canopen/socketcan_interface/include/socketcan_interface/settings.hpp:38:64:[m[K [01;35m[Kwarning: [m[Kunused parameter ‘[01m[Krepr[m[K’ [[01;35m[K-Wunused-parameter[m[K]
   38 |       virtual bool getRepr(const std::string &n, [01;35m[Kstd::string & repr[m[K) const { return false; }
      |                                                  [01;35m[K~~~~~~~~~~~~~~^~~~[m[K
In file included from [01m[K/root/ros_canopen/socketcan_interface/include/socketcan_interface/bcm.hpp:4[m[K,
                 from [01m[K/root/ros_canopen/socketcan_interface/src/canbcm.cpp:1[m[K:
[01m[K/root/ros_canopen/socketcan_interface/include/socketcan_interface/interface.hpp:[m[K In member function ‘[01m[Kvirtual bool can::DriverInterface::init(const string&, bool, can::SettingsConstSharedPtr)[m[K’:
[01m[K/root/ros_canopen/socketcan_interface/include/socketcan_interface/interface.hpp:190:88:[m[K [01;35m[Kwarning: [m[Kunused parameter ‘[01m[Ksettings[m[K’ [[01;35m[K-Wunused-parameter[m[K]
  190 |     virtual bool init(const std::string &device, bool loopback, [01;35m[KSettingsConstSharedPtr settings[m[K) {
      |                                                                 [01;35m[K~~~~~~~~~~~~~~~~~~~~~~~^~~~~~~~[m[K
In file included from [01m[K/root/ros_canopen/socketcan_interface/src/canbcm.cpp:1[m[K:
[01m[K/root/ros_canopen/socketcan_interface/include/socketcan_interface/bcm.hpp:[m[K In member function ‘[01m[Kbool can::BCMsocket::init(const string&)[m[K’:
[01m[K/root/ros_canopen/socketcan_interface/include/socketcan_interface/bcm.hpp:69:38:[m[K [01;35m[Kwarning: [m[Kmissing initializer for member ‘[01m[Ksockaddr_can::can_ifindex[m[K’ [[01;35m[K-Wmissing-field-initializers[m[K]
   69 |         struct sockaddr_can addr = {0[01;35m[K}[m[K;
      |                                      [01;35m[K^[m[K
[01m[K/root/ros_canopen/socketcan_interface/include/socketcan_interface/bcm.hpp:69:38:[m[K [01;35m[Kwarning: [m[Kmissing initializer for member ‘[01m[Ksockaddr_can::can_addr[m[K’ [[01;35m[K-Wmissing-field-initializers[m[K]
In file included from [01m[K/root/ros_canopen/socketcan_interface/include/socketcan_interface/interface.hpp:12[m[K,
                 from [01m[K/root/ros_canopen/socketcan_interface/include/socketcan_interface/asio_base.hpp:4[m[K,
                 from [01m[K/root/ros_canopen/socketcan_interface/include/socketcan_interface/socketcan.hpp:4[m[K,
                 from [01m[K/root/ros_canopen/socketcan_interface/src/candump.cpp:7[m[K:
[01m[K/root/ros_canopen/socketcan_interface/include/socketcan_interface/settings.hpp:[m[K In member function ‘[01m[Kvirtual bool can::NoSettings::getRepr(const string&, std::string&) const[m[K’:
[01m[K/root/ros_canopen/socketcan_interface/include/socketcan_interface/settings.hpp:38:47:[m[K [01;35m[Kwarning: [m[Kunused parameter ‘[01m[Kn[m[K’ [[01;35m[K-Wunused-parameter[m[K]
   38 |       virtual bool getRepr([01;35m[Kconst std::string &n[m[K, std::string & repr) const { return false; }
      |                            [01;35m[K~~~~~~~~~~~~~~~~~~~^[m[K
[01m[K/root/ros_canopen/socketcan_interface/include/socketcan_interface/settings.hpp:38:64:[m[K [01;35m[Kwarning: [m[Kunused parameter ‘[01m[Krepr[m[K’ [[01;35m[K-Wunused-parameter[m[K]
   38 |       virtual bool getRepr(const std::string &n, [01;35m[Kstd::string & repr[m[K) const { return false; }
      |                                                  [01;35m[K~~~~~~~~~~~~~~^~~~[m[K
In file included from [01m[K/root/ros_canopen/socketcan_interface/include/socketcan_interface/asio_base.hpp:4[m[K,
                 from [01m[K/root/ros_canopen/socketcan_interface/include/socketcan_interface/socketcan.hpp:4[m[K,
                 from [01m[K/root/ros_canopen/socketcan_interface/src/candump.cpp:7[m[K:
[01m[K/root/ros_canopen/socketcan_interface/include/socketcan_interface/interface.hpp:[m[K In member function ‘[01m[Kvirtual bool can::DriverInterface::init(const string&, bool, can::SettingsConstSharedPtr)[m[K’:
[01m[K/root/ros_canopen/socketcan_interface/include/socketcan_interface/interface.hpp:190:88:[m[K [01;35m[Kwarning: [m[Kunused parameter ‘[01m[Ksettings[m[K’ [[01;35m[K-Wunused-parameter[m[K]
  190 |     virtual bool init(const std::string &device, bool loopback, [01;35m[KSettingsConstSharedPtr settings[m[K) {
      |                                                                 [01;35m[K~~~~~~~~~~~~~~~~~~~~~~~^~~~~~~~[m[K
In file included from [01m[K/root/ros_canopen/socketcan_interface/src/candump.cpp:7[m[K:
[01m[K/root/ros_canopen/socketcan_interface/include/socketcan_interface/socketcan.hpp:[m[K In member function ‘[01m[Kbool can::SocketCANInterface::init(const string&, bool, can_err_mask_t, can_err_mask_t)[m[K’:
[01m[K/root/ros_canopen/socketcan_interface/include/socketcan_interface/socketcan.hpp:180:42:[m[K [01;35m[Kwarning: [m[Kmissing initializer for member ‘[01m[Ksockaddr_can::can_ifindex[m[K’ [[01;35m[K-Wmissing-field-initializers[m[K]
  180 |             struct sockaddr_can addr = {0[01;35m[K}[m[K;
      |                                          [01;35m[K^[m[K
[01m[K/root/ros_canopen/socketcan_interface/include/socketcan_interface/socketcan.hpp:180:42:[m[K [01;35m[Kwarning: [m[Kmissing initializer for member ‘[01m[Ksockaddr_can::can_addr[m[K’ [[01;35m[K-Wmissing-field-initializers[m[K]
[01m[K/root/ros_canopen/socketcan_interface/include/socketcan_interface/socketcan.hpp:[m[K In member function ‘[01m[Kvirtual bool can::SocketCANInterface::enqueue(const can::Frame&)[m[K’:
[01m[K/root/ros_canopen/socketcan_interface/include/socketcan_interface/socketcan.hpp:216:29:[m[K [01;35m[Kwarning: [m[Kmissing initializer for member ‘[01m[Kcan_frame::can_dlc[m[K’ [[01;35m[K-Wmissing-field-initializers[m[K]
  216 |         can_frame frame = {0[01;35m[K}[m[K;
      |                             [01;35m[K^[m[K
[01m[K/root/ros_canopen/socketcan_interface/include/socketcan_interface/socketcan.hpp:216:29:[m[K [01;35m[Kwarning: [m[Kmissing initializer for member ‘[01m[Kcan_frame::__pad[m[K’ [[01;35m[K-Wmissing-field-initializers[m[K]
[01m[K/root/ros_canopen/socketcan_interface/include/socketcan_interface/socketcan.hpp:216:29:[m[K [01;35m[Kwarning: [m[Kmissing initializer for member ‘[01m[Kcan_frame::__res0[m[K’ [[01;35m[K-Wmissing-field-initializers[m[K]
[01m[K/root/ros_canopen/socketcan_interface/include/socketcan_interface/socketcan.hpp:216:29:[m[K [01;35m[Kwarning: [m[Kmissing initializer for member ‘[01m[Kcan_frame::__res1[m[K’ [[01;35m[K-Wmissing-field-initializers[m[K]
[01m[K/root/ros_canopen/socketcan_interface/include/socketcan_interface/socketcan.hpp:216:29:[m[K [01;35m[Kwarning: [m[Kmissing initializer for member ‘[01m[Kcan_frame::data[m[K’ [[01;35m[K-Wmissing-field-initializers[m[K]
