-- The C compiler identification is GNU 9.3.0
-- The CXX compiler identification is GNU 9.3.0
-- Check for working C compiler: /usr/bin/cc
-- Check for working C compiler: /usr/bin/cc -- works
-- Detecting C compiler ABI info
-- Detecting C compiler ABI info - done
-- Detecting C compile features
-- Detecting C compile features - done
-- Check for working CXX compiler: /usr/bin/c++
-- Check for working CXX compiler: /usr/bin/c++ -- works
-- Detecting CXX compiler ABI info
-- Detecting CXX compiler ABI info - done
-- Detecting CXX compile features
-- Detecting CXX compile features - done
-- Found ament_cmake: 0.9.8 (/opt/ros/foxy/share/ament_cmake/cmake)
-- Found PythonInterp: /usr/bin/python3 (found suitable version "3.8.5", minimum required is "3") 
-- Using PYTHON_EXECUTABLE: /usr/bin/python3
-- Override CMake install command with custom implementation using symlinks instead of copying resources
-- Found class_loader: 2.0.2 (/opt/ros/foxy/share/class_loader/cmake)
-- Found rosidl_default_generators: 1.0.1 (/opt/ros/foxy/share/rosidl_default_generators/cmake)
-- Using all available rosidl_typesupport_c: rosidl_typesupport_fastrtps_c;rosidl_typesupport_introspection_c
-- Found rosidl_adapter: 1.2.1 (/opt/ros/foxy/share/rosidl_adapter/cmake)
-- Found OpenSSL: /usr/lib/x86_64-linux-gnu/libcrypto.so (found version "1.1.1f")  
-- Found FastRTPS: /opt/ros/foxy/include  
-- Using all available rosidl_typesupport_cpp: rosidl_typesupport_fastrtps_cpp;rosidl_typesupport_introspection_cpp
-- Looking for pthread.h
-- Looking for pthread.h - found
-- Performing Test CMAKE_HAVE_LIBC_PTHREAD
-- Performing Test CMAKE_HAVE_LIBC_PTHREAD - Failed
-- Looking for pthread_create in pthreads
-- Looking for pthread_create in pthreads - not found
-- Looking for pthread_create in pthread
-- Looking for pthread_create in pthread - found
-- Found Threads: TRUE  
-- Found Boost: /usr/lib/x86_64-linux-gnu/cmake/Boost-1.71.0/BoostConfig.cmake (found version "1.71.0") found components: chrono system thread 
-- Configuring done
-- Generating done
-- Build files have been written to: /root/ros_canopen/build/socketcan_interface
[35m[1mScanning dependencies of target socketcan_interface_plugin[0m
[35m[1mScanning dependencies of target socketcan_interface_string[0m
[ 12%] [32mBuilding CXX object CMakeFiles/socketcan_interface_string.dir/src/string.cpp.o[0m
[ 25%] [32mBuilding CXX object CMakeFiles/socketcan_interface_plugin.dir/src/socketcan_interface_plugin.cpp.o[0m
[ 37%] [32m[1mLinking CXX static library libsocketcan_interface_string.a[0m
[ 37%] Built target socketcan_interface_string
[35m[1mScanning dependencies of target socketcan_bcm[0m
[35m[1mScanning dependencies of target socketcan_dump[0m
[ 50%] [32mBuilding CXX object CMakeFiles/socketcan_bcm.dir/src/canbcm.cpp.o[0m
[ 62%] [32mBuilding CXX object CMakeFiles/socketcan_dump.dir/src/candump.cpp.o[0m
[ 75%] [32m[1mLinking CXX executable socketcan_bcm[0m
[ 75%] Built target socketcan_bcm
[ 87%] [32m[1mLinking CXX static library libsocketcan_interface_plugin.a[0m
[ 87%] Built target socketcan_interface_plugin
[100%] [32m[1mLinking CXX executable socketcan_dump[0m
[100%] Built target socketcan_dump
-- Install configuration: ""
-- Execute custom install script
-- Symlinking: /root/ros_canopen/install/socketcan_interface/lib/socketcan_interface/socketcan_bcm
-- Symlinking: /root/ros_canopen/install/socketcan_interface/lib/socketcan_interface/socketcan_dump
-- Symlinking: /root/ros_canopen/install/socketcan_interface/lib/libsocketcan_interface_plugin.a
-- Symlinking: /root/ros_canopen/install/socketcan_interface/lib/libsocketcan_interface_string.a
-- Symlinking: /root/ros_canopen/install/socketcan_interface/share/socketcan_interface/socketcan_interface_plugin.xml
-- Symlinking: /root/ros_canopen/install/socketcan_interface/share/ament_index/resource_index/package_run_dependencies/socketcan_interface
-- Symlinking: /root/ros_canopen/install/socketcan_interface/share/ament_index/resource_index/parent_prefix_path/socketcan_interface
-- Symlinking: /root/ros_canopen/install/socketcan_interface/share/socketcan_interface/environment/ament_prefix_path.sh
-- Symlinking: /root/ros_canopen/install/socketcan_interface/share/socketcan_interface/environment/ament_prefix_path.dsv
-- Symlinking: /root/ros_canopen/install/socketcan_interface/share/socketcan_interface/environment/path.sh
-- Symlinking: /root/ros_canopen/install/socketcan_interface/share/socketcan_interface/environment/path.dsv
-- Symlinking: /root/ros_canopen/install/socketcan_interface/share/socketcan_interface/local_setup.bash
-- Symlinking: /root/ros_canopen/install/socketcan_interface/share/socketcan_interface/local_setup.sh
-- Symlinking: /root/ros_canopen/install/socketcan_interface/share/socketcan_interface/local_setup.zsh
-- Symlinking: /root/ros_canopen/install/socketcan_interface/share/socketcan_interface/local_setup.dsv
-- Symlinking: /root/ros_canopen/install/socketcan_interface/share/socketcan_interface/package.dsv
-- Symlinking: /root/ros_canopen/install/socketcan_interface/share/ament_index/resource_index/packages/socketcan_interface
-- Symlinking: /root/ros_canopen/install/socketcan_interface/share/socketcan_interface/cmake/ament_cmake_export_dependencies-extras.cmake
-- Symlinking: /root/ros_canopen/install/socketcan_interface/share/socketcan_interface/cmake/ament_cmake_export_include_directories-extras.cmake
-- Symlinking: /root/ros_canopen/install/socketcan_interface/share/socketcan_interface/cmake/socketcan_interfaceConfig.cmake
-- Symlinking: /root/ros_canopen/install/socketcan_interface/share/socketcan_interface/cmake/socketcan_interfaceConfig-version.cmake
-- Symlinking: /root/ros_canopen/install/socketcan_interface/share/socketcan_interface/package.xml
-- Installing: /root/ros_canopen/install/socketcan_interface/include
