[0.026s] Invoking command in '/root/ros_canopen/build/socketcan_interface': CMAKE_PREFIX_PATH=/opt/ros/foxy /usr/bin/cmake /root/ros_canopen/socketcan_interface -DAMENT_CMAKE_SYMLINK_INSTALL=1 -DCMAKE_INSTALL_PREFIX=/root/ros_canopen/install/socketcan_interface
[0.113s] -- The C compiler identification is GNU 9.3.0
[0.191s] -- The CXX compiler identification is GNU 9.3.0
[0.198s] -- Check for working C compiler: /usr/bin/cc
[0.296s] -- Check for working C compiler: /usr/bin/cc -- works
[0.297s] -- Detecting C compiler ABI info
[0.388s] -- Detecting C compiler ABI info - done
[0.412s] -- Detecting C compile features
[0.412s] -- Detecting C compile features - done
[0.416s] -- Check for working CXX compiler: /usr/bin/c++
[0.521s] -- Check for working CXX compiler: /usr/bin/c++ -- works
[0.527s] -- Detecting CXX compiler ABI info
[0.628s] -- Detecting CXX compiler ABI info - done
[0.651s] -- Detecting CXX compile features
[0.652s] -- Detecting CXX compile features - done
[0.656s] -- Found ament_cmake: 0.9.8 (/opt/ros/foxy/share/ament_cmake/cmake)
[0.681s] -- Found PythonInterp: /usr/bin/python3 (found suitable version "3.8.5", minimum required is "3") 
[0.681s] -- Using PYTHON_EXECUTABLE: /usr/bin/python3
[0.884s] -- Override CMake install command with custom implementation using symlinks instead of copying resources
[0.937s] -- Found class_loader: 2.0.2 (/opt/ros/foxy/share/class_loader/cmake)
[0.971s] -- Found rosidl_default_generators: 1.0.1 (/opt/ros/foxy/share/rosidl_default_generators/cmake)
[0.976s] -- Using all available rosidl_typesupport_c: rosidl_typesupport_fastrtps_c;rosidl_typesupport_introspection_c
[0.988s] -- Found rosidl_adapter: 1.2.1 (/opt/ros/foxy/share/rosidl_adapter/cmake)
[1.091s] -- Found OpenSSL: /usr/lib/x86_64-linux-gnu/libcrypto.so (found version "1.1.1f")  
[1.126s] -- Found FastRTPS: /opt/ros/foxy/include  
[1.243s] -- Using all available rosidl_typesupport_cpp: rosidl_typesupport_fastrtps_cpp;rosidl_typesupport_introspection_cpp
[1.288s] -- Looking for pthread.h
[1.393s] -- Looking for pthread.h - found
[1.393s] -- Performing Test CMAKE_HAVE_LIBC_PTHREAD
[1.501s] -- Performing Test CMAKE_HAVE_LIBC_PTHREAD - Failed
[1.502s] -- Looking for pthread_create in pthreads
[1.585s] -- Looking for pthread_create in pthreads - not found
[1.585s] -- Looking for pthread_create in pthread
[1.676s] -- Looking for pthread_create in pthread - found
[1.678s] -- Found Threads: TRUE  
[1.711s] -- Found Boost: /usr/lib/x86_64-linux-gnu/cmake/Boost-1.71.0/BoostConfig.cmake (found version "1.71.0") found components: chrono system thread 
[1.824s] -- Configuring done
[1.841s] -- Generating done
[1.844s] -- Build files have been written to: /root/ros_canopen/build/socketcan_interface
[1.853s] Invoked command in '/root/ros_canopen/build/socketcan_interface' returned '0': CMAKE_PREFIX_PATH=/opt/ros/foxy /usr/bin/cmake /root/ros_canopen/socketcan_interface -DAMENT_CMAKE_SYMLINK_INSTALL=1 -DCMAKE_INSTALL_PREFIX=/root/ros_canopen/install/socketcan_interface
[1.857s] Invoking command in '/root/ros_canopen/build/socketcan_interface': CMAKE_PREFIX_PATH=/opt/ros/foxy /usr/bin/cmake --build /root/ros_canopen/build/socketcan_interface -- -j4 -l4
[1.907s] [35m[1mScanning dependencies of target socketcan_interface_plugin[0m
[1.907s] [35m[1mScanning dependencies of target socketcan_interface_string[0m
[1.930s] [ 12%] [32mBuilding CXX object CMakeFiles/socketcan_interface_string.dir/src/string.cpp.o[0m
[1.947s] [ 25%] [32mBuilding CXX object CMakeFiles/socketcan_interface_plugin.dir/src/socketcan_interface_plugin.cpp.o[0m
[3.674s] In file included from [01m[K/root/ros_canopen/socketcan_interface/include/socketcan_interface/interface.hpp:12[m[K,
[3.674s]                  from [01m[K/root/ros_canopen/socketcan_interface/include/socketcan_interface/string.hpp:4[m[K,
[3.675s]                  from [01m[K/root/ros_canopen/socketcan_interface/src/string.cpp:1[m[K:
[3.675s] [01m[K/root/ros_canopen/socketcan_interface/include/socketcan_interface/settings.hpp:[m[K In member function ‘[01m[Kvirtual bool can::NoSettings::getRepr(const string&, std::string&) const[m[K’:
[3.675s] [01m[K/root/ros_canopen/socketcan_interface/include/socketcan_interface/settings.hpp:38:47:[m[K [01;35m[Kwarning: [m[Kunused parameter ‘[01m[Kn[m[K’ [[01;35m[K-Wunused-parameter[m[K]
[3.676s]    38 |       virtual bool getRepr([01;35m[Kconst std::string &n[m[K, std::string & repr) const { return false; }
[3.676s]       |                            [01;35m[K~~~~~~~~~~~~~~~~~~~^[m[K
[3.676s] [01m[K/root/ros_canopen/socketcan_interface/include/socketcan_interface/settings.hpp:38:64:[m[K [01;35m[Kwarning: [m[Kunused parameter ‘[01m[Krepr[m[K’ [[01;35m[K-Wunused-parameter[m[K]
[3.677s]    38 |       virtual bool getRepr(const std::string &n, [01;35m[Kstd::string & repr[m[K) const { return false; }
[3.677s]       |                                                  [01;35m[K~~~~~~~~~~~~~~^~~~[m[K
[3.721s] In file included from [01m[K/root/ros_canopen/socketcan_interface/include/socketcan_interface/string.hpp:4[m[K,
[3.722s]                  from [01m[K/root/ros_canopen/socketcan_interface/src/string.cpp:1[m[K:
[3.722s] [01m[K/root/ros_canopen/socketcan_interface/include/socketcan_interface/interface.hpp:[m[K In member function ‘[01m[Kvirtual bool can::DriverInterface::init(const string&, bool, can::SettingsConstSharedPtr)[m[K’:
[3.722s] [01m[K/root/ros_canopen/socketcan_interface/include/socketcan_interface/interface.hpp:190:88:[m[K [01;35m[Kwarning: [m[Kunused parameter ‘[01m[Ksettings[m[K’ [[01;35m[K-Wunused-parameter[m[K]
[3.723s]   190 |     virtual bool init(const std::string &device, bool loopback, [01;35m[KSettingsConstSharedPtr settings[m[K) {
[3.723s]       |                                                                 [01;35m[K~~~~~~~~~~~~~~~~~~~~~~~^~~~~~~~[m[K
[3.957s] [01m[K/root/ros_canopen/socketcan_interface/src/string.cpp:[m[K In function ‘[01m[Kcan::FrameFilterSharedPtr can::tofilter(const T&) [with T = std::__cxx11::basic_string<char>][m[K’:
[3.957s] [01m[K/root/ros_canopen/socketcan_interface/src/string.cpp:154:12:[m[K [01;35m[Kwarning: [m[Kthis statement may fall through [[01;35m[K-Wimplicit-fallthrough=[m[K]
[3.957s]   154 |     [01;35m[Kinvert = true[m[K;
[3.957s]       |     [01;35m[K~~~~~~~^~~~~~[m[K
[3.958s] [01m[K/root/ros_canopen/socketcan_interface/src/string.cpp:155:4:[m[K [01;36m[Knote: [m[Khere
[3.958s]   155 |    [01;36m[Kcase[m[K ':':
[3.958s]       |    [01;36m[K^~~~[m[K
[3.959s] [01m[K/root/ros_canopen/socketcan_interface/src/string.cpp:159:12:[m[K [01;35m[Kwarning: [m[Kthis statement may fall through [[01;35m[K-Wimplicit-fallthrough=[m[K]
[3.959s]   159 |     [01;35m[Kinvert = true[m[K;
[3.959s]       |     [01;35m[K~~~~~~~^~~~~~[m[K
[3.959s] [01m[K/root/ros_canopen/socketcan_interface/src/string.cpp:160:4:[m[K [01;36m[Knote: [m[Khere
[3.960s]   160 |    [01;36m[Kcase[m[K '-':
[3.960s]       |    [01;36m[K^~~~[m[K
[4.167s] In file included from [01m[K/root/ros_canopen/socketcan_interface/include/socketcan_interface/interface.hpp:12[m[K,
[4.168s]                  from [01m[K/root/ros_canopen/socketcan_interface/include/socketcan_interface/asio_base.hpp:4[m[K,
[4.168s]                  from [01m[K/root/ros_canopen/socketcan_interface/include/socketcan_interface/socketcan.hpp:4[m[K,
[4.168s]                  from [01m[K/root/ros_canopen/socketcan_interface/src/socketcan_interface_plugin.cpp:2[m[K:
[4.169s] [01m[K/root/ros_canopen/socketcan_interface/include/socketcan_interface/settings.hpp:[m[K In member function ‘[01m[Kvirtual bool can::NoSettings::getRepr(const string&, std::string&) const[m[K’:
[4.169s] [01m[K/root/ros_canopen/socketcan_interface/include/socketcan_interface/settings.hpp:38:47:[m[K [01;35m[Kwarning: [m[Kunused parameter ‘[01m[Kn[m[K’ [[01;35m[K-Wunused-parameter[m[K]
[4.169s]    38 |       virtual bool getRepr([01;35m[Kconst std::string &n[m[K, std::string & repr) const { return false; }
[4.169s]       |                            [01;35m[K~~~~~~~~~~~~~~~~~~~^[m[K
[4.170s] [01m[K/root/ros_canopen/socketcan_interface/include/socketcan_interface/settings.hpp:38:64:[m[K [01;35m[Kwarning: [m[Kunused parameter ‘[01m[Krepr[m[K’ [[01;35m[K-Wunused-parameter[m[K]
[4.170s]    38 |       virtual bool getRepr(const std::string &n, [01;35m[Kstd::string & repr[m[K) const { return false; }
[4.170s]       |                                                  [01;35m[K~~~~~~~~~~~~~~^~~~[m[K
[4.214s] In file included from [01m[K/root/ros_canopen/socketcan_interface/include/socketcan_interface/asio_base.hpp:4[m[K,
[4.214s]                  from [01m[K/root/ros_canopen/socketcan_interface/include/socketcan_interface/socketcan.hpp:4[m[K,
[4.214s]                  from [01m[K/root/ros_canopen/socketcan_interface/src/socketcan_interface_plugin.cpp:2[m[K:
[4.215s] [01m[K/root/ros_canopen/socketcan_interface/include/socketcan_interface/interface.hpp:[m[K In member function ‘[01m[Kvirtual bool can::DriverInterface::init(const string&, bool, can::SettingsConstSharedPtr)[m[K’:
[4.215s] [01m[K/root/ros_canopen/socketcan_interface/include/socketcan_interface/interface.hpp:190:88:[m[K [01;35m[Kwarning: [m[Kunused parameter ‘[01m[Ksettings[m[K’ [[01;35m[K-Wunused-parameter[m[K]
[4.215s]   190 |     virtual bool init(const std::string &device, bool loopback, [01;35m[KSettingsConstSharedPtr settings[m[K) {
[4.216s]       |                                                                 [01;35m[K~~~~~~~~~~~~~~~~~~~~~~~^~~~~~~~[m[K
[4.299s] [ 37%] [32m[1mLinking CXX static library libsocketcan_interface_string.a[0m
[4.427s] [ 37%] Built target socketcan_interface_string
[4.491s] [35m[1mScanning dependencies of target socketcan_bcm[0m
[4.501s] [35m[1mScanning dependencies of target socketcan_dump[0m
[4.558s] [ 50%] [32mBuilding CXX object CMakeFiles/socketcan_bcm.dir/src/canbcm.cpp.o[0m
[4.588s] [ 62%] [32mBuilding CXX object CMakeFiles/socketcan_dump.dir/src/candump.cpp.o[0m
[7.110s] In file included from [01m[K/root/ros_canopen/socketcan_interface/src/socketcan_interface_plugin.cpp:2[m[K:
[7.110s] [01m[K/root/ros_canopen/socketcan_interface/include/socketcan_interface/socketcan.hpp:[m[K In member function ‘[01m[Kbool can::SocketCANInterface::init(const string&, bool, can_err_mask_t, can_err_mask_t)[m[K’:
[7.111s] [01m[K/root/ros_canopen/socketcan_interface/include/socketcan_interface/socketcan.hpp:180:42:[m[K [01;35m[Kwarning: [m[Kmissing initializer for member ‘[01m[Ksockaddr_can::can_ifindex[m[K’ [[01;35m[K-Wmissing-field-initializers[m[K]
[7.111s]   180 |             struct sockaddr_can addr = {0[01;35m[K}[m[K;
[7.111s]       |                                          [01;35m[K^[m[K
[7.112s] [01m[K/root/ros_canopen/socketcan_interface/include/socketcan_interface/socketcan.hpp:180:42:[m[K [01;35m[Kwarning: [m[Kmissing initializer for member ‘[01m[Ksockaddr_can::can_addr[m[K’ [[01;35m[K-Wmissing-field-initializers[m[K]
[7.116s] [01m[K/root/ros_canopen/socketcan_interface/include/socketcan_interface/socketcan.hpp:[m[K In member function ‘[01m[Kvirtual bool can::SocketCANInterface::enqueue(const can::Frame&)[m[K’:
[7.116s] [01m[K/root/ros_canopen/socketcan_interface/include/socketcan_interface/socketcan.hpp:216:29:[m[K [01;35m[Kwarning: [m[Kmissing initializer for member ‘[01m[Kcan_frame::can_dlc[m[K’ [[01;35m[K-Wmissing-field-initializers[m[K]
[7.117s]   216 |         can_frame frame = {0[01;35m[K}[m[K;
[7.117s]       |                             [01;35m[K^[m[K
[7.117s] [01m[K/root/ros_canopen/socketcan_interface/include/socketcan_interface/socketcan.hpp:216:29:[m[K [01;35m[Kwarning: [m[Kmissing initializer for member ‘[01m[Kcan_frame::__pad[m[K’ [[01;35m[K-Wmissing-field-initializers[m[K]
[7.118s] [01m[K/root/ros_canopen/socketcan_interface/include/socketcan_interface/socketcan.hpp:216:29:[m[K [01;35m[Kwarning: [m[Kmissing initializer for member ‘[01m[Kcan_frame::__res0[m[K’ [[01;35m[K-Wmissing-field-initializers[m[K]
[7.118s] [01m[K/root/ros_canopen/socketcan_interface/include/socketcan_interface/socketcan.hpp:216:29:[m[K [01;35m[Kwarning: [m[Kmissing initializer for member ‘[01m[Kcan_frame::__res1[m[K’ [[01;35m[K-Wmissing-field-initializers[m[K]
[7.118s] [01m[K/root/ros_canopen/socketcan_interface/include/socketcan_interface/socketcan.hpp:216:29:[m[K [01;35m[Kwarning: [m[Kmissing initializer for member ‘[01m[Kcan_frame::data[m[K’ [[01;35m[K-Wmissing-field-initializers[m[K]
[7.141s] [01m[K/root/ros_canopen/socketcan_interface/src/socketcan_interface_plugin.cpp:[m[K At global scope:
[7.141s] [01m[K/root/ros_canopen/socketcan_interface/src/socketcan_interface_plugin.cpp:4:75:[m[K [01;35m[Kwarning: [m[Kextra ‘[01m[K;[m[K’ [[01;35m[K-Wpedantic[m[K]
[7.141s]     4 | CLASS_LOADER_REGISTER_CLASS(can::SocketCANInterface, can::DriverInterface)[01;35m[K;[m[K
[7.141s]       |                                                                           [01;35m[K^[m[K
[8.468s] In file included from [01m[K/root/ros_canopen/socketcan_interface/include/socketcan_interface/interface.hpp:12[m[K,
[8.468s]                  from [01m[K/root/ros_canopen/socketcan_interface/include/socketcan_interface/bcm.hpp:4[m[K,
[8.469s]                  from [01m[K/root/ros_canopen/socketcan_interface/src/canbcm.cpp:1[m[K:
[8.469s] [01m[K/root/ros_canopen/socketcan_interface/include/socketcan_interface/settings.hpp:[m[K In member function ‘[01m[Kvirtual bool can::NoSettings::getRepr(const string&, std::string&) const[m[K’:
[8.469s] [01m[K/root/ros_canopen/socketcan_interface/include/socketcan_interface/settings.hpp:38:47:[m[K [01;35m[Kwarning: [m[Kunused parameter ‘[01m[Kn[m[K’ [[01;35m[K-Wunused-parameter[m[K]
[8.470s]    38 |       virtual bool getRepr([01;35m[Kconst std::string &n[m[K, std::string & repr) const { return false; }
[8.470s]       |                            [01;35m[K~~~~~~~~~~~~~~~~~~~^[m[K
[8.470s] [01m[K/root/ros_canopen/socketcan_interface/include/socketcan_interface/settings.hpp:38:64:[m[K [01;35m[Kwarning: [m[Kunused parameter ‘[01m[Krepr[m[K’ [[01;35m[K-Wunused-parameter[m[K]
[8.471s]    38 |       virtual bool getRepr(const std::string &n, [01;35m[Kstd::string & repr[m[K) const { return false; }
[8.471s]       |                                                  [01;35m[K~~~~~~~~~~~~~~^~~~[m[K
[8.507s] In file included from [01m[K/root/ros_canopen/socketcan_interface/include/socketcan_interface/bcm.hpp:4[m[K,
[8.507s]                  from [01m[K/root/ros_canopen/socketcan_interface/src/canbcm.cpp:1[m[K:
[8.507s] [01m[K/root/ros_canopen/socketcan_interface/include/socketcan_interface/interface.hpp:[m[K In member function ‘[01m[Kvirtual bool can::DriverInterface::init(const string&, bool, can::SettingsConstSharedPtr)[m[K’:
[8.508s] [01m[K/root/ros_canopen/socketcan_interface/include/socketcan_interface/interface.hpp:190:88:[m[K [01;35m[Kwarning: [m[Kunused parameter ‘[01m[Ksettings[m[K’ [[01;35m[K-Wunused-parameter[m[K]
[8.508s]   190 |     virtual bool init(const std::string &device, bool loopback, [01;35m[KSettingsConstSharedPtr settings[m[K) {
[8.508s]       |                                                                 [01;35m[K~~~~~~~~~~~~~~~~~~~~~~~^~~~~~~~[m[K
[8.656s] In file included from [01m[K/root/ros_canopen/socketcan_interface/src/canbcm.cpp:1[m[K:
[8.656s] [01m[K/root/ros_canopen/socketcan_interface/include/socketcan_interface/bcm.hpp:[m[K In member function ‘[01m[Kbool can::BCMsocket::init(const string&)[m[K’:
[8.656s] [01m[K/root/ros_canopen/socketcan_interface/include/socketcan_interface/bcm.hpp:69:38:[m[K [01;35m[Kwarning: [m[Kmissing initializer for member ‘[01m[Ksockaddr_can::can_ifindex[m[K’ [[01;35m[K-Wmissing-field-initializers[m[K]
[8.657s]    69 |         struct sockaddr_can addr = {0[01;35m[K}[m[K;
[8.657s]       |                                      [01;35m[K^[m[K
[8.657s] [01m[K/root/ros_canopen/socketcan_interface/include/socketcan_interface/bcm.hpp:69:38:[m[K [01;35m[Kwarning: [m[Kmissing initializer for member ‘[01m[Ksockaddr_can::can_addr[m[K’ [[01;35m[K-Wmissing-field-initializers[m[K]
[8.956s] In file included from [01m[K/root/ros_canopen/socketcan_interface/include/socketcan_interface/interface.hpp:12[m[K,
[8.956s]                  from [01m[K/root/ros_canopen/socketcan_interface/include/socketcan_interface/asio_base.hpp:4[m[K,
[8.957s]                  from [01m[K/root/ros_canopen/socketcan_interface/include/socketcan_interface/socketcan.hpp:4[m[K,
[8.957s]                  from [01m[K/root/ros_canopen/socketcan_interface/src/candump.cpp:7[m[K:
[8.957s] [01m[K/root/ros_canopen/socketcan_interface/include/socketcan_interface/settings.hpp:[m[K In member function ‘[01m[Kvirtual bool can::NoSettings::getRepr(const string&, std::string&) const[m[K’:
[8.957s] [01m[K/root/ros_canopen/socketcan_interface/include/socketcan_interface/settings.hpp:38:47:[m[K [01;35m[Kwarning: [m[Kunused parameter ‘[01m[Kn[m[K’ [[01;35m[K-Wunused-parameter[m[K]
[8.957s]    38 |       virtual bool getRepr([01;35m[Kconst std::string &n[m[K, std::string & repr) const { return false; }
[8.957s]       |                            [01;35m[K~~~~~~~~~~~~~~~~~~~^[m[K
[8.958s] [01m[K/root/ros_canopen/socketcan_interface/include/socketcan_interface/settings.hpp:38:64:[m[K [01;35m[Kwarning: [m[Kunused parameter ‘[01m[Krepr[m[K’ [[01;35m[K-Wunused-parameter[m[K]
[8.958s]    38 |       virtual bool getRepr(const std::string &n, [01;35m[Kstd::string & repr[m[K) const { return false; }
[8.958s]       |                                                  [01;35m[K~~~~~~~~~~~~~~^~~~[m[K
[8.993s] In file included from [01m[K/root/ros_canopen/socketcan_interface/include/socketcan_interface/asio_base.hpp:4[m[K,
[8.994s]                  from [01m[K/root/ros_canopen/socketcan_interface/include/socketcan_interface/socketcan.hpp:4[m[K,
[8.994s]                  from [01m[K/root/ros_canopen/socketcan_interface/src/candump.cpp:7[m[K:
[8.994s] [01m[K/root/ros_canopen/socketcan_interface/include/socketcan_interface/interface.hpp:[m[K In member function ‘[01m[Kvirtual bool can::DriverInterface::init(const string&, bool, can::SettingsConstSharedPtr)[m[K’:
[8.994s] [01m[K/root/ros_canopen/socketcan_interface/include/socketcan_interface/interface.hpp:190:88:[m[K [01;35m[Kwarning: [m[Kunused parameter ‘[01m[Ksettings[m[K’ [[01;35m[K-Wunused-parameter[m[K]
[8.994s]   190 |     virtual bool init(const std::string &device, bool loopback, [01;35m[KSettingsConstSharedPtr settings[m[K) {
[8.995s]       |                                                                 [01;35m[K~~~~~~~~~~~~~~~~~~~~~~~^~~~~~~~[m[K
[9.267s] [ 75%] [32m[1mLinking CXX executable socketcan_bcm[0m
[9.440s] [ 75%] Built target socketcan_bcm
[10.414s] In file included from [01m[K/root/ros_canopen/socketcan_interface/src/candump.cpp:7[m[K:
[10.415s] [01m[K/root/ros_canopen/socketcan_interface/include/socketcan_interface/socketcan.hpp:[m[K In member function ‘[01m[Kbool can::SocketCANInterface::init(const string&, bool, can_err_mask_t, can_err_mask_t)[m[K’:
[10.415s] [01m[K/root/ros_canopen/socketcan_interface/include/socketcan_interface/socketcan.hpp:180:42:[m[K [01;35m[Kwarning: [m[Kmissing initializer for member ‘[01m[Ksockaddr_can::can_ifindex[m[K’ [[01;35m[K-Wmissing-field-initializers[m[K]
[10.415s]   180 |             struct sockaddr_can addr = {0[01;35m[K}[m[K;
[10.415s]       |                                          [01;35m[K^[m[K
[10.416s] [01m[K/root/ros_canopen/socketcan_interface/include/socketcan_interface/socketcan.hpp:180:42:[m[K [01;35m[Kwarning: [m[Kmissing initializer for member ‘[01m[Ksockaddr_can::can_addr[m[K’ [[01;35m[K-Wmissing-field-initializers[m[K]
[10.419s] [01m[K/root/ros_canopen/socketcan_interface/include/socketcan_interface/socketcan.hpp:[m[K In member function ‘[01m[Kvirtual bool can::SocketCANInterface::enqueue(const can::Frame&)[m[K’:
[10.419s] [01m[K/root/ros_canopen/socketcan_interface/include/socketcan_interface/socketcan.hpp:216:29:[m[K [01;35m[Kwarning: [m[Kmissing initializer for member ‘[01m[Kcan_frame::can_dlc[m[K’ [[01;35m[K-Wmissing-field-initializers[m[K]
[10.419s]   216 |         can_frame frame = {0[01;35m[K}[m[K;
[10.419s]       |                             [01;35m[K^[m[K
[10.420s] [01m[K/root/ros_canopen/socketcan_interface/include/socketcan_interface/socketcan.hpp:216:29:[m[K [01;35m[Kwarning: [m[Kmissing initializer for member ‘[01m[Kcan_frame::__pad[m[K’ [[01;35m[K-Wmissing-field-initializers[m[K]
[10.420s] [01m[K/root/ros_canopen/socketcan_interface/include/socketcan_interface/socketcan.hpp:216:29:[m[K [01;35m[Kwarning: [m[Kmissing initializer for member ‘[01m[Kcan_frame::__res0[m[K’ [[01;35m[K-Wmissing-field-initializers[m[K]
[10.420s] [01m[K/root/ros_canopen/socketcan_interface/include/socketcan_interface/socketcan.hpp:216:29:[m[K [01;35m[Kwarning: [m[Kmissing initializer for member ‘[01m[Kcan_frame::__res1[m[K’ [[01;35m[K-Wmissing-field-initializers[m[K]
[10.420s] [01m[K/root/ros_canopen/socketcan_interface/include/socketcan_interface/socketcan.hpp:216:29:[m[K [01;35m[Kwarning: [m[Kmissing initializer for member ‘[01m[Kcan_frame::data[m[K’ [[01;35m[K-Wmissing-field-initializers[m[K]
[11.102s] [ 87%] [32m[1mLinking CXX static library libsocketcan_interface_plugin.a[0m
[11.191s] [ 87%] Built target socketcan_interface_plugin
[13.419s] [100%] [32m[1mLinking CXX executable socketcan_dump[0m
[13.611s] [100%] Built target socketcan_dump
[13.623s] Invoked command in '/root/ros_canopen/build/socketcan_interface' returned '0': CMAKE_PREFIX_PATH=/opt/ros/foxy /usr/bin/cmake --build /root/ros_canopen/build/socketcan_interface -- -j4 -l4
[13.662s] Invoking command in '/root/ros_canopen/build/socketcan_interface': CMAKE_PREFIX_PATH=/opt/ros/foxy /usr/bin/cmake --install /root/ros_canopen/build/socketcan_interface
[13.671s] -- Install configuration: ""
[13.672s] -- Execute custom install script
[13.672s] -- Symlinking: /root/ros_canopen/install/socketcan_interface/lib/socketcan_interface/socketcan_bcm
[13.682s] -- Symlinking: /root/ros_canopen/install/socketcan_interface/lib/socketcan_interface/socketcan_dump
[13.692s] -- Symlinking: /root/ros_canopen/install/socketcan_interface/lib/libsocketcan_interface_plugin.a
[13.702s] -- Symlinking: /root/ros_canopen/install/socketcan_interface/lib/libsocketcan_interface_string.a
[13.712s] -- Symlinking: /root/ros_canopen/install/socketcan_interface/share/socketcan_interface/socketcan_interface_plugin.xml
[13.722s] -- Symlinking: /root/ros_canopen/install/socketcan_interface/share/ament_index/resource_index/package_run_dependencies/socketcan_interface
[13.735s] -- Symlinking: /root/ros_canopen/install/socketcan_interface/share/ament_index/resource_index/parent_prefix_path/socketcan_interface
[13.749s] -- Symlinking: /root/ros_canopen/install/socketcan_interface/share/socketcan_interface/environment/ament_prefix_path.sh
[13.759s] -- Symlinking: /root/ros_canopen/install/socketcan_interface/share/socketcan_interface/environment/ament_prefix_path.dsv
[13.769s] -- Symlinking: /root/ros_canopen/install/socketcan_interface/share/socketcan_interface/environment/path.sh
[13.779s] -- Symlinking: /root/ros_canopen/install/socketcan_interface/share/socketcan_interface/environment/path.dsv
[13.789s] -- Symlinking: /root/ros_canopen/install/socketcan_interface/share/socketcan_interface/local_setup.bash
[13.799s] -- Symlinking: /root/ros_canopen/install/socketcan_interface/share/socketcan_interface/local_setup.sh
[13.809s] -- Symlinking: /root/ros_canopen/install/socketcan_interface/share/socketcan_interface/local_setup.zsh
[13.818s] -- Symlinking: /root/ros_canopen/install/socketcan_interface/share/socketcan_interface/local_setup.dsv
[13.829s] -- Symlinking: /root/ros_canopen/install/socketcan_interface/share/socketcan_interface/package.dsv
[13.843s] -- Symlinking: /root/ros_canopen/install/socketcan_interface/share/ament_index/resource_index/packages/socketcan_interface
[13.855s] -- Symlinking: /root/ros_canopen/install/socketcan_interface/share/socketcan_interface/cmake/ament_cmake_export_dependencies-extras.cmake
[13.865s] -- Symlinking: /root/ros_canopen/install/socketcan_interface/share/socketcan_interface/cmake/ament_cmake_export_include_directories-extras.cmake
[13.874s] -- Symlinking: /root/ros_canopen/install/socketcan_interface/share/socketcan_interface/cmake/socketcan_interfaceConfig.cmake
[13.884s] -- Symlinking: /root/ros_canopen/install/socketcan_interface/share/socketcan_interface/cmake/socketcan_interfaceConfig-version.cmake
[13.894s] -- Symlinking: /root/ros_canopen/install/socketcan_interface/share/socketcan_interface/package.xml
[13.904s] -- Installing: /root/ros_canopen/install/socketcan_interface/include
[13.908s] Invoked command in '/root/ros_canopen/build/socketcan_interface' returned '0': CMAKE_PREFIX_PATH=/opt/ros/foxy /usr/bin/cmake --install /root/ros_canopen/build/socketcan_interface
