[0.023s] Invoking command in '/root/ros_canopen/build/can_msgs': CMAKE_PREFIX_PATH=/opt/ros/foxy /usr/bin/cmake /root/ros_canopen/can_msgs -DAMENT_CMAKE_SYMLINK_INSTALL=1 -DCMAKE_INSTALL_PREFIX=/root/ros_canopen/install/can_msgs
[0.112s] -- The C compiler identification is GNU 9.3.0
[0.196s] -- The CXX compiler identification is GNU 9.3.0
[0.208s] -- Check for working C compiler: /usr/bin/cc
[0.296s] -- Check for working C compiler: /usr/bin/cc -- works
[0.298s] -- Detecting C compiler ABI info
[0.382s] -- Detecting C compiler ABI info - done
[0.408s] -- Detecting C compile features
[0.409s] -- Detecting C compile features - done
[0.412s] -- Check for working CXX compiler: /usr/bin/c++
[0.514s] -- Check for working CXX compiler: /usr/bin/c++ -- works
[0.514s] -- Detecting CXX compiler ABI info
[0.620s] -- Detecting CXX compiler ABI info - done
[0.641s] -- Detecting CXX compile features
[0.641s] -- Detecting CXX compile features - done
[0.645s] -- Found ament_cmake: 0.9.8 (/opt/ros/foxy/share/ament_cmake/cmake)
[0.671s] -- Found PythonInterp: /usr/bin/python3 (found suitable version "3.8.5", minimum required is "3") 
[0.671s] -- Using PYTHON_EXECUTABLE: /usr/bin/python3
[0.876s] -- Override CMake install command with custom implementation using symlinks instead of copying resources
[0.930s] -- Found rclcpp: 2.3.1 (/opt/ros/foxy/share/rclcpp/cmake)
[1.007s] -- Using all available rosidl_typesupport_c: rosidl_typesupport_fastrtps_c;rosidl_typesupport_introspection_c
[1.023s] -- Found rosidl_adapter: 1.2.1 (/opt/ros/foxy/share/rosidl_adapter/cmake)
[1.115s] -- Found OpenSSL: /usr/lib/x86_64-linux-gnu/libcrypto.so (found version "1.1.1f")  
[1.149s] -- Found FastRTPS: /opt/ros/foxy/include  
[1.257s] -- Using all available rosidl_typesupport_cpp: rosidl_typesupport_fastrtps_cpp;rosidl_typesupport_introspection_cpp
[1.369s] -- Found rmw_implementation_cmake: 1.0.3 (/opt/ros/foxy/share/rmw_implementation_cmake/cmake)
[1.371s] -- Using RMW implementation 'rmw_fastrtps_cpp' as default
[1.372s] -- Looking for pthread.h
[1.470s] -- Looking for pthread.h - found
[1.470s] -- Performing Test CMAKE_HAVE_LIBC_PTHREAD
[1.572s] -- Performing Test CMAKE_HAVE_LIBC_PTHREAD - Failed
[1.572s] -- Looking for pthread_create in pthreads
[1.658s] -- Looking for pthread_create in pthreads - not found
[1.658s] -- Looking for pthread_create in pthread
[1.748s] -- Looking for pthread_create in pthread - found
[1.750s] -- Found Threads: TRUE  
[2.138s] -- Found rosidl_default_generators: 1.0.1 (/opt/ros/foxy/share/rosidl_default_generators/cmake)
[2.193s] -- Found PythonInterp: /usr/bin/python3 (found version "3.8.5") 
[2.531s] -- Found ament_cmake_ros: 0.9.1 (/opt/ros/foxy/share/ament_cmake_ros/cmake)
[2.967s] -- Using all available rosidl_typesupport_c: rosidl_typesupport_fastrtps_c;rosidl_typesupport_introspection_c
[3.146s] -- Using all available rosidl_typesupport_cpp: rosidl_typesupport_fastrtps_cpp;rosidl_typesupport_introspection_cpp
[3.185s] -- Found PythonInterp: /usr/bin/python3 (found suitable version "3.8.5", minimum required is "3.5") 
[3.189s] -- Found python_cmake_module: 0.8.1 (/opt/ros/foxy/share/python_cmake_module/cmake)
[3.228s] -- Found PythonLibs: /usr/lib/x86_64-linux-gnu/libpython3.8.so (found suitable version "3.8.5", minimum required is "3.5") 
[3.228s] -- Using PYTHON_EXECUTABLE: /usr/bin/python3
[3.228s] -- Using PYTHON_INCLUDE_DIRS: /usr/include/python3.8
[3.228s] -- Using PYTHON_LIBRARIES: /usr/lib/x86_64-linux-gnu/libpython3.8.so
[3.256s] -- Found PythonExtra: .so  
[3.429s] -- Configuring done
[3.553s] -- Generating done
[3.559s] -- Build files have been written to: /root/ros_canopen/build/can_msgs
[3.573s] Invoked command in '/root/ros_canopen/build/can_msgs' returned '0': CMAKE_PREFIX_PATH=/opt/ros/foxy /usr/bin/cmake /root/ros_canopen/can_msgs -DAMENT_CMAKE_SYMLINK_INSTALL=1 -DCMAKE_INSTALL_PREFIX=/root/ros_canopen/install/can_msgs
[3.577s] Invoking command in '/root/ros_canopen/build/can_msgs': CMAKE_PREFIX_PATH=/opt/ros/foxy /usr/bin/cmake --build /root/ros_canopen/build/can_msgs -- -j4 -l4
[3.665s] [35m[1mScanning dependencies of target can_msgs__cpp[0m
[3.670s] [  3%] [34m[1mGenerating C code for ROS interfaces[0m
[3.685s] [  6%] [34m[1mGenerating C++ code for ROS interfaces[0m
[4.296s] [  6%] Built target can_msgs__cpp
[4.328s] [  9%] [34m[1mGenerating C++ type support dispatch for ROS interfaces[0m
[4.331s] [ 12%] [34m[1mGenerating C++ type support for eProsima Fast-RTPS[0m
[4.344s] [ 16%] [34m[1mGenerating C++ introspection for ROS interfaces[0m
[4.800s] [35m[1mScanning dependencies of target can_msgs__rosidl_generator_c[0m
[4.887s] [ 19%] [32mBuilding C object CMakeFiles/can_msgs__rosidl_generator_c.dir/rosidl_generator_c/can_msgs/msg/detail/frame__functions.c.o[0m
[5.064s] [35m[1mScanning dependencies of target can_msgs__rosidl_typesupport_cpp[0m
[5.115s] [ 22%] [32m[1mLinking C shared library libcan_msgs__rosidl_generator_c.so[0m
[5.146s] [ 25%] [32mBuilding CXX object CMakeFiles/can_msgs__rosidl_typesupport_cpp.dir/rosidl_typesupport_cpp/can_msgs/msg/frame__type_support.cpp.o[0m
[5.292s] [ 25%] Built target can_msgs__rosidl_generator_c
[5.310s] [ 29%] [34m[1mGenerating C introspection for ROS interfaces[0m
[5.580s] [35m[1mScanning dependencies of target can_msgs__rosidl_typesupport_fastrtps_cpp[0m
[5.660s] [ 32%] [32mBuilding CXX object CMakeFiles/can_msgs__rosidl_typesupport_fastrtps_cpp.dir/rosidl_typesupport_fastrtps_cpp/can_msgs/msg/detail/dds_fastrtps/frame__type_support.cpp.o[0m
[5.760s] [35m[1mScanning dependencies of target can_msgs__rosidl_typesupport_introspection_cpp[0m
[5.866s] [ 35%] [32mBuilding CXX object CMakeFiles/can_msgs__rosidl_typesupport_introspection_cpp.dir/rosidl_typesupport_introspection_cpp/can_msgs/msg/detail/frame__type_support.cpp.o[0m
[6.470s] [ 38%] [32m[1mLinking CXX shared library libcan_msgs__rosidl_typesupport_cpp.so[0m
[6.697s] [ 38%] Built target can_msgs__rosidl_typesupport_cpp
[6.718s] [35m[1mScanning dependencies of target can_msgs__rosidl_typesupport_introspection_c[0m
[6.778s] [ 41%] [34m[1mGenerating C type support dispatch for ROS interfaces[0m
[6.809s] [ 45%] [32mBuilding C object CMakeFiles/can_msgs__rosidl_typesupport_introspection_c.dir/rosidl_typesupport_introspection_c/can_msgs/msg/detail/frame__type_support.c.o[0m
[6.867s] [ 48%] [32m[1mLinking CXX shared library libcan_msgs__rosidl_typesupport_introspection_cpp.so[0m
[6.886s] [ 51%] [32m[1mLinking CXX shared library libcan_msgs__rosidl_typesupport_fastrtps_cpp.so[0m
[6.928s] [ 54%] [32m[1mLinking C shared library libcan_msgs__rosidl_typesupport_introspection_c.so[0m
[7.116s] [ 54%] Built target can_msgs__rosidl_typesupport_introspection_c
[7.137s] [ 54%] Built target can_msgs__rosidl_typesupport_fastrtps_cpp
[7.156s] [ 58%] [34m[1mGenerating C type support for eProsima Fast-RTPS[0m
[7.259s] [ 58%] Built target can_msgs__rosidl_typesupport_introspection_cpp
[7.882s] [35m[1mScanning dependencies of target can_msgs__rosidl_typesupport_c[0m
[7.956s] [ 61%] [32mBuilding CXX object CMakeFiles/can_msgs__rosidl_typesupport_c.dir/rosidl_typesupport_c/can_msgs/msg/frame__type_support.cpp.o[0m
[7.957s] [35m[1mScanning dependencies of target can_msgs__rosidl_typesupport_fastrtps_c[0m
[8.014s] [ 64%] [32mBuilding CXX object CMakeFiles/can_msgs__rosidl_typesupport_fastrtps_c.dir/rosidl_typesupport_fastrtps_c/can_msgs/msg/detail/frame__type_support_c.cpp.o[0m
[8.113s] [ 67%] [32m[1mLinking CXX shared library libcan_msgs__rosidl_typesupport_c.so[0m
[8.336s] [ 67%] Built target can_msgs__rosidl_typesupport_c
[8.954s] [ 70%] [32m[1mLinking CXX shared library libcan_msgs__rosidl_typesupport_fastrtps_c.so[0m
[9.191s] [ 70%] Built target can_msgs__rosidl_typesupport_fastrtps_c
[9.211s] [35m[1mScanning dependencies of target can_msgs[0m
[9.231s] [ 70%] Built target can_msgs
[9.247s] [35m[1mScanning dependencies of target can_msgs__py[0m
[9.265s] [ 74%] [34m[1mGenerating Python code for ROS interfaces[0m
[10.198s] [ 74%] Built target can_msgs__py
[10.235s] [35m[1mScanning dependencies of target can_msgs__python[0m
[10.264s] [ 77%] [32mBuilding C object CMakeFiles/can_msgs__python.dir/rosidl_generator_py/can_msgs/msg/_frame_s.c.o[0m
[10.472s] [ 80%] [32m[1mLinking C shared library rosidl_generator_py/can_msgs/libcan_msgs__python.so[0m
[10.563s] [ 80%] Built target can_msgs__python
[10.581s] [35m[1mScanning dependencies of target can_msgs__rosidl_typesupport_c__pyext[0m
[10.582s] [35m[1mScanning dependencies of target can_msgs__rosidl_typesupport_introspection_c__pyext[0m
[10.600s] [35m[1mScanning dependencies of target can_msgs__rosidl_typesupport_fastrtps_c__pyext[0m
[10.642s] [ 83%] [32mBuilding C object CMakeFiles/can_msgs__rosidl_typesupport_c__pyext.dir/rosidl_generator_py/can_msgs/_can_msgs_s.ep.rosidl_typesupport_c.c.o[0m
[10.662s] [ 87%] [32mBuilding C object CMakeFiles/can_msgs__rosidl_typesupport_introspection_c__pyext.dir/rosidl_generator_py/can_msgs/_can_msgs_s.ep.rosidl_typesupport_introspection_c.c.o[0m
[10.681s] [ 90%] [32mBuilding C object CMakeFiles/can_msgs__rosidl_typesupport_fastrtps_c__pyext.dir/rosidl_generator_py/can_msgs/_can_msgs_s.ep.rosidl_typesupport_fastrtps_c.c.o[0m
[10.956s] [ 93%] [32m[1mLinking C shared library rosidl_generator_py/can_msgs/can_msgs_s__rosidl_typesupport_c.cpython-38-x86_64-linux-gnu.so[0m
[10.958s] [ 96%] [32m[1mLinking CXX shared library rosidl_generator_py/can_msgs/can_msgs_s__rosidl_typesupport_fastrtps_c.cpython-38-x86_64-linux-gnu.so[0m
[10.971s] [100%] [32m[1mLinking C shared library rosidl_generator_py/can_msgs/can_msgs_s__rosidl_typesupport_introspection_c.cpython-38-x86_64-linux-gnu.so[0m
[11.064s] [100%] Built target can_msgs__rosidl_typesupport_c__pyext
[11.142s] [100%] Built target can_msgs__rosidl_typesupport_introspection_c__pyext
[11.156s] [100%] Built target can_msgs__rosidl_typesupport_fastrtps_c__pyext
[11.177s] Invoked command in '/root/ros_canopen/build/can_msgs' returned '0': CMAKE_PREFIX_PATH=/opt/ros/foxy /usr/bin/cmake --build /root/ros_canopen/build/can_msgs -- -j4 -l4
[11.264s] Invoking command in '/root/ros_canopen/build/can_msgs': CMAKE_PREFIX_PATH=/opt/ros/foxy /usr/bin/cmake --install /root/ros_canopen/build/can_msgs
[11.275s] -- Install configuration: ""
[11.276s] -- Execute custom install script
[11.277s] -- Symlinking: /root/ros_canopen/install/can_msgs/share/ament_index/resource_index/rosidl_interfaces/can_msgs
[11.288s] -- Symlinking: /root/ros_canopen/install/can_msgs/include/can_msgs/msg/detail/frame__functions.h
[11.298s] -- Symlinking: /root/ros_canopen/install/can_msgs/include/can_msgs/msg/detail/frame__struct.h
[11.311s] -- Symlinking: /root/ros_canopen/install/can_msgs/include/can_msgs/msg/detail/frame__type_support.h
[11.327s] -- Symlinking: /root/ros_canopen/install/can_msgs/include/can_msgs/msg/frame.h
[11.343s] -- Symlinking: /root/ros_canopen/install/can_msgs/include/can_msgs/msg/rosidl_generator_c__visibility_control.h
[11.354s] -- Symlinking: /root/ros_canopen/install/can_msgs/share/can_msgs/environment/library_path.sh
[11.365s] -- Symlinking: /root/ros_canopen/install/can_msgs/share/can_msgs/environment/library_path.dsv
[11.376s] -- Symlinking: /root/ros_canopen/install/can_msgs/include/can_msgs/msg/detail/frame__rosidl_typesupport_fastrtps_c.h
[11.387s] -- Symlinking: /root/ros_canopen/install/can_msgs/include/can_msgs/msg/rosidl_typesupport_fastrtps_c__visibility_control.h
[11.398s] -- Symlinking: /root/ros_canopen/install/can_msgs/lib/libcan_msgs__rosidl_typesupport_fastrtps_c.so
[11.413s] -- Symlinking: /root/ros_canopen/install/can_msgs/include/can_msgs/msg/detail/frame__rosidl_typesupport_fastrtps_cpp.hpp
[11.428s] -- Symlinking: /root/ros_canopen/install/can_msgs/include/can_msgs/msg/rosidl_typesupport_fastrtps_cpp__visibility_control.h
[11.443s] -- Symlinking: /root/ros_canopen/install/can_msgs/lib/libcan_msgs__rosidl_typesupport_fastrtps_cpp.so
[11.458s] -- Symlinking: /root/ros_canopen/install/can_msgs/include/can_msgs/msg/detail/frame__rosidl_typesupport_introspection_c.h
[11.469s] -- Symlinking: /root/ros_canopen/install/can_msgs/include/can_msgs/msg/rosidl_typesupport_introspection_c__visibility_control.h
[11.481s] -- Symlinking: /root/ros_canopen/install/can_msgs/include/can_msgs/msg/detail/frame__builder.hpp
[11.491s] -- Symlinking: /root/ros_canopen/install/can_msgs/include/can_msgs/msg/detail/frame__struct.hpp
[11.502s] -- Symlinking: /root/ros_canopen/install/can_msgs/include/can_msgs/msg/detail/frame__traits.hpp
[11.521s] -- Symlinking: /root/ros_canopen/install/can_msgs/include/can_msgs/msg/frame.hpp
[11.536s] -- Symlinking: /root/ros_canopen/install/can_msgs/include/can_msgs/msg/detail/frame__rosidl_typesupport_introspection_cpp.hpp
[11.547s] -- Symlinking: /root/ros_canopen/install/can_msgs/share/can_msgs/environment/pythonpath.sh
[11.558s] -- Symlinking: /root/ros_canopen/install/can_msgs/share/can_msgs/environment/pythonpath.dsv
[11.570s] -- Symlinking: /root/ros_canopen/install/can_msgs/lib/python3.8/site-packages/can_msgs/__init__.py
[11.581s] -- Symlinking: /root/ros_canopen/install/can_msgs/lib/python3.8/site-packages/can_msgs/msg/__init__.py
[11.591s] -- Symlinking: /root/ros_canopen/install/can_msgs/lib/python3.8/site-packages/can_msgs/msg/_frame.py
[11.602s] -- Symlinking: /root/ros_canopen/install/can_msgs/lib/python3.8/site-packages/can_msgs/can_msgs_s__rosidl_typesupport_fastrtps_c.cpython-38-x86_64-linux-gnu.so
[11.616s] -- Symlinking: /root/ros_canopen/install/can_msgs/lib/python3.8/site-packages/can_msgs/can_msgs_s__rosidl_typesupport_introspection_c.cpython-38-x86_64-linux-gnu.so
[11.630s] -- Symlinking: /root/ros_canopen/install/can_msgs/lib/python3.8/site-packages/can_msgs/can_msgs_s__rosidl_typesupport_c.cpython-38-x86_64-linux-gnu.so
[11.645s] -- Symlinking: /root/ros_canopen/install/can_msgs/lib/libcan_msgs__python.so
[11.656s] -- Symlinking: /root/ros_canopen/install/can_msgs/share/can_msgs/msg/Frame.idl
[11.667s] -- Symlinking: /root/ros_canopen/install/can_msgs/share/can_msgs/msg/Frame.msg
[11.678s] -- Symlinking: /root/ros_canopen/install/can_msgs/share/ament_index/resource_index/package_run_dependencies/can_msgs
[11.688s] -- Symlinking: /root/ros_canopen/install/can_msgs/share/ament_index/resource_index/parent_prefix_path/can_msgs
[11.699s] -- Symlinking: /root/ros_canopen/install/can_msgs/share/can_msgs/environment/ament_prefix_path.sh
[11.715s] -- Symlinking: /root/ros_canopen/install/can_msgs/share/can_msgs/environment/ament_prefix_path.dsv
[11.728s] -- Symlinking: /root/ros_canopen/install/can_msgs/share/can_msgs/environment/path.sh
[11.739s] -- Symlinking: /root/ros_canopen/install/can_msgs/share/can_msgs/environment/path.dsv
[11.750s] -- Symlinking: /root/ros_canopen/install/can_msgs/share/can_msgs/local_setup.bash
[11.761s] -- Symlinking: /root/ros_canopen/install/can_msgs/share/can_msgs/local_setup.sh
[11.772s] -- Symlinking: /root/ros_canopen/install/can_msgs/share/can_msgs/local_setup.zsh
[11.783s] -- Symlinking: /root/ros_canopen/install/can_msgs/share/can_msgs/local_setup.dsv
[11.793s] -- Symlinking: /root/ros_canopen/install/can_msgs/share/can_msgs/package.dsv
[11.804s] -- Symlinking: /root/ros_canopen/install/can_msgs/share/ament_index/resource_index/packages/can_msgs
[11.818s] -- Symlinking: /root/ros_canopen/install/can_msgs/share/can_msgs/cmake/rosidl_cmake-extras.cmake
[11.832s] -- Symlinking: /root/ros_canopen/install/can_msgs/share/can_msgs/cmake/ament_cmake_export_dependencies-extras.cmake
[11.844s] -- Symlinking: /root/ros_canopen/install/can_msgs/share/can_msgs/cmake/ament_cmake_export_libraries-extras.cmake
[11.855s] -- Symlinking: /root/ros_canopen/install/can_msgs/share/can_msgs/cmake/ament_cmake_export_targets-extras.cmake
[11.866s] -- Symlinking: /root/ros_canopen/install/can_msgs/share/can_msgs/cmake/ament_cmake_export_include_directories-extras.cmake
[11.877s] -- Symlinking: /root/ros_canopen/install/can_msgs/share/can_msgs/cmake/rosidl_cmake_export_typesupport_libraries-extras.cmake
[11.888s] -- Symlinking: /root/ros_canopen/install/can_msgs/share/can_msgs/cmake/rosidl_cmake_export_typesupport_targets-extras.cmake
[11.899s] -- Symlinking: /root/ros_canopen/install/can_msgs/share/can_msgs/cmake/can_msgsConfig.cmake
[11.912s] -- Symlinking: /root/ros_canopen/install/can_msgs/share/can_msgs/cmake/can_msgsConfig-version.cmake
[11.928s] -- Symlinking: /root/ros_canopen/install/can_msgs/share/can_msgs/package.xml
[11.944s] -- Installing: /root/ros_canopen/install/can_msgs/lib/libcan_msgs__rosidl_generator_c.so
[11.944s] -- Set runtime path of "/root/ros_canopen/install/can_msgs/lib/libcan_msgs__rosidl_generator_c.so" to ""
[11.944s] -- Installing: /root/ros_canopen/install/can_msgs/lib/libcan_msgs__rosidl_typesupport_introspection_c.so
[11.945s] -- Set runtime path of "/root/ros_canopen/install/can_msgs/lib/libcan_msgs__rosidl_typesupport_introspection_c.so" to ""
[11.945s] -- Installing: /root/ros_canopen/install/can_msgs/lib/libcan_msgs__rosidl_typesupport_c.so
[11.945s] -- Set runtime path of "/root/ros_canopen/install/can_msgs/lib/libcan_msgs__rosidl_typesupport_c.so" to ""
[11.945s] -- Installing: /root/ros_canopen/install/can_msgs/lib/libcan_msgs__rosidl_typesupport_introspection_cpp.so
[11.946s] -- Set runtime path of "/root/ros_canopen/install/can_msgs/lib/libcan_msgs__rosidl_typesupport_introspection_cpp.so" to ""
[11.947s] -- Installing: /root/ros_canopen/install/can_msgs/lib/libcan_msgs__rosidl_typesupport_cpp.so
[11.947s] -- Set runtime path of "/root/ros_canopen/install/can_msgs/lib/libcan_msgs__rosidl_typesupport_cpp.so" to ""
[11.989s] Compiling '/root/ros_canopen/install/can_msgs/lib/python3.8/site-packages/can_msgs/__init__.py'...
[11.995s] -- Installing: /root/ros_canopen/install/can_msgs/share/can_msgs/cmake/can_msgs__rosidl_generator_cExport.cmake
[11.995s] -- Installing: /root/ros_canopen/install/can_msgs/share/can_msgs/cmake/can_msgs__rosidl_generator_cExport-noconfig.cmake
[11.996s] -- Installing: /root/ros_canopen/install/can_msgs/share/can_msgs/cmake/can_msgs__rosidl_typesupport_introspection_cExport.cmake
[11.996s] -- Installing: /root/ros_canopen/install/can_msgs/share/can_msgs/cmake/can_msgs__rosidl_typesupport_introspection_cExport-noconfig.cmake
[11.996s] -- Installing: /root/ros_canopen/install/can_msgs/share/can_msgs/cmake/can_msgs__rosidl_typesupport_cExport.cmake
[11.996s] -- Installing: /root/ros_canopen/install/can_msgs/share/can_msgs/cmake/can_msgs__rosidl_typesupport_cExport-noconfig.cmake
[11.997s] -- Installing: /root/ros_canopen/install/can_msgs/share/can_msgs/cmake/can_msgs__rosidl_generator_cppExport.cmake
[11.997s] -- Installing: /root/ros_canopen/install/can_msgs/share/can_msgs/cmake/can_msgs__rosidl_typesupport_introspection_cppExport.cmake
[11.998s] -- Installing: /root/ros_canopen/install/can_msgs/share/can_msgs/cmake/can_msgs__rosidl_typesupport_introspection_cppExport-noconfig.cmake
[11.998s] -- Installing: /root/ros_canopen/install/can_msgs/share/can_msgs/cmake/can_msgs__rosidl_typesupport_cppExport.cmake
[11.998s] -- Installing: /root/ros_canopen/install/can_msgs/share/can_msgs/cmake/can_msgs__rosidl_typesupport_cppExport-noconfig.cmake
[12.002s] Invoked command in '/root/ros_canopen/build/can_msgs' returned '0': CMAKE_PREFIX_PATH=/opt/ros/foxy /usr/bin/cmake --install /root/ros_canopen/build/can_msgs
