-- Found ament_cmake: 0.9.8 (/opt/ros/foxy/share/ament_cmake/cmake)
-- Using PYTHON_EXECUTABLE: /usr/bin/python3
-- Override CMake install command with custom implementation using symlinks instead of copying resources
-- Found can_msgs: 0.8.5 (/root/ros_canopen/install/can_msgs/share/can_msgs/cmake)
-- Using all available rosidl_typesupport_c: rosidl_typesupport_fastrtps_c;rosidl_typesupport_introspection_c
-- Found rosidl_adapter: 1.2.1 (/opt/ros/foxy/share/rosidl_adapter/cmake)
-- Using all available rosidl_typesupport_cpp: rosidl_typesupport_fastrtps_cpp;rosidl_typesupport_introspection_cpp
-- Found rclcpp: 2.3.1 (/opt/ros/foxy/share/rclcpp/cmake)
-- Found rmw_implementation_cmake: 1.0.3 (/opt/ros/foxy/share/rmw_implementation_cmake/cmake)
-- Using RMW implementation 'rmw_fastrtps_cpp' as default
-- Found socketcan_interface: 0.8.5 (/root/ros_canopen/install/socketcan_interface/share/socketcan_interface/cmake)
-- Configuring done
-- Generating done
-- Build files have been written to: /root/ros_canopen/build/socketcan_bridge
[35m[1mScanning dependencies of target socketcan_to_topic[0m
[35m[1mScanning dependencies of target topic_to_socketcan[0m
[  8%] [32mBuilding CXX object CMakeFiles/socketcan_to_topic.dir/src/socketcan_to_topic.cpp.o[0m
[ 16%] [32mBuilding CXX object CMakeFiles/topic_to_socketcan.dir/src/topic_to_socketcan.cpp.o[0m
[01m[K/root/ros_canopen/socketcan_bridge/src/socketcan_to_topic.cpp:28:10:[m[K [01;31m[Kfatal error: [m[Ksocketcan_bridge/socketcan_to_topic.hpp: No such file or directory
   28 | #include [01;31m[K<socketcan_bridge/socketcan_to_topic.hpp>[m[K
      |          [01;31m[K^~~~~~~~~~~~~~~~~~~~~~~~~~~~~~~~~~~~~~~~~[m[K
compilation terminated.
[01m[K/root/ros_canopen/socketcan_bridge/src/topic_to_socketcan.cpp:28:10:[m[K [01;31m[Kfatal error: [m[Ksocketcan_bridge/topic_to_socketcan.hpp: No such file or directory
   28 | #include [01;31m[K<socketcan_bridge/topic_to_socketcan.hpp>[m[K
      |          [01;31m[K^~~~~~~~~~~~~~~~~~~~~~~~~~~~~~~~~~~~~~~~~[m[K
compilation terminated.
make[2]: *** [CMakeFiles/topic_to_socketcan.dir/build.make:76: CMakeFiles/topic_to_socketcan.dir/src/topic_to_socketcan.cpp.o] Error 1
make[1]: *** [CMakeFiles/Makefile2:140: CMakeFiles/topic_to_socketcan.dir/all] Error 2
make[1]: *** Waiting for unfinished jobs....
make[2]: *** [CMakeFiles/socketcan_to_topic.dir/build.make:76: CMakeFiles/socketcan_to_topic.dir/src/socketcan_to_topic.cpp.o] Error 1
make[1]: *** [CMakeFiles/Makefile2:113: CMakeFiles/socketcan_to_topic.dir/all] Error 2
make: *** [Makefile:141: all] Error 2
