[0.013s] Invoking command in '/root/ros_canopen/build/canopen_master': AMENT_PREFIX_PATH=/root/ros_canopen/install/socketcan_interface:${AMENT_PREFIX_PATH} CMAKE_PREFIX_PATH=/root/ros_canopen/install/socketcan_interface:/opt/ros/foxy /usr/bin/cmake --build /root/ros_canopen/build/canopen_master -- -j4 -l4
[0.124s] [ 10%] [32mBuilding CXX object CMakeFiles/canopen_bcm_sync.dir/src/bcm_sync.cpp.o[0m
[0.138s] [ 20%] [32mBuilding CXX object CMakeFiles/canopen_master.dir/src/emcy.cpp.o[0m
[0.142s] [ 30%] [32mBuilding CXX object CMakeFiles/canopen_master.dir/src/node.cpp.o[0m
[0.144s] In file included from [01m[K/root/ros_canopen/canopen_master/src/bcm_sync.cpp:1[m[K:
[0.145s] [01m[K/root/ros_canopen/canopen_master/include/canopen_master/bcm_sync.hpp:4:10:[m[K [01;31m[Kfatal error: [m[Ksocketcan_interface/bcm.hpp: No such file or directory
[0.145s]     4 | #include [01;31m[K<socketcan_interface/bcm.hpp>[m[K
[0.145s]       |          [01;31m[K^~~~~~~~~~~~~~~~~~~~~~~~~~~~~[m[K
[0.145s] compilation terminated.
[0.145s] make[2]: *** [CMakeFiles/canopen_bcm_sync.dir/build.make:63: CMakeFiles/canopen_bcm_sync.dir/src/bcm_sync.cpp.o] Error 1
[0.146s] make[1]: *** [CMakeFiles/Makefile2:82: CMakeFiles/canopen_bcm_sync.dir/all] Error 2
[0.146s] make[1]: *** Waiting for unfinished jobs....
[0.152s] In file included from [01m[K/root/ros_canopen/canopen_master/src/emcy.cpp:1[m[K:
[0.153s] [01m[K/root/ros_canopen/canopen_master/include/canopen_master/canopen.hpp:4:10:[m[K [01;31m[Kfatal error: [m[Ksocketcan_interface/interface.hpp: No such file or directory
[0.153s]     4 | #include [01;31m[K<socketcan_interface/interface.hpp>[m[K
[0.153s]       |          [01;31m[K^~~~~~~~~~~~~~~~~~~~~~~~~~~~~~~~~~~[m[K
[0.153s] compilation terminated.
[0.154s] make[2]: *** [CMakeFiles/canopen_master.dir/build.make:63: CMakeFiles/canopen_master.dir/src/emcy.cpp.o] Error 1
[0.154s] make[2]: *** Waiting for unfinished jobs....
[0.164s] [ 50%] [32mBuilding CXX object CMakeFiles/canopen_master.dir/src/objdict.cpp.o[0m
[0.164s] [ 50%] [32mBuilding CXX object CMakeFiles/canopen_master.dir/src/pdo.cpp.o[0m
[0.165s] In file included from [01m[K/root/ros_canopen/canopen_master/src/node.cpp:1[m[K:
[0.166s] [01m[K/root/ros_canopen/canopen_master/include/canopen_master/canopen.hpp:4:10:[m[K [01;31m[Kfatal error: [m[Ksocketcan_interface/interface.hpp: No such file or directory
[0.166s]     4 | #include [01;31m[K<socketcan_interface/interface.hpp>[m[K
[0.166s]       |          [01;31m[K^~~~~~~~~~~~~~~~~~~~~~~~~~~~~~~~~~~[m[K
[0.166s] compilation terminated.
[0.167s] make[2]: *** [CMakeFiles/canopen_master.dir/build.make:76: CMakeFiles/canopen_master.dir/src/node.cpp.o] Error 1
[0.184s] In file included from [01m[K/root/ros_canopen/canopen_master/src/pdo.cpp:1[m[K:
[0.185s] [01m[K/root/ros_canopen/canopen_master/include/canopen_master/canopen.hpp:4:10:[m[K [01;31m[Kfatal error: [m[Ksocketcan_interface/interface.hpp: No such file or directory
[0.185s]     4 | #include [01;31m[K<socketcan_interface/interface.hpp>[m[K
[0.185s]       |          [01;31m[K^~~~~~~~~~~~~~~~~~~~~~~~~~~~~~~~~~~[m[K
[0.185s] compilation terminated.
[0.187s] make[2]: *** [CMakeFiles/canopen_master.dir/build.make:102: CMakeFiles/canopen_master.dir/src/pdo.cpp.o] Error 1
[0.250s] In file included from [01m[K/root/ros_canopen/canopen_master/src/objdict.cpp:1[m[K:
[0.250s] [01m[K/root/ros_canopen/canopen_master/include/canopen_master/objdict.hpp:9:10:[m[K [01;31m[Kfatal error: [m[Ksocketcan_interface/delegates.hpp: No such file or directory
[0.250s]     9 | #include [01;31m[K<socketcan_interface/delegates.hpp>[m[K
[0.250s]       |          [01;31m[K^~~~~~~~~~~~~~~~~~~~~~~~~~~~~~~~~~~[m[K
[0.251s] compilation terminated.
[0.252s] make[2]: *** [CMakeFiles/canopen_master.dir/build.make:89: CMakeFiles/canopen_master.dir/src/objdict.cpp.o] Error 1
[0.252s] make[1]: *** [CMakeFiles/Makefile2:136: CMakeFiles/canopen_master.dir/all] Error 2
[0.252s] make: *** [Makefile:141: all] Error 2
[0.256s] Invoked command in '/root/ros_canopen/build/canopen_master' returned '2': AMENT_PREFIX_PATH=/root/ros_canopen/install/socketcan_interface:${AMENT_PREFIX_PATH} CMAKE_PREFIX_PATH=/root/ros_canopen/install/socketcan_interface:/opt/ros/foxy /usr/bin/cmake --build /root/ros_canopen/build/canopen_master -- -j4 -l4
