-- Found ament_cmake: 0.9.8 (/opt/ros/foxy/share/ament_cmake/cmake)
-- Using PYTHON_EXECUTABLE: /usr/bin/python3
-- Override CMake install command with custom implementation using symlinks instead of copying resources
-- Found class_loader: 2.0.2 (/opt/ros/foxy/share/class_loader/cmake)
-- Found rosidl_default_generators: 1.0.1 (/opt/ros/foxy/share/rosidl_default_generators/cmake)
-- Using all available rosidl_typesupport_c: rosidl_typesupport_fastrtps_c;rosidl_typesupport_introspection_c
-- Found rosidl_adapter: 1.2.1 (/opt/ros/foxy/share/rosidl_adapter/cmake)
-- Using all available rosidl_typesupport_cpp: rosidl_typesupport_fastrtps_cpp;rosidl_typesupport_introspection_cpp
-- Found socketcan_interface: 0.8.5 (/root/ros_canopen/install/socketcan_interface/share/socketcan_interface/cmake)
-- Configuring done
-- Generating done
-- Build files have been written to: /root/ros_canopen/build/canopen_master
[35m[1mScanning dependencies of target canopen_bcm_sync[0m
[35m[1mScanning dependencies of target canopen_master[0m
[ 10%] [32mBuilding CXX object CMakeFiles/canopen_bcm_sync.dir/src/bcm_sync.cpp.o[0m
[ 20%] [32mBuilding CXX object CMakeFiles/canopen_master.dir/src/emcy.cpp.o[0m
[ 30%] [32mBuilding CXX object CMakeFiles/canopen_master.dir/src/objdict.cpp.o[0m
[ 40%] [32mBuilding CXX object CMakeFiles/canopen_master.dir/src/node.cpp.o[0m
In file included from [01m[K/root/ros_canopen/install/socketcan_interface/include/socketcan_interface/interface.hpp:12[m[K,
                 from [01m[K/root/ros_canopen/install/socketcan_interface/include/socketcan_interface/bcm.hpp:4[m[K,
                 from [01m[K/root/ros_canopen/canopen_master/include/canopen_master/bcm_sync.hpp:4[m[K,
                 from [01m[K/root/ros_canopen/canopen_master/src/bcm_sync.cpp:1[m[K:
[01m[K/root/ros_canopen/install/socketcan_interface/include/socketcan_interface/settings.hpp:[m[K In member function ‘[01m[Kvirtual bool can::NoSettings::getRepr(const string&, std::string&) const[m[K’:
[01m[K/root/ros_canopen/install/socketcan_interface/include/socketcan_interface/settings.hpp:38:47:[m[K [01;35m[Kwarning: [m[Kunused parameter ‘[01m[Kn[m[K’ [[01;35m[K-Wunused-parameter[m[K]
   38 |       virtual bool getRepr([01;35m[Kconst std::string &n[m[K, std::string & repr) const { return false; }
      |                            [01;35m[K~~~~~~~~~~~~~~~~~~~^[m[K
[01m[K/root/ros_canopen/install/socketcan_interface/include/socketcan_interface/settings.hpp:38:64:[m[K [01;35m[Kwarning: [m[Kunused parameter ‘[01m[Krepr[m[K’ [[01;35m[K-Wunused-parameter[m[K]
   38 |       virtual bool getRepr(const std::string &n, [01;35m[Kstd::string & repr[m[K) const { return false; }
      |                                                  [01;35m[K~~~~~~~~~~~~~~^~~~[m[K
In file included from [01m[K/root/ros_canopen/install/socketcan_interface/include/socketcan_interface/bcm.hpp:4[m[K,
                 from [01m[K/root/ros_canopen/canopen_master/include/canopen_master/bcm_sync.hpp:4[m[K,
                 from [01m[K/root/ros_canopen/canopen_master/src/bcm_sync.cpp:1[m[K:
[01m[K/root/ros_canopen/install/socketcan_interface/include/socketcan_interface/interface.hpp:[m[K In member function ‘[01m[Kvirtual bool can::DriverInterface::init(const string&, bool, can::SettingsConstSharedPtr)[m[K’:
[01m[K/root/ros_canopen/install/socketcan_interface/include/socketcan_interface/interface.hpp:190:88:[m[K [01;35m[Kwarning: [m[Kunused parameter ‘[01m[Ksettings[m[K’ [[01;35m[K-Wunused-parameter[m[K]
  190 |     virtual bool init(const std::string &device, bool loopback, [01;35m[KSettingsConstSharedPtr settings[m[K) {
      |                                                                 [01;35m[K~~~~~~~~~~~~~~~~~~~~~~~^~~~~~~~[m[K
In file included from [01m[K/root/ros_canopen/install/socketcan_interface/include/socketcan_interface/interface.hpp:12[m[K,
                 from [01m[K/root/ros_canopen/canopen_master/include/canopen_master/canopen.hpp:4[m[K,
                 from [01m[K/root/ros_canopen/canopen_master/src/node.cpp:1[m[K:
[01m[K/root/ros_canopen/install/socketcan_interface/include/socketcan_interface/settings.hpp:[m[K In member function ‘[01m[Kvirtual bool can::NoSettings::getRepr(const string&, std::string&) const[m[K’:
[01m[K/root/ros_canopen/install/socketcan_interface/include/socketcan_interface/settings.hpp:38:47:[m[K [01;35m[Kwarning: [m[Kunused parameter ‘[01m[Kn[m[K’ [[01;35m[K-Wunused-parameter[m[K]
   38 |       virtual bool getRepr([01;35m[Kconst std::string &n[m[K, std::string & repr) const { return false; }
      |                            [01;35m[K~~~~~~~~~~~~~~~~~~~^[m[K
[01m[K/root/ros_canopen/install/socketcan_interface/include/socketcan_interface/settings.hpp:38:64:[m[K [01;35m[Kwarning: [m[Kunused parameter ‘[01m[Krepr[m[K’ [[01;35m[K-Wunused-parameter[m[K]
   38 |       virtual bool getRepr(const std::string &n, [01;35m[Kstd::string & repr[m[K) const { return false; }
      |                                                  [01;35m[K~~~~~~~~~~~~~~^~~~[m[K
In file included from [01m[K/root/ros_canopen/install/socketcan_interface/include/socketcan_interface/interface.hpp:12[m[K,
                 from [01m[K/root/ros_canopen/canopen_master/include/canopen_master/canopen.hpp:4[m[K,
                 from [01m[K/root/ros_canopen/canopen_master/src/emcy.cpp:1[m[K:
[01m[K/root/ros_canopen/install/socketcan_interface/include/socketcan_interface/settings.hpp:[m[K In member function ‘[01m[Kvirtual bool can::NoSettings::getRepr(const string&, std::string&) const[m[K’:
[01m[K/root/ros_canopen/install/socketcan_interface/include/socketcan_interface/settings.hpp:38:47:[m[K [01;35m[Kwarning: [m[Kunused parameter ‘[01m[Kn[m[K’ [[01;35m[K-Wunused-parameter[m[K]
   38 |       virtual bool getRepr([01;35m[Kconst std::string &n[m[K, std::string & repr) const { return false; }
      |                            [01;35m[K~~~~~~~~~~~~~~~~~~~^[m[K
[01m[K/root/ros_canopen/install/socketcan_interface/include/socketcan_interface/settings.hpp:38:64:[m[K [01;35m[Kwarning: [m[Kunused parameter ‘[01m[Krepr[m[K’ [[01;35m[K-Wunused-parameter[m[K]
   38 |       virtual bool getRepr(const std::string &n, [01;35m[Kstd::string & repr[m[K) const { return false; }
      |                                                  [01;35m[K~~~~~~~~~~~~~~^~~~[m[K
In file included from [01m[K/root/ros_canopen/canopen_master/include/canopen_master/canopen.hpp:4[m[K,
                 from [01m[K/root/ros_canopen/canopen_master/src/node.cpp:1[m[K:
[01m[K/root/ros_canopen/install/socketcan_interface/include/socketcan_interface/interface.hpp:[m[K In member function ‘[01m[Kvirtual bool can::DriverInterface::init(const string&, bool, can::SettingsConstSharedPtr)[m[K’:
[01m[K/root/ros_canopen/install/socketcan_interface/include/socketcan_interface/interface.hpp:190:88:[m[K [01;35m[Kwarning: [m[Kunused parameter ‘[01m[Ksettings[m[K’ [[01;35m[K-Wunused-parameter[m[K]
  190 |     virtual bool init(const std::string &device, bool loopback, [01;35m[KSettingsConstSharedPtr settings[m[K) {
      |                                                                 [01;35m[K~~~~~~~~~~~~~~~~~~~~~~~^~~~~~~~[m[K
In file included from [01m[K/root/ros_canopen/canopen_master/include/canopen_master/canopen.hpp:4[m[K,
                 from [01m[K/root/ros_canopen/canopen_master/src/emcy.cpp:1[m[K:
[01m[K/root/ros_canopen/install/socketcan_interface/include/socketcan_interface/interface.hpp:[m[K In member function ‘[01m[Kvirtual bool can::DriverInterface::init(const string&, bool, can::SettingsConstSharedPtr)[m[K’:
[01m[K/root/ros_canopen/install/socketcan_interface/include/socketcan_interface/interface.hpp:190:88:[m[K [01;35m[Kwarning: [m[Kunused parameter ‘[01m[Ksettings[m[K’ [[01;35m[K-Wunused-parameter[m[K]
  190 |     virtual bool init(const std::string &device, bool loopback, [01;35m[KSettingsConstSharedPtr settings[m[K) {
      |                                                                 [01;35m[K~~~~~~~~~~~~~~~~~~~~~~~^~~~~~~~[m[K
In file included from [01m[K/root/ros_canopen/canopen_master/include/canopen_master/bcm_sync.hpp:4[m[K,
                 from [01m[K/root/ros_canopen/canopen_master/src/bcm_sync.cpp:1[m[K:
[01m[K/root/ros_canopen/install/socketcan_interface/include/socketcan_interface/bcm.hpp:[m[K In member function ‘[01m[Kbool can::BCMsocket::init(const string&)[m[K’:
[01m[K/root/ros_canopen/install/socketcan_interface/include/socketcan_interface/bcm.hpp:69:38:[m[K [01;35m[Kwarning: [m[Kmissing initializer for member ‘[01m[Ksockaddr_can::can_ifindex[m[K’ [[01;35m[K-Wmissing-field-initializers[m[K]
   69 |         struct sockaddr_can addr = {0[01;35m[K}[m[K;
      |                                      [01;35m[K^[m[K
[01m[K/root/ros_canopen/install/socketcan_interface/include/socketcan_interface/bcm.hpp:69:38:[m[K [01;35m[Kwarning: [m[Kmissing initializer for member ‘[01m[Ksockaddr_can::can_addr[m[K’ [[01;35m[K-Wmissing-field-initializers[m[K]
In file included from [01m[K/root/ros_canopen/canopen_master/include/canopen_master/objdict.hpp:15[m[K,
                 from [01m[K/root/ros_canopen/canopen_master/src/objdict.cpp:1[m[K:
[01m[K/root/ros_canopen/canopen_master/include/canopen_master/exceptions.hpp:[m[K In constructor ‘[01m[Kcanopen::PointerInvalid::PointerInvalid(const string&)[m[K’:
[01m[K/root/ros_canopen/canopen_master/include/canopen_master/exceptions.hpp:17:39:[m[K [01;35m[Kwarning: [m[Kunused parameter ‘[01m[Kw[m[K’ [[01;35m[K-Wunused-parameter[m[K]
   17 |     PointerInvalid([01;35m[Kconst std::string &w[m[K) : Exception("Pointer invalid") {}
      |                    [01;35m[K~~~~~~~~~~~~~~~~~~~^[m[K
In file included from [01m[K/root/ros_canopen/install/socketcan_interface/include/socketcan_interface/interface.hpp:12[m[K,
                 from [01m[K/root/ros_canopen/install/socketcan_interface/include/socketcan_interface/string.hpp:4[m[K,
                 from [01m[K/root/ros_canopen/canopen_master/src/objdict.cpp:2[m[K:
[01m[K/root/ros_canopen/install/socketcan_interface/include/socketcan_interface/settings.hpp:[m[K In member function ‘[01m[Kvirtual bool can::NoSettings::getRepr(const string&, std::string&) const[m[K’:
[01m[K/root/ros_canopen/install/socketcan_interface/include/socketcan_interface/settings.hpp:38:47:[m[K [01;35m[Kwarning: [m[Kunused parameter ‘[01m[Kn[m[K’ [[01;35m[K-Wunused-parameter[m[K]
   38 |       virtual bool getRepr([01;35m[Kconst std::string &n[m[K, std::string & repr) const { return false; }
      |                            [01;35m[K~~~~~~~~~~~~~~~~~~~^[m[K
[01m[K/root/ros_canopen/install/socketcan_interface/include/socketcan_interface/settings.hpp:38:64:[m[K [01;35m[Kwarning: [m[Kunused parameter ‘[01m[Krepr[m[K’ [[01;35m[K-Wunused-parameter[m[K]
   38 |       virtual bool getRepr(const std::string &n, [01;35m[Kstd::string & repr[m[K) const { return false; }
      |                                                  [01;35m[K~~~~~~~~~~~~~~^~~~[m[K
In file included from [01m[K/root/ros_canopen/install/socketcan_interface/include/socketcan_interface/string.hpp:4[m[K,
                 from [01m[K/root/ros_canopen/canopen_master/src/objdict.cpp:2[m[K:
[01m[K/root/ros_canopen/install/socketcan_interface/include/socketcan_interface/interface.hpp:[m[K In member function ‘[01m[Kvirtual bool can::DriverInterface::init(const string&, bool, can::SettingsConstSharedPtr)[m[K’:
[01m[K/root/ros_canopen/install/socketcan_interface/include/socketcan_interface/interface.hpp:190:88:[m[K [01;35m[Kwarning: [m[Kunused parameter ‘[01m[Ksettings[m[K’ [[01;35m[K-Wunused-parameter[m[K]
  190 |     virtual bool init(const std::string &device, bool loopback, [01;35m[KSettingsConstSharedPtr settings[m[K) {
      |                                                                 [01;35m[K~~~~~~~~~~~~~~~~~~~~~~~^~~~~~~~[m[K
In file included from [01m[K/root/ros_canopen/canopen_master/include/canopen_master/canopen.hpp:7[m[K,
                 from [01m[K/root/ros_canopen/canopen_master/src/node.cpp:1[m[K:
[01m[K/root/ros_canopen/canopen_master/include/canopen_master/exceptions.hpp:[m[K In constructor ‘[01m[Kcanopen::PointerInvalid::PointerInvalid(const string&)[m[K’:
[01m[K/root/ros_canopen/canopen_master/include/canopen_master/exceptions.hpp:17:39:[m[K [01;35m[Kwarning: [m[Kunused parameter ‘[01m[Kw[m[K’ [[01;35m[K-Wunused-parameter[m[K]
   17 |     PointerInvalid([01;35m[Kconst std::string &w[m[K) : Exception("Pointer invalid") {}
      |                    [01;35m[K~~~~~~~~~~~~~~~~~~~^[m[K
In file included from [01m[K/root/ros_canopen/canopen_master/include/canopen_master/canopen.hpp:8[m[K,
                 from [01m[K/root/ros_canopen/canopen_master/src/node.cpp:1[m[K:
[01m[K/root/ros_canopen/canopen_master/include/canopen_master/layer.hpp:[m[K At global scope:
[01m[K/root/ros_canopen/canopen_master/include/canopen_master/layer.hpp:44:5:[m[K [01;35m[Kwarning: [m[Ktype qualifiers ignored on function return type [[01;35m[K-Wignored-qualifiers[m[K]
   44 |     [01;35m[Kconst[m[K void warn(const std::string & r) { set(WARN, r); }
      |     [01;35m[K^~~~~[m[K
[01m[K/root/ros_canopen/canopen_master/include/canopen_master/layer.hpp:45:5:[m[K [01;35m[Kwarning: [m[Ktype qualifiers ignored on function return type [[01;35m[K-Wignored-qualifiers[m[K]
   45 |     [01;35m[Kconst[m[K void error(const std::string & r) { set(ERROR, r); }
      |     [01;35m[K^~~~~[m[K
[01m[K/root/ros_canopen/canopen_master/include/canopen_master/layer.hpp:46:5:[m[K [01;35m[Kwarning: [m[Ktype qualifiers ignored on function return type [[01;35m[K-Wignored-qualifiers[m[K]
   46 |     [01;35m[Kconst[m[K void stale(const std::string & r) { set(STALE, r); }
      |     [01;35m[K^~~~~[m[K
In file included from [01m[K/root/ros_canopen/canopen_master/include/canopen_master/canopen.hpp:7[m[K,
                 from [01m[K/root/ros_canopen/canopen_master/src/emcy.cpp:1[m[K:
[01m[K/root/ros_canopen/canopen_master/include/canopen_master/exceptions.hpp:[m[K In constructor ‘[01m[Kcanopen::PointerInvalid::PointerInvalid(const string&)[m[K’:
[01m[K/root/ros_canopen/canopen_master/include/canopen_master/exceptions.hpp:17:39:[m[K [01;35m[Kwarning: [m[Kunused parameter ‘[01m[Kw[m[K’ [[01;35m[K-Wunused-parameter[m[K]
   17 |     PointerInvalid([01;35m[Kconst std::string &w[m[K) : Exception("Pointer invalid") {}
      |                    [01;35m[K~~~~~~~~~~~~~~~~~~~^[m[K
In file included from [01m[K/root/ros_canopen/canopen_master/include/canopen_master/canopen.hpp:8[m[K,
                 from [01m[K/root/ros_canopen/canopen_master/src/node.cpp:1[m[K:
[01m[K/root/ros_canopen/canopen_master/include/canopen_master/layer.hpp:[m[K In member function ‘[01m[Kvirtual void canopen::LayerStack::handleWrite(canopen::LayerStatus&, const canopen::Layer::LayerState&)[m[K’:
[01m[K/root/ros_canopen/canopen_master/include/canopen_master/layer.hpp:236:69:[m[K [01;35m[Kwarning: [m[Kunused parameter ‘[01m[Kcurrent_state[m[K’ [[01;35m[K-Wunused-parameter[m[K]
  236 |     virtual void handleWrite(LayerStatus &status, [01;35m[Kconst LayerState &current_state[m[K) { call_or_fail_rev(&Layer::write, &Layer::halt, status);}
      |                                                   [01;35m[K~~~~~~~~~~~~~~~~~~^~~~~~~~~~~~~[m[K
In file included from [01m[K/root/ros_canopen/canopen_master/include/canopen_master/canopen.hpp:8[m[K,
                 from [01m[K/root/ros_canopen/canopen_master/src/emcy.cpp:1[m[K:
[01m[K/root/ros_canopen/canopen_master/include/canopen_master/layer.hpp:[m[K At global scope:
[01m[K/root/ros_canopen/canopen_master/include/canopen_master/layer.hpp:44:5:[m[K [01;35m[Kwarning: [m[Ktype qualifiers ignored on function return type [[01;35m[K-Wignored-qualifiers[m[K]
   44 |     [01;35m[Kconst[m[K void warn(const std::string & r) { set(WARN, r); }
      |     [01;35m[K^~~~~[m[K
[01m[K/root/ros_canopen/canopen_master/include/canopen_master/layer.hpp:45:5:[m[K [01;35m[Kwarning: [m[Ktype qualifiers ignored on function return type [[01;35m[K-Wignored-qualifiers[m[K]
   45 |     [01;35m[Kconst[m[K void error(const std::string & r) { set(ERROR, r); }
      |     [01;35m[K^~~~~[m[K
[01m[K/root/ros_canopen/canopen_master/include/canopen_master/layer.hpp:46:5:[m[K [01;35m[Kwarning: [m[Ktype qualifiers ignored on function return type [[01;35m[K-Wignored-qualifiers[m[K]
   46 |     [01;35m[Kconst[m[K void stale(const std::string & r) { set(STALE, r); }
      |     [01;35m[K^~~~~[m[K
In file included from [01m[K/root/ros_canopen/canopen_master/include/canopen_master/canopen.hpp:8[m[K,
                 from [01m[K/root/ros_canopen/canopen_master/src/emcy.cpp:1[m[K:
[01m[K/root/ros_canopen/canopen_master/include/canopen_master/layer.hpp:[m[K In member function ‘[01m[Kvirtual void canopen::LayerStack::handleWrite(canopen::LayerStatus&, const canopen::Layer::LayerState&)[m[K’:
[01m[K/root/ros_canopen/canopen_master/include/canopen_master/layer.hpp:236:69:[m[K [01;35m[Kwarning: [m[Kunused parameter ‘[01m[Kcurrent_state[m[K’ [[01;35m[K-Wunused-parameter[m[K]
  236 |     virtual void handleWrite(LayerStatus &status, [01;35m[Kconst LayerState &current_state[m[K) { call_or_fail_rev(&Layer::write, &Layer::halt, status);}
      |                                                   [01;35m[K~~~~~~~~~~~~~~~~~~^~~~~~~~~~~~~[m[K
[01m[K/root/ros_canopen/canopen_master/src/objdict.cpp:[m[K In member function ‘[01m[Ksize_t canopen::ObjectStorage::map(uint16_t, uint8_t, const ReadFunc&, const WriteFunc&)[m[K’:
[01m[K/root/ros_canopen/canopen_master/src/objdict.cpp:374:16:[m[K [01;35m[Kwarning: [m[Kcatching polymorphic type ‘[01m[Kclass std::out_of_range[m[K’ by value [[01;35m[K-Wcatch-value=[m[K]
  374 |     catch(std::[01;35m[Kout_of_range[m[K) {
      |                [01;35m[K^~~~~~~~~~~~[m[K
In file included from [01m[K/root/ros_canopen/canopen_master/include/canopen_master/bcm_sync.hpp:5[m[K,
                 from [01m[K/root/ros_canopen/canopen_master/src/bcm_sync.cpp:1[m[K:
[01m[K/root/ros_canopen/install/socketcan_interface/include/socketcan_interface/socketcan.hpp:[m[K In member function ‘[01m[Kbool can::SocketCANInterface::init(const string&, bool, can_err_mask_t, can_err_mask_t)[m[K’:
[01m[K/root/ros_canopen/install/socketcan_interface/include/socketcan_interface/socketcan.hpp:180:42:[m[K [01;35m[Kwarning: [m[Kmissing initializer for member ‘[01m[Ksockaddr_can::can_ifindex[m[K’ [[01;35m[K-Wmissing-field-initializers[m[K]
  180 |             struct sockaddr_can addr = {0[01;35m[K}[m[K;
      |                                          [01;35m[K^[m[K
[01m[K/root/ros_canopen/install/socketcan_interface/include/socketcan_interface/socketcan.hpp:180:42:[m[K [01;35m[Kwarning: [m[Kmissing initializer for member ‘[01m[Ksockaddr_can::can_addr[m[K’ [[01;35m[K-Wmissing-field-initializers[m[K]
[01m[K/root/ros_canopen/install/socketcan_interface/include/socketcan_interface/socketcan.hpp:[m[K In member function ‘[01m[Kvirtual bool can::SocketCANInterface::enqueue(const can::Frame&)[m[K’:
[01m[K/root/ros_canopen/install/socketcan_interface/include/socketcan_interface/socketcan.hpp:216:29:[m[K [01;35m[Kwarning: [m[Kmissing initializer for member ‘[01m[Kcan_frame::can_dlc[m[K’ [[01;35m[K-Wmissing-field-initializers[m[K]
  216 |         can_frame frame = {0[01;35m[K}[m[K;
      |                             [01;35m[K^[m[K
[01m[K/root/ros_canopen/install/socketcan_interface/include/socketcan_interface/socketcan.hpp:216:29:[m[K [01;35m[Kwarning: [m[Kmissing initializer for member ‘[01m[Kcan_frame::__pad[m[K’ [[01;35m[K-Wmissing-field-initializers[m[K]
[01m[K/root/ros_canopen/install/socketcan_interface/include/socketcan_interface/socketcan.hpp:216:29:[m[K [01;35m[Kwarning: [m[Kmissing initializer for member ‘[01m[Kcan_frame::__res0[m[K’ [[01;35m[K-Wmissing-field-initializers[m[K]
[01m[K/root/ros_canopen/install/socketcan_interface/include/socketcan_interface/socketcan.hpp:216:29:[m[K [01;35m[Kwarning: [m[Kmissing initializer for member ‘[01m[Kcan_frame::__res1[m[K’ [[01;35m[K-Wmissing-field-initializers[m[K]
[01m[K/root/ros_canopen/install/socketcan_interface/include/socketcan_interface/socketcan.hpp:216:29:[m[K [01;35m[Kwarning: [m[Kmissing initializer for member ‘[01m[Kcan_frame::data[m[K’ [[01;35m[K-Wmissing-field-initializers[m[K]
In file included from [01m[K/root/ros_canopen/canopen_master/include/canopen_master/canopen.hpp:7[m[K,
                 from [01m[K/root/ros_canopen/canopen_master/include/canopen_master/bcm_sync.hpp:6[m[K,
                 from [01m[K/root/ros_canopen/canopen_master/src/bcm_sync.cpp:1[m[K:
[01m[K/root/ros_canopen/canopen_master/include/canopen_master/exceptions.hpp:[m[K In constructor ‘[01m[Kcanopen::PointerInvalid::PointerInvalid(const string&)[m[K’:
[01m[K/root/ros_canopen/canopen_master/include/canopen_master/exceptions.hpp:17:39:[m[K [01;35m[Kwarning: [m[Kunused parameter ‘[01m[Kw[m[K’ [[01;35m[K-Wunused-parameter[m[K]
   17 |     PointerInvalid([01;35m[Kconst std::string &w[m[K) : Exception("Pointer invalid") {}
      |                    [01;35m[K~~~~~~~~~~~~~~~~~~~^[m[K
In file included from [01m[K/root/ros_canopen/canopen_master/include/canopen_master/canopen.hpp:8[m[K,
                 from [01m[K/root/ros_canopen/canopen_master/include/canopen_master/bcm_sync.hpp:6[m[K,
                 from [01m[K/root/ros_canopen/canopen_master/src/bcm_sync.cpp:1[m[K:
[01m[K/root/ros_canopen/canopen_master/include/canopen_master/layer.hpp:[m[K At global scope:
[01m[K/root/ros_canopen/canopen_master/include/canopen_master/layer.hpp:44:5:[m[K [01;35m[Kwarning: [m[Ktype qualifiers ignored on function return type [[01;35m[K-Wignored-qualifiers[m[K]
   44 |     [01;35m[Kconst[m[K void warn(const std::string & r) { set(WARN, r); }
      |     [01;35m[K^~~~~[m[K
[01m[K/root/ros_canopen/canopen_master/include/canopen_master/layer.hpp:45:5:[m[K [01;35m[Kwarning: [m[Ktype qualifiers ignored on function return type [[01;35m[K-Wignored-qualifiers[m[K]
   45 |     [01;35m[Kconst[m[K void error(const std::string & r) { set(ERROR, r); }
      |     [01;35m[K^~~~~[m[K
[01m[K/root/ros_canopen/canopen_master/include/canopen_master/layer.hpp:46:5:[m[K [01;35m[Kwarning: [m[Ktype qualifiers ignored on function return type [[01;35m[K-Wignored-qualifiers[m[K]
   46 |     [01;35m[Kconst[m[K void stale(const std::string & r) { set(STALE, r); }
      |     [01;35m[K^~~~~[m[K
In file included from [01m[K/root/ros_canopen/canopen_master/include/canopen_master/canopen.hpp:8[m[K,
                 from [01m[K/root/ros_canopen/canopen_master/include/canopen_master/bcm_sync.hpp:6[m[K,
                 from [01m[K/root/ros_canopen/canopen_master/src/bcm_sync.cpp:1[m[K:
[01m[K/root/ros_canopen/canopen_master/include/canopen_master/layer.hpp:[m[K In member function ‘[01m[Kvirtual void canopen::LayerStack::handleWrite(canopen::LayerStatus&, const canopen::Layer::LayerState&)[m[K’:
[01m[K/root/ros_canopen/canopen_master/include/canopen_master/layer.hpp:236:69:[m[K [01;35m[Kwarning: [m[Kunused parameter ‘[01m[Kcurrent_state[m[K’ [[01;35m[K-Wunused-parameter[m[K]
  236 |     virtual void handleWrite(LayerStatus &status, [01;35m[Kconst LayerState &current_state[m[K) { call_or_fail_rev(&Layer::write, &Layer::halt, status);}
      |                                                   [01;35m[K~~~~~~~~~~~~~~~~~~^~~~~~~~~~~~~[m[K
In file included from [01m[K/root/ros_canopen/canopen_master/src/emcy.cpp:1[m[K:
[01m[K/root/ros_canopen/canopen_master/include/canopen_master/canopen.hpp:[m[K In constructor ‘[01m[Kcanopen::SDOClient::SDOClient(can::CommInterfaceSharedPtr, canopen::ObjectDictSharedPtr, uint8_t)[m[K’:
[01m[K/root/ros_canopen/canopen_master/include/canopen_master/canopen.hpp:56:34:[m[K [01;35m[Kwarning: [m[K‘[01m[Kcanopen::SDOClient::storage_[m[K’ will be initialized after [[01;35m[K-Wreorder[m[K]
   56 |     const ObjectStorageSharedPtr [01;35m[Kstorage_[m[K;
      |                                  [01;35m[K^~~~~~~~[m[K
[01m[K/root/ros_canopen/canopen_master/include/canopen_master/canopen.hpp:38:25:[m[K [01;35m[Kwarning: [m[K  ‘[01m[Kcan::BufferedReader canopen::SDOClient::reader_[m[K’ [[01;35m[K-Wreorder[m[K]
   38 |     can::BufferedReader [01;35m[Kreader_[m[K;
      |                         [01;35m[K^~~~~~~[m[K
[01m[K/root/ros_canopen/canopen_master/include/canopen_master/canopen.hpp:60:5:[m[K [01;35m[Kwarning: [m[K  when initialized here [[01;35m[K-Wreorder[m[K]
   60 |     [01;35m[KSDOClient[m[K(const can::CommInterfaceSharedPtr interface, const ObjectDictSharedPtr dict, uint8_t node_id)
      |     [01;35m[K^~~~~~~~~[m[K
In file included from [01m[K/root/ros_canopen/canopen_master/src/node.cpp:1[m[K:
[01m[K/root/ros_canopen/canopen_master/include/canopen_master/canopen.hpp:[m[K In constructor ‘[01m[Kcanopen::SDOClient::SDOClient(can::CommInterfaceSharedPtr, canopen::ObjectDictSharedPtr, uint8_t)[m[K’:
[01m[K/root/ros_canopen/canopen_master/include/canopen_master/canopen.hpp:56:34:[m[K [01;35m[Kwarning: [m[K‘[01m[Kcanopen::SDOClient::storage_[m[K’ will be initialized after [[01;35m[K-Wreorder[m[K]
   56 |     const ObjectStorageSharedPtr [01;35m[Kstorage_[m[K;
      |                                  [01;35m[K^~~~~~~~[m[K
[01m[K/root/ros_canopen/canopen_master/include/canopen_master/canopen.hpp:38:25:[m[K [01;35m[Kwarning: [m[K  ‘[01m[Kcan::BufferedReader canopen::SDOClient::reader_[m[K’ [[01;35m[K-Wreorder[m[K]
   38 |     can::BufferedReader [01;35m[Kreader_[m[K;
      |                         [01;35m[K^~~~~~~[m[K
[01m[K/root/ros_canopen/canopen_master/include/canopen_master/canopen.hpp:60:5:[m[K [01;35m[Kwarning: [m[K  when initialized here [[01;35m[K-Wreorder[m[K]
   60 |     [01;35m[KSDOClient[m[K(const can::CommInterfaceSharedPtr interface, const ObjectDictSharedPtr dict, uint8_t node_id)
      |     [01;35m[K^~~~~~~~~[m[K
In file included from [01m[K/root/ros_canopen/canopen_master/include/canopen_master/bcm_sync.hpp:6[m[K,
                 from [01m[K/root/ros_canopen/canopen_master/src/bcm_sync.cpp:1[m[K:
[01m[K/root/ros_canopen/canopen_master/include/canopen_master/canopen.hpp:[m[K In constructor ‘[01m[Kcanopen::SDOClient::SDOClient(can::CommInterfaceSharedPtr, canopen::ObjectDictSharedPtr, uint8_t)[m[K’:
[01m[K/root/ros_canopen/canopen_master/include/canopen_master/canopen.hpp:56:34:[m[K [01;35m[Kwarning: [m[K‘[01m[Kcanopen::SDOClient::storage_[m[K’ will be initialized after [[01;35m[K-Wreorder[m[K]
   56 |     const ObjectStorageSharedPtr [01;35m[Kstorage_[m[K;
      |                                  [01;35m[K^~~~~~~~[m[K
[01m[K/root/ros_canopen/canopen_master/include/canopen_master/canopen.hpp:38:25:[m[K [01;35m[Kwarning: [m[K  ‘[01m[Kcan::BufferedReader canopen::SDOClient::reader_[m[K’ [[01;35m[K-Wreorder[m[K]
   38 |     can::BufferedReader [01;35m[Kreader_[m[K;
      |                         [01;35m[K^~~~~~~[m[K
[01m[K/root/ros_canopen/canopen_master/include/canopen_master/canopen.hpp:60:5:[m[K [01;35m[Kwarning: [m[K  when initialized here [[01;35m[K-Wreorder[m[K]
   60 |     [01;35m[KSDOClient[m[K(const can::CommInterfaceSharedPtr interface, const ObjectDictSharedPtr dict, uint8_t node_id)
      |     [01;35m[K^~~~~~~~~[m[K
In file included from [01m[K/root/ros_canopen/canopen_master/src/emcy.cpp:1[m[K:
[01m[K/root/ros_canopen/canopen_master/include/canopen_master/canopen.hpp:[m[K At global scope:
[01m[K/root/ros_canopen/canopen_master/include/canopen_master/canopen.hpp:197:5:[m[K [01;35m[Kwarning: [m[Ktype qualifiers ignored on function return type [[01;35m[K-Wignored-qualifiers[m[K]
  197 |     [01;35m[Kconst[m[K State getState();
      |     [01;35m[K^~~~~[m[K
[01m[K/root/ros_canopen/canopen_master/src/emcy.cpp:20:5:[m[K [01;35m[Kwarning: [m[Ktype qualifiers ignored on function return type [[01;35m[K-Wignored-qualifiers[m[K]
   20 |     [01;35m[Kconst[m[K uint32_t get() const { return *(uint32_t*) this; }
      |     [01;35m[K^~~~~[m[K
In file included from [01m[K/root/ros_canopen/canopen_master/src/emcy.cpp:1[m[K:
[01m[K/root/ros_canopen/canopen_master/include/canopen_master/canopen.hpp:[m[K In constructor ‘[01m[Kcanopen::EMCYHandler::EMCYHandler(can::CommInterfaceSharedPtr, canopen::ObjectStorageSharedPtr)[m[K’:
[01m[K/root/ros_canopen/canopen_master/include/canopen_master/canopen.hpp:154:34:[m[K [01;35m[Kwarning: [m[K‘[01m[Kcanopen::EMCYHandler::storage_[m[K’ will be initialized after [[01;35m[K-Wreorder[m[K]
  154 |     const ObjectStorageSharedPtr [01;35m[Kstorage_[m[K;
      |                                  [01;35m[K^~~~~~~~[m[K
[01m[K/root/ros_canopen/canopen_master/include/canopen_master/canopen.hpp:149:23:[m[K [01;35m[Kwarning: [m[K  ‘[01m[Kstd::atomic<bool> canopen::EMCYHandler::has_error_[m[K’ [[01;35m[K-Wreorder[m[K]
  149 |     std::atomic<bool> [01;35m[Khas_error_[m[K;
      |                       [01;35m[K^~~~~~~~~~[m[K
[01m[K/root/ros_canopen/canopen_master/src/emcy.cpp:53:1:[m[K [01;35m[Kwarning: [m[K  when initialized here [[01;35m[K-Wreorder[m[K]
   53 | [01;35m[KEMCYHandler[m[K::EMCYHandler(const can::CommInterfaceSharedPtr interface, const ObjectStorageSharedPtr storage): Layer("EMCY handler"), storage_(storage), has_error_(true){
      | [01;35m[K^~~~~~~~~~~[m[K
[01m[K/root/ros_canopen/canopen_master/src/emcy.cpp:[m[K In member function ‘[01m[Kvirtual void canopen::EMCYHandler::handleWrite(canopen::LayerStatus&, const canopen::Layer::LayerState&)[m[K’:
[01m[K/root/ros_canopen/canopen_master/src/emcy.cpp:79:44:[m[K [01;35m[Kwarning: [m[Kunused parameter ‘[01m[Kstatus[m[K’ [[01;35m[K-Wunused-parameter[m[K]
   79 | void EMCYHandler::handleWrite([01;35m[KLayerStatus &status[m[K, const LayerState &current_state) {
      |                               [01;35m[K~~~~~~~~~~~~~^~~~~~[m[K
[01m[K/root/ros_canopen/canopen_master/src/emcy.cpp:79:70:[m[K [01;35m[Kwarning: [m[Kunused parameter ‘[01m[Kcurrent_state[m[K’ [[01;35m[K-Wunused-parameter[m[K]
   79 | void EMCYHandler::handleWrite(LayerStatus &status, [01;35m[Kconst LayerState &current_state[m[K) {
      |                                                    [01;35m[K~~~~~~~~~~~~~~~~~~^~~~~~~~~~~~~[m[K
[01m[K/root/ros_canopen/canopen_master/src/emcy.cpp:[m[K In member function ‘[01m[Kvoid canopen::EMCYHandler::resetErrors(canopen::LayerStatus&)[m[K’:
[01m[K/root/ros_canopen/canopen_master/src/emcy.cpp:136:44:[m[K [01;35m[Kwarning: [m[Kunused parameter ‘[01m[Kstatus[m[K’ [[01;35m[K-Wunused-parameter[m[K]
  136 | void EMCYHandler::resetErrors([01;35m[KLayerStatus &status[m[K){
      |                               [01;35m[K~~~~~~~~~~~~~^~~~~~[m[K
[01m[K/root/ros_canopen/canopen_master/src/emcy.cpp:[m[K In member function ‘[01m[Kvirtual void canopen::EMCYHandler::handleShutdown(canopen::LayerStatus&)[m[K’:
[01m[K/root/ros_canopen/canopen_master/src/emcy.cpp:144:47:[m[K [01;35m[Kwarning: [m[Kunused parameter ‘[01m[Kstatus[m[K’ [[01;35m[K-Wunused-parameter[m[K]
  144 | void EMCYHandler::handleShutdown([01;35m[KLayerStatus &status[m[K){
      |                                  [01;35m[K~~~~~~~~~~~~~^~~~~~[m[K
[01m[K/root/ros_canopen/canopen_master/src/emcy.cpp:[m[K In member function ‘[01m[Kvirtual void canopen::EMCYHandler::handleHalt(canopen::LayerStatus&)[m[K’:
[01m[K/root/ros_canopen/canopen_master/src/emcy.cpp:146:43:[m[K [01;35m[Kwarning: [m[Kunused parameter ‘[01m[Kstatus[m[K’ [[01;35m[K-Wunused-parameter[m[K]
  146 | void EMCYHandler::handleHalt([01;35m[KLayerStatus &status[m[K){
      |                              [01;35m[K~~~~~~~~~~~~~^~~~~~[m[K
In file included from [01m[K/root/ros_canopen/canopen_master/src/node.cpp:1[m[K:
[01m[K/root/ros_canopen/canopen_master/include/canopen_master/canopen.hpp:[m[K At global scope:
[01m[K/root/ros_canopen/canopen_master/include/canopen_master/canopen.hpp:197:5:[m[K [01;35m[Kwarning: [m[Ktype qualifiers ignored on function return type [[01;35m[K-Wignored-qualifiers[m[K]
  197 |     [01;35m[Kconst[m[K State getState();
      |     [01;35m[K^~~~~[m[K
In file included from [01m[K/root/ros_canopen/canopen_master/include/canopen_master/bcm_sync.hpp:6[m[K,
                 from [01m[K/root/ros_canopen/canopen_master/src/bcm_sync.cpp:1[m[K:
[01m[K/root/ros_canopen/canopen_master/include/canopen_master/canopen.hpp:[m[K At global scope:
[01m[K/root/ros_canopen/canopen_master/include/canopen_master/canopen.hpp:197:5:[m[K [01;35m[Kwarning: [m[Ktype qualifiers ignored on function return type [[01;35m[K-Wignored-qualifiers[m[K]
  197 |     [01;35m[Kconst[m[K State getState();
      |     [01;35m[K^~~~~[m[K
[01m[K/root/ros_canopen/canopen_master/src/node.cpp:[m[K In constructor ‘[01m[Kcanopen::Node::Node(can::CommInterfaceSharedPtr, canopen::ObjectDictSharedPtr, uint8_t, canopen::SyncCounterSharedPtr)[m[K’:
[01m[K/root/ros_canopen/canopen_master/src/node.cpp:35:22:[m[K [01;35m[Kwarning: [m[Kcatching polymorphic type ‘[01m[Kconst class std::out_of_range[m[K’ by value [[01;35m[K-Wcatch-value=[m[K]
   35 |     catch(const std::[01;35m[Kout_of_range[m[K){
      |                      [01;35m[K^~~~~~~~~~~~[m[K
[01m[K/root/ros_canopen/canopen_master/src/node.cpp:[m[K At global scope:
[01m[K/root/ros_canopen/canopen_master/src/node.cpp:39:1:[m[K [01;35m[Kwarning: [m[Ktype qualifiers ignored on function return type [[01;35m[K-Wignored-qualifiers[m[K]
   39 | [01;35m[Kconst[m[K Node::State Node::getState(){
      | [01;35m[K^~~~~[m[K
[01m[K/root/ros_canopen/canopen_master/src/node.cpp:[m[K In member function ‘[01m[Kvirtual void canopen::Node::handleShutdown(canopen::LayerStatus&)[m[K’:
[01m[K/root/ros_canopen/canopen_master/src/node.cpp:210:40:[m[K [01;35m[Kwarning: [m[Kunused parameter ‘[01m[Kstatus[m[K’ [[01;35m[K-Wunused-parameter[m[K]
  210 | void Node::handleShutdown([01;35m[KLayerStatus &status[m[K){
      |                           [01;35m[K~~~~~~~~~~~~~^~~~~~[m[K
[01m[K/root/ros_canopen/canopen_master/src/node.cpp:[m[K In member function ‘[01m[Kvirtual void canopen::Node::handleHalt(canopen::LayerStatus&)[m[K’:
[01m[K/root/ros_canopen/canopen_master/src/node.cpp:216:36:[m[K [01;35m[Kwarning: [m[Kunused parameter ‘[01m[Kstatus[m[K’ [[01;35m[K-Wunused-parameter[m[K]
  216 | void Node::handleHalt([01;35m[KLayerStatus &status[m[K){
      |                       [01;35m[K~~~~~~~~~~~~~^~~~~~[m[K
In file included from [01m[K/root/ros_canopen/canopen_master/src/bcm_sync.cpp:1[m[K:
[01m[K/root/ros_canopen/canopen_master/include/canopen_master/bcm_sync.hpp:[m[K In member function ‘[01m[Kvirtual void canopen::BCMsync::handleRead(canopen::LayerStatus&, const canopen::Layer::LayerState&)[m[K’:
[01m[K/root/ros_canopen/canopen_master/include/canopen_master/bcm_sync.hpp:78:42:[m[K [01;35m[Kwarning: [m[Kunused parameter ‘[01m[Kstatus[m[K’ [[01;35m[K-Wunused-parameter[m[K]
   78 |     virtual void handleRead([01;35m[KLayerStatus &status[m[K, const LayerState &current_state) {
      |                             [01;35m[K~~~~~~~~~~~~~^~~~~~[m[K
[01m[K/root/ros_canopen/canopen_master/include/canopen_master/bcm_sync.hpp:[m[K In member function ‘[01m[Kvirtual void canopen::BCMsync::handleWrite(canopen::LayerStatus&, const canopen::Layer::LayerState&)[m[K’:
[01m[K/root/ros_canopen/canopen_master/include/canopen_master/bcm_sync.hpp:82:43:[m[K [01;35m[Kwarning: [m[Kunused parameter ‘[01m[Kstatus[m[K’ [[01;35m[K-Wunused-parameter[m[K]
   82 |     virtual void handleWrite([01;35m[KLayerStatus &status[m[K, const LayerState &current_state) {
      |                              [01;35m[K~~~~~~~~~~~~~^~~~~~[m[K
[01m[K/root/ros_canopen/canopen_master/include/canopen_master/bcm_sync.hpp:[m[K In member function ‘[01m[Kvirtual void canopen::BCMsync::handleShutdown(canopen::LayerStatus&)[m[K’:
[01m[K/root/ros_canopen/canopen_master/include/canopen_master/bcm_sync.hpp:119:46:[m[K [01;35m[Kwarning: [m[Kunused parameter ‘[01m[Kstatus[m[K’ [[01;35m[K-Wunused-parameter[m[K]
  119 |     virtual void handleShutdown([01;35m[KLayerStatus &status[m[K){
      |                                 [01;35m[K~~~~~~~~~~~~~^~~~~~[m[K
[01m[K/root/ros_canopen/canopen_master/include/canopen_master/bcm_sync.hpp:[m[K In member function ‘[01m[Kvirtual void canopen::BCMsync::handleHalt(canopen::LayerStatus&)[m[K’:
[01m[K/root/ros_canopen/canopen_master/include/canopen_master/bcm_sync.hpp:125:42:[m[K [01;35m[Kwarning: [m[Kunused parameter ‘[01m[Kstatus[m[K’ [[01;35m[K-Wunused-parameter[m[K]
  125 |     virtual void handleHalt([01;35m[KLayerStatus &status[m[K) {
      |                             [01;35m[K~~~~~~~~~~~~~^~~~~~[m[K
In file included from [01m[K/root/ros_canopen/canopen_master/src/bcm_sync.cpp:1[m[K:
[01m[K/root/ros_canopen/canopen_master/include/canopen_master/bcm_sync.hpp:[m[K In constructor ‘[01m[Kcanopen::BCMsync::BCMsync(const string&, can::SocketCANDriverSharedPtr, const canopen::SyncProperties&)[m[K’:
[01m[K/root/ros_canopen/canopen_master/include/canopen_master/bcm_sync.hpp:34:14:[m[K [01;35m[Kwarning: [m[K‘[01m[Kcanopen::BCMsync::sync_ms_[m[K’ will be initialized after [[01;35m[K-Wreorder[m[K]
   34 |     uint16_t [01;35m[Ksync_ms_[m[K;
      |              [01;35m[K^~~~~~~~[m[K
[01m[K/root/ros_canopen/canopen_master/include/canopen_master/bcm_sync.hpp:33:36:[m[K [01;35m[Kwarning: [m[K  ‘[01m[Kcan::SocketCANDriverSharedPtr canopen::BCMsync::driver_[m[K’ [[01;35m[K-Wreorder[m[K]
   33 |     can::SocketCANDriverSharedPtr  [01;35m[Kdriver_[m[K;
      |                                    [01;35m[K^~~~~~~[m[K
In file included from [01m[K/root/ros_canopen/canopen_master/src/bcm_sync.cpp:1[m[K:
[01m[K/root/ros_canopen/canopen_master/include/canopen_master/bcm_sync.hpp:143:5:[m[K [01;35m[Kwarning: [m[K  when initialized here [[01;35m[K-Wreorder[m[K]
  143 |     [01;35m[KBCMsync[m[K(const std::string &device, can::SocketCANDriverSharedPtr  driver, const SyncProperties &sync_properties)
      |     [01;35m[K^~~~~~~[m[K
In file included from [01m[K/root/ros_canopen/canopen_master/include/canopen_master/canopen.hpp:8[m[K,
                 from [01m[K/root/ros_canopen/canopen_master/src/emcy.cpp:1[m[K:
/root/ros_canopen/canopen_master/include/canopen_master/layer.hpp: In instantiation of ‘[01m[Kvoid canopen::LayerGroup<T>::handleRead(canopen::LayerStatus&, const canopen::Layer::LayerState&) [with T = canopen::Layer][m[K’:
[01m[K/root/ros_canopen/canopen_master/include/canopen_master/layer.hpp:215:18:[m[K   required from here
[01m[K/root/ros_canopen/canopen_master/include/canopen_master/layer.hpp:215:68:[m[K [01;35m[Kwarning: [m[Kunused parameter ‘[01m[Kcurrent_state[m[K’ [[01;35m[K-Wunused-parameter[m[K]
  215 |     virtual void handleRead(LayerStatus &status, [01;35m[Kconst LayerState &current_state[m[K) {
      |                                                  [01;35m[K~~~~~~~~~~~~~~~~~~^~~~~~~~~~~~~[m[K
/root/ros_canopen/canopen_master/include/canopen_master/layer.hpp: In instantiation of ‘[01m[Kvoid canopen::LayerGroup<T>::handleWrite(canopen::LayerStatus&, const canopen::Layer::LayerState&) [with T = canopen::Layer][m[K’:
[01m[K/root/ros_canopen/canopen_master/include/canopen_master/layer.hpp:218:18:[m[K   required from here
[01m[K/root/ros_canopen/canopen_master/include/canopen_master/layer.hpp:218:69:[m[K [01;35m[Kwarning: [m[Kunused parameter ‘[01m[Kcurrent_state[m[K’ [[01;35m[K-Wunused-parameter[m[K]
  218 |     virtual void handleWrite(LayerStatus &status, [01;35m[Kconst LayerState &current_state[m[K) {
      |                                                   [01;35m[K~~~~~~~~~~~~~~~~~~^~~~~~~~~~~~~[m[K
In file included from [01m[K/root/ros_canopen/canopen_master/include/canopen_master/canopen.hpp:8[m[K,
                 from [01m[K/root/ros_canopen/canopen_master/src/node.cpp:1[m[K:
/root/ros_canopen/canopen_master/include/canopen_master/layer.hpp: In instantiation of ‘[01m[Kvoid canopen::LayerGroup<T>::handleRead(canopen::LayerStatus&, const canopen::Layer::LayerState&) [with T = canopen::Layer][m[K’:
[01m[K/root/ros_canopen/canopen_master/include/canopen_master/layer.hpp:215:18:[m[K   required from here
[01m[K/root/ros_canopen/canopen_master/include/canopen_master/layer.hpp:215:68:[m[K [01;35m[Kwarning: [m[Kunused parameter ‘[01m[Kcurrent_state[m[K’ [[01;35m[K-Wunused-parameter[m[K]
  215 |     virtual void handleRead(LayerStatus &status, [01;35m[Kconst LayerState &current_state[m[K) {
      |                                                  [01;35m[K~~~~~~~~~~~~~~~~~~^~~~~~~~~~~~~[m[K
/root/ros_canopen/canopen_master/include/canopen_master/layer.hpp: In instantiation of ‘[01m[Kvoid canopen::LayerGroup<T>::handleWrite(canopen::LayerStatus&, const canopen::Layer::LayerState&) [with T = canopen::Layer][m[K’:
[01m[K/root/ros_canopen/canopen_master/include/canopen_master/layer.hpp:218:18:[m[K   required from here
[01m[K/root/ros_canopen/canopen_master/include/canopen_master/layer.hpp:218:69:[m[K [01;35m[Kwarning: [m[Kunused parameter ‘[01m[Kcurrent_state[m[K’ [[01;35m[K-Wunused-parameter[m[K]
  218 |     virtual void handleWrite(LayerStatus &status, [01;35m[Kconst LayerState &current_state[m[K) {
      |                                                   [01;35m[K~~~~~~~~~~~~~~~~~~^~~~~~~~~~~~~[m[K
In file included from [01m[K/root/ros_canopen/canopen_master/include/canopen_master/canopen.hpp:8[m[K,
                 from [01m[K/root/ros_canopen/canopen_master/include/canopen_master/bcm_sync.hpp:6[m[K,
                 from [01m[K/root/ros_canopen/canopen_master/src/bcm_sync.cpp:1[m[K:
/root/ros_canopen/canopen_master/include/canopen_master/layer.hpp: In instantiation of ‘[01m[Kvoid canopen::LayerGroup<T>::handleRead(canopen::LayerStatus&, const canopen::Layer::LayerState&) [with T = canopen::Layer][m[K’:
[01m[K/root/ros_canopen/canopen_master/include/canopen_master/layer.hpp:215:18:[m[K   required from here
[01m[K/root/ros_canopen/canopen_master/include/canopen_master/layer.hpp:215:68:[m[K [01;35m[Kwarning: [m[Kunused parameter ‘[01m[Kcurrent_state[m[K’ [[01;35m[K-Wunused-parameter[m[K]
  215 |     virtual void handleRead(LayerStatus &status, [01;35m[Kconst LayerState &current_state[m[K) {
      |                                                  [01;35m[K~~~~~~~~~~~~~~~~~~^~~~~~~~~~~~~[m[K
/root/ros_canopen/canopen_master/include/canopen_master/layer.hpp: In instantiation of ‘[01m[Kvoid canopen::LayerGroup<T>::handleWrite(canopen::LayerStatus&, const canopen::Layer::LayerState&) [with T = canopen::Layer][m[K’:
[01m[K/root/ros_canopen/canopen_master/include/canopen_master/layer.hpp:218:18:[m[K   required from here
[01m[K/root/ros_canopen/canopen_master/include/canopen_master/layer.hpp:218:69:[m[K [01;35m[Kwarning: [m[Kunused parameter ‘[01m[Kcurrent_state[m[K’ [[01;35m[K-Wunused-parameter[m[K]
  218 |     virtual void handleWrite(LayerStatus &status, [01;35m[Kconst LayerState &current_state[m[K) {
      |                                                   [01;35m[K~~~~~~~~~~~~~~~~~~^~~~~~~~~~~~~[m[K
[ 50%] [32mBuilding CXX object CMakeFiles/canopen_master.dir/src/pdo.cpp.o[0m
[ 60%] [32m[1mLinking CXX executable canopen_bcm_sync[0m
[ 70%] [32mBuilding CXX object CMakeFiles/canopen_master.dir/src/sdo.cpp.o[0m
/usr/bin/ld: cannot find -lsocketcan_interface
collect2: error: ld returned 1 exit status
make[2]: *** [CMakeFiles/canopen_bcm_sync.dir/build.make:88: canopen_bcm_sync] Error 1
make[1]: *** [CMakeFiles/Makefile2:82: CMakeFiles/canopen_bcm_sync.dir/all] Error 2
make[1]: *** Waiting for unfinished jobs....
In file included from [01m[K/root/ros_canopen/install/socketcan_interface/include/socketcan_interface/interface.hpp:12[m[K,
                 from [01m[K/root/ros_canopen/canopen_master/include/canopen_master/canopen.hpp:4[m[K,
                 from [01m[K/root/ros_canopen/canopen_master/src/pdo.cpp:1[m[K:
[01m[K/root/ros_canopen/install/socketcan_interface/include/socketcan_interface/settings.hpp:[m[K In member function ‘[01m[Kvirtual bool can::NoSettings::getRepr(const string&, std::string&) const[m[K’:
[01m[K/root/ros_canopen/install/socketcan_interface/include/socketcan_interface/settings.hpp:38:47:[m[K [01;35m[Kwarning: [m[Kunused parameter ‘[01m[Kn[m[K’ [[01;35m[K-Wunused-parameter[m[K]
   38 |       virtual bool getRepr([01;35m[Kconst std::string &n[m[K, std::string & repr) const { return false; }
      |                            [01;35m[K~~~~~~~~~~~~~~~~~~~^[m[K
[01m[K/root/ros_canopen/install/socketcan_interface/include/socketcan_interface/settings.hpp:38:64:[m[K [01;35m[Kwarning: [m[Kunused parameter ‘[01m[Krepr[m[K’ [[01;35m[K-Wunused-parameter[m[K]
   38 |       virtual bool getRepr(const std::string &n, [01;35m[Kstd::string & repr[m[K) const { return false; }
      |                                                  [01;35m[K~~~~~~~~~~~~~~^~~~[m[K
In file included from [01m[K/root/ros_canopen/canopen_master/include/canopen_master/canopen.hpp:4[m[K,
                 from [01m[K/root/ros_canopen/canopen_master/src/pdo.cpp:1[m[K:
[01m[K/root/ros_canopen/install/socketcan_interface/include/socketcan_interface/interface.hpp:[m[K In member function ‘[01m[Kvirtual bool can::DriverInterface::init(const string&, bool, can::SettingsConstSharedPtr)[m[K’:
[01m[K/root/ros_canopen/install/socketcan_interface/include/socketcan_interface/interface.hpp:190:88:[m[K [01;35m[Kwarning: [m[Kunused parameter ‘[01m[Ksettings[m[K’ [[01;35m[K-Wunused-parameter[m[K]
  190 |     virtual bool init(const std::string &device, bool loopback, [01;35m[KSettingsConstSharedPtr settings[m[K) {
      |                                                                 [01;35m[K~~~~~~~~~~~~~~~~~~~~~~~^~~~~~~~[m[K
In file included from [01m[K/root/ros_canopen/canopen_master/include/canopen_master/canopen.hpp:7[m[K,
                 from [01m[K/root/ros_canopen/canopen_master/src/pdo.cpp:1[m[K:
[01m[K/root/ros_canopen/canopen_master/include/canopen_master/exceptions.hpp:[m[K In constructor ‘[01m[Kcanopen::PointerInvalid::PointerInvalid(const string&)[m[K’:
[01m[K/root/ros_canopen/canopen_master/include/canopen_master/exceptions.hpp:17:39:[m[K [01;35m[Kwarning: [m[Kunused parameter ‘[01m[Kw[m[K’ [[01;35m[K-Wunused-parameter[m[K]
   17 |     PointerInvalid([01;35m[Kconst std::string &w[m[K) : Exception("Pointer invalid") {}
      |                    [01;35m[K~~~~~~~~~~~~~~~~~~~^[m[K
In file included from [01m[K/root/ros_canopen/canopen_master/include/canopen_master/canopen.hpp:8[m[K,
                 from [01m[K/root/ros_canopen/canopen_master/src/pdo.cpp:1[m[K:
[01m[K/root/ros_canopen/canopen_master/include/canopen_master/layer.hpp:[m[K At global scope:
[01m[K/root/ros_canopen/canopen_master/include/canopen_master/layer.hpp:44:5:[m[K [01;35m[Kwarning: [m[Ktype qualifiers ignored on function return type [[01;35m[K-Wignored-qualifiers[m[K]
   44 |     [01;35m[Kconst[m[K void warn(const std::string & r) { set(WARN, r); }
      |     [01;35m[K^~~~~[m[K
[01m[K/root/ros_canopen/canopen_master/include/canopen_master/layer.hpp:45:5:[m[K [01;35m[Kwarning: [m[Ktype qualifiers ignored on function return type [[01;35m[K-Wignored-qualifiers[m[K]
   45 |     [01;35m[Kconst[m[K void error(const std::string & r) { set(ERROR, r); }
      |     [01;35m[K^~~~~[m[K
[01m[K/root/ros_canopen/canopen_master/include/canopen_master/layer.hpp:46:5:[m[K [01;35m[Kwarning: [m[Ktype qualifiers ignored on function return type [[01;35m[K-Wignored-qualifiers[m[K]
   46 |     [01;35m[Kconst[m[K void stale(const std::string & r) { set(STALE, r); }
      |     [01;35m[K^~~~~[m[K
In file included from [01m[K/root/ros_canopen/canopen_master/include/canopen_master/canopen.hpp:8[m[K,
                 from [01m[K/root/ros_canopen/canopen_master/src/pdo.cpp:1[m[K:
[01m[K/root/ros_canopen/canopen_master/include/canopen_master/layer.hpp:[m[K In member function ‘[01m[Kvirtual void canopen::LayerStack::handleWrite(canopen::LayerStatus&, const canopen::Layer::LayerState&)[m[K’:
[01m[K/root/ros_canopen/canopen_master/include/canopen_master/layer.hpp:236:69:[m[K [01;35m[Kwarning: [m[Kunused parameter ‘[01m[Kcurrent_state[m[K’ [[01;35m[K-Wunused-parameter[m[K]
  236 |     virtual void handleWrite(LayerStatus &status, [01;35m[Kconst LayerState &current_state[m[K) { call_or_fail_rev(&Layer::write, &Layer::halt, status);}
      |                                                   [01;35m[K~~~~~~~~~~~~~~~~~~^~~~~~~~~~~~~[m[K
In file included from [01m[K/root/ros_canopen/install/socketcan_interface/include/socketcan_interface/interface.hpp:12[m[K,
                 from [01m[K/root/ros_canopen/canopen_master/include/canopen_master/canopen.hpp:4[m[K,
                 from [01m[K/root/ros_canopen/canopen_master/src/sdo.cpp:1[m[K:
[01m[K/root/ros_canopen/install/socketcan_interface/include/socketcan_interface/settings.hpp:[m[K In member function ‘[01m[Kvirtual bool can::NoSettings::getRepr(const string&, std::string&) const[m[K’:
[01m[K/root/ros_canopen/install/socketcan_interface/include/socketcan_interface/settings.hpp:38:47:[m[K [01;35m[Kwarning: [m[Kunused parameter ‘[01m[Kn[m[K’ [[01;35m[K-Wunused-parameter[m[K]
   38 |       virtual bool getRepr([01;35m[Kconst std::string &n[m[K, std::string & repr) const { return false; }
      |                            [01;35m[K~~~~~~~~~~~~~~~~~~~^[m[K
[01m[K/root/ros_canopen/install/socketcan_interface/include/socketcan_interface/settings.hpp:38:64:[m[K [01;35m[Kwarning: [m[Kunused parameter ‘[01m[Krepr[m[K’ [[01;35m[K-Wunused-parameter[m[K]
   38 |       virtual bool getRepr(const std::string &n, [01;35m[Kstd::string & repr[m[K) const { return false; }
      |                                                  [01;35m[K~~~~~~~~~~~~~~^~~~[m[K
In file included from [01m[K/root/ros_canopen/canopen_master/include/canopen_master/canopen.hpp:4[m[K,
                 from [01m[K/root/ros_canopen/canopen_master/src/sdo.cpp:1[m[K:
[01m[K/root/ros_canopen/install/socketcan_interface/include/socketcan_interface/interface.hpp:[m[K In member function ‘[01m[Kvirtual bool can::DriverInterface::init(const string&, bool, can::SettingsConstSharedPtr)[m[K’:
[01m[K/root/ros_canopen/install/socketcan_interface/include/socketcan_interface/interface.hpp:190:88:[m[K [01;35m[Kwarning: [m[Kunused parameter ‘[01m[Ksettings[m[K’ [[01;35m[K-Wunused-parameter[m[K]
  190 |     virtual bool init(const std::string &device, bool loopback, [01;35m[KSettingsConstSharedPtr settings[m[K) {
      |                                                                 [01;35m[K~~~~~~~~~~~~~~~~~~~~~~~^~~~~~~~[m[K
In file included from [01m[K/root/ros_canopen/canopen_master/include/canopen_master/canopen.hpp:7[m[K,
                 from [01m[K/root/ros_canopen/canopen_master/src/sdo.cpp:1[m[K:
[01m[K/root/ros_canopen/canopen_master/include/canopen_master/exceptions.hpp:[m[K In constructor ‘[01m[Kcanopen::PointerInvalid::PointerInvalid(const string&)[m[K’:
[01m[K/root/ros_canopen/canopen_master/include/canopen_master/exceptions.hpp:17:39:[m[K [01;35m[Kwarning: [m[Kunused parameter ‘[01m[Kw[m[K’ [[01;35m[K-Wunused-parameter[m[K]
   17 |     PointerInvalid([01;35m[Kconst std::string &w[m[K) : Exception("Pointer invalid") {}
      |                    [01;35m[K~~~~~~~~~~~~~~~~~~~^[m[K
In file included from [01m[K/root/ros_canopen/canopen_master/include/canopen_master/canopen.hpp:8[m[K,
                 from [01m[K/root/ros_canopen/canopen_master/src/sdo.cpp:1[m[K:
[01m[K/root/ros_canopen/canopen_master/include/canopen_master/layer.hpp:[m[K At global scope:
[01m[K/root/ros_canopen/canopen_master/include/canopen_master/layer.hpp:44:5:[m[K [01;35m[Kwarning: [m[Ktype qualifiers ignored on function return type [[01;35m[K-Wignored-qualifiers[m[K]
   44 |     [01;35m[Kconst[m[K void warn(const std::string & r) { set(WARN, r); }
      |     [01;35m[K^~~~~[m[K
[01m[K/root/ros_canopen/canopen_master/include/canopen_master/layer.hpp:45:5:[m[K [01;35m[Kwarning: [m[Ktype qualifiers ignored on function return type [[01;35m[K-Wignored-qualifiers[m[K]
   45 |     [01;35m[Kconst[m[K void error(const std::string & r) { set(ERROR, r); }
      |     [01;35m[K^~~~~[m[K
[01m[K/root/ros_canopen/canopen_master/include/canopen_master/layer.hpp:46:5:[m[K [01;35m[Kwarning: [m[Ktype qualifiers ignored on function return type [[01;35m[K-Wignored-qualifiers[m[K]
   46 |     [01;35m[Kconst[m[K void stale(const std::string & r) { set(STALE, r); }
      |     [01;35m[K^~~~~[m[K
In file included from [01m[K/root/ros_canopen/canopen_master/include/canopen_master/canopen.hpp:8[m[K,
                 from [01m[K/root/ros_canopen/canopen_master/src/sdo.cpp:1[m[K:
[01m[K/root/ros_canopen/canopen_master/include/canopen_master/layer.hpp:[m[K In member function ‘[01m[Kvirtual void canopen::LayerStack::handleWrite(canopen::LayerStatus&, const canopen::Layer::LayerState&)[m[K’:
[01m[K/root/ros_canopen/canopen_master/include/canopen_master/layer.hpp:236:69:[m[K [01;35m[Kwarning: [m[Kunused parameter ‘[01m[Kcurrent_state[m[K’ [[01;35m[K-Wunused-parameter[m[K]
  236 |     virtual void handleWrite(LayerStatus &status, [01;35m[Kconst LayerState &current_state[m[K) { call_or_fail_rev(&Layer::write, &Layer::halt, status);}
      |                                                   [01;35m[K~~~~~~~~~~~~~~~~~~^~~~~~~~~~~~~[m[K
In file included from [01m[K/root/ros_canopen/canopen_master/src/pdo.cpp:1[m[K:
[01m[K/root/ros_canopen/canopen_master/include/canopen_master/canopen.hpp:[m[K In constructor ‘[01m[Kcanopen::SDOClient::SDOClient(can::CommInterfaceSharedPtr, canopen::ObjectDictSharedPtr, uint8_t)[m[K’:
[01m[K/root/ros_canopen/canopen_master/include/canopen_master/canopen.hpp:56:34:[m[K [01;35m[Kwarning: [m[K‘[01m[Kcanopen::SDOClient::storage_[m[K’ will be initialized after [[01;35m[K-Wreorder[m[K]
   56 |     const ObjectStorageSharedPtr [01;35m[Kstorage_[m[K;
      |                                  [01;35m[K^~~~~~~~[m[K
[01m[K/root/ros_canopen/canopen_master/include/canopen_master/canopen.hpp:38:25:[m[K [01;35m[Kwarning: [m[K  ‘[01m[Kcan::BufferedReader canopen::SDOClient::reader_[m[K’ [[01;35m[K-Wreorder[m[K]
   38 |     can::BufferedReader [01;35m[Kreader_[m[K;
      |                         [01;35m[K^~~~~~~[m[K
[01m[K/root/ros_canopen/canopen_master/include/canopen_master/canopen.hpp:60:5:[m[K [01;35m[Kwarning: [m[K  when initialized here [[01;35m[K-Wreorder[m[K]
   60 |     [01;35m[KSDOClient[m[K(const can::CommInterfaceSharedPtr interface, const ObjectDictSharedPtr dict, uint8_t node_id)
      |     [01;35m[K^~~~~~~~~[m[K
In file included from [01m[K/root/ros_canopen/canopen_master/src/pdo.cpp:1[m[K:
[01m[K/root/ros_canopen/canopen_master/include/canopen_master/canopen.hpp:[m[K At global scope:
[01m[K/root/ros_canopen/canopen_master/include/canopen_master/canopen.hpp:197:5:[m[K [01;35m[Kwarning: [m[Ktype qualifiers ignored on function return type [[01;35m[K-Wignored-qualifiers[m[K]
  197 |     [01;35m[Kconst[m[K State getState();
      |     [01;35m[K^~~~~[m[K
[01m[K/root/ros_canopen/canopen_master/src/pdo.cpp:[m[K In function ‘[01m[Kbool check_com_changed(const canopen::ObjectDict&, uint16_t)[m[K’:
[01m[K/root/ros_canopen/canopen_master/src/pdo.cpp:62:21:[m[K [01;35m[Kwarning: [m[Kcatching polymorphic type ‘[01m[Kclass std::out_of_range[m[K’ by value [[01;35m[K-Wcatch-value=[m[K]
   62 |         catch (std::[01;35m[Kout_of_range[m[K) {}
      |                     [01;35m[K^~~~~~~~~~~~[m[K
[01m[K/root/ros_canopen/canopen_master/src/pdo.cpp:[m[K In function ‘[01m[Kbool check_map_changed(const uint8_t&, const canopen::ObjectDict&, const uint16_t&)[m[K’:
[01m[K/root/ros_canopen/canopen_master/src/pdo.cpp:79:25:[m[K [01;35m[Kwarning: [m[Kcatching polymorphic type ‘[01m[Kclass std::out_of_range[m[K’ by value [[01;35m[K-Wcatch-value=[m[K]
   79 |             catch (std::[01;35m[Kout_of_range[m[K) {}
      |                         [01;35m[K^~~~~~~~~~~~[m[K
[01m[K/root/ros_canopen/canopen_master/src/pdo.cpp:[m[K In member function ‘[01m[Kvoid canopen::PDOMapper::Buffer::read(const canopen::ObjectDict::Entry&, canopen::String&)[m[K’:
[01m[K/root/ros_canopen/canopen_master/src/pdo.cpp:363:16:[m[K [01;35m[Kwarning: [m[Kvariable ‘[01m[Kabs_time[m[K’ set but not used [[01;35m[K-Wunused-but-set-variable[m[K]
  363 |     time_point [01;35m[Kabs_time[m[K = get_abs_time(boost::chrono::seconds(1));
      |                [01;35m[K^~~~~~~~[m[K
In file included from [01m[K/root/ros_canopen/canopen_master/src/sdo.cpp:1[m[K:
[01m[K/root/ros_canopen/canopen_master/include/canopen_master/canopen.hpp:[m[K In constructor ‘[01m[Kcanopen::SDOClient::SDOClient(can::CommInterfaceSharedPtr, canopen::ObjectDictSharedPtr, uint8_t)[m[K’:
[01m[K/root/ros_canopen/canopen_master/include/canopen_master/canopen.hpp:56:34:[m[K [01;35m[Kwarning: [m[K‘[01m[Kcanopen::SDOClient::storage_[m[K’ will be initialized after [[01;35m[K-Wreorder[m[K]
   56 |     const ObjectStorageSharedPtr [01;35m[Kstorage_[m[K;
      |                                  [01;35m[K^~~~~~~~[m[K
[01m[K/root/ros_canopen/canopen_master/include/canopen_master/canopen.hpp:38:25:[m[K [01;35m[Kwarning: [m[K  ‘[01m[Kcan::BufferedReader canopen::SDOClient::reader_[m[K’ [[01;35m[K-Wreorder[m[K]
   38 |     can::BufferedReader [01;35m[Kreader_[m[K;
      |                         [01;35m[K^~~~~~~[m[K
[01m[K/root/ros_canopen/canopen_master/include/canopen_master/canopen.hpp:60:5:[m[K [01;35m[Kwarning: [m[K  when initialized here [[01;35m[K-Wreorder[m[K]
   60 |     [01;35m[KSDOClient[m[K(const can::CommInterfaceSharedPtr interface, const ObjectDictSharedPtr dict, uint8_t node_id)
      |     [01;35m[K^~~~~~~~~[m[K
In file included from [01m[K/root/ros_canopen/canopen_master/src/sdo.cpp:1[m[K:
[01m[K/root/ros_canopen/canopen_master/include/canopen_master/canopen.hpp:[m[K At global scope:
[01m[K/root/ros_canopen/canopen_master/include/canopen_master/canopen.hpp:197:5:[m[K [01;35m[Kwarning: [m[Ktype qualifiers ignored on function return type [[01;35m[K-Wignored-qualifiers[m[K]
  197 |     [01;35m[Kconst[m[K State getState();
      |     [01;35m[K^~~~~[m[K
In file included from [01m[K/root/ros_canopen/canopen_master/include/canopen_master/canopen.hpp:8[m[K,
                 from [01m[K/root/ros_canopen/canopen_master/src/pdo.cpp:1[m[K:
/root/ros_canopen/canopen_master/include/canopen_master/layer.hpp: In instantiation of ‘[01m[Kvoid canopen::LayerGroup<T>::handleRead(canopen::LayerStatus&, const canopen::Layer::LayerState&) [with T = canopen::Layer][m[K’:
[01m[K/root/ros_canopen/canopen_master/include/canopen_master/layer.hpp:215:18:[m[K   required from here
[01m[K/root/ros_canopen/canopen_master/include/canopen_master/layer.hpp:215:68:[m[K [01;35m[Kwarning: [m[Kunused parameter ‘[01m[Kcurrent_state[m[K’ [[01;35m[K-Wunused-parameter[m[K]
  215 |     virtual void handleRead(LayerStatus &status, [01;35m[Kconst LayerState &current_state[m[K) {
      |                                                  [01;35m[K~~~~~~~~~~~~~~~~~~^~~~~~~~~~~~~[m[K
/root/ros_canopen/canopen_master/include/canopen_master/layer.hpp: In instantiation of ‘[01m[Kvoid canopen::LayerGroup<T>::handleWrite(canopen::LayerStatus&, const canopen::Layer::LayerState&) [with T = canopen::Layer][m[K’:
[01m[K/root/ros_canopen/canopen_master/include/canopen_master/layer.hpp:218:18:[m[K   required from here
[01m[K/root/ros_canopen/canopen_master/include/canopen_master/layer.hpp:218:69:[m[K [01;35m[Kwarning: [m[Kunused parameter ‘[01m[Kcurrent_state[m[K’ [[01;35m[K-Wunused-parameter[m[K]
  218 |     virtual void handleWrite(LayerStatus &status, [01;35m[Kconst LayerState &current_state[m[K) {
      |                                                   [01;35m[K~~~~~~~~~~~~~~~~~~^~~~~~~~~~~~~[m[K
In file included from [01m[K/root/ros_canopen/canopen_master/include/canopen_master/canopen.hpp:8[m[K,
                 from [01m[K/root/ros_canopen/canopen_master/src/sdo.cpp:1[m[K:
/root/ros_canopen/canopen_master/include/canopen_master/layer.hpp: In instantiation of ‘[01m[Kvoid canopen::LayerGroup<T>::handleRead(canopen::LayerStatus&, const canopen::Layer::LayerState&) [with T = canopen::Layer][m[K’:
[01m[K/root/ros_canopen/canopen_master/include/canopen_master/layer.hpp:215:18:[m[K   required from here
[01m[K/root/ros_canopen/canopen_master/include/canopen_master/layer.hpp:215:68:[m[K [01;35m[Kwarning: [m[Kunused parameter ‘[01m[Kcurrent_state[m[K’ [[01;35m[K-Wunused-parameter[m[K]
  215 |     virtual void handleRead(LayerStatus &status, [01;35m[Kconst LayerState &current_state[m[K) {
      |                                                  [01;35m[K~~~~~~~~~~~~~~~~~~^~~~~~~~~~~~~[m[K
/root/ros_canopen/canopen_master/include/canopen_master/layer.hpp: In instantiation of ‘[01m[Kvoid canopen::LayerGroup<T>::handleWrite(canopen::LayerStatus&, const canopen::Layer::LayerState&) [with T = canopen::Layer][m[K’:
[01m[K/root/ros_canopen/canopen_master/include/canopen_master/layer.hpp:218:18:[m[K   required from here
[01m[K/root/ros_canopen/canopen_master/include/canopen_master/layer.hpp:218:69:[m[K [01;35m[Kwarning: [m[Kunused parameter ‘[01m[Kcurrent_state[m[K’ [[01;35m[K-Wunused-parameter[m[K]
  218 |     virtual void handleWrite(LayerStatus &status, [01;35m[Kconst LayerState &current_state[m[K) {
      |                                                   [01;35m[K~~~~~~~~~~~~~~~~~~^~~~~~~~~~~~~[m[K
[ 80%] [32m[1mLinking CXX static library libcanopen_master.a[0m
[ 80%] Built target canopen_master
make: *** [Makefile:141: all] Error 2
