-- Found ament_cmake: 0.9.8 (/opt/ros/foxy/share/ament_cmake/cmake)
-- Using PYTHON_EXECUTABLE: /usr/bin/python3
-- Override CMake install command with custom implementation using symlinks instead of copying resources
-- Found class_loader: 2.0.2 (/opt/ros/foxy/share/class_loader/cmake)
-- Found rosidl_default_generators: 1.0.1 (/opt/ros/foxy/share/rosidl_default_generators/cmake)
-- Using all available rosidl_typesupport_c: rosidl_typesupport_fastrtps_c;rosidl_typesupport_introspection_c
-- Found rosidl_adapter: 1.2.1 (/opt/ros/foxy/share/rosidl_adapter/cmake)
-- Using all available rosidl_typesupport_cpp: rosidl_typesupport_fastrtps_cpp;rosidl_typesupport_introspection_cpp
-- Found socketcan_interface: 0.8.5 (/root/ros_canopen/install/socketcan_interface/share/socketcan_interface/cmake)
-- Configuring done
-- Generating done
-- Build files have been written to: /root/ros_canopen/build/canopen_master
[35m[1mScanning dependencies of target canopen_bcm_sync[0m
[35m[1mScanning dependencies of target canopen_master[0m
[ 10%] [32mBuilding CXX object CMakeFiles/canopen_bcm_sync.dir/src/bcm_sync.cpp.o[0m
[ 20%] [32mBuilding CXX object CMakeFiles/canopen_master.dir/src/emcy.cpp.o[0m
[ 30%] [32mBuilding CXX object CMakeFiles/canopen_master.dir/src/objdict.cpp.o[0m
[ 40%] [32mBuilding CXX object CMakeFiles/canopen_master.dir/src/node.cpp.o[0m
[ 50%] [32mBuilding CXX object CMakeFiles/canopen_master.dir/src/pdo.cpp.o[0m
[ 60%] [32m[1mLinking CXX executable canopen_bcm_sync[0m
[ 70%] [32mBuilding CXX object CMakeFiles/canopen_master.dir/src/sdo.cpp.o[0m
[ 80%] [32m[1mLinking CXX static library libcanopen_master.a[0m
[ 80%] Built target canopen_master
