[0.032s] Invoking command in '/root/ros_canopen/build/can_msgs': CMAKE_PREFIX_PATH=/opt/ros/foxy /usr/bin/cmake --build /root/ros_canopen/build/can_msgs -- -j4 -l4
[0.096s] Invoked command in '/root/ros_canopen/build/can_msgs' returned '0': CMAKE_PREFIX_PATH=/opt/ros/foxy /usr/bin/cmake --build /root/ros_canopen/build/can_msgs -- -j4 -l4
[0.150s] Invoking command in '/root/ros_canopen/build/can_msgs': CMAKE_PREFIX_PATH=/opt/ros/foxy /usr/bin/cmake --install /root/ros_canopen/build/can_msgs
[0.166s] -- Install configuration: ""
[0.167s] -- Execute custom install script
[0.167s] -- Up-to-date symlink: /root/ros_canopen/install/can_msgs/share/ament_index/resource_index/package_run_dependencies/can_msgs
[0.167s] -- Up-to-date symlink: /root/ros_canopen/install/can_msgs/share/ament_index/resource_index/parent_prefix_path/can_msgs
[0.167s] -- Up-to-date symlink: /root/ros_canopen/install/can_msgs/share/can_msgs/environment/ament_prefix_path.sh
[0.167s] -- Up-to-date symlink: /root/ros_canopen/install/can_msgs/share/can_msgs/environment/ament_prefix_path.dsv
[0.168s] -- Up-to-date symlink: /root/ros_canopen/install/can_msgs/share/can_msgs/environment/path.sh
[0.168s] -- Up-to-date symlink: /root/ros_canopen/install/can_msgs/share/can_msgs/environment/path.dsv
[0.169s] -- Up-to-date symlink: /root/ros_canopen/install/can_msgs/share/can_msgs/local_setup.bash
[0.170s] -- Up-to-date symlink: /root/ros_canopen/install/can_msgs/share/can_msgs/local_setup.sh
[0.175s] -- Up-to-date symlink: /root/ros_canopen/install/can_msgs/share/can_msgs/local_setup.zsh
[0.176s] -- Up-to-date symlink: /root/ros_canopen/install/can_msgs/share/can_msgs/local_setup.dsv
[0.176s] -- Symlinking: /root/ros_canopen/install/can_msgs/share/can_msgs/package.dsv
[0.185s] -- Up-to-date symlink: /root/ros_canopen/install/can_msgs/share/ament_index/resource_index/packages/can_msgs
[0.186s] -- Up-to-date symlink: /root/ros_canopen/install/can_msgs/share/can_msgs/cmake/ament_cmake_export_dependencies-extras.cmake
[0.186s] -- Up-to-date symlink: /root/ros_canopen/install/can_msgs/share/can_msgs/cmake/can_msgsConfig.cmake
[0.188s] -- Up-to-date symlink: /root/ros_canopen/install/can_msgs/share/can_msgs/cmake/can_msgsConfig-version.cmake
[0.188s] -- Up-to-date symlink: /root/ros_canopen/install/can_msgs/share/can_msgs/package.xml
[0.193s] Invoked command in '/root/ros_canopen/build/can_msgs' returned '0': CMAKE_PREFIX_PATH=/opt/ros/foxy /usr/bin/cmake --install /root/ros_canopen/build/can_msgs
