[0.022s] Invoking command in '/root/ros_canopen/build/socketcan_bridge': AMENT_PREFIX_PATH=/root/ros_canopen/install/socketcan_interface:/root/ros_canopen/install/can_msgs:${AMENT_PREFIX_PATH} CMAKE_PREFIX_PATH=/root/ros_canopen/install/socketcan_interface:/root/ros_canopen/install/can_msgs:/opt/ros/foxy LD_LIBRARY_PATH=/root/ros_canopen/install/can_msgs/lib:${LD_LIBRARY_PATH} PYTHONPATH=/root/ros_canopen/install/can_msgs/lib/python3.8/site-packages:${PYTHONPATH} /usr/bin/cmake --build /root/ros_canopen/build/socketcan_bridge -- -j4 -l4
[0.098s] [  8%] [32mBuilding CXX object CMakeFiles/topic_to_socketcan.dir/src/topic_to_socketcan.cpp.o[0m
[0.104s] [ 16%] [32mBuilding CXX object CMakeFiles/socketcan_to_topic.dir/src/socketcan_to_topic.cpp.o[0m
[1.244s] In file included from [01m[K/root/ros_canopen/socketcan_bridge/src/topic_to_socketcan.cpp:28[m[K:
[1.244s] [01m[K/root/ros_canopen/socketcan_bridge/include/socketcan_bridge/topic_to_socketcan.hpp:32:10:[m[K [01;31m[Kfatal error: [m[Kcan_msgs/Frame.hpp: No such file or directory
[1.244s]    32 | #include [01;31m[K<can_msgs/Frame.hpp>[m[K
[1.244s]       |          [01;31m[K^~~~~~~~~~~~~~~~~~~~[m[K
[1.245s] compilation terminated.
[1.253s] make[2]: *** [CMakeFiles/topic_to_socketcan.dir/build.make:76: CMakeFiles/topic_to_socketcan.dir/src/topic_to_socketcan.cpp.o] Error 1
[1.253s] make[1]: *** [CMakeFiles/Makefile2:140: CMakeFiles/topic_to_socketcan.dir/all] Error 2
[1.253s] make[1]: *** Waiting for unfinished jobs....
[1.509s] In file included from [01m[K/root/ros_canopen/socketcan_bridge/src/socketcan_to_topic.cpp:28[m[K:
[1.509s] [01m[K/root/ros_canopen/socketcan_bridge/include/socketcan_bridge/socketcan_to_topic.hpp:33:10:[m[K [01;31m[Kfatal error: [m[Kcan_msgs/Frame.hpp: No such file or directory
[1.509s]    33 | #include [01;31m[K<can_msgs/Frame.hpp>[m[K
[1.509s]       |          [01;31m[K^~~~~~~~~~~~~~~~~~~~[m[K
[1.509s] compilation terminated.
[1.518s] make[2]: *** [CMakeFiles/socketcan_to_topic.dir/build.make:76: CMakeFiles/socketcan_to_topic.dir/src/socketcan_to_topic.cpp.o] Error 1
[1.519s] make[1]: *** [CMakeFiles/Makefile2:113: CMakeFiles/socketcan_to_topic.dir/all] Error 2
[1.519s] make: *** [Makefile:141: all] Error 2
[1.521s] Invoked command in '/root/ros_canopen/build/socketcan_bridge' returned '2': AMENT_PREFIX_PATH=/root/ros_canopen/install/socketcan_interface:/root/ros_canopen/install/can_msgs:${AMENT_PREFIX_PATH} CMAKE_PREFIX_PATH=/root/ros_canopen/install/socketcan_interface:/root/ros_canopen/install/can_msgs:/opt/ros/foxy LD_LIBRARY_PATH=/root/ros_canopen/install/can_msgs/lib:${LD_LIBRARY_PATH} PYTHONPATH=/root/ros_canopen/install/can_msgs/lib/python3.8/site-packages:${PYTHONPATH} /usr/bin/cmake --build /root/ros_canopen/build/socketcan_bridge -- -j4 -l4
