[0.026s] Invoking command in '/root/ros_canopen/build/can_msgs': CMAKE_PREFIX_PATH=/opt/ros/foxy /usr/bin/cmake /root/ros_canopen/can_msgs -DAMENT_CMAKE_SYMLINK_INSTALL=1 -DCMAKE_INSTALL_PREFIX=/root/ros_canopen/install/can_msgs
[0.119s] -- The C compiler identification is GNU 9.3.0
[0.195s] -- The CXX compiler identification is GNU 9.3.0
[0.204s] -- Check for working C compiler: /usr/bin/cc
[0.293s] -- Check for working C compiler: /usr/bin/cc -- works
[0.294s] -- Detecting C compiler ABI info
[0.379s] -- Detecting C compiler ABI info - done
[0.407s] -- Detecting C compile features
[0.407s] -- Detecting C compile features - done
[0.413s] -- Check for working CXX compiler: /usr/bin/c++
[0.528s] -- Check for working CXX compiler: /usr/bin/c++ -- works
[0.530s] -- Detecting CXX compiler ABI info
[0.634s] -- Detecting CXX compiler ABI info - done
[0.663s] -- Detecting CXX compile features
[0.664s] -- Detecting CXX compile features - done
[0.669s] -- Found ament_cmake: 0.9.8 (/opt/ros/foxy/share/ament_cmake/cmake)
[0.708s] -- Found PythonInterp: /usr/bin/python3 (found suitable version "3.8.5", minimum required is "3") 
[0.709s] -- Using PYTHON_EXECUTABLE: /usr/bin/python3
[0.914s] -- Override CMake install command with custom implementation using symlinks instead of copying resources
[0.955s] -- Found rclcpp: 2.3.1 (/opt/ros/foxy/share/rclcpp/cmake)
[1.030s] -- Using all available rosidl_typesupport_c: rosidl_typesupport_fastrtps_c;rosidl_typesupport_introspection_c
[1.042s] -- Found rosidl_adapter: 1.2.1 (/opt/ros/foxy/share/rosidl_adapter/cmake)
[1.127s] -- Found OpenSSL: /usr/lib/x86_64-linux-gnu/libcrypto.so (found version "1.1.1f")  
[1.149s] -- Found FastRTPS: /opt/ros/foxy/include  
[1.272s] -- Using all available rosidl_typesupport_cpp: rosidl_typesupport_fastrtps_cpp;rosidl_typesupport_introspection_cpp
[1.388s] -- Found rmw_implementation_cmake: 1.0.3 (/opt/ros/foxy/share/rmw_implementation_cmake/cmake)
[1.393s] -- Using RMW implementation 'rmw_fastrtps_cpp' as default
[1.393s] -- Looking for pthread.h
[1.490s] -- Looking for pthread.h - found
[1.495s] -- Performing Test CMAKE_HAVE_LIBC_PTHREAD
[1.582s] -- Performing Test CMAKE_HAVE_LIBC_PTHREAD - Failed
[1.582s] -- Looking for pthread_create in pthreads
[1.656s] -- Looking for pthread_create in pthreads - not found
[1.656s] -- Looking for pthread_create in pthread
[1.750s] -- Looking for pthread_create in pthread - found
[1.752s] -- Found Threads: TRUE  
[2.018s] -- Found rosidl_default_generators: 1.0.1 (/opt/ros/foxy/share/rosidl_default_generators/cmake)
[2.122s] -- Configuring done
[2.125s] -- Generating done
[2.127s] -- Build files have been written to: /root/ros_canopen/build/can_msgs
