[0.025s] Invoking command in '/root/ros_canopen/build/can_msgs': CMAKE_PREFIX_PATH=/opt/ros/foxy /usr/bin/cmake --build /root/ros_canopen/build/can_msgs -- -j4 -l4
[0.108s] [  9%] Built target can_msgs__rosidl_generator_c
[0.111s] [ 12%] Built target can_msgs__cpp
[0.155s] [ 22%] Built target can_msgs__rosidl_typesupport_cpp
[0.159s] [ 32%] Built target can_msgs__rosidl_typesupport_c
[0.168s] [ 41%] Built target can_msgs__rosidl_typesupport_introspection_c
[0.172s] [ 51%] Built target can_msgs__rosidl_typesupport_introspection_cpp
[0.191s] [ 61%] Built target can_msgs__rosidl_typesupport_fastrtps_cpp
[0.223s] [ 70%] Built target can_msgs__rosidl_typesupport_fastrtps_c
[0.247s] [ 70%] Built target can_msgs
[0.271s] [ 74%] Built target can_msgs__py
[0.306s] [ 80%] Built target can_msgs__python
[0.344s] [ 93%] Built target can_msgs__rosidl_typesupport_c__pyext
[0.344s] [ 93%] Built target can_msgs__rosidl_typesupport_fastrtps_c__pyext
[0.349s] [100%] Built target can_msgs__rosidl_typesupport_introspection_c__pyext
[0.371s] Invoked command in '/root/ros_canopen/build/can_msgs' returned '0': CMAKE_PREFIX_PATH=/opt/ros/foxy /usr/bin/cmake --build /root/ros_canopen/build/can_msgs -- -j4 -l4
[0.435s] Invoking command in '/root/ros_canopen/build/can_msgs': CMAKE_PREFIX_PATH=/opt/ros/foxy /usr/bin/cmake --install /root/ros_canopen/build/can_msgs
[0.450s] -- Install configuration: ""
[0.451s] -- Execute custom install script
[0.452s] -- Up-to-date symlink: /root/ros_canopen/install/can_msgs/share/ament_index/resource_index/rosidl_interfaces/can_msgs
[0.453s] -- Up-to-date symlink: /root/ros_canopen/install/can_msgs/include/can_msgs/msg/detail/frame__functions.h
[0.454s] -- Up-to-date symlink: /root/ros_canopen/install/can_msgs/include/can_msgs/msg/detail/frame__struct.h
[0.454s] -- Up-to-date symlink: /root/ros_canopen/install/can_msgs/include/can_msgs/msg/detail/frame__type_support.h
[0.455s] -- Up-to-date symlink: /root/ros_canopen/install/can_msgs/include/can_msgs/msg/frame.h
[0.455s] -- Up-to-date symlink: /root/ros_canopen/install/can_msgs/include/can_msgs/msg/rosidl_generator_c__visibility_control.h
[0.456s] -- Up-to-date symlink: /root/ros_canopen/install/can_msgs/share/can_msgs/environment/library_path.sh
[0.457s] -- Up-to-date symlink: /root/ros_canopen/install/can_msgs/share/can_msgs/environment/library_path.dsv
[0.457s] -- Up-to-date symlink: /root/ros_canopen/install/can_msgs/include/can_msgs/msg/detail/frame__rosidl_typesupport_fastrtps_c.h
[0.458s] -- Up-to-date symlink: /root/ros_canopen/install/can_msgs/include/can_msgs/msg/rosidl_typesupport_fastrtps_c__visibility_control.h
[0.459s] -- Up-to-date symlink: /root/ros_canopen/install/can_msgs/lib/libcan_msgs__rosidl_typesupport_fastrtps_c.so
[0.460s] -- Up-to-date symlink: /root/ros_canopen/install/can_msgs/include/can_msgs/msg/detail/frame__rosidl_typesupport_fastrtps_cpp.hpp
[0.460s] -- Up-to-date symlink: /root/ros_canopen/install/can_msgs/include/can_msgs/msg/rosidl_typesupport_fastrtps_cpp__visibility_control.h
[0.461s] -- Up-to-date symlink: /root/ros_canopen/install/can_msgs/lib/libcan_msgs__rosidl_typesupport_fastrtps_cpp.so
[0.461s] -- Up-to-date symlink: /root/ros_canopen/install/can_msgs/include/can_msgs/msg/detail/frame__rosidl_typesupport_introspection_c.h
[0.462s] -- Up-to-date symlink: /root/ros_canopen/install/can_msgs/include/can_msgs/msg/rosidl_typesupport_introspection_c__visibility_control.h
[0.463s] -- Up-to-date symlink: /root/ros_canopen/install/can_msgs/include/can_msgs/msg/detail/frame__builder.hpp
[0.463s] -- Up-to-date symlink: /root/ros_canopen/install/can_msgs/include/can_msgs/msg/detail/frame__struct.hpp
[0.463s] -- Up-to-date symlink: /root/ros_canopen/install/can_msgs/include/can_msgs/msg/detail/frame__traits.hpp
[0.464s] -- Up-to-date symlink: /root/ros_canopen/install/can_msgs/include/can_msgs/msg/frame.hpp
[0.465s] -- Up-to-date symlink: /root/ros_canopen/install/can_msgs/include/can_msgs/msg/detail/frame__rosidl_typesupport_introspection_cpp.hpp
[0.465s] -- Up-to-date symlink: /root/ros_canopen/install/can_msgs/share/can_msgs/environment/pythonpath.sh
[0.466s] -- Up-to-date symlink: /root/ros_canopen/install/can_msgs/share/can_msgs/environment/pythonpath.dsv
[0.466s] -- Up-to-date symlink: /root/ros_canopen/install/can_msgs/lib/python3.8/site-packages/can_msgs/__init__.py
[0.467s] -- Up-to-date symlink: /root/ros_canopen/install/can_msgs/lib/python3.8/site-packages/can_msgs/msg/__init__.py
[0.467s] -- Up-to-date symlink: /root/ros_canopen/install/can_msgs/lib/python3.8/site-packages/can_msgs/msg/_frame.py
[0.468s] -- Up-to-date symlink: /root/ros_canopen/install/can_msgs/lib/python3.8/site-packages/can_msgs/can_msgs_s__rosidl_typesupport_fastrtps_c.cpython-38-x86_64-linux-gnu.so
[0.469s] -- Up-to-date symlink: /root/ros_canopen/install/can_msgs/lib/python3.8/site-packages/can_msgs/can_msgs_s__rosidl_typesupport_introspection_c.cpython-38-x86_64-linux-gnu.so
[0.470s] -- Up-to-date symlink: /root/ros_canopen/install/can_msgs/lib/python3.8/site-packages/can_msgs/can_msgs_s__rosidl_typesupport_c.cpython-38-x86_64-linux-gnu.so
[0.471s] -- Up-to-date symlink: /root/ros_canopen/install/can_msgs/lib/libcan_msgs__python.so
[0.472s] -- Up-to-date symlink: /root/ros_canopen/install/can_msgs/share/can_msgs/msg/Frame.idl
[0.472s] -- Up-to-date symlink: /root/ros_canopen/install/can_msgs/share/can_msgs/msg/Frame.msg
[0.473s] -- Up-to-date symlink: /root/ros_canopen/install/can_msgs/share/ament_index/resource_index/package_run_dependencies/can_msgs
[0.473s] -- Up-to-date symlink: /root/ros_canopen/install/can_msgs/share/ament_index/resource_index/parent_prefix_path/can_msgs
[0.474s] -- Up-to-date symlink: /root/ros_canopen/install/can_msgs/share/can_msgs/environment/ament_prefix_path.sh
[0.474s] -- Up-to-date symlink: /root/ros_canopen/install/can_msgs/share/can_msgs/environment/ament_prefix_path.dsv
[0.475s] -- Up-to-date symlink: /root/ros_canopen/install/can_msgs/share/can_msgs/environment/path.sh
[0.475s] -- Up-to-date symlink: /root/ros_canopen/install/can_msgs/share/can_msgs/environment/path.dsv
[0.476s] -- Up-to-date symlink: /root/ros_canopen/install/can_msgs/share/can_msgs/local_setup.bash
[0.476s] -- Up-to-date symlink: /root/ros_canopen/install/can_msgs/share/can_msgs/local_setup.sh
[0.477s] -- Up-to-date symlink: /root/ros_canopen/install/can_msgs/share/can_msgs/local_setup.zsh
[0.477s] -- Up-to-date symlink: /root/ros_canopen/install/can_msgs/share/can_msgs/local_setup.dsv
[0.478s] -- Symlinking: /root/ros_canopen/install/can_msgs/share/can_msgs/package.dsv
[0.489s] -- Up-to-date symlink: /root/ros_canopen/install/can_msgs/share/ament_index/resource_index/packages/can_msgs
[0.489s] -- Up-to-date symlink: /root/ros_canopen/install/can_msgs/share/can_msgs/cmake/rosidl_cmake-extras.cmake
[0.492s] -- Up-to-date symlink: /root/ros_canopen/install/can_msgs/share/can_msgs/cmake/ament_cmake_export_dependencies-extras.cmake
[0.492s] -- Up-to-date symlink: /root/ros_canopen/install/can_msgs/share/can_msgs/cmake/ament_cmake_export_libraries-extras.cmake
[0.492s] -- Up-to-date symlink: /root/ros_canopen/install/can_msgs/share/can_msgs/cmake/ament_cmake_export_targets-extras.cmake
[0.493s] -- Up-to-date symlink: /root/ros_canopen/install/can_msgs/share/can_msgs/cmake/ament_cmake_export_include_directories-extras.cmake
[0.493s] -- Up-to-date symlink: /root/ros_canopen/install/can_msgs/share/can_msgs/cmake/rosidl_cmake_export_typesupport_libraries-extras.cmake
[0.493s] -- Up-to-date symlink: /root/ros_canopen/install/can_msgs/share/can_msgs/cmake/rosidl_cmake_export_typesupport_targets-extras.cmake
[0.494s] -- Up-to-date symlink: /root/ros_canopen/install/can_msgs/share/can_msgs/cmake/can_msgsConfig.cmake
[0.495s] -- Up-to-date symlink: /root/ros_canopen/install/can_msgs/share/can_msgs/cmake/can_msgsConfig-version.cmake
[0.496s] -- Up-to-date symlink: /root/ros_canopen/install/can_msgs/share/can_msgs/package.xml
[0.497s] -- Up-to-date: /root/ros_canopen/install/can_msgs/lib/libcan_msgs__rosidl_generator_c.so
[0.498s] -- Up-to-date: /root/ros_canopen/install/can_msgs/lib/libcan_msgs__rosidl_typesupport_introspection_c.so
[0.499s] -- Up-to-date: /root/ros_canopen/install/can_msgs/lib/libcan_msgs__rosidl_typesupport_c.so
[0.500s] -- Up-to-date: /root/ros_canopen/install/can_msgs/lib/libcan_msgs__rosidl_typesupport_introspection_cpp.so
[0.501s] -- Up-to-date: /root/ros_canopen/install/can_msgs/lib/libcan_msgs__rosidl_typesupport_cpp.so
[0.549s] -- Up-to-date: /root/ros_canopen/install/can_msgs/share/can_msgs/cmake/can_msgs__rosidl_generator_cExport.cmake
[0.549s] -- Up-to-date: /root/ros_canopen/install/can_msgs/share/can_msgs/cmake/can_msgs__rosidl_generator_cExport-noconfig.cmake
[0.549s] -- Up-to-date: /root/ros_canopen/install/can_msgs/share/can_msgs/cmake/can_msgs__rosidl_typesupport_introspection_cExport.cmake
[0.549s] -- Up-to-date: /root/ros_canopen/install/can_msgs/share/can_msgs/cmake/can_msgs__rosidl_typesupport_introspection_cExport-noconfig.cmake
[0.550s] -- Up-to-date: /root/ros_canopen/install/can_msgs/share/can_msgs/cmake/can_msgs__rosidl_typesupport_cExport.cmake
[0.550s] -- Up-to-date: /root/ros_canopen/install/can_msgs/share/can_msgs/cmake/can_msgs__rosidl_typesupport_cExport-noconfig.cmake
[0.550s] -- Up-to-date: /root/ros_canopen/install/can_msgs/share/can_msgs/cmake/can_msgs__rosidl_generator_cppExport.cmake
[0.550s] -- Up-to-date: /root/ros_canopen/install/can_msgs/share/can_msgs/cmake/can_msgs__rosidl_typesupport_introspection_cppExport.cmake
[0.550s] -- Up-to-date: /root/ros_canopen/install/can_msgs/share/can_msgs/cmake/can_msgs__rosidl_typesupport_introspection_cppExport-noconfig.cmake
[0.551s] -- Up-to-date: /root/ros_canopen/install/can_msgs/share/can_msgs/cmake/can_msgs__rosidl_typesupport_cppExport.cmake
[0.551s] -- Up-to-date: /root/ros_canopen/install/can_msgs/share/can_msgs/cmake/can_msgs__rosidl_typesupport_cppExport-noconfig.cmake
[0.556s] Invoked command in '/root/ros_canopen/build/can_msgs' returned '0': CMAKE_PREFIX_PATH=/opt/ros/foxy /usr/bin/cmake --install /root/ros_canopen/build/can_msgs
