[0.422s] DEBUG:colcon:Command line arguments: ['/usr/bin/colcon', 'build', '--symlink-install']
[0.423s] DEBUG:colcon:Parsed command line arguments: Namespace(ament_cmake_args=None, base_paths=['.'], build_base='build', catkin_cmake_args=None, catkin_skip_building_tests=False, cmake_args=None, cmake_clean_cache=False, cmake_clean_first=False, cmake_force_configure=False, cmake_target=None, cmake_target_skip_unavailable=False, continue_on_error=False, event_handlers=None, executor='parallel', ignore_user_meta=False, install_base='install', log_base=None, log_level=None, main=<bound method BuildVerb.main of <colcon_core.verb.build.BuildVerb object at 0x7f2f4db85fd0>>, merge_install=False, metas=['./colcon.meta'], mixin=None, mixin_files=None, mixin_verb=('build',), packages_above=None, packages_above_and_dependencies=None, packages_above_depth=None, packages_end=None, packages_ignore=None, packages_ignore_regex=None, packages_select=None, packages_select_build_failed=False, packages_select_by_dep=None, packages_select_regex=None, packages_select_test_failures=False, packages_skip=None, packages_skip_build_finished=False, packages_skip_by_dep=None, packages_skip_regex=None, packages_skip_test_passed=False, packages_skip_up_to=None, packages_start=None, packages_up_to=None, packages_up_to_regex=None, parallel_workers=4, paths=None, symlink_install=True, test_result_base=None, verb_extension=<colcon_core.verb.build.BuildVerb object at 0x7f2f4db85fd0>, verb_name='build', verb_parser=<colcon_mixin.mixin.mixin_argument.MixinArgumentDecorator object at 0x7f2f4db8f520>)
[0.430s] Level 1:colcon.colcon_core.package_discovery:discover_packages(colcon_meta) check parameters
[0.431s] INFO:colcon.colcon_metadata.package_discovery.colcon_meta:Using configuration from '/root/.colcon/metadata/default/Gazebo.meta'
[0.432s] INFO:colcon.colcon_metadata.package_discovery.colcon_meta:Using configuration from '/root/.colcon/metadata/default/fastrtps.meta'
[0.432s] Level 1:colcon.colcon_core.package_discovery:discover_packages(recursive) check parameters
[0.432s] Level 1:colcon.colcon_core.package_discovery:discover_packages(ignore) check parameters
[0.432s] Level 1:colcon.colcon_core.package_discovery:discover_packages(path) check parameters
[0.432s] Level 1:colcon.colcon_core.package_discovery:discover_packages(colcon_meta) discover
[0.432s] Level 1:colcon.colcon_core.package_discovery:discover_packages(recursive) discover
[0.432s] INFO:colcon.colcon_core.package_discovery:Crawling recursively for packages in '/root/ros_canopen'
[0.432s] Level 1:colcon.colcon_core.package_identification:_identify(.) by extensions ['ignore', 'ignore_ament_install']
[0.432s] Level 1:colcon.colcon_core.package_identification:_identify(.) by extension 'ignore'
[0.432s] Level 1:colcon.colcon_core.package_identification:_identify(.) by extension 'ignore_ament_install'
[0.432s] Level 1:colcon.colcon_core.package_identification:_identify(.) by extensions ['colcon_pkg']
[0.433s] Level 1:colcon.colcon_core.package_identification:_identify(.) by extension 'colcon_pkg'
[0.433s] Level 1:colcon.colcon_core.package_identification:_identify(.) by extensions ['colcon_meta']
[0.433s] Level 1:colcon.colcon_core.package_identification:_identify(.) by extension 'colcon_meta'
[0.433s] Level 1:colcon.colcon_core.package_identification:_identify(.) by extensions ['ros']
[0.433s] Level 1:colcon.colcon_core.package_identification:_identify(.) by extension 'ros'
[0.448s] Level 1:colcon.colcon_core.package_identification:_identify(.) by extensions ['cmake', 'python']
[0.449s] Level 1:colcon.colcon_core.package_identification:_identify(.) by extension 'cmake'
[0.449s] Level 1:colcon.colcon_core.package_identification:_identify(.) by extension 'python'
[0.449s] Level 1:colcon.colcon_core.package_identification:_identify(.) by extensions ['python_setup_py']
[0.449s] Level 1:colcon.colcon_core.package_identification:_identify(.) by extension 'python_setup_py'
[0.449s] Level 1:colcon.colcon_core.package_identification:_identify(build) by extensions ['ignore', 'ignore_ament_install']
[0.449s] Level 1:colcon.colcon_core.package_identification:_identify(build) by extension 'ignore'
[0.449s] Level 1:colcon.colcon_core.package_identification:_identify(build) ignored
[0.449s] Level 1:colcon.colcon_core.package_identification:_identify(can_msgs) by extensions ['ignore', 'ignore_ament_install']
[0.449s] Level 1:colcon.colcon_core.package_identification:_identify(can_msgs) by extension 'ignore'
[0.449s] Level 1:colcon.colcon_core.package_identification:_identify(can_msgs) by extension 'ignore_ament_install'
[0.450s] Level 1:colcon.colcon_core.package_identification:_identify(can_msgs) by extensions ['colcon_pkg']
[0.450s] Level 1:colcon.colcon_core.package_identification:_identify(can_msgs) by extension 'colcon_pkg'
[0.450s] Level 1:colcon.colcon_core.package_identification:_identify(can_msgs) by extensions ['colcon_meta']
[0.450s] Level 1:colcon.colcon_core.package_identification:_identify(can_msgs) by extension 'colcon_meta'
[0.450s] Level 1:colcon.colcon_core.package_identification:_identify(can_msgs) by extensions ['ros']
[0.450s] Level 1:colcon.colcon_core.package_identification:_identify(can_msgs) by extension 'ros'
[0.453s] DEBUG:colcon.colcon_core.package_identification:Package 'can_msgs' with type 'ros.ament_cmake' and name 'can_msgs'
[0.454s] Level 1:colcon.colcon_core.package_identification:_identify(canopen_402) by extensions ['ignore', 'ignore_ament_install']
[0.454s] Level 1:colcon.colcon_core.package_identification:_identify(canopen_402) by extension 'ignore'
[0.454s] Level 1:colcon.colcon_core.package_identification:_identify(canopen_402) by extension 'ignore_ament_install'
[0.454s] Level 1:colcon.colcon_core.package_identification:_identify(canopen_402) by extensions ['colcon_pkg']
[0.454s] Level 1:colcon.colcon_core.package_identification:_identify(canopen_402) by extension 'colcon_pkg'
[0.454s] Level 1:colcon.colcon_core.package_identification:_identify(canopen_402) by extensions ['colcon_meta']
[0.454s] Level 1:colcon.colcon_core.package_identification:_identify(canopen_402) by extension 'colcon_meta'
[0.454s] Level 1:colcon.colcon_core.package_identification:_identify(canopen_402) by extensions ['ros']
[0.454s] Level 1:colcon.colcon_core.package_identification:_identify(canopen_402) by extension 'ros'
[0.456s] DEBUG:colcon.colcon_core.package_identification:Package 'canopen_402' with type 'ros.catkin' and name 'canopen_402'
[0.456s] Level 1:colcon.colcon_core.package_identification:_identify(canopen_chain_node) by extensions ['ignore', 'ignore_ament_install']
[0.456s] Level 1:colcon.colcon_core.package_identification:_identify(canopen_chain_node) by extension 'ignore'
[0.456s] Level 1:colcon.colcon_core.package_identification:_identify(canopen_chain_node) by extension 'ignore_ament_install'
[0.456s] Level 1:colcon.colcon_core.package_identification:_identify(canopen_chain_node) by extensions ['colcon_pkg']
[0.456s] Level 1:colcon.colcon_core.package_identification:_identify(canopen_chain_node) by extension 'colcon_pkg'
[0.456s] Level 1:colcon.colcon_core.package_identification:_identify(canopen_chain_node) by extensions ['colcon_meta']
[0.456s] Level 1:colcon.colcon_core.package_identification:_identify(canopen_chain_node) by extension 'colcon_meta'
[0.456s] Level 1:colcon.colcon_core.package_identification:_identify(canopen_chain_node) by extensions ['ros']
[0.456s] Level 1:colcon.colcon_core.package_identification:_identify(canopen_chain_node) by extension 'ros'
[0.459s] DEBUG:colcon.colcon_core.package_identification:Package 'canopen_chain_node' with type 'ros.catkin' and name 'canopen_chain_node'
[0.459s] Level 1:colcon.colcon_core.package_identification:_identify(canopen_master) by extensions ['ignore', 'ignore_ament_install']
[0.459s] Level 1:colcon.colcon_core.package_identification:_identify(canopen_master) by extension 'ignore'
[0.459s] Level 1:colcon.colcon_core.package_identification:_identify(canopen_master) by extension 'ignore_ament_install'
[0.459s] Level 1:colcon.colcon_core.package_identification:_identify(canopen_master) by extensions ['colcon_pkg']
[0.459s] Level 1:colcon.colcon_core.package_identification:_identify(canopen_master) by extension 'colcon_pkg'
[0.459s] Level 1:colcon.colcon_core.package_identification:_identify(canopen_master) by extensions ['colcon_meta']
[0.459s] Level 1:colcon.colcon_core.package_identification:_identify(canopen_master) by extension 'colcon_meta'
[0.459s] Level 1:colcon.colcon_core.package_identification:_identify(canopen_master) by extensions ['ros']
[0.460s] Level 1:colcon.colcon_core.package_identification:_identify(canopen_master) by extension 'ros'
[0.462s] DEBUG:colcon.colcon_core.package_identification:Package 'canopen_master' with type 'ros.catkin' and name 'canopen_master'
[0.463s] Level 1:colcon.colcon_core.package_identification:_identify(canopen_motor_node) by extensions ['ignore', 'ignore_ament_install']
[0.463s] Level 1:colcon.colcon_core.package_identification:_identify(canopen_motor_node) by extension 'ignore'
[0.463s] Level 1:colcon.colcon_core.package_identification:_identify(canopen_motor_node) by extension 'ignore_ament_install'
[0.463s] Level 1:colcon.colcon_core.package_identification:_identify(canopen_motor_node) by extensions ['colcon_pkg']
[0.463s] Level 1:colcon.colcon_core.package_identification:_identify(canopen_motor_node) by extension 'colcon_pkg'
[0.463s] Level 1:colcon.colcon_core.package_identification:_identify(canopen_motor_node) by extensions ['colcon_meta']
[0.463s] Level 1:colcon.colcon_core.package_identification:_identify(canopen_motor_node) by extension 'colcon_meta'
[0.463s] Level 1:colcon.colcon_core.package_identification:_identify(canopen_motor_node) by extensions ['ros']
[0.463s] Level 1:colcon.colcon_core.package_identification:_identify(canopen_motor_node) by extension 'ros'
[0.466s] DEBUG:colcon.colcon_core.package_identification:Package 'canopen_motor_node' with type 'ros.catkin' and name 'canopen_motor_node'
[0.466s] Level 1:colcon.colcon_core.package_identification:_identify(install) by extensions ['ignore', 'ignore_ament_install']
[0.466s] Level 1:colcon.colcon_core.package_identification:_identify(install) by extension 'ignore'
[0.466s] Level 1:colcon.colcon_core.package_identification:_identify(install) ignored
[0.466s] Level 1:colcon.colcon_core.package_identification:_identify(log) by extensions ['ignore', 'ignore_ament_install']
[0.466s] Level 1:colcon.colcon_core.package_identification:_identify(log) by extension 'ignore'
[0.466s] Level 1:colcon.colcon_core.package_identification:_identify(log) ignored
[0.467s] Level 1:colcon.colcon_core.package_identification:_identify(ros_canopen) by extensions ['ignore', 'ignore_ament_install']
[0.467s] Level 1:colcon.colcon_core.package_identification:_identify(ros_canopen) by extension 'ignore'
[0.467s] Level 1:colcon.colcon_core.package_identification:_identify(ros_canopen) by extension 'ignore_ament_install'
[0.467s] Level 1:colcon.colcon_core.package_identification:_identify(ros_canopen) by extensions ['colcon_pkg']
[0.467s] Level 1:colcon.colcon_core.package_identification:_identify(ros_canopen) by extension 'colcon_pkg'
[0.467s] Level 1:colcon.colcon_core.package_identification:_identify(ros_canopen) by extensions ['colcon_meta']
[0.467s] Level 1:colcon.colcon_core.package_identification:_identify(ros_canopen) by extension 'colcon_meta'
[0.467s] Level 1:colcon.colcon_core.package_identification:_identify(ros_canopen) by extensions ['ros']
[0.467s] Level 1:colcon.colcon_core.package_identification:_identify(ros_canopen) by extension 'ros'
[0.468s] DEBUG:colcon.colcon_core.package_identification:Package 'ros_canopen' with type 'ros.catkin' and name 'ros_canopen'
[0.468s] Level 1:colcon.colcon_core.package_identification:_identify(socketcan_bridge) by extensions ['ignore', 'ignore_ament_install']
[0.468s] Level 1:colcon.colcon_core.package_identification:_identify(socketcan_bridge) by extension 'ignore'
[0.468s] Level 1:colcon.colcon_core.package_identification:_identify(socketcan_bridge) by extension 'ignore_ament_install'
[0.469s] Level 1:colcon.colcon_core.package_identification:_identify(socketcan_bridge) by extensions ['colcon_pkg']
[0.469s] Level 1:colcon.colcon_core.package_identification:_identify(socketcan_bridge) by extension 'colcon_pkg'
[0.469s] Level 1:colcon.colcon_core.package_identification:_identify(socketcan_bridge) by extensions ['colcon_meta']
[0.469s] Level 1:colcon.colcon_core.package_identification:_identify(socketcan_bridge) by extension 'colcon_meta'
[0.469s] Level 1:colcon.colcon_core.package_identification:_identify(socketcan_bridge) by extensions ['ros']
[0.469s] Level 1:colcon.colcon_core.package_identification:_identify(socketcan_bridge) by extension 'ros'
[0.470s] DEBUG:colcon.colcon_core.package_identification:Package 'socketcan_bridge' with type 'ros.ament_cmake' and name 'socketcan_bridge'
[0.470s] Level 1:colcon.colcon_core.package_identification:_identify(socketcan_interface) by extensions ['ignore', 'ignore_ament_install']
[0.471s] Level 1:colcon.colcon_core.package_identification:_identify(socketcan_interface) by extension 'ignore'
[0.471s] Level 1:colcon.colcon_core.package_identification:_identify(socketcan_interface) by extension 'ignore_ament_install'
[0.471s] Level 1:colcon.colcon_core.package_identification:_identify(socketcan_interface) by extensions ['colcon_pkg']
[0.471s] Level 1:colcon.colcon_core.package_identification:_identify(socketcan_interface) by extension 'colcon_pkg'
[0.471s] Level 1:colcon.colcon_core.package_identification:_identify(socketcan_interface) by extensions ['colcon_meta']
[0.471s] Level 1:colcon.colcon_core.package_identification:_identify(socketcan_interface) by extension 'colcon_meta'
[0.471s] Level 1:colcon.colcon_core.package_identification:_identify(socketcan_interface) by extensions ['ros']
[0.471s] Level 1:colcon.colcon_core.package_identification:_identify(socketcan_interface) by extension 'ros'
[0.472s] DEBUG:colcon.colcon_core.package_identification:Package 'socketcan_interface' with type 'ros.ament_cmake' and name 'socketcan_interface'
[0.472s] Level 1:colcon.colcon_core.package_discovery:discover_packages(recursive) using defaults
[0.472s] Level 1:colcon.colcon_core.package_discovery:discover_packages(ignore) discover
[0.472s] Level 1:colcon.colcon_core.package_discovery:discover_packages(ignore) using defaults
[0.472s] Level 1:colcon.colcon_core.package_discovery:discover_packages(path) discover
[0.473s] Level 1:colcon.colcon_core.package_discovery:discover_packages(path) using defaults
[0.501s] Level 5:colcon.colcon_core.verb:set package 'can_msgs' build argument 'cmake_args' from command line to 'None'
[0.501s] Level 5:colcon.colcon_core.verb:set package 'can_msgs' build argument 'cmake_target' from command line to 'None'
[0.501s] Level 5:colcon.colcon_core.verb:set package 'can_msgs' build argument 'cmake_target_skip_unavailable' from command line to 'False'
[0.501s] Level 5:colcon.colcon_core.verb:set package 'can_msgs' build argument 'cmake_clean_cache' from command line to 'False'
[0.501s] Level 5:colcon.colcon_core.verb:set package 'can_msgs' build argument 'cmake_clean_first' from command line to 'False'
[0.501s] Level 5:colcon.colcon_core.verb:set package 'can_msgs' build argument 'cmake_force_configure' from command line to 'False'
[0.501s] Level 5:colcon.colcon_core.verb:set package 'can_msgs' build argument 'ament_cmake_args' from command line to 'None'
[0.501s] Level 5:colcon.colcon_core.verb:set package 'can_msgs' build argument 'catkin_cmake_args' from command line to 'None'
[0.501s] Level 5:colcon.colcon_core.verb:set package 'can_msgs' build argument 'catkin_skip_building_tests' from command line to 'False'
[0.502s] DEBUG:colcon.colcon_core.verb:Building package 'can_msgs' with the following arguments: {'ament_cmake_args': None, 'build_base': '/root/ros_canopen/build/can_msgs', 'catkin_cmake_args': None, 'catkin_skip_building_tests': False, 'cmake_args': None, 'cmake_clean_cache': False, 'cmake_clean_first': False, 'cmake_force_configure': False, 'cmake_target': None, 'cmake_target_skip_unavailable': False, 'install_base': '/root/ros_canopen/install/can_msgs', 'merge_install': False, 'path': '/root/ros_canopen/can_msgs', 'symlink_install': True, 'test_result_base': None}
[0.506s] Level 5:colcon.colcon_core.verb:set package 'socketcan_interface' build argument 'cmake_args' from command line to 'None'
[0.506s] Level 5:colcon.colcon_core.verb:set package 'socketcan_interface' build argument 'cmake_target' from command line to 'None'
[0.506s] Level 5:colcon.colcon_core.verb:set package 'socketcan_interface' build argument 'cmake_target_skip_unavailable' from command line to 'False'
[0.506s] Level 5:colcon.colcon_core.verb:set package 'socketcan_interface' build argument 'cmake_clean_cache' from command line to 'False'
[0.506s] Level 5:colcon.colcon_core.verb:set package 'socketcan_interface' build argument 'cmake_clean_first' from command line to 'False'
[0.506s] Level 5:colcon.colcon_core.verb:set package 'socketcan_interface' build argument 'cmake_force_configure' from command line to 'False'
[0.506s] Level 5:colcon.colcon_core.verb:set package 'socketcan_interface' build argument 'ament_cmake_args' from command line to 'None'
[0.506s] Level 5:colcon.colcon_core.verb:set package 'socketcan_interface' build argument 'catkin_cmake_args' from command line to 'None'
[0.506s] Level 5:colcon.colcon_core.verb:set package 'socketcan_interface' build argument 'catkin_skip_building_tests' from command line to 'False'
[0.506s] DEBUG:colcon.colcon_core.verb:Building package 'socketcan_interface' with the following arguments: {'ament_cmake_args': None, 'build_base': '/root/ros_canopen/build/socketcan_interface', 'catkin_cmake_args': None, 'catkin_skip_building_tests': False, 'cmake_args': None, 'cmake_clean_cache': False, 'cmake_clean_first': False, 'cmake_force_configure': False, 'cmake_target': None, 'cmake_target_skip_unavailable': False, 'install_base': '/root/ros_canopen/install/socketcan_interface', 'merge_install': False, 'path': '/root/ros_canopen/socketcan_interface', 'symlink_install': True, 'test_result_base': None}
[0.510s] Level 5:colcon.colcon_core.verb:set package 'canopen_master' build argument 'cmake_args' from command line to 'None'
[0.510s] Level 5:colcon.colcon_core.verb:set package 'canopen_master' build argument 'cmake_target' from command line to 'None'
[0.510s] Level 5:colcon.colcon_core.verb:set package 'canopen_master' build argument 'cmake_target_skip_unavailable' from command line to 'False'
[0.510s] Level 5:colcon.colcon_core.verb:set package 'canopen_master' build argument 'cmake_clean_cache' from command line to 'False'
[0.510s] Level 5:colcon.colcon_core.verb:set package 'canopen_master' build argument 'cmake_clean_first' from command line to 'False'
[0.510s] Level 5:colcon.colcon_core.verb:set package 'canopen_master' build argument 'cmake_force_configure' from command line to 'False'
[0.510s] Level 5:colcon.colcon_core.verb:set package 'canopen_master' build argument 'ament_cmake_args' from command line to 'None'
[0.510s] Level 5:colcon.colcon_core.verb:set package 'canopen_master' build argument 'catkin_cmake_args' from command line to 'None'
[0.510s] Level 5:colcon.colcon_core.verb:set package 'canopen_master' build argument 'catkin_skip_building_tests' from command line to 'False'
[0.510s] DEBUG:colcon.colcon_core.verb:Building package 'canopen_master' with the following arguments: {'ament_cmake_args': None, 'build_base': '/root/ros_canopen/build/canopen_master', 'catkin_cmake_args': None, 'catkin_skip_building_tests': False, 'cmake_args': None, 'cmake_clean_cache': False, 'cmake_clean_first': False, 'cmake_force_configure': False, 'cmake_target': None, 'cmake_target_skip_unavailable': False, 'install_base': '/root/ros_canopen/install/canopen_master', 'merge_install': False, 'path': '/root/ros_canopen/canopen_master', 'symlink_install': True, 'test_result_base': None}
[0.514s] Level 5:colcon.colcon_core.verb:set package 'socketcan_bridge' build argument 'cmake_args' from command line to 'None'
[0.514s] Level 5:colcon.colcon_core.verb:set package 'socketcan_bridge' build argument 'cmake_target' from command line to 'None'
[0.514s] Level 5:colcon.colcon_core.verb:set package 'socketcan_bridge' build argument 'cmake_target_skip_unavailable' from command line to 'False'
[0.514s] Level 5:colcon.colcon_core.verb:set package 'socketcan_bridge' build argument 'cmake_clean_cache' from command line to 'False'
[0.514s] Level 5:colcon.colcon_core.verb:set package 'socketcan_bridge' build argument 'cmake_clean_first' from command line to 'False'
[0.514s] Level 5:colcon.colcon_core.verb:set package 'socketcan_bridge' build argument 'cmake_force_configure' from command line to 'False'
[0.514s] Level 5:colcon.colcon_core.verb:set package 'socketcan_bridge' build argument 'ament_cmake_args' from command line to 'None'
[0.514s] Level 5:colcon.colcon_core.verb:set package 'socketcan_bridge' build argument 'catkin_cmake_args' from command line to 'None'
[0.515s] Level 5:colcon.colcon_core.verb:set package 'socketcan_bridge' build argument 'catkin_skip_building_tests' from command line to 'False'
[0.515s] DEBUG:colcon.colcon_core.verb:Building package 'socketcan_bridge' with the following arguments: {'ament_cmake_args': None, 'build_base': '/root/ros_canopen/build/socketcan_bridge', 'catkin_cmake_args': None, 'catkin_skip_building_tests': False, 'cmake_args': None, 'cmake_clean_cache': False, 'cmake_clean_first': False, 'cmake_force_configure': False, 'cmake_target': None, 'cmake_target_skip_unavailable': False, 'install_base': '/root/ros_canopen/install/socketcan_bridge', 'merge_install': False, 'path': '/root/ros_canopen/socketcan_bridge', 'symlink_install': True, 'test_result_base': None}
[0.518s] Level 5:colcon.colcon_core.verb:set package 'canopen_402' build argument 'cmake_args' from command line to 'None'
[0.518s] Level 5:colcon.colcon_core.verb:set package 'canopen_402' build argument 'cmake_target' from command line to 'None'
[0.518s] Level 5:colcon.colcon_core.verb:set package 'canopen_402' build argument 'cmake_target_skip_unavailable' from command line to 'False'
[0.519s] Level 5:colcon.colcon_core.verb:set package 'canopen_402' build argument 'cmake_clean_cache' from command line to 'False'
[0.519s] Level 5:colcon.colcon_core.verb:set package 'canopen_402' build argument 'cmake_clean_first' from command line to 'False'
[0.519s] Level 5:colcon.colcon_core.verb:set package 'canopen_402' build argument 'cmake_force_configure' from command line to 'False'
[0.519s] Level 5:colcon.colcon_core.verb:set package 'canopen_402' build argument 'ament_cmake_args' from command line to 'None'
[0.519s] Level 5:colcon.colcon_core.verb:set package 'canopen_402' build argument 'catkin_cmake_args' from command line to 'None'
[0.519s] Level 5:colcon.colcon_core.verb:set package 'canopen_402' build argument 'catkin_skip_building_tests' from command line to 'False'
[0.519s] DEBUG:colcon.colcon_core.verb:Building package 'canopen_402' with the following arguments: {'ament_cmake_args': None, 'build_base': '/root/ros_canopen/build/canopen_402', 'catkin_cmake_args': None, 'catkin_skip_building_tests': False, 'cmake_args': None, 'cmake_clean_cache': False, 'cmake_clean_first': False, 'cmake_force_configure': False, 'cmake_target': None, 'cmake_target_skip_unavailable': False, 'install_base': '/root/ros_canopen/install/canopen_402', 'merge_install': False, 'path': '/root/ros_canopen/canopen_402', 'symlink_install': True, 'test_result_base': None}
[0.523s] Level 5:colcon.colcon_core.verb:set package 'canopen_chain_node' build argument 'cmake_args' from command line to 'None'
[0.523s] Level 5:colcon.colcon_core.verb:set package 'canopen_chain_node' build argument 'cmake_target' from command line to 'None'
[0.523s] Level 5:colcon.colcon_core.verb:set package 'canopen_chain_node' build argument 'cmake_target_skip_unavailable' from command line to 'False'
[0.523s] Level 5:colcon.colcon_core.verb:set package 'canopen_chain_node' build argument 'cmake_clean_cache' from command line to 'False'
[0.523s] Level 5:colcon.colcon_core.verb:set package 'canopen_chain_node' build argument 'cmake_clean_first' from command line to 'False'
[0.523s] Level 5:colcon.colcon_core.verb:set package 'canopen_chain_node' build argument 'cmake_force_configure' from command line to 'False'
[0.523s] Level 5:colcon.colcon_core.verb:set package 'canopen_chain_node' build argument 'ament_cmake_args' from command line to 'None'
[0.523s] Level 5:colcon.colcon_core.verb:set package 'canopen_chain_node' build argument 'catkin_cmake_args' from command line to 'None'
[0.523s] Level 5:colcon.colcon_core.verb:set package 'canopen_chain_node' build argument 'catkin_skip_building_tests' from command line to 'False'
[0.523s] DEBUG:colcon.colcon_core.verb:Building package 'canopen_chain_node' with the following arguments: {'ament_cmake_args': None, 'build_base': '/root/ros_canopen/build/canopen_chain_node', 'catkin_cmake_args': None, 'catkin_skip_building_tests': False, 'cmake_args': None, 'cmake_clean_cache': False, 'cmake_clean_first': False, 'cmake_force_configure': False, 'cmake_target': None, 'cmake_target_skip_unavailable': False, 'install_base': '/root/ros_canopen/install/canopen_chain_node', 'merge_install': False, 'path': '/root/ros_canopen/canopen_chain_node', 'symlink_install': True, 'test_result_base': None}
[0.527s] Level 5:colcon.colcon_core.verb:set package 'canopen_motor_node' build argument 'cmake_args' from command line to 'None'
[0.527s] Level 5:colcon.colcon_core.verb:set package 'canopen_motor_node' build argument 'cmake_target' from command line to 'None'
[0.527s] Level 5:colcon.colcon_core.verb:set package 'canopen_motor_node' build argument 'cmake_target_skip_unavailable' from command line to 'False'
[0.527s] Level 5:colcon.colcon_core.verb:set package 'canopen_motor_node' build argument 'cmake_clean_cache' from command line to 'False'
[0.527s] Level 5:colcon.colcon_core.verb:set package 'canopen_motor_node' build argument 'cmake_clean_first' from command line to 'False'
[0.527s] Level 5:colcon.colcon_core.verb:set package 'canopen_motor_node' build argument 'cmake_force_configure' from command line to 'False'
[0.527s] Level 5:colcon.colcon_core.verb:set package 'canopen_motor_node' build argument 'ament_cmake_args' from command line to 'None'
[0.527s] Level 5:colcon.colcon_core.verb:set package 'canopen_motor_node' build argument 'catkin_cmake_args' from command line to 'None'
[0.527s] Level 5:colcon.colcon_core.verb:set package 'canopen_motor_node' build argument 'catkin_skip_building_tests' from command line to 'False'
[0.527s] DEBUG:colcon.colcon_core.verb:Building package 'canopen_motor_node' with the following arguments: {'ament_cmake_args': None, 'build_base': '/root/ros_canopen/build/canopen_motor_node', 'catkin_cmake_args': None, 'catkin_skip_building_tests': False, 'cmake_args': None, 'cmake_clean_cache': False, 'cmake_clean_first': False, 'cmake_force_configure': False, 'cmake_target': None, 'cmake_target_skip_unavailable': False, 'install_base': '/root/ros_canopen/install/canopen_motor_node', 'merge_install': False, 'path': '/root/ros_canopen/canopen_motor_node', 'symlink_install': True, 'test_result_base': None}
[0.531s] Level 5:colcon.colcon_core.verb:set package 'ros_canopen' build argument 'cmake_args' from command line to 'None'
[0.531s] Level 5:colcon.colcon_core.verb:set package 'ros_canopen' build argument 'cmake_target' from command line to 'None'
[0.531s] Level 5:colcon.colcon_core.verb:set package 'ros_canopen' build argument 'cmake_target_skip_unavailable' from command line to 'False'
[0.531s] Level 5:colcon.colcon_core.verb:set package 'ros_canopen' build argument 'cmake_clean_cache' from command line to 'False'
[0.531s] Level 5:colcon.colcon_core.verb:set package 'ros_canopen' build argument 'cmake_clean_first' from command line to 'False'
[0.532s] Level 5:colcon.colcon_core.verb:set package 'ros_canopen' build argument 'cmake_force_configure' from command line to 'False'
[0.532s] Level 5:colcon.colcon_core.verb:set package 'ros_canopen' build argument 'ament_cmake_args' from command line to 'None'
[0.532s] Level 5:colcon.colcon_core.verb:set package 'ros_canopen' build argument 'catkin_cmake_args' from command line to 'None'
[0.532s] Level 5:colcon.colcon_core.verb:set package 'ros_canopen' build argument 'catkin_skip_building_tests' from command line to 'False'
[0.532s] DEBUG:colcon.colcon_core.verb:Building package 'ros_canopen' with the following arguments: {'ament_cmake_args': None, 'build_base': '/root/ros_canopen/build/ros_canopen', 'catkin_cmake_args': None, 'catkin_skip_building_tests': False, 'cmake_args': None, 'cmake_clean_cache': False, 'cmake_clean_first': False, 'cmake_force_configure': False, 'cmake_target': None, 'cmake_target_skip_unavailable': False, 'install_base': '/root/ros_canopen/install/ros_canopen', 'merge_install': False, 'path': '/root/ros_canopen/ros_canopen', 'symlink_install': True, 'test_result_base': None}
[0.532s] INFO:colcon.colcon_core.executor:Executing jobs using 'parallel' executor
[0.535s] DEBUG:colcon.colcon_parallel_executor.executor.parallel:run_until_complete
[0.535s] INFO:colcon.colcon_ros.task.ament_cmake.build:Building ROS package in '/root/ros_canopen/socketcan_interface' with build type 'ament_cmake'
[0.535s] INFO:colcon.colcon_cmake.task.cmake.build:Building CMake package in '/root/ros_canopen/socketcan_interface'
[0.541s] INFO:colcon.colcon_core.plugin_system:Skipping extension 'colcon_core.shell.bat': Not used on non-Windows systems
[0.542s] INFO:colcon.colcon_core.shell:Skip shell extension 'powershell' for command environment: Not usable outside of PowerShell
[0.542s] DEBUG:colcon.colcon_core.shell:Skip shell extension 'dsv' for command environment
[0.546s] DEBUG:colcon.colcon_core.shell:Ignoring prefix path '/opt/ros/foxy'
[0.550s] INFO:colcon.colcon_ros.task.ament_cmake.build:Building ROS package in '/root/ros_canopen/can_msgs' with build type 'ament_cmake'
[0.550s] INFO:colcon.colcon_cmake.task.cmake.build:Building CMake package in '/root/ros_canopen/can_msgs'
[0.552s] INFO:colcon.colcon_core.shell:Skip shell extension 'powershell' for command environment: Not usable outside of PowerShell
[0.552s] DEBUG:colcon.colcon_core.shell:Skip shell extension 'dsv' for command environment
[0.555s] DEBUG:colcon.colcon_core.shell:Ignoring prefix path '/opt/ros/foxy'
[0.568s] DEBUG:colcon.colcon_core.event_handler.log_command:Invoking command in '/root/ros_canopen/build/socketcan_interface': CMAKE_PREFIX_PATH=/opt/ros/foxy /usr/bin/cmake --build /root/ros_canopen/build/socketcan_interface -- -j4 -l4
[0.581s] DEBUG:colcon.colcon_core.event_handler.log_command:Invoking command in '/root/ros_canopen/build/can_msgs': CMAKE_PREFIX_PATH=/opt/ros/foxy /usr/bin/cmake --build /root/ros_canopen/build/can_msgs -- -j4 -l4
[0.636s] DEBUG:colcon.colcon_core.event_handler.log_command:Invoked command in '/root/ros_canopen/build/can_msgs' returned '0': CMAKE_PREFIX_PATH=/opt/ros/foxy /usr/bin/cmake --build /root/ros_canopen/build/can_msgs -- -j4 -l4
[0.683s] DEBUG:colcon.colcon_core.event_handler.log_command:Invoking command in '/root/ros_canopen/build/can_msgs': CMAKE_PREFIX_PATH=/opt/ros/foxy /usr/bin/cmake --install /root/ros_canopen/build/can_msgs
[0.710s] Level 1:colcon.colcon_core.environment:create_environment_scripts_only(can_msgs)
[0.712s] DEBUG:colcon.colcon_core.event_handler.log_command:Invoked command in '/root/ros_canopen/build/can_msgs' returned '0': CMAKE_PREFIX_PATH=/opt/ros/foxy /usr/bin/cmake --install /root/ros_canopen/build/can_msgs
[0.717s] Level 1:colcon.colcon_core.environment:checking '/root/ros_canopen/install/can_msgs' for CMake module files
[0.718s] Level 1:colcon.colcon_core.environment:checking '/root/ros_canopen/install/can_msgs' for CMake config files
[0.719s] Level 1:colcon.colcon_core.shell:create_environment_hook('can_msgs', 'cmake_prefix_path')
[0.720s] INFO:colcon.colcon_core.shell:Creating environment hook '/root/ros_canopen/install/can_msgs/share/can_msgs/hook/cmake_prefix_path.ps1'
[0.723s] INFO:colcon.colcon_core.shell:Creating environment descriptor '/root/ros_canopen/install/can_msgs/share/can_msgs/hook/cmake_prefix_path.dsv'
[0.725s] INFO:colcon.colcon_core.shell:Creating environment hook '/root/ros_canopen/install/can_msgs/share/can_msgs/hook/cmake_prefix_path.sh'
[0.727s] Level 1:colcon.colcon_core.environment:checking '/root/ros_canopen/install/can_msgs/bin'
[0.727s] Level 1:colcon.colcon_core.environment:checking '/root/ros_canopen/install/can_msgs/lib/pkgconfig/can_msgs.pc'
[0.727s] Level 1:colcon.colcon_core.environment:checking '/root/ros_canopen/install/can_msgs/lib/python3.8/site-packages'
[0.728s] INFO:colcon.colcon_core.shell:Creating package script '/root/ros_canopen/install/can_msgs/share/can_msgs/package.ps1'
[0.730s] INFO:colcon.colcon_core.shell:Creating package descriptor '/root/ros_canopen/install/can_msgs/share/can_msgs/package.dsv'
[0.731s] INFO:colcon.colcon_core.shell:Creating package script '/root/ros_canopen/install/can_msgs/share/can_msgs/package.sh'
[0.732s] INFO:colcon.colcon_core.shell:Creating package script '/root/ros_canopen/install/can_msgs/share/can_msgs/package.bash'
[0.733s] INFO:colcon.colcon_core.shell:Creating package script '/root/ros_canopen/install/can_msgs/share/can_msgs/package.zsh'
[0.735s] Level 1:colcon.colcon_core.environment:create_file_with_runtime_dependencies(/root/ros_canopen/install/can_msgs/share/colcon-core/packages/can_msgs)
[0.766s] Level 1:colcon.colcon_core.environment:create_environment_scripts_only(can_msgs)
[0.767s] Level 1:colcon.colcon_core.environment:checking '/root/ros_canopen/install/can_msgs' for CMake module files
[0.768s] Level 1:colcon.colcon_core.environment:checking '/root/ros_canopen/install/can_msgs' for CMake config files
[0.768s] Level 1:colcon.colcon_core.shell:create_environment_hook('can_msgs', 'cmake_prefix_path')
[0.769s] INFO:colcon.colcon_core.shell:Creating environment hook '/root/ros_canopen/install/can_msgs/share/can_msgs/hook/cmake_prefix_path.ps1'
[0.770s] INFO:colcon.colcon_core.shell:Creating environment descriptor '/root/ros_canopen/install/can_msgs/share/can_msgs/hook/cmake_prefix_path.dsv'
[0.770s] INFO:colcon.colcon_core.shell:Creating environment hook '/root/ros_canopen/install/can_msgs/share/can_msgs/hook/cmake_prefix_path.sh'
[0.771s] Level 1:colcon.colcon_core.environment:checking '/root/ros_canopen/install/can_msgs/bin'
[0.771s] Level 1:colcon.colcon_core.environment:checking '/root/ros_canopen/install/can_msgs/lib/pkgconfig/can_msgs.pc'
[0.772s] Level 1:colcon.colcon_core.environment:checking '/root/ros_canopen/install/can_msgs/lib/python3.8/site-packages'
[0.773s] INFO:colcon.colcon_core.shell:Creating package script '/root/ros_canopen/install/can_msgs/share/can_msgs/package.ps1'
[0.773s] INFO:colcon.colcon_core.shell:Creating package descriptor '/root/ros_canopen/install/can_msgs/share/can_msgs/package.dsv'
[0.774s] INFO:colcon.colcon_core.shell:Creating package script '/root/ros_canopen/install/can_msgs/share/can_msgs/package.sh'
[0.775s] INFO:colcon.colcon_core.shell:Creating package script '/root/ros_canopen/install/can_msgs/share/can_msgs/package.bash'
[0.775s] INFO:colcon.colcon_core.shell:Creating package script '/root/ros_canopen/install/can_msgs/share/can_msgs/package.zsh'
[0.776s] Level 1:colcon.colcon_core.environment:create_file_with_runtime_dependencies(/root/ros_canopen/install/can_msgs/share/colcon-core/packages/can_msgs)
[6.910s] DEBUG:colcon.colcon_core.event_handler.log_command:Invoked command in '/root/ros_canopen/build/socketcan_interface' returned '0': CMAKE_PREFIX_PATH=/opt/ros/foxy /usr/bin/cmake --build /root/ros_canopen/build/socketcan_interface -- -j4 -l4
[6.942s] DEBUG:colcon.colcon_core.event_handler.log_command:Invoking command in '/root/ros_canopen/build/socketcan_interface': CMAKE_PREFIX_PATH=/opt/ros/foxy /usr/bin/cmake --install /root/ros_canopen/build/socketcan_interface
[7.193s] Level 1:colcon.colcon_core.environment:create_environment_scripts_only(socketcan_interface)
[7.195s] Level 1:colcon.colcon_core.environment:checking '/root/ros_canopen/install/socketcan_interface' for CMake module files
[7.196s] DEBUG:colcon.colcon_core.event_handler.log_command:Invoked command in '/root/ros_canopen/build/socketcan_interface' returned '0': CMAKE_PREFIX_PATH=/opt/ros/foxy /usr/bin/cmake --install /root/ros_canopen/build/socketcan_interface
[7.197s] Level 1:colcon.colcon_core.environment:checking '/root/ros_canopen/install/socketcan_interface' for CMake config files
[7.198s] Level 1:colcon.colcon_core.shell:create_environment_hook('socketcan_interface', 'cmake_prefix_path')
[7.199s] INFO:colcon.colcon_core.shell:Creating environment hook '/root/ros_canopen/install/socketcan_interface/share/socketcan_interface/hook/cmake_prefix_path.ps1'
[7.200s] INFO:colcon.colcon_core.shell:Creating environment descriptor '/root/ros_canopen/install/socketcan_interface/share/socketcan_interface/hook/cmake_prefix_path.dsv'
[7.200s] INFO:colcon.colcon_core.shell:Creating environment hook '/root/ros_canopen/install/socketcan_interface/share/socketcan_interface/hook/cmake_prefix_path.sh'
[7.201s] Level 1:colcon.colcon_core.environment:checking '/root/ros_canopen/install/socketcan_interface/lib'
[7.202s] Level 1:colcon.colcon_core.environment:checking '/root/ros_canopen/install/socketcan_interface/bin'
[7.202s] Level 1:colcon.colcon_core.environment:checking '/root/ros_canopen/install/socketcan_interface/lib/pkgconfig/socketcan_interface.pc'
[7.202s] Level 1:colcon.colcon_core.environment:checking '/root/ros_canopen/install/socketcan_interface/lib/python3.8/site-packages'
[7.203s] INFO:colcon.colcon_core.shell:Creating package script '/root/ros_canopen/install/socketcan_interface/share/socketcan_interface/package.ps1'
[7.204s] INFO:colcon.colcon_core.shell:Creating package descriptor '/root/ros_canopen/install/socketcan_interface/share/socketcan_interface/package.dsv'
[7.204s] INFO:colcon.colcon_core.shell:Creating package script '/root/ros_canopen/install/socketcan_interface/share/socketcan_interface/package.sh'
[7.205s] INFO:colcon.colcon_core.shell:Creating package script '/root/ros_canopen/install/socketcan_interface/share/socketcan_interface/package.bash'
[7.205s] INFO:colcon.colcon_core.shell:Creating package script '/root/ros_canopen/install/socketcan_interface/share/socketcan_interface/package.zsh'
[7.206s] Level 1:colcon.colcon_core.environment:create_file_with_runtime_dependencies(/root/ros_canopen/install/socketcan_interface/share/colcon-core/packages/socketcan_interface)
[7.237s] Level 1:colcon.colcon_core.environment:create_environment_scripts_only(socketcan_interface)
[7.238s] Level 1:colcon.colcon_core.environment:checking '/root/ros_canopen/install/socketcan_interface' for CMake module files
[7.239s] Level 1:colcon.colcon_core.environment:checking '/root/ros_canopen/install/socketcan_interface' for CMake config files
[7.240s] Level 1:colcon.colcon_core.shell:create_environment_hook('socketcan_interface', 'cmake_prefix_path')
[7.240s] INFO:colcon.colcon_core.shell:Creating environment hook '/root/ros_canopen/install/socketcan_interface/share/socketcan_interface/hook/cmake_prefix_path.ps1'
[7.241s] INFO:colcon.colcon_core.shell:Creating environment descriptor '/root/ros_canopen/install/socketcan_interface/share/socketcan_interface/hook/cmake_prefix_path.dsv'
[7.242s] INFO:colcon.colcon_core.shell:Creating environment hook '/root/ros_canopen/install/socketcan_interface/share/socketcan_interface/hook/cmake_prefix_path.sh'
[7.243s] Level 1:colcon.colcon_core.environment:checking '/root/ros_canopen/install/socketcan_interface/lib'
[7.243s] Level 1:colcon.colcon_core.environment:checking '/root/ros_canopen/install/socketcan_interface/bin'
[7.243s] Level 1:colcon.colcon_core.environment:checking '/root/ros_canopen/install/socketcan_interface/lib/pkgconfig/socketcan_interface.pc'
[7.243s] Level 1:colcon.colcon_core.environment:checking '/root/ros_canopen/install/socketcan_interface/lib/python3.8/site-packages'
[7.244s] INFO:colcon.colcon_core.shell:Creating package script '/root/ros_canopen/install/socketcan_interface/share/socketcan_interface/package.ps1'
[7.244s] INFO:colcon.colcon_core.shell:Creating package descriptor '/root/ros_canopen/install/socketcan_interface/share/socketcan_interface/package.dsv'
[7.245s] INFO:colcon.colcon_core.shell:Creating package script '/root/ros_canopen/install/socketcan_interface/share/socketcan_interface/package.sh'
[7.245s] INFO:colcon.colcon_core.shell:Creating package script '/root/ros_canopen/install/socketcan_interface/share/socketcan_interface/package.bash'
[7.246s] INFO:colcon.colcon_core.shell:Creating package script '/root/ros_canopen/install/socketcan_interface/share/socketcan_interface/package.zsh'
[7.246s] Level 1:colcon.colcon_core.environment:create_file_with_runtime_dependencies(/root/ros_canopen/install/socketcan_interface/share/colcon-core/packages/socketcan_interface)
[7.247s] INFO:colcon.colcon_ros.task.catkin.build:Building ROS package in '/root/ros_canopen/canopen_master' with build type 'catkin'
[7.247s] INFO:colcon.colcon_cmake.task.cmake.build:Building CMake package in '/root/ros_canopen/canopen_master'
[7.248s] INFO:colcon.colcon_core.shell:Skip shell extension 'powershell' for command environment: Not usable outside of PowerShell
[7.248s] DEBUG:colcon.colcon_core.shell:Skip shell extension 'dsv' for command environment
[7.250s] DEBUG:colcon.colcon_core.shell:Ignoring prefix path '/opt/ros/foxy'
[7.255s] INFO:colcon.colcon_ros.task.ament_cmake.build:Building ROS package in '/root/ros_canopen/socketcan_bridge' with build type 'ament_cmake'
[7.256s] INFO:colcon.colcon_cmake.task.cmake.build:Building CMake package in '/root/ros_canopen/socketcan_bridge'
[7.257s] INFO:colcon.colcon_core.shell:Skip shell extension 'powershell' for command environment: Not usable outside of PowerShell
[7.257s] DEBUG:colcon.colcon_core.shell:Skip shell extension 'dsv' for command environment
[7.260s] DEBUG:colcon.colcon_core.shell:Ignoring prefix path '/opt/ros/foxy'
[7.272s] DEBUG:colcon.colcon_core.event_handler.log_command:Invoking command in '/root/ros_canopen/build/canopen_master': AMENT_PREFIX_PATH=/root/ros_canopen/install/socketcan_interface:${AMENT_PREFIX_PATH} CMAKE_PREFIX_PATH=/root/ros_canopen/install/socketcan_interface /usr/bin/cmake /root/ros_canopen/canopen_master -DCATKIN_INSTALL_INTO_PREFIX_ROOT=0 -DCATKIN_SYMLINK_INSTALL=ON -DCMAKE_INSTALL_PREFIX=/root/ros_canopen/install/canopen_master
[7.277s] DEBUG:colcon.colcon_core.event_handler.log_command:Invoking command in '/root/ros_canopen/build/socketcan_bridge': AMENT_PREFIX_PATH=/root/ros_canopen/install/socketcan_interface:/root/ros_canopen/install/can_msgs:${AMENT_PREFIX_PATH} CMAKE_PREFIX_PATH=/root/ros_canopen/install/socketcan_interface:/root/ros_canopen/install/can_msgs:/opt/ros/foxy /usr/bin/cmake /root/ros_canopen/socketcan_bridge -DAMENT_CMAKE_SYMLINK_INSTALL=1 -DCMAKE_INSTALL_PREFIX=/root/ros_canopen/install/socketcan_bridge
[8.018s] DEBUG:colcon.colcon_core.event_handler.log_command:Invoked command in '/root/ros_canopen/build/canopen_master' returned '1': AMENT_PREFIX_PATH=/root/ros_canopen/install/socketcan_interface:${AMENT_PREFIX_PATH} CMAKE_PREFIX_PATH=/root/ros_canopen/install/socketcan_interface /usr/bin/cmake /root/ros_canopen/canopen_master -DCATKIN_INSTALL_INTO_PREFIX_ROOT=0 -DCATKIN_SYMLINK_INSTALL=ON -DCMAKE_INSTALL_PREFIX=/root/ros_canopen/install/canopen_master
[8.034s] Level 1:colcon.colcon_core.environment:create_environment_scripts_only(canopen_master)
[8.036s] Level 1:colcon.colcon_core.environment:checking '/root/ros_canopen/install/canopen_master' for CMake module files
[8.037s] Level 1:colcon.colcon_core.environment:checking '/root/ros_canopen/install/canopen_master' for CMake config files
[8.037s] Level 1:colcon.colcon_core.environment:checking '/root/ros_canopen/install/canopen_master/bin'
[8.037s] Level 1:colcon.colcon_core.environment:checking '/root/ros_canopen/install/canopen_master/lib/pkgconfig/canopen_master.pc'
[8.038s] Level 1:colcon.colcon_core.environment:checking '/root/ros_canopen/install/canopen_master/lib/python3.8/site-packages'
[8.039s] INFO:colcon.colcon_core.shell:Creating package script '/root/ros_canopen/install/canopen_master/share/canopen_master/package.ps1'
[8.039s] INFO:colcon.colcon_core.shell:Creating package descriptor '/root/ros_canopen/install/canopen_master/share/canopen_master/package.dsv'
[8.040s] INFO:colcon.colcon_core.shell:Creating package script '/root/ros_canopen/install/canopen_master/share/canopen_master/package.sh'
[8.040s] INFO:colcon.colcon_core.shell:Creating package script '/root/ros_canopen/install/canopen_master/share/canopen_master/package.bash'
[8.041s] INFO:colcon.colcon_core.shell:Creating package script '/root/ros_canopen/install/canopen_master/share/canopen_master/package.zsh'
[8.041s] Level 1:colcon.colcon_core.environment:create_file_with_runtime_dependencies(/root/ros_canopen/install/canopen_master/share/colcon-core/packages/canopen_master)
[8.578s] DEBUG:colcon.colcon_parallel_executor.executor.parallel:closing loop
[8.578s] DEBUG:colcon.colcon_parallel_executor.executor.parallel:loop closed
[8.578s] DEBUG:colcon.colcon_parallel_executor.executor.parallel:run_until_complete finished with '1'
[8.578s] DEBUG:colcon.colcon_core.event_reactor:joining thread
[8.587s] INFO:colcon.colcon_core.plugin_system:Skipping extension 'colcon_notification.desktop_notification.notify_send': Could not find 'notify-send'
[8.587s] INFO:colcon.colcon_core.plugin_system:Skipping extension 'colcon_notification.desktop_notification.terminal_notifier': Not used on non-Darwin systems
[8.587s] INFO:colcon.colcon_core.plugin_system:Skipping extension 'colcon_notification.desktop_notification.win32': Not used on non-Windows systems
[8.587s] INFO:colcon.colcon_notification.desktop_notification:Sending desktop notification using 'notify2'
[8.587s] DEBUG:colcon.colcon_notification.desktop_notification.notify2:Failed to initialize notify2: org.freedesktop.DBus.Error.NotSupported: Unable to autolaunch a dbus-daemon without a $DISPLAY for X11
[8.587s] DEBUG:colcon.colcon_core.event_reactor:joined thread
[8.588s] INFO:colcon.colcon_core.shell:Creating prefix script '/root/ros_canopen/install/local_setup.ps1'
[8.590s] INFO:colcon.colcon_core.shell:Creating prefix util module '/root/ros_canopen/install/_local_setup_util_ps1.py'
[8.593s] INFO:colcon.colcon_core.shell:Creating prefix chain script '/root/ros_canopen/install/setup.ps1'
[8.596s] INFO:colcon.colcon_core.shell:Creating prefix script '/root/ros_canopen/install/local_setup.sh'
[8.597s] INFO:colcon.colcon_core.shell:Creating prefix util module '/root/ros_canopen/install/_local_setup_util_sh.py'
[8.598s] INFO:colcon.colcon_core.shell:Creating prefix chain script '/root/ros_canopen/install/setup.sh'
[8.602s] INFO:colcon.colcon_core.shell:Creating prefix script '/root/ros_canopen/install/local_setup.bash'
[8.602s] INFO:colcon.colcon_core.shell:Creating prefix chain script '/root/ros_canopen/install/setup.bash'
[8.606s] INFO:colcon.colcon_core.shell:Creating prefix script '/root/ros_canopen/install/local_setup.zsh'
[8.607s] INFO:colcon.colcon_core.shell:Creating prefix chain script '/root/ros_canopen/install/setup.zsh'
