-- Found ament_cmake: 0.9.8 (/opt/ros/foxy/share/ament_cmake/cmake)
-- Found PythonInterp: /usr/bin/python3 (found suitable version "3.8.5", minimum required is "3") 
-- Using PYTHON_EXECUTABLE: /usr/bin/python3
-- Override CMake install command with custom implementation using symlinks instead of copying resources
-- Found std_msgs: 2.0.4 (/opt/ros/foxy/share/std_msgs/cmake)
-- Using all available rosidl_typesupport_c: rosidl_typesupport_fastrtps_c;rosidl_typesupport_introspection_c
-- Found rosidl_adapter: 1.2.1 (/opt/ros/foxy/share/rosidl_adapter/cmake)
-- Using all available rosidl_typesupport_cpp: rosidl_typesupport_fastrtps_cpp;rosidl_typesupport_introspection_cpp
-- Found rosidl_default_generators: 1.0.1 (/opt/ros/foxy/share/rosidl_default_generators/cmake)
-- Found PythonInterp: /usr/bin/python3 (found version "3.8.5") 
-- Found ament_cmake_ros: 0.9.1 (/opt/ros/foxy/share/ament_cmake_ros/cmake)
-- Using all available rosidl_typesupport_c: rosidl_typesupport_fastrtps_c;rosidl_typesupport_introspection_c
-- Using all available rosidl_typesupport_cpp: rosidl_typesupport_fastrtps_cpp;rosidl_typesupport_introspection_cpp
-- Found PythonInterp: /usr/bin/python3 (found suitable version "3.8.5", minimum required is "3.5") 
-- Found python_cmake_module: 0.8.1 (/opt/ros/foxy/share/python_cmake_module/cmake)
-- Using PYTHON_EXECUTABLE: /usr/bin/python3
-- Using PYTHON_INCLUDE_DIRS: /usr/include/python3.8
-- Using PYTHON_LIBRARIES: /usr/lib/x86_64-linux-gnu/libpython3.8.so
-- Configuring done
-- Generating done
-- Build files have been written to: /root/ros_canopen/build/can_msgs
[  3%] Built target can_msgs__cpp
[ 12%] Built target can_msgs__rosidl_generator_c
[ 22%] Built target can_msgs__rosidl_typesupport_cpp
[ 32%] Built target can_msgs__rosidl_typesupport_introspection_cpp
[ 41%] Built target can_msgs__rosidl_typesupport_fastrtps_cpp
[ 51%] Built target can_msgs__rosidl_typesupport_introspection_c
[ 61%] Built target can_msgs__rosidl_typesupport_c
[ 70%] Built target can_msgs__rosidl_typesupport_fastrtps_c
[ 70%] Built target can_msgs
[ 74%] Built target can_msgs__py
[ 80%] Built target can_msgs__python
[ 87%] Built target can_msgs__rosidl_typesupport_introspection_c__pyext
[100%] Built target can_msgs__rosidl_typesupport_c__pyext
[100%] Built target can_msgs__rosidl_typesupport_fastrtps_c__pyext
-- Install configuration: ""
-- Execute custom install script
-- Up-to-date symlink: /root/ros_canopen/install/can_msgs/share/ament_index/resource_index/rosidl_interfaces/can_msgs
-- Up-to-date symlink: /root/ros_canopen/install/can_msgs/include/can_msgs/msg/detail/frame__functions.h
-- Up-to-date symlink: /root/ros_canopen/install/can_msgs/include/can_msgs/msg/detail/frame__struct.h
-- Up-to-date symlink: /root/ros_canopen/install/can_msgs/include/can_msgs/msg/detail/frame__type_support.h
-- Up-to-date symlink: /root/ros_canopen/install/can_msgs/include/can_msgs/msg/frame.h
-- Up-to-date symlink: /root/ros_canopen/install/can_msgs/include/can_msgs/msg/rosidl_generator_c__visibility_control.h
-- Up-to-date symlink: /root/ros_canopen/install/can_msgs/share/can_msgs/environment/library_path.sh
-- Up-to-date symlink: /root/ros_canopen/install/can_msgs/share/can_msgs/environment/library_path.dsv
-- Up-to-date symlink: /root/ros_canopen/install/can_msgs/include/can_msgs/msg/detail/frame__rosidl_typesupport_fastrtps_c.h
-- Up-to-date symlink: /root/ros_canopen/install/can_msgs/include/can_msgs/msg/rosidl_typesupport_fastrtps_c__visibility_control.h
-- Up-to-date symlink: /root/ros_canopen/install/can_msgs/lib/libcan_msgs__rosidl_typesupport_fastrtps_c.so
-- Up-to-date symlink: /root/ros_canopen/install/can_msgs/include/can_msgs/msg/detail/frame__rosidl_typesupport_fastrtps_cpp.hpp
-- Up-to-date symlink: /root/ros_canopen/install/can_msgs/include/can_msgs/msg/rosidl_typesupport_fastrtps_cpp__visibility_control.h
-- Up-to-date symlink: /root/ros_canopen/install/can_msgs/lib/libcan_msgs__rosidl_typesupport_fastrtps_cpp.so
-- Up-to-date symlink: /root/ros_canopen/install/can_msgs/include/can_msgs/msg/detail/frame__rosidl_typesupport_introspection_c.h
-- Up-to-date symlink: /root/ros_canopen/install/can_msgs/include/can_msgs/msg/rosidl_typesupport_introspection_c__visibility_control.h
-- Up-to-date symlink: /root/ros_canopen/install/can_msgs/include/can_msgs/msg/detail/frame__builder.hpp
-- Up-to-date symlink: /root/ros_canopen/install/can_msgs/include/can_msgs/msg/detail/frame__struct.hpp
-- Up-to-date symlink: /root/ros_canopen/install/can_msgs/include/can_msgs/msg/detail/frame__traits.hpp
-- Up-to-date symlink: /root/ros_canopen/install/can_msgs/include/can_msgs/msg/frame.hpp
-- Up-to-date symlink: /root/ros_canopen/install/can_msgs/include/can_msgs/msg/detail/frame__rosidl_typesupport_introspection_cpp.hpp
-- Up-to-date symlink: /root/ros_canopen/install/can_msgs/share/can_msgs/environment/pythonpath.sh
-- Up-to-date symlink: /root/ros_canopen/install/can_msgs/share/can_msgs/environment/pythonpath.dsv
-- Up-to-date symlink: /root/ros_canopen/install/can_msgs/lib/python3.8/site-packages/can_msgs/__init__.py
-- Up-to-date symlink: /root/ros_canopen/install/can_msgs/lib/python3.8/site-packages/can_msgs/msg/__init__.py
-- Up-to-date symlink: /root/ros_canopen/install/can_msgs/lib/python3.8/site-packages/can_msgs/msg/_frame.py
-- Up-to-date symlink: /root/ros_canopen/install/can_msgs/lib/python3.8/site-packages/can_msgs/can_msgs_s__rosidl_typesupport_fastrtps_c.cpython-38-x86_64-linux-gnu.so
-- Up-to-date symlink: /root/ros_canopen/install/can_msgs/lib/python3.8/site-packages/can_msgs/can_msgs_s__rosidl_typesupport_introspection_c.cpython-38-x86_64-linux-gnu.so
-- Up-to-date symlink: /root/ros_canopen/install/can_msgs/lib/python3.8/site-packages/can_msgs/can_msgs_s__rosidl_typesupport_c.cpython-38-x86_64-linux-gnu.so
-- Up-to-date symlink: /root/ros_canopen/install/can_msgs/lib/libcan_msgs__python.so
-- Up-to-date symlink: /root/ros_canopen/install/can_msgs/share/can_msgs/msg/Frame.idl
-- Up-to-date symlink: /root/ros_canopen/install/can_msgs/share/can_msgs/msg/Frame.msg
-- Up-to-date symlink: /root/ros_canopen/install/can_msgs/share/ament_index/resource_index/package_run_dependencies/can_msgs
-- Up-to-date symlink: /root/ros_canopen/install/can_msgs/share/ament_index/resource_index/parent_prefix_path/can_msgs
-- Up-to-date symlink: /root/ros_canopen/install/can_msgs/share/can_msgs/environment/ament_prefix_path.sh
-- Up-to-date symlink: /root/ros_canopen/install/can_msgs/share/can_msgs/environment/ament_prefix_path.dsv
-- Up-to-date symlink: /root/ros_canopen/install/can_msgs/share/can_msgs/environment/path.sh
-- Up-to-date symlink: /root/ros_canopen/install/can_msgs/share/can_msgs/environment/path.dsv
-- Up-to-date symlink: /root/ros_canopen/install/can_msgs/share/can_msgs/local_setup.bash
-- Up-to-date symlink: /root/ros_canopen/install/can_msgs/share/can_msgs/local_setup.sh
-- Up-to-date symlink: /root/ros_canopen/install/can_msgs/share/can_msgs/local_setup.zsh
-- Up-to-date symlink: /root/ros_canopen/install/can_msgs/share/can_msgs/local_setup.dsv
-- Symlinking: /root/ros_canopen/install/can_msgs/share/can_msgs/package.dsv
-- Up-to-date symlink: /root/ros_canopen/install/can_msgs/share/ament_index/resource_index/packages/can_msgs
-- Up-to-date symlink: /root/ros_canopen/install/can_msgs/share/can_msgs/cmake/rosidl_cmake-extras.cmake
-- Up-to-date symlink: /root/ros_canopen/install/can_msgs/share/can_msgs/cmake/ament_cmake_export_dependencies-extras.cmake
-- Up-to-date symlink: /root/ros_canopen/install/can_msgs/share/can_msgs/cmake/ament_cmake_export_libraries-extras.cmake
-- Up-to-date symlink: /root/ros_canopen/install/can_msgs/share/can_msgs/cmake/ament_cmake_export_targets-extras.cmake
-- Up-to-date symlink: /root/ros_canopen/install/can_msgs/share/can_msgs/cmake/ament_cmake_export_include_directories-extras.cmake
-- Up-to-date symlink: /root/ros_canopen/install/can_msgs/share/can_msgs/cmake/rosidl_cmake_export_typesupport_libraries-extras.cmake
-- Up-to-date symlink: /root/ros_canopen/install/can_msgs/share/can_msgs/cmake/rosidl_cmake_export_typesupport_targets-extras.cmake
-- Up-to-date symlink: /root/ros_canopen/install/can_msgs/share/can_msgs/cmake/can_msgsConfig.cmake
-- Up-to-date symlink: /root/ros_canopen/install/can_msgs/share/can_msgs/cmake/can_msgsConfig-version.cmake
-- Up-to-date symlink: /root/ros_canopen/install/can_msgs/share/can_msgs/package.xml
-- Up-to-date: /root/ros_canopen/install/can_msgs/lib/libcan_msgs__rosidl_generator_c.so
-- Up-to-date: /root/ros_canopen/install/can_msgs/lib/libcan_msgs__rosidl_typesupport_introspection_c.so
-- Up-to-date: /root/ros_canopen/install/can_msgs/lib/libcan_msgs__rosidl_typesupport_c.so
-- Up-to-date: /root/ros_canopen/install/can_msgs/lib/libcan_msgs__rosidl_typesupport_introspection_cpp.so
-- Up-to-date: /root/ros_canopen/install/can_msgs/lib/libcan_msgs__rosidl_typesupport_cpp.so
Compiling '/root/ros_canopen/install/can_msgs/lib/python3.8/site-packages/can_msgs/__init__.py'...
-- Up-to-date: /root/ros_canopen/install/can_msgs/share/can_msgs/cmake/can_msgs__rosidl_generator_cExport.cmake
-- Installing: /root/ros_canopen/install/can_msgs/share/can_msgs/cmake/can_msgs__rosidl_generator_cExport-noconfig.cmake
-- Up-to-date: /root/ros_canopen/install/can_msgs/share/can_msgs/cmake/can_msgs__rosidl_typesupport_introspection_cExport.cmake
-- Installing: /root/ros_canopen/install/can_msgs/share/can_msgs/cmake/can_msgs__rosidl_typesupport_introspection_cExport-noconfig.cmake
-- Up-to-date: /root/ros_canopen/install/can_msgs/share/can_msgs/cmake/can_msgs__rosidl_typesupport_cExport.cmake
-- Installing: /root/ros_canopen/install/can_msgs/share/can_msgs/cmake/can_msgs__rosidl_typesupport_cExport-noconfig.cmake
-- Up-to-date: /root/ros_canopen/install/can_msgs/share/can_msgs/cmake/can_msgs__rosidl_generator_cppExport.cmake
-- Up-to-date: /root/ros_canopen/install/can_msgs/share/can_msgs/cmake/can_msgs__rosidl_typesupport_introspection_cppExport.cmake
-- Installing: /root/ros_canopen/install/can_msgs/share/can_msgs/cmake/can_msgs__rosidl_typesupport_introspection_cppExport-noconfig.cmake
-- Up-to-date: /root/ros_canopen/install/can_msgs/share/can_msgs/cmake/can_msgs__rosidl_typesupport_cppExport.cmake
-- Installing: /root/ros_canopen/install/can_msgs/share/can_msgs/cmake/can_msgs__rosidl_typesupport_cppExport-noconfig.cmake
