[0.013s] Invoking command in '/root/ros_canopen/build/canopen_master': AMENT_PREFIX_PATH=/root/ros_canopen/install/socketcan_interface:${AMENT_PREFIX_PATH} CMAKE_PREFIX_PATH=/root/ros_canopen/install/socketcan_interface:/opt/ros/foxy /usr/bin/cmake /root/ros_canopen/canopen_master -DAMENT_CMAKE_SYMLINK_INSTALL=1 -DCMAKE_INSTALL_PREFIX=/root/ros_canopen/install/canopen_master
[0.087s] -- The C compiler identification is GNU 9.3.0
[0.167s] -- The CXX compiler identification is GNU 9.3.0
[0.177s] -- Check for working C compiler: /usr/bin/cc
[0.273s] -- Check for working C compiler: /usr/bin/cc -- works
[0.274s] -- Detecting C compiler ABI info
[0.373s] -- Detecting C compiler ABI info - done
[0.395s] -- Detecting C compile features
[0.396s] -- Detecting C compile features - done
[0.400s] -- Check for working CXX compiler: /usr/bin/c++
[0.503s] -- Check for working CXX compiler: /usr/bin/c++ -- works
[0.504s] -- Detecting CXX compiler ABI info
[0.639s] -- Detecting CXX compiler ABI info - done
[0.667s] -- Detecting CXX compile features
[0.668s] -- Detecting CXX compile features - done
[0.675s] -- Found ament_cmake: 0.9.8 (/opt/ros/foxy/share/ament_cmake/cmake)
[0.710s] -- Found PythonInterp: /usr/bin/python3 (found suitable version "3.8.5", minimum required is "3") 
[0.710s] -- Using PYTHON_EXECUTABLE: /usr/bin/python3
[0.965s] -- Override CMake install command with custom implementation using symlinks instead of copying resources
[1.033s] -- Found class_loader: 2.0.2 (/opt/ros/foxy/share/class_loader/cmake)
[1.071s] -- Found rosidl_default_generators: 1.0.1 (/opt/ros/foxy/share/rosidl_default_generators/cmake)
[1.079s] -- Using all available rosidl_typesupport_c: rosidl_typesupport_fastrtps_c;rosidl_typesupport_introspection_c
[1.097s] -- Found rosidl_adapter: 1.2.1 (/opt/ros/foxy/share/rosidl_adapter/cmake)
[1.215s] -- Found OpenSSL: /usr/lib/x86_64-linux-gnu/libcrypto.so (found version "1.1.1f")  
[1.242s] -- Found FastRTPS: /opt/ros/foxy/include  
[1.374s] -- Using all available rosidl_typesupport_cpp: rosidl_typesupport_fastrtps_cpp;rosidl_typesupport_introspection_cpp
[1.438s] -- Found socketcan_interface: 0.8.5 (/root/ros_canopen/install/socketcan_interface/share/socketcan_interface/cmake)
[1.863s] -- Found Boost: /usr/lib/x86_64-linux-gnu/cmake/Boost-1.71.0/BoostConfig.cmake (found version "1.71.0") found components: atomic chrono thread 
[1.983s] -- Configuring done
[1.996s] -- Generating done
[1.999s] -- Build files have been written to: /root/ros_canopen/build/canopen_master
[2.007s] Invoked command in '/root/ros_canopen/build/canopen_master' returned '0': AMENT_PREFIX_PATH=/root/ros_canopen/install/socketcan_interface:${AMENT_PREFIX_PATH} CMAKE_PREFIX_PATH=/root/ros_canopen/install/socketcan_interface:/opt/ros/foxy /usr/bin/cmake /root/ros_canopen/canopen_master -DAMENT_CMAKE_SYMLINK_INSTALL=1 -DCMAKE_INSTALL_PREFIX=/root/ros_canopen/install/canopen_master
[2.010s] Invoking command in '/root/ros_canopen/build/canopen_master': AMENT_PREFIX_PATH=/root/ros_canopen/install/socketcan_interface:${AMENT_PREFIX_PATH} CMAKE_PREFIX_PATH=/root/ros_canopen/install/socketcan_interface:/opt/ros/foxy /usr/bin/cmake --build /root/ros_canopen/build/canopen_master -- -j4 -l4
[2.065s] [35m[1mScanning dependencies of target canopen_bcm_sync[0m
[2.072s] [35m[1mScanning dependencies of target canopen_master[0m
[2.103s] [ 10%] [32mBuilding CXX object CMakeFiles/canopen_bcm_sync.dir/src/bcm_sync.cpp.o[0m
[2.112s] [ 30%] [32mBuilding CXX object CMakeFiles/canopen_master.dir/src/objdict.cpp.o[0m
[2.112s] [ 30%] [32mBuilding CXX object CMakeFiles/canopen_master.dir/src/node.cpp.o[0m
[2.117s] [ 40%] [32mBuilding CXX object CMakeFiles/canopen_master.dir/src/emcy.cpp.o[0m
[2.129s] In file included from [01m[K/root/ros_canopen/canopen_master/src/node.cpp:1[m[K:
[2.129s] [01m[K/root/ros_canopen/canopen_master/include/canopen_master/canopen.hpp:4:10:[m[K [01;31m[Kfatal error: [m[Ksocketcan_interface/interface.hpp: No such file or directory
[2.129s]     4 | #include [01;31m[K<socketcan_interface/interface.hpp>[m[K
[2.130s]       |          [01;31m[K^~~~~~~~~~~~~~~~~~~~~~~~~~~~~~~~~~~[m[K
[2.130s] compilation terminated.
[2.130s] In file included from [01m[K/root/ros_canopen/canopen_master/src/emcy.cpp:1[m[K:
[2.130s] [01m[K/root/ros_canopen/canopen_master/include/canopen_master/canopen.hpp:4:10:[m[K [01;31m[Kfatal error: [m[Ksocketcan_interface/interface.hpp: No such file or directory
[2.131s]     4 | #include [01;31m[K<socketcan_interface/interface.hpp>[m[K
[2.131s]       |          [01;31m[K^~~~~~~~~~~~~~~~~~~~~~~~~~~~~~~~~~~[m[K
[2.131s] compilation terminated.
[2.131s] make[2]: *** [CMakeFiles/canopen_master.dir/build.make:76: CMakeFiles/canopen_master.dir/src/node.cpp.o] Error 1
[2.131s] make[2]: *** Waiting for unfinished jobs....
[2.132s] In file included from [01m[K/root/ros_canopen/canopen_master/src/bcm_sync.cpp:1[m[K:
[2.133s] [01m[K/root/ros_canopen/canopen_master/include/canopen_master/bcm_sync.hpp:4:10:[m[K [01;31m[Kfatal error: [m[Ksocketcan_interface/bcm.hpp: No such file or directory
[2.133s]     4 | #include [01;31m[K<socketcan_interface/bcm.hpp>[m[K
[2.133s]       |          [01;31m[K^~~~~~~~~~~~~~~~~~~~~~~~~~~~~[m[K
[2.133s] compilation terminated.
[2.134s] make[2]: *** [CMakeFiles/canopen_master.dir/build.make:63: CMakeFiles/canopen_master.dir/src/emcy.cpp.o] Error 1
[2.134s] make[2]: *** [CMakeFiles/canopen_bcm_sync.dir/build.make:63: CMakeFiles/canopen_bcm_sync.dir/src/bcm_sync.cpp.o] Error 1
[2.134s] make[1]: *** [CMakeFiles/Makefile2:82: CMakeFiles/canopen_bcm_sync.dir/all] Error 2
[2.134s] make[1]: *** Waiting for unfinished jobs....
[2.191s] In file included from [01m[K/root/ros_canopen/canopen_master/src/objdict.cpp:1[m[K:
[2.191s] [01m[K/root/ros_canopen/canopen_master/include/canopen_master/objdict.hpp:9:10:[m[K [01;31m[Kfatal error: [m[Ksocketcan_interface/delegates.hpp: No such file or directory
[2.191s]     9 | #include [01;31m[K<socketcan_interface/delegates.hpp>[m[K
[2.191s]       |          [01;31m[K^~~~~~~~~~~~~~~~~~~~~~~~~~~~~~~~~~~[m[K
[2.191s] compilation terminated.
[2.195s] make[2]: *** [CMakeFiles/canopen_master.dir/build.make:89: CMakeFiles/canopen_master.dir/src/objdict.cpp.o] Error 1
[2.196s] make[1]: *** [CMakeFiles/Makefile2:136: CMakeFiles/canopen_master.dir/all] Error 2
[2.196s] make: *** [Makefile:141: all] Error 2
[2.201s] Invoked command in '/root/ros_canopen/build/canopen_master' returned '2': AMENT_PREFIX_PATH=/root/ros_canopen/install/socketcan_interface:${AMENT_PREFIX_PATH} CMAKE_PREFIX_PATH=/root/ros_canopen/install/socketcan_interface:/opt/ros/foxy /usr/bin/cmake --build /root/ros_canopen/build/canopen_master -- -j4 -l4
