[0.386s] DEBUG:colcon:Command line arguments: ['/usr/bin/colcon', 'build', '--symlink-install', '--continue-on-error']
[0.386s] DEBUG:colcon:Parsed command line arguments: Namespace(ament_cmake_args=None, base_paths=['.'], build_base='build', catkin_cmake_args=None, catkin_skip_building_tests=False, cmake_args=None, cmake_clean_cache=False, cmake_clean_first=False, cmake_force_configure=False, cmake_target=None, cmake_target_skip_unavailable=False, continue_on_error=True, event_handlers=None, executor='parallel', ignore_user_meta=False, install_base='install', log_base=None, log_level=None, main=<bound method BuildVerb.main of <colcon_core.verb.build.BuildVerb object at 0x7f87f259dc70>>, merge_install=False, metas=['./colcon.meta'], mixin=None, mixin_files=None, mixin_verb=('build',), packages_above=None, packages_above_and_dependencies=None, packages_above_depth=None, packages_end=None, packages_ignore=None, packages_ignore_regex=None, packages_select=None, packages_select_build_failed=False, packages_select_by_dep=None, packages_select_regex=None, packages_select_test_failures=False, packages_skip=None, packages_skip_build_finished=False, packages_skip_by_dep=None, packages_skip_regex=None, packages_skip_test_passed=False, packages_skip_up_to=None, packages_start=None, packages_up_to=None, packages_up_to_regex=None, parallel_workers=4, paths=None, symlink_install=True, test_result_base=None, verb_extension=<colcon_core.verb.build.BuildVerb object at 0x7f87f259dc70>, verb_name='build', verb_parser=<colcon_mixin.mixin.mixin_argument.MixinArgumentDecorator object at 0x7f87f25a8280>)
[0.393s] Level 1:colcon.colcon_core.package_discovery:discover_packages(colcon_meta) check parameters
[0.394s] INFO:colcon.colcon_metadata.package_discovery.colcon_meta:Using configuration from '/root/.colcon/metadata/default/Gazebo.meta'
[0.395s] INFO:colcon.colcon_metadata.package_discovery.colcon_meta:Using configuration from '/root/.colcon/metadata/default/fastrtps.meta'
[0.395s] Level 1:colcon.colcon_core.package_discovery:discover_packages(recursive) check parameters
[0.395s] Level 1:colcon.colcon_core.package_discovery:discover_packages(ignore) check parameters
[0.395s] Level 1:colcon.colcon_core.package_discovery:discover_packages(path) check parameters
[0.395s] Level 1:colcon.colcon_core.package_discovery:discover_packages(colcon_meta) discover
[0.395s] Level 1:colcon.colcon_core.package_discovery:discover_packages(recursive) discover
[0.395s] INFO:colcon.colcon_core.package_discovery:Crawling recursively for packages in '/root/ros_canopen'
[0.395s] Level 1:colcon.colcon_core.package_identification:_identify(.) by extensions ['ignore', 'ignore_ament_install']
[0.395s] Level 1:colcon.colcon_core.package_identification:_identify(.) by extension 'ignore'
[0.395s] Level 1:colcon.colcon_core.package_identification:_identify(.) by extension 'ignore_ament_install'
[0.396s] Level 1:colcon.colcon_core.package_identification:_identify(.) by extensions ['colcon_pkg']
[0.396s] Level 1:colcon.colcon_core.package_identification:_identify(.) by extension 'colcon_pkg'
[0.396s] Level 1:colcon.colcon_core.package_identification:_identify(.) by extensions ['colcon_meta']
[0.396s] Level 1:colcon.colcon_core.package_identification:_identify(.) by extension 'colcon_meta'
[0.396s] Level 1:colcon.colcon_core.package_identification:_identify(.) by extensions ['ros']
[0.396s] Level 1:colcon.colcon_core.package_identification:_identify(.) by extension 'ros'
[0.411s] Level 1:colcon.colcon_core.package_identification:_identify(.) by extensions ['cmake', 'python']
[0.411s] Level 1:colcon.colcon_core.package_identification:_identify(.) by extension 'cmake'
[0.411s] Level 1:colcon.colcon_core.package_identification:_identify(.) by extension 'python'
[0.411s] Level 1:colcon.colcon_core.package_identification:_identify(.) by extensions ['python_setup_py']
[0.411s] Level 1:colcon.colcon_core.package_identification:_identify(.) by extension 'python_setup_py'
[0.412s] Level 1:colcon.colcon_core.package_identification:_identify(build) by extensions ['ignore', 'ignore_ament_install']
[0.412s] Level 1:colcon.colcon_core.package_identification:_identify(build) by extension 'ignore'
[0.412s] Level 1:colcon.colcon_core.package_identification:_identify(build) ignored
[0.412s] Level 1:colcon.colcon_core.package_identification:_identify(can_msgs) by extensions ['ignore', 'ignore_ament_install']
[0.412s] Level 1:colcon.colcon_core.package_identification:_identify(can_msgs) by extension 'ignore'
[0.412s] Level 1:colcon.colcon_core.package_identification:_identify(can_msgs) by extension 'ignore_ament_install'
[0.412s] Level 1:colcon.colcon_core.package_identification:_identify(can_msgs) by extensions ['colcon_pkg']
[0.412s] Level 1:colcon.colcon_core.package_identification:_identify(can_msgs) by extension 'colcon_pkg'
[0.412s] Level 1:colcon.colcon_core.package_identification:_identify(can_msgs) by extensions ['colcon_meta']
[0.412s] Level 1:colcon.colcon_core.package_identification:_identify(can_msgs) by extension 'colcon_meta'
[0.412s] Level 1:colcon.colcon_core.package_identification:_identify(can_msgs) by extensions ['ros']
[0.412s] Level 1:colcon.colcon_core.package_identification:_identify(can_msgs) by extension 'ros'
[0.416s] DEBUG:colcon.colcon_core.package_identification:Package 'can_msgs' with type 'ros.ament_cmake' and name 'can_msgs'
[0.416s] Level 1:colcon.colcon_core.package_identification:_identify(canopen_402) by extensions ['ignore', 'ignore_ament_install']
[0.416s] Level 1:colcon.colcon_core.package_identification:_identify(canopen_402) by extension 'ignore'
[0.416s] Level 1:colcon.colcon_core.package_identification:_identify(canopen_402) by extension 'ignore_ament_install'
[0.416s] Level 1:colcon.colcon_core.package_identification:_identify(canopen_402) by extensions ['colcon_pkg']
[0.417s] Level 1:colcon.colcon_core.package_identification:_identify(canopen_402) by extension 'colcon_pkg'
[0.417s] Level 1:colcon.colcon_core.package_identification:_identify(canopen_402) by extensions ['colcon_meta']
[0.417s] Level 1:colcon.colcon_core.package_identification:_identify(canopen_402) by extension 'colcon_meta'
[0.417s] Level 1:colcon.colcon_core.package_identification:_identify(canopen_402) by extensions ['ros']
[0.417s] Level 1:colcon.colcon_core.package_identification:_identify(canopen_402) by extension 'ros'
[0.418s] DEBUG:colcon.colcon_core.package_identification:Package 'canopen_402' with type 'ros.catkin' and name 'canopen_402'
[0.418s] Level 1:colcon.colcon_core.package_identification:_identify(canopen_chain_node) by extensions ['ignore', 'ignore_ament_install']
[0.418s] Level 1:colcon.colcon_core.package_identification:_identify(canopen_chain_node) by extension 'ignore'
[0.418s] Level 1:colcon.colcon_core.package_identification:_identify(canopen_chain_node) by extension 'ignore_ament_install'
[0.418s] Level 1:colcon.colcon_core.package_identification:_identify(canopen_chain_node) by extensions ['colcon_pkg']
[0.418s] Level 1:colcon.colcon_core.package_identification:_identify(canopen_chain_node) by extension 'colcon_pkg'
[0.418s] Level 1:colcon.colcon_core.package_identification:_identify(canopen_chain_node) by extensions ['colcon_meta']
[0.419s] Level 1:colcon.colcon_core.package_identification:_identify(canopen_chain_node) by extension 'colcon_meta'
[0.419s] Level 1:colcon.colcon_core.package_identification:_identify(canopen_chain_node) by extensions ['ros']
[0.419s] Level 1:colcon.colcon_core.package_identification:_identify(canopen_chain_node) by extension 'ros'
[0.421s] DEBUG:colcon.colcon_core.package_identification:Package 'canopen_chain_node' with type 'ros.catkin' and name 'canopen_chain_node'
[0.421s] Level 1:colcon.colcon_core.package_identification:_identify(canopen_master) by extensions ['ignore', 'ignore_ament_install']
[0.421s] Level 1:colcon.colcon_core.package_identification:_identify(canopen_master) by extension 'ignore'
[0.421s] Level 1:colcon.colcon_core.package_identification:_identify(canopen_master) by extension 'ignore_ament_install'
[0.422s] Level 1:colcon.colcon_core.package_identification:_identify(canopen_master) by extensions ['colcon_pkg']
[0.422s] Level 1:colcon.colcon_core.package_identification:_identify(canopen_master) by extension 'colcon_pkg'
[0.422s] Level 1:colcon.colcon_core.package_identification:_identify(canopen_master) by extensions ['colcon_meta']
[0.422s] Level 1:colcon.colcon_core.package_identification:_identify(canopen_master) by extension 'colcon_meta'
[0.422s] Level 1:colcon.colcon_core.package_identification:_identify(canopen_master) by extensions ['ros']
[0.422s] Level 1:colcon.colcon_core.package_identification:_identify(canopen_master) by extension 'ros'
[0.424s] DEBUG:colcon.colcon_core.package_identification:Package 'canopen_master' with type 'ros.ament_cmake' and name 'canopen_master'
[0.424s] Level 1:colcon.colcon_core.package_identification:_identify(canopen_motor_node) by extensions ['ignore', 'ignore_ament_install']
[0.424s] Level 1:colcon.colcon_core.package_identification:_identify(canopen_motor_node) by extension 'ignore'
[0.425s] Level 1:colcon.colcon_core.package_identification:_identify(canopen_motor_node) by extension 'ignore_ament_install'
[0.425s] Level 1:colcon.colcon_core.package_identification:_identify(canopen_motor_node) by extensions ['colcon_pkg']
[0.425s] Level 1:colcon.colcon_core.package_identification:_identify(canopen_motor_node) by extension 'colcon_pkg'
[0.425s] Level 1:colcon.colcon_core.package_identification:_identify(canopen_motor_node) by extensions ['colcon_meta']
[0.425s] Level 1:colcon.colcon_core.package_identification:_identify(canopen_motor_node) by extension 'colcon_meta'
[0.425s] Level 1:colcon.colcon_core.package_identification:_identify(canopen_motor_node) by extensions ['ros']
[0.425s] Level 1:colcon.colcon_core.package_identification:_identify(canopen_motor_node) by extension 'ros'
[0.428s] DEBUG:colcon.colcon_core.package_identification:Package 'canopen_motor_node' with type 'ros.catkin' and name 'canopen_motor_node'
[0.428s] Level 1:colcon.colcon_core.package_identification:_identify(install) by extensions ['ignore', 'ignore_ament_install']
[0.428s] Level 1:colcon.colcon_core.package_identification:_identify(install) by extension 'ignore'
[0.428s] Level 1:colcon.colcon_core.package_identification:_identify(install) ignored
[0.428s] Level 1:colcon.colcon_core.package_identification:_identify(log) by extensions ['ignore', 'ignore_ament_install']
[0.428s] Level 1:colcon.colcon_core.package_identification:_identify(log) by extension 'ignore'
[0.428s] Level 1:colcon.colcon_core.package_identification:_identify(log) ignored
[0.428s] Level 1:colcon.colcon_core.package_identification:_identify(ros_canopen) by extensions ['ignore', 'ignore_ament_install']
[0.428s] Level 1:colcon.colcon_core.package_identification:_identify(ros_canopen) by extension 'ignore'
[0.429s] Level 1:colcon.colcon_core.package_identification:_identify(ros_canopen) by extension 'ignore_ament_install'
[0.429s] Level 1:colcon.colcon_core.package_identification:_identify(ros_canopen) by extensions ['colcon_pkg']
[0.429s] Level 1:colcon.colcon_core.package_identification:_identify(ros_canopen) by extension 'colcon_pkg'
[0.429s] Level 1:colcon.colcon_core.package_identification:_identify(ros_canopen) by extensions ['colcon_meta']
[0.429s] Level 1:colcon.colcon_core.package_identification:_identify(ros_canopen) by extension 'colcon_meta'
[0.429s] Level 1:colcon.colcon_core.package_identification:_identify(ros_canopen) by extensions ['ros']
[0.429s] Level 1:colcon.colcon_core.package_identification:_identify(ros_canopen) by extension 'ros'
[0.430s] DEBUG:colcon.colcon_core.package_identification:Package 'ros_canopen' with type 'ros.catkin' and name 'ros_canopen'
[0.430s] Level 1:colcon.colcon_core.package_identification:_identify(socketcan_bridge) by extensions ['ignore', 'ignore_ament_install']
[0.430s] Level 1:colcon.colcon_core.package_identification:_identify(socketcan_bridge) by extension 'ignore'
[0.430s] Level 1:colcon.colcon_core.package_identification:_identify(socketcan_bridge) by extension 'ignore_ament_install'
[0.430s] Level 1:colcon.colcon_core.package_identification:_identify(socketcan_bridge) by extensions ['colcon_pkg']
[0.430s] Level 1:colcon.colcon_core.package_identification:_identify(socketcan_bridge) by extension 'colcon_pkg'
[0.430s] Level 1:colcon.colcon_core.package_identification:_identify(socketcan_bridge) by extensions ['colcon_meta']
[0.430s] Level 1:colcon.colcon_core.package_identification:_identify(socketcan_bridge) by extension 'colcon_meta'
[0.430s] Level 1:colcon.colcon_core.package_identification:_identify(socketcan_bridge) by extensions ['ros']
[0.431s] Level 1:colcon.colcon_core.package_identification:_identify(socketcan_bridge) by extension 'ros'
[0.432s] DEBUG:colcon.colcon_core.package_identification:Package 'socketcan_bridge' with type 'ros.ament_cmake' and name 'socketcan_bridge'
[0.432s] Level 1:colcon.colcon_core.package_identification:_identify(socketcan_interface) by extensions ['ignore', 'ignore_ament_install']
[0.432s] Level 1:colcon.colcon_core.package_identification:_identify(socketcan_interface) by extension 'ignore'
[0.432s] Level 1:colcon.colcon_core.package_identification:_identify(socketcan_interface) by extension 'ignore_ament_install'
[0.433s] Level 1:colcon.colcon_core.package_identification:_identify(socketcan_interface) by extensions ['colcon_pkg']
[0.433s] Level 1:colcon.colcon_core.package_identification:_identify(socketcan_interface) by extension 'colcon_pkg'
[0.433s] Level 1:colcon.colcon_core.package_identification:_identify(socketcan_interface) by extensions ['colcon_meta']
[0.433s] Level 1:colcon.colcon_core.package_identification:_identify(socketcan_interface) by extension 'colcon_meta'
[0.433s] Level 1:colcon.colcon_core.package_identification:_identify(socketcan_interface) by extensions ['ros']
[0.433s] Level 1:colcon.colcon_core.package_identification:_identify(socketcan_interface) by extension 'ros'
[0.434s] DEBUG:colcon.colcon_core.package_identification:Package 'socketcan_interface' with type 'ros.ament_cmake' and name 'socketcan_interface'
[0.434s] Level 1:colcon.colcon_core.package_discovery:discover_packages(recursive) using defaults
[0.434s] Level 1:colcon.colcon_core.package_discovery:discover_packages(ignore) discover
[0.434s] Level 1:colcon.colcon_core.package_discovery:discover_packages(ignore) using defaults
[0.434s] Level 1:colcon.colcon_core.package_discovery:discover_packages(path) discover
[0.434s] Level 1:colcon.colcon_core.package_discovery:discover_packages(path) using defaults
[0.462s] Level 5:colcon.colcon_core.verb:set package 'can_msgs' build argument 'cmake_args' from command line to 'None'
[0.462s] Level 5:colcon.colcon_core.verb:set package 'can_msgs' build argument 'cmake_target' from command line to 'None'
[0.462s] Level 5:colcon.colcon_core.verb:set package 'can_msgs' build argument 'cmake_target_skip_unavailable' from command line to 'False'
[0.462s] Level 5:colcon.colcon_core.verb:set package 'can_msgs' build argument 'cmake_clean_cache' from command line to 'False'
[0.462s] Level 5:colcon.colcon_core.verb:set package 'can_msgs' build argument 'cmake_clean_first' from command line to 'False'
[0.462s] Level 5:colcon.colcon_core.verb:set package 'can_msgs' build argument 'cmake_force_configure' from command line to 'False'
[0.462s] Level 5:colcon.colcon_core.verb:set package 'can_msgs' build argument 'ament_cmake_args' from command line to 'None'
[0.462s] Level 5:colcon.colcon_core.verb:set package 'can_msgs' build argument 'catkin_cmake_args' from command line to 'None'
[0.462s] Level 5:colcon.colcon_core.verb:set package 'can_msgs' build argument 'catkin_skip_building_tests' from command line to 'False'
[0.463s] DEBUG:colcon.colcon_core.verb:Building package 'can_msgs' with the following arguments: {'ament_cmake_args': None, 'build_base': '/root/ros_canopen/build/can_msgs', 'catkin_cmake_args': None, 'catkin_skip_building_tests': False, 'cmake_args': None, 'cmake_clean_cache': False, 'cmake_clean_first': False, 'cmake_force_configure': False, 'cmake_target': None, 'cmake_target_skip_unavailable': False, 'install_base': '/root/ros_canopen/install/can_msgs', 'merge_install': False, 'path': '/root/ros_canopen/can_msgs', 'symlink_install': True, 'test_result_base': None}
[0.467s] Level 5:colcon.colcon_core.verb:set package 'socketcan_interface' build argument 'cmake_args' from command line to 'None'
[0.467s] Level 5:colcon.colcon_core.verb:set package 'socketcan_interface' build argument 'cmake_target' from command line to 'None'
[0.467s] Level 5:colcon.colcon_core.verb:set package 'socketcan_interface' build argument 'cmake_target_skip_unavailable' from command line to 'False'
[0.467s] Level 5:colcon.colcon_core.verb:set package 'socketcan_interface' build argument 'cmake_clean_cache' from command line to 'False'
[0.467s] Level 5:colcon.colcon_core.verb:set package 'socketcan_interface' build argument 'cmake_clean_first' from command line to 'False'
[0.467s] Level 5:colcon.colcon_core.verb:set package 'socketcan_interface' build argument 'cmake_force_configure' from command line to 'False'
[0.467s] Level 5:colcon.colcon_core.verb:set package 'socketcan_interface' build argument 'ament_cmake_args' from command line to 'None'
[0.467s] Level 5:colcon.colcon_core.verb:set package 'socketcan_interface' build argument 'catkin_cmake_args' from command line to 'None'
[0.467s] Level 5:colcon.colcon_core.verb:set package 'socketcan_interface' build argument 'catkin_skip_building_tests' from command line to 'False'
[0.467s] DEBUG:colcon.colcon_core.verb:Building package 'socketcan_interface' with the following arguments: {'ament_cmake_args': None, 'build_base': '/root/ros_canopen/build/socketcan_interface', 'catkin_cmake_args': None, 'catkin_skip_building_tests': False, 'cmake_args': None, 'cmake_clean_cache': False, 'cmake_clean_first': False, 'cmake_force_configure': False, 'cmake_target': None, 'cmake_target_skip_unavailable': False, 'install_base': '/root/ros_canopen/install/socketcan_interface', 'merge_install': False, 'path': '/root/ros_canopen/socketcan_interface', 'symlink_install': True, 'test_result_base': None}
[0.471s] Level 5:colcon.colcon_core.verb:set package 'canopen_master' build argument 'cmake_args' from command line to 'None'
[0.471s] Level 5:colcon.colcon_core.verb:set package 'canopen_master' build argument 'cmake_target' from command line to 'None'
[0.471s] Level 5:colcon.colcon_core.verb:set package 'canopen_master' build argument 'cmake_target_skip_unavailable' from command line to 'False'
[0.471s] Level 5:colcon.colcon_core.verb:set package 'canopen_master' build argument 'cmake_clean_cache' from command line to 'False'
[0.471s] Level 5:colcon.colcon_core.verb:set package 'canopen_master' build argument 'cmake_clean_first' from command line to 'False'
[0.471s] Level 5:colcon.colcon_core.verb:set package 'canopen_master' build argument 'cmake_force_configure' from command line to 'False'
[0.471s] Level 5:colcon.colcon_core.verb:set package 'canopen_master' build argument 'ament_cmake_args' from command line to 'None'
[0.471s] Level 5:colcon.colcon_core.verb:set package 'canopen_master' build argument 'catkin_cmake_args' from command line to 'None'
[0.471s] Level 5:colcon.colcon_core.verb:set package 'canopen_master' build argument 'catkin_skip_building_tests' from command line to 'False'
[0.471s] DEBUG:colcon.colcon_core.verb:Building package 'canopen_master' with the following arguments: {'ament_cmake_args': None, 'build_base': '/root/ros_canopen/build/canopen_master', 'catkin_cmake_args': None, 'catkin_skip_building_tests': False, 'cmake_args': None, 'cmake_clean_cache': False, 'cmake_clean_first': False, 'cmake_force_configure': False, 'cmake_target': None, 'cmake_target_skip_unavailable': False, 'install_base': '/root/ros_canopen/install/canopen_master', 'merge_install': False, 'path': '/root/ros_canopen/canopen_master', 'symlink_install': True, 'test_result_base': None}
[0.475s] Level 5:colcon.colcon_core.verb:set package 'socketcan_bridge' build argument 'cmake_args' from command line to 'None'
[0.475s] Level 5:colcon.colcon_core.verb:set package 'socketcan_bridge' build argument 'cmake_target' from command line to 'None'
[0.475s] Level 5:colcon.colcon_core.verb:set package 'socketcan_bridge' build argument 'cmake_target_skip_unavailable' from command line to 'False'
[0.475s] Level 5:colcon.colcon_core.verb:set package 'socketcan_bridge' build argument 'cmake_clean_cache' from command line to 'False'
[0.475s] Level 5:colcon.colcon_core.verb:set package 'socketcan_bridge' build argument 'cmake_clean_first' from command line to 'False'
[0.475s] Level 5:colcon.colcon_core.verb:set package 'socketcan_bridge' build argument 'cmake_force_configure' from command line to 'False'
[0.475s] Level 5:colcon.colcon_core.verb:set package 'socketcan_bridge' build argument 'ament_cmake_args' from command line to 'None'
[0.475s] Level 5:colcon.colcon_core.verb:set package 'socketcan_bridge' build argument 'catkin_cmake_args' from command line to 'None'
[0.475s] Level 5:colcon.colcon_core.verb:set package 'socketcan_bridge' build argument 'catkin_skip_building_tests' from command line to 'False'
[0.475s] DEBUG:colcon.colcon_core.verb:Building package 'socketcan_bridge' with the following arguments: {'ament_cmake_args': None, 'build_base': '/root/ros_canopen/build/socketcan_bridge', 'catkin_cmake_args': None, 'catkin_skip_building_tests': False, 'cmake_args': None, 'cmake_clean_cache': False, 'cmake_clean_first': False, 'cmake_force_configure': False, 'cmake_target': None, 'cmake_target_skip_unavailable': False, 'install_base': '/root/ros_canopen/install/socketcan_bridge', 'merge_install': False, 'path': '/root/ros_canopen/socketcan_bridge', 'symlink_install': True, 'test_result_base': None}
[0.479s] Level 5:colcon.colcon_core.verb:set package 'canopen_402' build argument 'cmake_args' from command line to 'None'
[0.479s] Level 5:colcon.colcon_core.verb:set package 'canopen_402' build argument 'cmake_target' from command line to 'None'
[0.479s] Level 5:colcon.colcon_core.verb:set package 'canopen_402' build argument 'cmake_target_skip_unavailable' from command line to 'False'
[0.479s] Level 5:colcon.colcon_core.verb:set package 'canopen_402' build argument 'cmake_clean_cache' from command line to 'False'
[0.479s] Level 5:colcon.colcon_core.verb:set package 'canopen_402' build argument 'cmake_clean_first' from command line to 'False'
[0.479s] Level 5:colcon.colcon_core.verb:set package 'canopen_402' build argument 'cmake_force_configure' from command line to 'False'
[0.480s] Level 5:colcon.colcon_core.verb:set package 'canopen_402' build argument 'ament_cmake_args' from command line to 'None'
[0.480s] Level 5:colcon.colcon_core.verb:set package 'canopen_402' build argument 'catkin_cmake_args' from command line to 'None'
[0.480s] Level 5:colcon.colcon_core.verb:set package 'canopen_402' build argument 'catkin_skip_building_tests' from command line to 'False'
[0.480s] DEBUG:colcon.colcon_core.verb:Building package 'canopen_402' with the following arguments: {'ament_cmake_args': None, 'build_base': '/root/ros_canopen/build/canopen_402', 'catkin_cmake_args': None, 'catkin_skip_building_tests': False, 'cmake_args': None, 'cmake_clean_cache': False, 'cmake_clean_first': False, 'cmake_force_configure': False, 'cmake_target': None, 'cmake_target_skip_unavailable': False, 'install_base': '/root/ros_canopen/install/canopen_402', 'merge_install': False, 'path': '/root/ros_canopen/canopen_402', 'symlink_install': True, 'test_result_base': None}
[0.483s] Level 5:colcon.colcon_core.verb:set package 'canopen_chain_node' build argument 'cmake_args' from command line to 'None'
[0.484s] Level 5:colcon.colcon_core.verb:set package 'canopen_chain_node' build argument 'cmake_target' from command line to 'None'
[0.484s] Level 5:colcon.colcon_core.verb:set package 'canopen_chain_node' build argument 'cmake_target_skip_unavailable' from command line to 'False'
[0.484s] Level 5:colcon.colcon_core.verb:set package 'canopen_chain_node' build argument 'cmake_clean_cache' from command line to 'False'
[0.484s] Level 5:colcon.colcon_core.verb:set package 'canopen_chain_node' build argument 'cmake_clean_first' from command line to 'False'
[0.484s] Level 5:colcon.colcon_core.verb:set package 'canopen_chain_node' build argument 'cmake_force_configure' from command line to 'False'
[0.484s] Level 5:colcon.colcon_core.verb:set package 'canopen_chain_node' build argument 'ament_cmake_args' from command line to 'None'
[0.484s] Level 5:colcon.colcon_core.verb:set package 'canopen_chain_node' build argument 'catkin_cmake_args' from command line to 'None'
[0.484s] Level 5:colcon.colcon_core.verb:set package 'canopen_chain_node' build argument 'catkin_skip_building_tests' from command line to 'False'
[0.484s] DEBUG:colcon.colcon_core.verb:Building package 'canopen_chain_node' with the following arguments: {'ament_cmake_args': None, 'build_base': '/root/ros_canopen/build/canopen_chain_node', 'catkin_cmake_args': None, 'catkin_skip_building_tests': False, 'cmake_args': None, 'cmake_clean_cache': False, 'cmake_clean_first': False, 'cmake_force_configure': False, 'cmake_target': None, 'cmake_target_skip_unavailable': False, 'install_base': '/root/ros_canopen/install/canopen_chain_node', 'merge_install': False, 'path': '/root/ros_canopen/canopen_chain_node', 'symlink_install': True, 'test_result_base': None}
[0.488s] Level 5:colcon.colcon_core.verb:set package 'canopen_motor_node' build argument 'cmake_args' from command line to 'None'
[0.488s] Level 5:colcon.colcon_core.verb:set package 'canopen_motor_node' build argument 'cmake_target' from command line to 'None'
[0.488s] Level 5:colcon.colcon_core.verb:set package 'canopen_motor_node' build argument 'cmake_target_skip_unavailable' from command line to 'False'
[0.488s] Level 5:colcon.colcon_core.verb:set package 'canopen_motor_node' build argument 'cmake_clean_cache' from command line to 'False'
[0.488s] Level 5:colcon.colcon_core.verb:set package 'canopen_motor_node' build argument 'cmake_clean_first' from command line to 'False'
[0.488s] Level 5:colcon.colcon_core.verb:set package 'canopen_motor_node' build argument 'cmake_force_configure' from command line to 'False'
[0.488s] Level 5:colcon.colcon_core.verb:set package 'canopen_motor_node' build argument 'ament_cmake_args' from command line to 'None'
[0.488s] Level 5:colcon.colcon_core.verb:set package 'canopen_motor_node' build argument 'catkin_cmake_args' from command line to 'None'
[0.488s] Level 5:colcon.colcon_core.verb:set package 'canopen_motor_node' build argument 'catkin_skip_building_tests' from command line to 'False'
[0.488s] DEBUG:colcon.colcon_core.verb:Building package 'canopen_motor_node' with the following arguments: {'ament_cmake_args': None, 'build_base': '/root/ros_canopen/build/canopen_motor_node', 'catkin_cmake_args': None, 'catkin_skip_building_tests': False, 'cmake_args': None, 'cmake_clean_cache': False, 'cmake_clean_first': False, 'cmake_force_configure': False, 'cmake_target': None, 'cmake_target_skip_unavailable': False, 'install_base': '/root/ros_canopen/install/canopen_motor_node', 'merge_install': False, 'path': '/root/ros_canopen/canopen_motor_node', 'symlink_install': True, 'test_result_base': None}
[0.492s] Level 5:colcon.colcon_core.verb:set package 'ros_canopen' build argument 'cmake_args' from command line to 'None'
[0.492s] Level 5:colcon.colcon_core.verb:set package 'ros_canopen' build argument 'cmake_target' from command line to 'None'
[0.492s] Level 5:colcon.colcon_core.verb:set package 'ros_canopen' build argument 'cmake_target_skip_unavailable' from command line to 'False'
[0.492s] Level 5:colcon.colcon_core.verb:set package 'ros_canopen' build argument 'cmake_clean_cache' from command line to 'False'
[0.492s] Level 5:colcon.colcon_core.verb:set package 'ros_canopen' build argument 'cmake_clean_first' from command line to 'False'
[0.492s] Level 5:colcon.colcon_core.verb:set package 'ros_canopen' build argument 'cmake_force_configure' from command line to 'False'
[0.492s] Level 5:colcon.colcon_core.verb:set package 'ros_canopen' build argument 'ament_cmake_args' from command line to 'None'
[0.492s] Level 5:colcon.colcon_core.verb:set package 'ros_canopen' build argument 'catkin_cmake_args' from command line to 'None'
[0.492s] Level 5:colcon.colcon_core.verb:set package 'ros_canopen' build argument 'catkin_skip_building_tests' from command line to 'False'
[0.492s] DEBUG:colcon.colcon_core.verb:Building package 'ros_canopen' with the following arguments: {'ament_cmake_args': None, 'build_base': '/root/ros_canopen/build/ros_canopen', 'catkin_cmake_args': None, 'catkin_skip_building_tests': False, 'cmake_args': None, 'cmake_clean_cache': False, 'cmake_clean_first': False, 'cmake_force_configure': False, 'cmake_target': None, 'cmake_target_skip_unavailable': False, 'install_base': '/root/ros_canopen/install/ros_canopen', 'merge_install': False, 'path': '/root/ros_canopen/ros_canopen', 'symlink_install': True, 'test_result_base': None}
[0.493s] INFO:colcon.colcon_core.executor:Executing jobs using 'parallel' executor
[0.495s] DEBUG:colcon.colcon_parallel_executor.executor.parallel:run_until_complete
[0.496s] INFO:colcon.colcon_ros.task.ament_cmake.build:Building ROS package in '/root/ros_canopen/socketcan_interface' with build type 'ament_cmake'
[0.496s] INFO:colcon.colcon_cmake.task.cmake.build:Building CMake package in '/root/ros_canopen/socketcan_interface'
[0.502s] INFO:colcon.colcon_core.plugin_system:Skipping extension 'colcon_core.shell.bat': Not used on non-Windows systems
[0.502s] INFO:colcon.colcon_core.shell:Skip shell extension 'powershell' for command environment: Not usable outside of PowerShell
[0.503s] DEBUG:colcon.colcon_core.shell:Skip shell extension 'dsv' for command environment
[0.507s] DEBUG:colcon.colcon_core.shell:Ignoring prefix path '/opt/ros/foxy'
[0.510s] INFO:colcon.colcon_ros.task.ament_cmake.build:Building ROS package in '/root/ros_canopen/can_msgs' with build type 'ament_cmake'
[0.511s] INFO:colcon.colcon_cmake.task.cmake.build:Building CMake package in '/root/ros_canopen/can_msgs'
[0.512s] INFO:colcon.colcon_core.shell:Skip shell extension 'powershell' for command environment: Not usable outside of PowerShell
[0.513s] DEBUG:colcon.colcon_core.shell:Skip shell extension 'dsv' for command environment
[0.515s] DEBUG:colcon.colcon_core.shell:Ignoring prefix path '/opt/ros/foxy'
[0.526s] DEBUG:colcon.colcon_core.event_handler.log_command:Invoking command in '/root/ros_canopen/build/socketcan_interface': CMAKE_PREFIX_PATH=/opt/ros/foxy /usr/bin/cmake --build /root/ros_canopen/build/socketcan_interface -- -j4 -l4
[0.537s] DEBUG:colcon.colcon_core.event_handler.log_command:Invoking command in '/root/ros_canopen/build/can_msgs': CMAKE_PREFIX_PATH=/opt/ros/foxy /usr/bin/cmake --build /root/ros_canopen/build/can_msgs -- -j4 -l4
[0.717s] DEBUG:colcon.colcon_core.event_handler.log_command:Invoked command in '/root/ros_canopen/build/socketcan_interface' returned '0': CMAKE_PREFIX_PATH=/opt/ros/foxy /usr/bin/cmake --build /root/ros_canopen/build/socketcan_interface -- -j4 -l4
[0.774s] DEBUG:colcon.colcon_core.event_handler.log_command:Invoking command in '/root/ros_canopen/build/socketcan_interface': CMAKE_PREFIX_PATH=/opt/ros/foxy /usr/bin/cmake --install /root/ros_canopen/build/socketcan_interface
[0.830s] Level 1:colcon.colcon_core.environment:create_environment_scripts_only(socketcan_interface)
[0.835s] DEBUG:colcon.colcon_core.event_handler.log_command:Invoked command in '/root/ros_canopen/build/socketcan_interface' returned '0': CMAKE_PREFIX_PATH=/opt/ros/foxy /usr/bin/cmake --install /root/ros_canopen/build/socketcan_interface
[0.839s] Level 1:colcon.colcon_core.environment:checking '/root/ros_canopen/install/socketcan_interface' for CMake module files
[0.840s] Level 1:colcon.colcon_core.environment:checking '/root/ros_canopen/install/socketcan_interface' for CMake config files
[0.841s] Level 1:colcon.colcon_core.shell:create_environment_hook('socketcan_interface', 'cmake_prefix_path')
[0.842s] INFO:colcon.colcon_core.shell:Creating environment hook '/root/ros_canopen/install/socketcan_interface/share/socketcan_interface/hook/cmake_prefix_path.ps1'
[0.843s] INFO:colcon.colcon_core.shell:Creating environment descriptor '/root/ros_canopen/install/socketcan_interface/share/socketcan_interface/hook/cmake_prefix_path.dsv'
[0.844s] INFO:colcon.colcon_core.shell:Creating environment hook '/root/ros_canopen/install/socketcan_interface/share/socketcan_interface/hook/cmake_prefix_path.sh'
[0.848s] Level 1:colcon.colcon_core.environment:checking '/root/ros_canopen/install/socketcan_interface/lib'
[0.848s] Level 1:colcon.colcon_core.environment:checking '/root/ros_canopen/install/socketcan_interface/bin'
[0.848s] Level 1:colcon.colcon_core.environment:checking '/root/ros_canopen/install/socketcan_interface/lib/pkgconfig/socketcan_interface.pc'
[0.848s] Level 1:colcon.colcon_core.environment:checking '/root/ros_canopen/install/socketcan_interface/lib/python3.8/site-packages'
[0.849s] INFO:colcon.colcon_core.shell:Creating package script '/root/ros_canopen/install/socketcan_interface/share/socketcan_interface/package.ps1'
[0.852s] INFO:colcon.colcon_core.shell:Creating package descriptor '/root/ros_canopen/install/socketcan_interface/share/socketcan_interface/package.dsv'
[0.853s] INFO:colcon.colcon_core.shell:Creating package script '/root/ros_canopen/install/socketcan_interface/share/socketcan_interface/package.sh'
[0.854s] INFO:colcon.colcon_core.shell:Creating package script '/root/ros_canopen/install/socketcan_interface/share/socketcan_interface/package.bash'
[0.856s] INFO:colcon.colcon_core.shell:Creating package script '/root/ros_canopen/install/socketcan_interface/share/socketcan_interface/package.zsh'
[0.857s] Level 1:colcon.colcon_core.environment:create_file_with_runtime_dependencies(/root/ros_canopen/install/socketcan_interface/share/colcon-core/packages/socketcan_interface)
[0.885s] DEBUG:colcon.colcon_core.event_handler.log_command:Invoked command in '/root/ros_canopen/build/can_msgs' returned '0': CMAKE_PREFIX_PATH=/opt/ros/foxy /usr/bin/cmake --build /root/ros_canopen/build/can_msgs -- -j4 -l4
[0.894s] Level 1:colcon.colcon_core.environment:create_environment_scripts_only(socketcan_interface)
[0.895s] Level 1:colcon.colcon_core.environment:checking '/root/ros_canopen/install/socketcan_interface' for CMake module files
[0.897s] Level 1:colcon.colcon_core.environment:checking '/root/ros_canopen/install/socketcan_interface' for CMake config files
[0.898s] Level 1:colcon.colcon_core.shell:create_environment_hook('socketcan_interface', 'cmake_prefix_path')
[0.899s] INFO:colcon.colcon_core.shell:Creating environment hook '/root/ros_canopen/install/socketcan_interface/share/socketcan_interface/hook/cmake_prefix_path.ps1'
[0.900s] INFO:colcon.colcon_core.shell:Creating environment descriptor '/root/ros_canopen/install/socketcan_interface/share/socketcan_interface/hook/cmake_prefix_path.dsv'
[0.900s] INFO:colcon.colcon_core.shell:Creating environment hook '/root/ros_canopen/install/socketcan_interface/share/socketcan_interface/hook/cmake_prefix_path.sh'
[0.902s] Level 1:colcon.colcon_core.environment:checking '/root/ros_canopen/install/socketcan_interface/lib'
[0.903s] Level 1:colcon.colcon_core.environment:checking '/root/ros_canopen/install/socketcan_interface/bin'
[0.903s] Level 1:colcon.colcon_core.environment:checking '/root/ros_canopen/install/socketcan_interface/lib/pkgconfig/socketcan_interface.pc'
[0.903s] Level 1:colcon.colcon_core.environment:checking '/root/ros_canopen/install/socketcan_interface/lib/python3.8/site-packages'
[0.904s] INFO:colcon.colcon_core.shell:Creating package script '/root/ros_canopen/install/socketcan_interface/share/socketcan_interface/package.ps1'
[0.905s] INFO:colcon.colcon_core.shell:Creating package descriptor '/root/ros_canopen/install/socketcan_interface/share/socketcan_interface/package.dsv'
[0.906s] INFO:colcon.colcon_core.shell:Creating package script '/root/ros_canopen/install/socketcan_interface/share/socketcan_interface/package.sh'
[0.907s] INFO:colcon.colcon_core.shell:Creating package script '/root/ros_canopen/install/socketcan_interface/share/socketcan_interface/package.bash'
[0.908s] INFO:colcon.colcon_core.shell:Creating package script '/root/ros_canopen/install/socketcan_interface/share/socketcan_interface/package.zsh'
[0.908s] Level 1:colcon.colcon_core.environment:create_file_with_runtime_dependencies(/root/ros_canopen/install/socketcan_interface/share/colcon-core/packages/socketcan_interface)
[0.910s] INFO:colcon.colcon_ros.task.ament_cmake.build:Building ROS package in '/root/ros_canopen/canopen_master' with build type 'ament_cmake'
[0.910s] INFO:colcon.colcon_cmake.task.cmake.build:Building CMake package in '/root/ros_canopen/canopen_master'
[0.911s] INFO:colcon.colcon_core.shell:Skip shell extension 'powershell' for command environment: Not usable outside of PowerShell
[0.911s] DEBUG:colcon.colcon_core.shell:Skip shell extension 'dsv' for command environment
[0.913s] DEBUG:colcon.colcon_core.shell:Ignoring prefix path '/opt/ros/foxy'
[0.924s] DEBUG:colcon.colcon_core.event_handler.log_command:Invoking command in '/root/ros_canopen/build/canopen_master': AMENT_PREFIX_PATH=/root/ros_canopen/install/socketcan_interface:${AMENT_PREFIX_PATH} CMAKE_PREFIX_PATH=/root/ros_canopen/install/socketcan_interface:/opt/ros/foxy /usr/bin/cmake --build /root/ros_canopen/build/canopen_master -- -j4 -l4
[1.013s] DEBUG:colcon.colcon_core.event_handler.log_command:Invoking command in '/root/ros_canopen/build/can_msgs': CMAKE_PREFIX_PATH=/opt/ros/foxy /usr/bin/cmake --install /root/ros_canopen/build/can_msgs
[1.147s] Level 1:colcon.colcon_core.environment:create_environment_scripts_only(can_msgs)
[1.148s] Level 1:colcon.colcon_core.environment:checking '/root/ros_canopen/install/can_msgs' for CMake module files
[1.149s] DEBUG:colcon.colcon_core.event_handler.log_command:Invoked command in '/root/ros_canopen/build/can_msgs' returned '0': CMAKE_PREFIX_PATH=/opt/ros/foxy /usr/bin/cmake --install /root/ros_canopen/build/can_msgs
[1.150s] Level 1:colcon.colcon_core.environment:checking '/root/ros_canopen/install/can_msgs' for CMake config files
[1.151s] Level 1:colcon.colcon_core.shell:create_environment_hook('can_msgs', 'cmake_prefix_path')
[1.152s] INFO:colcon.colcon_core.shell:Creating environment hook '/root/ros_canopen/install/can_msgs/share/can_msgs/hook/cmake_prefix_path.ps1'
[1.153s] INFO:colcon.colcon_core.shell:Creating environment descriptor '/root/ros_canopen/install/can_msgs/share/can_msgs/hook/cmake_prefix_path.dsv'
[1.153s] INFO:colcon.colcon_core.shell:Creating environment hook '/root/ros_canopen/install/can_msgs/share/can_msgs/hook/cmake_prefix_path.sh'
[1.154s] Level 1:colcon.colcon_core.environment:checking '/root/ros_canopen/install/can_msgs/lib'
[1.154s] Level 1:colcon.colcon_core.shell:create_environment_hook('can_msgs', 'ld_library_path_lib')
[1.155s] INFO:colcon.colcon_core.shell:Creating environment hook '/root/ros_canopen/install/can_msgs/share/can_msgs/hook/ld_library_path_lib.ps1'
[1.155s] INFO:colcon.colcon_core.shell:Creating environment descriptor '/root/ros_canopen/install/can_msgs/share/can_msgs/hook/ld_library_path_lib.dsv'
[1.155s] INFO:colcon.colcon_core.shell:Creating environment hook '/root/ros_canopen/install/can_msgs/share/can_msgs/hook/ld_library_path_lib.sh'
[1.156s] Level 1:colcon.colcon_core.environment:checking '/root/ros_canopen/install/can_msgs/bin'
[1.156s] Level 1:colcon.colcon_core.environment:checking '/root/ros_canopen/install/can_msgs/lib/pkgconfig/can_msgs.pc'
[1.156s] Level 1:colcon.colcon_core.environment:checking '/root/ros_canopen/install/can_msgs/lib/python3.8/site-packages'
[1.156s] Level 1:colcon.colcon_core.shell:create_environment_hook('can_msgs', 'pythonpath')
[1.157s] INFO:colcon.colcon_core.shell:Creating environment hook '/root/ros_canopen/install/can_msgs/share/can_msgs/hook/pythonpath.ps1'
[1.157s] INFO:colcon.colcon_core.shell:Creating environment descriptor '/root/ros_canopen/install/can_msgs/share/can_msgs/hook/pythonpath.dsv'
[1.158s] INFO:colcon.colcon_core.shell:Creating environment hook '/root/ros_canopen/install/can_msgs/share/can_msgs/hook/pythonpath.sh'
[1.159s] INFO:colcon.colcon_core.shell:Creating package script '/root/ros_canopen/install/can_msgs/share/can_msgs/package.ps1'
[1.160s] INFO:colcon.colcon_core.shell:Creating package descriptor '/root/ros_canopen/install/can_msgs/share/can_msgs/package.dsv'
[1.161s] INFO:colcon.colcon_core.shell:Creating package script '/root/ros_canopen/install/can_msgs/share/can_msgs/package.sh'
[1.161s] INFO:colcon.colcon_core.shell:Creating package script '/root/ros_canopen/install/can_msgs/share/can_msgs/package.bash'
[1.162s] INFO:colcon.colcon_core.shell:Creating package script '/root/ros_canopen/install/can_msgs/share/can_msgs/package.zsh'
[1.162s] Level 1:colcon.colcon_core.environment:create_file_with_runtime_dependencies(/root/ros_canopen/install/can_msgs/share/colcon-core/packages/can_msgs)
[1.226s] Level 1:colcon.colcon_core.environment:create_environment_scripts_only(can_msgs)
[1.228s] Level 1:colcon.colcon_core.environment:checking '/root/ros_canopen/install/can_msgs' for CMake module files
[1.229s] Level 1:colcon.colcon_core.environment:checking '/root/ros_canopen/install/can_msgs' for CMake config files
[1.230s] Level 1:colcon.colcon_core.shell:create_environment_hook('can_msgs', 'cmake_prefix_path')
[1.231s] INFO:colcon.colcon_core.shell:Creating environment hook '/root/ros_canopen/install/can_msgs/share/can_msgs/hook/cmake_prefix_path.ps1'
[1.232s] INFO:colcon.colcon_core.shell:Creating environment descriptor '/root/ros_canopen/install/can_msgs/share/can_msgs/hook/cmake_prefix_path.dsv'
[1.232s] INFO:colcon.colcon_core.shell:Creating environment hook '/root/ros_canopen/install/can_msgs/share/can_msgs/hook/cmake_prefix_path.sh'
[1.233s] Level 1:colcon.colcon_core.environment:checking '/root/ros_canopen/install/can_msgs/lib'
[1.233s] Level 1:colcon.colcon_core.shell:create_environment_hook('can_msgs', 'ld_library_path_lib')
[1.234s] INFO:colcon.colcon_core.shell:Creating environment hook '/root/ros_canopen/install/can_msgs/share/can_msgs/hook/ld_library_path_lib.ps1'
[1.234s] INFO:colcon.colcon_core.shell:Creating environment descriptor '/root/ros_canopen/install/can_msgs/share/can_msgs/hook/ld_library_path_lib.dsv'
[1.235s] INFO:colcon.colcon_core.shell:Creating environment hook '/root/ros_canopen/install/can_msgs/share/can_msgs/hook/ld_library_path_lib.sh'
[1.235s] Level 1:colcon.colcon_core.environment:checking '/root/ros_canopen/install/can_msgs/bin'
[1.235s] Level 1:colcon.colcon_core.environment:checking '/root/ros_canopen/install/can_msgs/lib/pkgconfig/can_msgs.pc'
[1.235s] Level 1:colcon.colcon_core.environment:checking '/root/ros_canopen/install/can_msgs/lib/python3.8/site-packages'
[1.235s] Level 1:colcon.colcon_core.shell:create_environment_hook('can_msgs', 'pythonpath')
[1.236s] INFO:colcon.colcon_core.shell:Creating environment hook '/root/ros_canopen/install/can_msgs/share/can_msgs/hook/pythonpath.ps1'
[1.237s] INFO:colcon.colcon_core.shell:Creating environment descriptor '/root/ros_canopen/install/can_msgs/share/can_msgs/hook/pythonpath.dsv'
[1.237s] INFO:colcon.colcon_core.shell:Creating environment hook '/root/ros_canopen/install/can_msgs/share/can_msgs/hook/pythonpath.sh'
[1.238s] INFO:colcon.colcon_core.shell:Creating package script '/root/ros_canopen/install/can_msgs/share/can_msgs/package.ps1'
[1.239s] INFO:colcon.colcon_core.shell:Creating package descriptor '/root/ros_canopen/install/can_msgs/share/can_msgs/package.dsv'
[1.240s] INFO:colcon.colcon_core.shell:Creating package script '/root/ros_canopen/install/can_msgs/share/can_msgs/package.sh'
[1.241s] INFO:colcon.colcon_core.shell:Creating package script '/root/ros_canopen/install/can_msgs/share/can_msgs/package.bash'
[1.241s] INFO:colcon.colcon_core.shell:Creating package script '/root/ros_canopen/install/can_msgs/share/can_msgs/package.zsh'
[1.242s] Level 1:colcon.colcon_core.environment:create_file_with_runtime_dependencies(/root/ros_canopen/install/can_msgs/share/colcon-core/packages/can_msgs)
[1.242s] INFO:colcon.colcon_ros.task.ament_cmake.build:Building ROS package in '/root/ros_canopen/socketcan_bridge' with build type 'ament_cmake'
[1.242s] INFO:colcon.colcon_cmake.task.cmake.build:Building CMake package in '/root/ros_canopen/socketcan_bridge'
[1.243s] INFO:colcon.colcon_core.shell:Skip shell extension 'powershell' for command environment: Not usable outside of PowerShell
[1.243s] DEBUG:colcon.colcon_core.shell:Skip shell extension 'dsv' for command environment
[1.247s] DEBUG:colcon.colcon_core.shell:Ignoring prefix path '/opt/ros/foxy'
[1.266s] DEBUG:colcon.colcon_core.event_handler.log_command:Invoking command in '/root/ros_canopen/build/socketcan_bridge': AMENT_PREFIX_PATH=/root/ros_canopen/install/socketcan_interface:/root/ros_canopen/install/can_msgs:${AMENT_PREFIX_PATH} CMAKE_PREFIX_PATH=/root/ros_canopen/install/socketcan_interface:/root/ros_canopen/install/can_msgs:/opt/ros/foxy LD_LIBRARY_PATH=/root/ros_canopen/install/can_msgs/lib:${LD_LIBRARY_PATH} PYTHONPATH=/root/ros_canopen/install/can_msgs/lib/python3.8/site-packages:${PYTHONPATH} /usr/bin/cmake --build /root/ros_canopen/build/socketcan_bridge -- -j4 -l4
[2.765s] DEBUG:colcon.colcon_core.event_handler.log_command:Invoked command in '/root/ros_canopen/build/socketcan_bridge' returned '2': AMENT_PREFIX_PATH=/root/ros_canopen/install/socketcan_interface:/root/ros_canopen/install/can_msgs:${AMENT_PREFIX_PATH} CMAKE_PREFIX_PATH=/root/ros_canopen/install/socketcan_interface:/root/ros_canopen/install/can_msgs:/opt/ros/foxy LD_LIBRARY_PATH=/root/ros_canopen/install/can_msgs/lib:${LD_LIBRARY_PATH} PYTHONPATH=/root/ros_canopen/install/can_msgs/lib/python3.8/site-packages:${PYTHONPATH} /usr/bin/cmake --build /root/ros_canopen/build/socketcan_bridge -- -j4 -l4
[2.802s] Level 1:colcon.colcon_core.environment:create_environment_scripts_only(socketcan_bridge)
[2.804s] Level 1:colcon.colcon_core.environment:checking '/root/ros_canopen/install/socketcan_bridge' for CMake module files
[2.804s] Level 1:colcon.colcon_core.environment:checking '/root/ros_canopen/install/socketcan_bridge' for CMake config files
[2.805s] Level 1:colcon.colcon_core.environment:checking '/root/ros_canopen/install/socketcan_bridge/bin'
[2.805s] Level 1:colcon.colcon_core.environment:checking '/root/ros_canopen/install/socketcan_bridge/lib/pkgconfig/socketcan_bridge.pc'
[2.805s] Level 1:colcon.colcon_core.environment:checking '/root/ros_canopen/install/socketcan_bridge/lib/python3.8/site-packages'
[2.806s] INFO:colcon.colcon_core.shell:Creating package script '/root/ros_canopen/install/socketcan_bridge/share/socketcan_bridge/package.ps1'
[2.807s] INFO:colcon.colcon_core.shell:Creating package descriptor '/root/ros_canopen/install/socketcan_bridge/share/socketcan_bridge/package.dsv'
[2.808s] INFO:colcon.colcon_core.shell:Creating package script '/root/ros_canopen/install/socketcan_bridge/share/socketcan_bridge/package.sh'
[2.809s] INFO:colcon.colcon_core.shell:Creating package script '/root/ros_canopen/install/socketcan_bridge/share/socketcan_bridge/package.bash'
[2.810s] INFO:colcon.colcon_core.shell:Creating package script '/root/ros_canopen/install/socketcan_bridge/share/socketcan_bridge/package.zsh'
[2.811s] Level 1:colcon.colcon_core.environment:create_file_with_runtime_dependencies(/root/ros_canopen/install/socketcan_bridge/share/colcon-core/packages/socketcan_bridge)
[6.752s] DEBUG:colcon.colcon_core.event_handler.log_command:Invoked command in '/root/ros_canopen/build/canopen_master' returned '2': AMENT_PREFIX_PATH=/root/ros_canopen/install/socketcan_interface:${AMENT_PREFIX_PATH} CMAKE_PREFIX_PATH=/root/ros_canopen/install/socketcan_interface:/opt/ros/foxy /usr/bin/cmake --build /root/ros_canopen/build/canopen_master -- -j4 -l4
[6.792s] Level 1:colcon.colcon_core.environment:create_environment_scripts_only(canopen_master)
[6.793s] Level 1:colcon.colcon_core.environment:checking '/root/ros_canopen/install/canopen_master' for CMake module files
[6.794s] Level 1:colcon.colcon_core.environment:checking '/root/ros_canopen/install/canopen_master' for CMake config files
[6.794s] Level 1:colcon.colcon_core.environment:checking '/root/ros_canopen/install/canopen_master/bin'
[6.795s] Level 1:colcon.colcon_core.environment:checking '/root/ros_canopen/install/canopen_master/lib/pkgconfig/canopen_master.pc'
[6.795s] Level 1:colcon.colcon_core.environment:checking '/root/ros_canopen/install/canopen_master/lib/python3.8/site-packages'
[6.796s] INFO:colcon.colcon_core.shell:Creating package script '/root/ros_canopen/install/canopen_master/share/canopen_master/package.ps1'
[6.796s] INFO:colcon.colcon_core.shell:Creating package descriptor '/root/ros_canopen/install/canopen_master/share/canopen_master/package.dsv'
[6.797s] INFO:colcon.colcon_core.shell:Creating package script '/root/ros_canopen/install/canopen_master/share/canopen_master/package.sh'
[6.798s] INFO:colcon.colcon_core.shell:Creating package script '/root/ros_canopen/install/canopen_master/share/canopen_master/package.bash'
[6.798s] INFO:colcon.colcon_core.shell:Creating package script '/root/ros_canopen/install/canopen_master/share/canopen_master/package.zsh'
[6.799s] Level 1:colcon.colcon_core.environment:create_file_with_runtime_dependencies(/root/ros_canopen/install/canopen_master/share/colcon-core/packages/canopen_master)
[6.810s] DEBUG:colcon.colcon_parallel_executor.executor.parallel:closing loop
[6.810s] DEBUG:colcon.colcon_parallel_executor.executor.parallel:loop closed
[6.810s] DEBUG:colcon.colcon_parallel_executor.executor.parallel:run_until_complete finished with '2'
[6.810s] DEBUG:colcon.colcon_core.event_reactor:joining thread
[6.821s] INFO:colcon.colcon_core.plugin_system:Skipping extension 'colcon_notification.desktop_notification.notify_send': Could not find 'notify-send'
[6.821s] INFO:colcon.colcon_core.plugin_system:Skipping extension 'colcon_notification.desktop_notification.terminal_notifier': Not used on non-Darwin systems
[6.821s] INFO:colcon.colcon_core.plugin_system:Skipping extension 'colcon_notification.desktop_notification.win32': Not used on non-Windows systems
[6.821s] INFO:colcon.colcon_notification.desktop_notification:Sending desktop notification using 'notify2'
[6.821s] DEBUG:colcon.colcon_notification.desktop_notification.notify2:Failed to initialize notify2: org.freedesktop.DBus.Error.NotSupported: Unable to autolaunch a dbus-daemon without a $DISPLAY for X11
[6.821s] DEBUG:colcon.colcon_core.event_reactor:joined thread
[6.822s] INFO:colcon.colcon_core.shell:Creating prefix script '/root/ros_canopen/install/local_setup.ps1'
[6.824s] INFO:colcon.colcon_core.shell:Creating prefix util module '/root/ros_canopen/install/_local_setup_util_ps1.py'
[6.826s] INFO:colcon.colcon_core.shell:Creating prefix chain script '/root/ros_canopen/install/setup.ps1'
[6.830s] INFO:colcon.colcon_core.shell:Creating prefix script '/root/ros_canopen/install/local_setup.sh'
[6.831s] INFO:colcon.colcon_core.shell:Creating prefix util module '/root/ros_canopen/install/_local_setup_util_sh.py'
[6.832s] INFO:colcon.colcon_core.shell:Creating prefix chain script '/root/ros_canopen/install/setup.sh'
[6.836s] INFO:colcon.colcon_core.shell:Creating prefix script '/root/ros_canopen/install/local_setup.bash'
[6.837s] INFO:colcon.colcon_core.shell:Creating prefix chain script '/root/ros_canopen/install/setup.bash'
[6.842s] INFO:colcon.colcon_core.shell:Creating prefix script '/root/ros_canopen/install/local_setup.zsh'
[6.843s] INFO:colcon.colcon_core.shell:Creating prefix chain script '/root/ros_canopen/install/setup.zsh'
